6 ¸.¤. 2553 14:03:17 org.apache.catalina.core.AprLifecycleListener lifecycleEvent
INFO: The Apache Tomcat Native library which allows optimal performance in production environments was not found on the java.library.path: C:\Program Files\Java\jdk1.5.0_21\bin;.;C:\Windows\system32;C:\Windows;C:\Program Files\Common Files\Microsoft Shared\Windows Live;C:\oracle\product\10.2.0\db_1\bin;C:\Program Files\PC Connectivity Solution\;C:\Windows\system32;C:\Windows;C:\Windows\System32\Wbem;C:\Windows\System32\WindowsPowerShell\v1.0\;C:\Program Files\Microsoft SQL Server\100\Tools\Binn\;C:\Program Files\Microsoft SQL Server\100\DTS\Binn\;C:\Program Files\Microsoft SQL Server\100\Tools\Binn\VSShell\Common7\IDE\;C:\Program Files\Microsoft Visual Studio 9.0\Common7\IDE\PrivateAssemblies\;C:\Program Files\Windows Live\Shared;C:\Program Files\Subversion\bin
6 ¸.¤. 2553 14:03:17 org.apache.coyote.http11.Http11BaseProtocol init
INFO: Initializing Coyote HTTP/1.1 on http-8888
6 ¸.¤. 2553 14:03:17 org.apache.catalina.startup.Catalina load
INFO: Initialization processed in 1090 ms
6 ¸.¤. 2553 14:03:17 org.apache.catalina.core.StandardService start
INFO: Starting service Catalina
6 ¸.¤. 2553 14:03:18 org.apache.catalina.core.StandardEngine start
INFO: Starting Servlet Engine: Apache Tomcat/5.5.28
6 ¸.¤. 2553 14:03:18 org.apache.catalina.core.StandardHost start
INFO: XML validation disabled
6 ¸.¤. 2553 14:03:24 com.sun.xml.ws.transport.http.servlet.WSServletContextListener contextInitialized
INFO: WSSERVLET12: JAX-WS context listener initializing
6 ¸.¤. 2553 14:03:30 [com.sun.xml.ws.policy.jaxws.PolicyConfigParser]  parse
INFO: WSP5018: Loaded WSIT configuration from file: jndi:/localhost/GroupIDService/WEB-INF/wsit-service.InquiryGroupID.xml.
6 ¸.¤. 2553 14:03:36 com.sun.xml.ws.server.MonitorBase createRoot
INFO: Metro monitoring rootname successfully set to: com.sun.metro:pp=/,type=WSEndpoint,name=InquiryGroupIDService-InquiryGroupIDPort
6 ¸.¤. 2553 14:03:37 com.sun.xml.ws.transport.http.servlet.WSServletDelegate <init>
INFO: WSSERVLET14: JAX-WS servlet initializing
6 ¸.¤. 2553 14:03:40 com.sun.xml.ws.transport.http.servlet.WSServletContextListener contextInitialized
INFO: WSSERVLET12: JAX-WS context listener initializing
6 ¸.¤. 2553 14:03:45 com.sun.xml.ws.server.MonitorBase createRoot
INFO: Metro monitoring rootname successfully set to: com.sun.metro:pp=/,type=WSEndpoint,name=InquiryOffcodeService-InquiryOffcodePort
6 ¸.¤. 2553 14:03:46 com.sun.xml.ws.transport.http.servlet.WSServletDelegate <init>
INFO: WSSERVLET14: JAX-WS servlet initializing
6 ¸.¤. 2553 14:03:51 com.sun.xml.ws.transport.http.servlet.WSServletContextListener contextInitialized
INFO: WSSERVLET12: JAX-WS context listener initializing
6 ¸.¤. 2553 14:03:58 com.sun.xml.ws.server.MonitorBase createRoot
INFO: Metro monitoring rootname successfully set to: com.sun.metro:pp=/,type=WSEndpoint,name=InquiryOffcodeService-InquiryOffcodePort
6 ¸.¤. 2553 14:03:58 org.glassfish.gmbal.impl.JMXRegistrationManager resumeRegistration
WARNING: "GMBAL901: JMX exception on registration of MBean MBeanImpl[type=WSEndpoint,name=InquiryOffcodeService-InquiryOffcodePort,oname=com.sun.metro:pp=/,type=WSEndpoint,name=InquiryOffcodeService-InquiryOffcodePort]"
6 ¸.¤. 2553 14:03:58 com.sun.xml.ws.transport.http.servlet.WSServletDelegate <init>
INFO: WSSERVLET14: JAX-WS servlet initializing
6 ¸.¤. 2553 14:03:58 org.apache.coyote.http11.Http11BaseProtocol start
INFO: Starting Coyote HTTP/1.1 on http-8888
6 ¸.¤. 2553 14:03:59 org.apache.jk.common.ChannelSocket init
INFO: JK: ajp13 listening on /0.0.0.0:8009
6 ¸.¤. 2553 14:03:59 org.apache.jk.server.JkMain start
INFO: Jk running ID=0 time=0/391  config=null
6 ¸.¤. 2553 14:03:59 org.apache.catalina.storeconfig.StoreLoader load
INFO: Find registry server-registry.xml at classpath resource
6 ¸.¤. 2553 14:04:00 org.apache.catalina.startup.Catalina start
INFO: Server startup in 42505 ms
6 ¸.¤. 2553 14:04:00 com.sun.xml.ws.transport.http.servlet.WSServletDelegate destroy
INFO: WSSERVLET15: JAX-WS servlet destroyed
6 ¸.¤. 2553 14:04:00 com.sun.xml.ws.server.MonitorBase closeMOM
INFO: Closing Metro monitoring root: com.sun.metro:pp=/,type=WSEndpoint,name=InquiryGroupIDService-InquiryGroupIDPort
6 ¸.¤. 2553 14:04:00 com.sun.xml.ws.transport.http.servlet.WSServletContextListener contextDestroyed
INFO: WSSERVLET13: JAX-WS context listener destroyed
6 ¸.¤. 2553 14:04:04 org.apache.catalina.startup.HostConfig checkResources
INFO: Undeploying context [/GroupIDService]
6 ¸.¤. 2553 14:04:07 com.sun.xml.ws.transport.http.servlet.WSServletContextListener contextInitialized
INFO: WSSERVLET12: JAX-WS context listener initializing
6 ¸.¤. 2553 14:04:11 [com.sun.xml.ws.policy.jaxws.PolicyConfigParser]  parse
INFO: WSP5018: Loaded WSIT configuration from file: jndi:/localhost/GroupIDService/WEB-INF/wsit-service.InquiryGroupID.xml.
6 ¸.¤. 2553 14:04:18 com.sun.xml.ws.server.MonitorBase createRoot
INFO: Metro monitoring rootname successfully set to: com.sun.metro:pp=/,type=WSEndpoint,name=InquiryGroupIDService-InquiryGroupIDPort
6 ¸.¤. 2553 14:04:19 com.sun.xml.ws.transport.http.servlet.WSServletDelegate <init>
INFO: WSSERVLET14: JAX-WS servlet initializing
6 ¸.¤. 2553 14:04:19 org.apache.catalina.core.StandardContext start
INFO: Container org.apache.catalina.core.ContainerBase.[Catalina].[localhost].[/GroupIDService] has already been started
6 ¸.¤. 2553 14:12:57 org.apache.coyote.http11.Http11BaseProtocol pause
INFO: Pausing Coyote HTTP/1.1 on http-8888
6 ¸.¤. 2553 14:12:58 org.apache.catalina.core.StandardService stop
INFO: Stopping service Catalina
6 ¸.¤. 2553 14:12:58 com.sun.xml.ws.transport.http.servlet.WSServletDelegate destroy
INFO: WSSERVLET15: JAX-WS servlet destroyed
6 ¸.¤. 2553 14:12:59 com.sun.xml.ws.server.MonitorBase closeMOM
INFO: Closing Metro monitoring root: com.sun.metro:pp=/,type=WSEndpoint,name=InquiryOffcodeService-InquiryOffcodePort
6 ¸.¤. 2553 14:12:59 com.sun.xml.ws.transport.http.servlet.WSServletContextListener contextDestroyed
INFO: WSSERVLET13: JAX-WS context listener destroyed
6 ¸.¤. 2553 14:13:08 com.sun.xml.ws.transport.http.servlet.WSServletDelegate destroy
INFO: WSSERVLET15: JAX-WS servlet destroyed
6 ¸.¤. 2553 14:13:08 com.sun.xml.ws.server.MonitorBase closeMOM
INFO: Closing Metro monitoring root: com.sun.metro:pp=/,type=WSEndpoint,name=InquiryGroupIDService-InquiryGroupIDPort
6 ¸.¤. 2553 14:13:08 com.sun.xml.ws.transport.http.servlet.WSServletContextListener contextDestroyed
INFO: WSSERVLET13: JAX-WS context listener destroyed
6 ¸.¤. 2553 14:13:11 com.sun.xml.ws.transport.http.servlet.WSServletDelegate destroy
INFO: WSSERVLET15: JAX-WS servlet destroyed
6 ¸.¤. 2553 14:13:11 com.sun.xml.ws.server.MonitorBase closeMOM
INFO: Closing Metro monitoring root: com.sun.metro:pp=/,type=WSEndpoint,name=InquiryOffcodeService-InquiryOffcodePort
6 ¸.¤. 2553 14:13:11 com.sun.xml.ws.transport.http.servlet.WSServletContextListener contextDestroyed
INFO: WSSERVLET13: JAX-WS context listener destroyed
6 ¸.¤. 2553 14:13:14 org.apache.coyote.http11.Http11BaseProtocol destroy
INFO: Stopping Coyote HTTP/1.1 on http-8888
6 ¸.¤. 2553 14:13:14 org.apache.catalina.core.AprLifecycleListener lifecycleEvent
INFO: Failed shutdown of Apache Portable Runtime
6 ¸.¤. 2553 22:00:20 org.apache.catalina.core.AprLifecycleListener lifecycleEvent
INFO: The Apache Tomcat Native library which allows optimal performance in production environments was not found on the java.library.path: C:\Program Files\Java\jdk1.5.0_21\bin;.;C:\Windows\system32;C:\Windows;C:\Program Files\Common Files\Microsoft Shared\Windows Live;C:\oracle\product\10.2.0\db_1\bin;C:\Program Files\PC Connectivity Solution\;C:\Windows\system32;C:\Windows;C:\Windows\System32\Wbem;C:\Windows\System32\WindowsPowerShell\v1.0\;C:\Program Files\Microsoft SQL Server\100\Tools\Binn\;C:\Program Files\Microsoft SQL Server\100\DTS\Binn\;C:\Program Files\Microsoft SQL Server\100\Tools\Binn\VSShell\Common7\IDE\;C:\Program Files\Microsoft Visual Studio 9.0\Common7\IDE\PrivateAssemblies\;C:\Program Files\Windows Live\Shared;C:\Program Files\Subversion\bin
6 ¸.¤. 2553 22:00:22 org.apache.coyote.http11.Http11BaseProtocol init
INFO: Initializing Coyote HTTP/1.1 on http-8888
6 ¸.¤. 2553 22:00:22 org.apache.catalina.startup.Catalina load
INFO: Initialization processed in 13991 ms
6 ¸.¤. 2553 22:00:24 org.apache.catalina.core.StandardService start
INFO: Starting service Catalina
6 ¸.¤. 2553 22:00:24 org.apache.catalina.core.StandardEngine start
INFO: Starting Servlet Engine: Apache Tomcat/5.5.28
6 ¸.¤. 2553 22:00:24 org.apache.catalina.core.StandardHost start
INFO: XML validation disabled
6 ¸.¤. 2553 22:02:29 com.sun.xml.ws.transport.http.servlet.WSServletContextListener contextInitialized
INFO: WSSERVLET12: JAX-WS context listener initializing
6 ¸.¤. 2553 22:02:36 [com.sun.xml.ws.policy.jaxws.PolicyConfigParser]  parse
INFO: WSP5018: Loaded WSIT configuration from file: jndi:/localhost/GroupIDService/WEB-INF/wsit-service.InquiryGroupID.xml.
6 ¸.¤. 2553 22:02:43 com.sun.xml.ws.server.MonitorBase createRoot
INFO: Metro monitoring rootname successfully set to: com.sun.metro:pp=/,type=WSEndpoint,name=InquiryGroupIDService-InquiryGroupIDPort
6 ¸.¤. 2553 22:02:43 com.sun.xml.ws.transport.http.servlet.WSServletDelegate <init>
INFO: WSSERVLET14: JAX-WS servlet initializing
6 ¸.¤. 2553 22:02:55 com.sun.xml.ws.transport.http.servlet.WSServletContextListener contextInitialized
INFO: WSSERVLET12: JAX-WS context listener initializing
6 ¸.¤. 2553 22:03:05 com.sun.xml.ws.server.MonitorBase createRoot
INFO: Metro monitoring rootname successfully set to: com.sun.metro:pp=/,type=WSEndpoint,name=InquiryOffcodeService-InquiryOffcodePort
6 ¸.¤. 2553 22:03:06 com.sun.xml.ws.transport.http.servlet.WSServletDelegate <init>
INFO: WSSERVLET14: JAX-WS servlet initializing
6 ¸.¤. 2553 22:03:14 com.sun.xml.ws.transport.http.servlet.WSServletContextListener contextInitialized
INFO: WSSERVLET12: JAX-WS context listener initializing
6 ¸.¤. 2553 22:03:19 com.sun.xml.ws.server.MonitorBase createRoot
INFO: Metro monitoring rootname successfully set to: com.sun.metro:pp=/,type=WSEndpoint,name=InquiryOffcodeService-InquiryOffcodePort
6 ¸.¤. 2553 22:03:20 org.glassfish.gmbal.impl.JMXRegistrationManager resumeRegistration
WARNING: "GMBAL901: JMX exception on registration of MBean MBeanImpl[type=WSEndpoint,name=InquiryOffcodeService-InquiryOffcodePort,oname=com.sun.metro:pp=/,type=WSEndpoint,name=InquiryOffcodeService-InquiryOffcodePort]"
6 ¸.¤. 2553 22:03:20 com.sun.xml.ws.transport.http.servlet.WSServletDelegate <init>
INFO: WSSERVLET14: JAX-WS servlet initializing
6 ¸.¤. 2553 22:03:21 org.apache.coyote.http11.Http11BaseProtocol start
INFO: Starting Coyote HTTP/1.1 on http-8888
6 ¸.¤. 2553 22:03:21 org.apache.jk.common.ChannelSocket init
INFO: JK: ajp13 listening on /0.0.0.0:8009
6 ¸.¤. 2553 22:03:21 org.apache.jk.server.JkMain start
INFO: Jk running ID=0 time=0/189  config=null
6 ¸.¤. 2553 22:03:22 org.apache.catalina.storeconfig.StoreLoader load
INFO: Find registry server-registry.xml at classpath resource
6 ¸.¤. 2553 22:03:22 org.apache.catalina.startup.Catalina start
INFO: Server startup in 180315 ms
6 ¸.¤. 2553 22:04:14 com.sun.xml.ws.transport.http.servlet.WSServletDelegate destroy
INFO: WSSERVLET15: JAX-WS servlet destroyed
6 ¸.¤. 2553 22:04:15 com.sun.xml.ws.server.MonitorBase closeMOM
INFO: Closing Metro monitoring root: com.sun.metro:pp=/,type=WSEndpoint,name=InquiryOffcodeService-InquiryOffcodePort
6 ¸.¤. 2553 22:04:15 com.sun.xml.ws.transport.http.servlet.WSServletContextListener contextDestroyed
INFO: WSSERVLET13: JAX-WS context listener destroyed
6 ¸.¤. 2553 22:04:18 org.apache.catalina.startup.HostConfig checkResources
INFO: Undeploying context [/OffcodeService]
6 ¸.¤. 2553 22:04:23 com.sun.xml.ws.transport.http.servlet.WSServletContextListener contextInitialized
INFO: WSSERVLET12: JAX-WS context listener initializing
6 ¸.¤. 2553 22:04:44 com.sun.xml.ws.server.MonitorBase createRoot
INFO: Metro monitoring rootname successfully set to: com.sun.metro:pp=/,type=WSEndpoint,name=InquiryOffcodeService-InquiryOffcodePort
6 ¸.¤. 2553 22:04:47 com.sun.xml.ws.transport.http.servlet.WSServletDelegate <init>
INFO: WSSERVLET14: JAX-WS servlet initializing
6 ¸.¤. 2553 22:04:47 org.apache.catalina.core.StandardContext start
INFO: Container org.apache.catalina.core.ContainerBase.[Catalina].[localhost].[/OffcodeService] has already been started
6 ¸.¤. 2553 22:06:33 org.apache.catalina.core.StandardContext reload
INFO: Reloading this Context has started
6 ¸.¤. 2553 22:06:33 com.sun.xml.ws.transport.http.servlet.WSServletDelegate destroy
INFO: WSSERVLET15: JAX-WS servlet destroyed
6 ¸.¤. 2553 22:06:33 com.sun.xml.ws.server.MonitorBase closeMOM
INFO: Closing Metro monitoring root: com.sun.metro:pp=/,type=WSEndpoint,name=InquiryOffcodeService-InquiryOffcodePort
6 ¸.¤. 2553 22:06:33 com.sun.xml.ws.transport.http.servlet.WSServletContextListener contextDestroyed
INFO: WSSERVLET13: JAX-WS context listener destroyed
6 ¸.¤. 2553 22:06:43 com.sun.xml.ws.transport.http.servlet.WSServletContextListener contextInitialized
INFO: WSSERVLET12: JAX-WS context listener initializing
6 ¸.¤. 2553 22:07:04 com.sun.xml.ws.server.MonitorBase createRoot
INFO: Metro monitoring rootname successfully set to: com.sun.metro:pp=/,type=WSEndpoint,name=InquiryOffcodeService-InquiryOffcodePort
6 ¸.¤. 2553 22:07:07 com.sun.xml.ws.transport.http.servlet.WSServletDelegate <init>
INFO: WSSERVLET14: JAX-WS servlet initializing
6 ¸.¤. 2553 22:13:33 org.apache.catalina.core.StandardContext reload
INFO: Reloading this Context has started
6 ¸.¤. 2553 22:13:33 com.sun.xml.ws.transport.http.servlet.WSServletDelegate destroy
INFO: WSSERVLET15: JAX-WS servlet destroyed
6 ¸.¤. 2553 22:13:34 com.sun.xml.ws.server.MonitorBase closeMOM
INFO: Closing Metro monitoring root: com.sun.metro:pp=/,type=WSEndpoint,name=InquiryOffcodeService-InquiryOffcodePort
6 ¸.¤. 2553 22:13:34 com.sun.xml.ws.transport.http.servlet.WSServletContextListener contextDestroyed
INFO: WSSERVLET13: JAX-WS context listener destroyed
6 ¸.¤. 2553 22:13:52 com.sun.xml.ws.transport.http.servlet.WSServletContextListener contextInitialized
INFO: WSSERVLET12: JAX-WS context listener initializing
6 ¸.¤. 2553 22:14:15 com.sun.xml.ws.server.MonitorBase createRoot
INFO: Metro monitoring rootname successfully set to: com.sun.metro:pp=/,type=WSEndpoint,name=InquiryOffcodeService-InquiryOffcodePort
6 ¸.¤. 2553 22:14:19 com.sun.xml.ws.transport.http.servlet.WSServletDelegate <init>
INFO: WSSERVLET14: JAX-WS servlet initializing
6 ¸.¤. 2553 22:21:24 org.apache.catalina.core.StandardContext reload
INFO: Reloading this Context has started
6 ¸.¤. 2553 22:21:24 com.sun.xml.ws.transport.http.servlet.WSServletDelegate destroy
INFO: WSSERVLET15: JAX-WS servlet destroyed
6 ¸.¤. 2553 22:21:24 com.sun.xml.ws.server.MonitorBase closeMOM
INFO: Closing Metro monitoring root: com.sun.metro:pp=/,type=WSEndpoint,name=InquiryOffcodeService-InquiryOffcodePort
6 ¸.¤. 2553 22:21:24 com.sun.xml.ws.transport.http.servlet.WSServletContextListener contextDestroyed
INFO: WSSERVLET13: JAX-WS context listener destroyed
6 ¸.¤. 2553 22:21:39 com.sun.xml.ws.transport.http.servlet.WSServletContextListener contextInitialized
INFO: WSSERVLET12: JAX-WS context listener initializing
6 ¸.¤. 2553 22:22:05 com.sun.xml.ws.server.MonitorBase createRoot
INFO: Metro monitoring rootname successfully set to: com.sun.metro:pp=/,type=WSEndpoint,name=InquiryOffcodeService-InquiryOffcodePort
6 ¸.¤. 2553 22:22:09 com.sun.xml.ws.transport.http.servlet.WSServletDelegate <init>
INFO: WSSERVLET14: JAX-WS servlet initializing
6 ¸.¤. 2553 22:26:14 org.apache.catalina.core.StandardContext reload
INFO: Reloading this Context has started
6 ¸.¤. 2553 22:26:14 com.sun.xml.ws.transport.http.servlet.WSServletDelegate destroy
INFO: WSSERVLET15: JAX-WS servlet destroyed
6 ¸.¤. 2553 22:26:14 com.sun.xml.ws.server.MonitorBase closeMOM
INFO: Closing Metro monitoring root: com.sun.metro:pp=/,type=WSEndpoint,name=InquiryOffcodeService-InquiryOffcodePort
6 ¸.¤. 2553 22:26:14 com.sun.xml.ws.transport.http.servlet.WSServletContextListener contextDestroyed
INFO: WSSERVLET13: JAX-WS context listener destroyed
6 ¸.¤. 2553 22:26:23 com.sun.xml.ws.transport.http.servlet.WSServletContextListener contextInitialized
INFO: WSSERVLET12: JAX-WS context listener initializing
6 ¸.¤. 2553 22:26:43 com.sun.xml.ws.server.MonitorBase createRoot
INFO: Metro monitoring rootname successfully set to: com.sun.metro:pp=/,type=WSEndpoint,name=InquiryOffcodeService-InquiryOffcodePort
6 ¸.¤. 2553 22:26:47 com.sun.xml.ws.transport.http.servlet.WSServletDelegate <init>
INFO: WSSERVLET14: JAX-WS servlet initializing
6 ¸.¤. 2553 22:29:32 org.apache.catalina.core.StandardContext reload
INFO: Reloading this Context has started
6 ¸.¤. 2553 22:29:32 org.apache.catalina.core.StandardWrapper unload
INFO: Waiting for 1 instance(s) to be deallocated
6 ¸.¤. 2553 22:29:34 org.apache.catalina.core.StandardWrapper unload
INFO: Waiting for 1 instance(s) to be deallocated
6 ¸.¤. 2553 22:29:37 org.apache.catalina.core.StandardWrapper unload
INFO: Waiting for 1 instance(s) to be deallocated
6 ¸.¤. 2553 22:29:38 com.sun.xml.ws.transport.http.servlet.WSServletDelegate destroy
INFO: WSSERVLET15: JAX-WS servlet destroyed
6 ¸.¤. 2553 22:29:39 com.sun.xml.ws.server.MonitorBase closeMOM
INFO: Closing Metro monitoring root: com.sun.metro:pp=/,type=WSEndpoint,name=InquiryOffcodeService-InquiryOffcodePort
6 ¸.¤. 2553 22:29:39 com.sun.xml.ws.transport.http.servlet.WSServletContextListener contextDestroyed
INFO: WSSERVLET13: JAX-WS context listener destroyed
6 ¸.¤. 2553 22:30:03 org.apache.catalina.loader.WebappClassLoader loadClass
INFO: Illegal access: this web application instance has been stopped already.  Could not load com.sun.xml.ws.message.jaxb.JAXBMessage.  The eventual following stack trace is caused by an error thrown for debugging purposes as well as to attempt to terminate the thread which caused the illegal access, and has no functional impact.
java.lang.IllegalStateException
	at org.apache.catalina.loader.WebappClassLoader.loadClass(WebappClassLoader.java:1272)
	at org.apache.catalina.loader.WebappClassLoader.loadClass(WebappClassLoader.java:1232)
	at java.lang.ClassLoader.loadClassInternal(ClassLoader.java:319)
	at com.sun.xml.ws.server.sei.EndpointResponseMessageBuilder$JAXB.createMessage(EndpointResponseMessageBuilder.java:98)
	at com.sun.xml.ws.server.sei.EndpointMethodHandler.createResponseMessage(EndpointMethodHandler.java:290)
	at com.sun.xml.ws.server.sei.EndpointMethodHandler.invoke(EndpointMethodHandler.java:258)
	at com.sun.xml.ws.server.sei.SEIInvokerTube.processRequest(SEIInvokerTube.java:95)
	at com.sun.xml.ws.api.pipe.Fiber.__doRun(Fiber.java:629)
	at com.sun.xml.ws.api.pipe.Fiber._doRun(Fiber.java:588)
	at com.sun.xml.ws.api.pipe.Fiber.doRun(Fiber.java:573)
	at com.sun.xml.ws.api.pipe.Fiber.runSync(Fiber.java:470)
	at com.sun.xml.ws.server.WSEndpointImpl$2.process(WSEndpointImpl.java:295)
	at com.sun.xml.ws.transport.http.HttpAdapter$HttpToolkit.handle(HttpAdapter.java:515)
	at com.sun.xml.ws.transport.http.HttpAdapter.handle(HttpAdapter.java:285)
	at com.sun.xml.ws.transport.http.servlet.ServletAdapter.handle(ServletAdapter.java:143)
	at com.sun.xml.ws.transport.http.servlet.WSServletDelegate.doGet(WSServletDelegate.java:155)
	at com.sun.xml.ws.transport.http.servlet.WSServletDelegate.doPost(WSServletDelegate.java:189)
	at com.sun.xml.ws.transport.http.servlet.WSServlet.doPost(WSServlet.java:76)
	at javax.servlet.http.HttpServlet.service(HttpServlet.java:647)
	at javax.servlet.http.HttpServlet.service(HttpServlet.java:729)
	at org.apache.catalina.core.ApplicationFilterChain.internalDoFilter(ApplicationFilterChain.java:269)
	at org.apache.catalina.core.ApplicationFilterChain.doFilter(ApplicationFilterChain.java:188)
	at org.apache.catalina.core.StandardWrapperValve.invoke(StandardWrapperValve.java:213)
	at org.apache.catalina.core.StandardContextValve.invoke(StandardContextValve.java:172)
	at org.apache.catalina.core.StandardHostValve.invoke(StandardHostValve.java:127)
	at org.apache.catalina.valves.ErrorReportValve.invoke(ErrorReportValve.java:117)
	at org.apache.catalina.core.StandardEngineValve.invoke(StandardEngineValve.java:108)
	at org.apache.catalina.connector.CoyoteAdapter.service(CoyoteAdapter.java:174)
	at org.apache.coyote.http11.Http11Processor.process(Http11Processor.java:873)
	at org.apache.coyote.http11.Http11BaseProtocol$Http11ConnectionHandler.processConnection(Http11BaseProtocol.java:665)
	at org.apache.tomcat.util.net.PoolTcpEndpoint.processSocket(PoolTcpEndpoint.java:528)
	at org.apache.tomcat.util.net.LeaderFollowerWorkerThread.runIt(LeaderFollowerWorkerThread.java:81)
	at org.apache.tomcat.util.threads.ThreadPool$ControlRunnable.run(ThreadPool.java:689)
	at java.lang.Thread.run(Thread.java:595)
6 ¸.¤. 2553 22:30:03 com.sun.xml.ws.transport.http.servlet.WSServletDelegate doGet
SEVERE: caught throwable
java.lang.NoClassDefFoundError: com/sun/xml/ws/message/jaxb/JAXBMessage
	at com.sun.xml.ws.server.sei.EndpointResponseMessageBuilder$JAXB.createMessage(EndpointResponseMessageBuilder.java:98)
	at com.sun.xml.ws.server.sei.EndpointMethodHandler.createResponseMessage(EndpointMethodHandler.java:290)
	at com.sun.xml.ws.server.sei.EndpointMethodHandler.invoke(EndpointMethodHandler.java:258)
	at com.sun.xml.ws.server.sei.SEIInvokerTube.processRequest(SEIInvokerTube.java:95)
	at com.sun.xml.ws.api.pipe.Fiber.__doRun(Fiber.java:629)
	at com.sun.xml.ws.api.pipe.Fiber._doRun(Fiber.java:588)
	at com.sun.xml.ws.api.pipe.Fiber.doRun(Fiber.java:573)
	at com.sun.xml.ws.api.pipe.Fiber.runSync(Fiber.java:470)
	at com.sun.xml.ws.server.WSEndpointImpl$2.process(WSEndpointImpl.java:295)
	at com.sun.xml.ws.transport.http.HttpAdapter$HttpToolkit.handle(HttpAdapter.java:515)
	at com.sun.xml.ws.transport.http.HttpAdapter.handle(HttpAdapter.java:285)
	at com.sun.xml.ws.transport.http.servlet.ServletAdapter.handle(ServletAdapter.java:143)
	at com.sun.xml.ws.transport.http.servlet.WSServletDelegate.doGet(WSServletDelegate.java:155)
	at com.sun.xml.ws.transport.http.servlet.WSServletDelegate.doPost(WSServletDelegate.java:189)
	at com.sun.xml.ws.transport.http.servlet.WSServlet.doPost(WSServlet.java:76)
	at javax.servlet.http.HttpServlet.service(HttpServlet.java:647)
	at javax.servlet.http.HttpServlet.service(HttpServlet.java:729)
	at org.apache.catalina.core.ApplicationFilterChain.internalDoFilter(ApplicationFilterChain.java:269)
	at org.apache.catalina.core.ApplicationFilterChain.doFilter(ApplicationFilterChain.java:188)
	at org.apache.catalina.core.StandardWrapperValve.invoke(StandardWrapperValve.java:213)
	at org.apache.catalina.core.StandardContextValve.invoke(StandardContextValve.java:172)
	at org.apache.catalina.core.StandardHostValve.invoke(StandardHostValve.java:127)
	at org.apache.catalina.valves.ErrorReportValve.invoke(ErrorReportValve.java:117)
	at org.apache.catalina.core.StandardEngineValve.invoke(StandardEngineValve.java:108)
	at org.apache.catalina.connector.CoyoteAdapter.service(CoyoteAdapter.java:174)
	at org.apache.coyote.http11.Http11Processor.process(Http11Processor.java:873)
	at org.apache.coyote.http11.Http11BaseProtocol$Http11ConnectionHandler.processConnection(Http11BaseProtocol.java:665)
	at org.apache.tomcat.util.net.PoolTcpEndpoint.processSocket(PoolTcpEndpoint.java:528)
	at org.apache.tomcat.util.net.LeaderFollowerWorkerThread.runIt(LeaderFollowerWorkerThread.java:81)
	at org.apache.tomcat.util.threads.ThreadPool$ControlRunnable.run(ThreadPool.java:689)
	at java.lang.Thread.run(Thread.java:595)
6 ¸.¤. 2553 22:30:10 com.sun.xml.ws.transport.http.servlet.WSServletContextListener contextInitialized
INFO: WSSERVLET12: JAX-WS context listener initializing
6 ¸.¤. 2553 22:30:33 com.sun.xml.ws.server.MonitorBase createRoot
INFO: Metro monitoring rootname successfully set to: com.sun.metro:pp=/,type=WSEndpoint,name=InquiryOffcodeService-InquiryOffcodePort
6 ¸.¤. 2553 22:30:37 com.sun.xml.ws.transport.http.servlet.WSServletDelegate <init>
INFO: WSSERVLET14: JAX-WS servlet initializing
6 ¸.¤. 2553 22:30:37 org.apache.catalina.core.StandardContext reload
INFO: Reloading this Context has started
6 ¸.¤. 2553 22:30:38 com.sun.xml.ws.transport.http.servlet.WSServletDelegate destroy
INFO: WSSERVLET15: JAX-WS servlet destroyed
6 ¸.¤. 2553 22:30:38 com.sun.xml.ws.server.MonitorBase closeMOM
INFO: Closing Metro monitoring root: com.sun.metro:pp=/,type=WSEndpoint,name=InquiryOffcodeService-InquiryOffcodePort
6 ¸.¤. 2553 22:30:38 com.sun.xml.ws.transport.http.servlet.WSServletContextListener contextDestroyed
INFO: WSSERVLET13: JAX-WS context listener destroyed
6 ¸.¤. 2553 22:30:46 com.sun.xml.ws.transport.http.servlet.WSServletContextListener contextInitialized
INFO: WSSERVLET12: JAX-WS context listener initializing
6 ¸.¤. 2553 22:31:08 com.sun.xml.ws.server.MonitorBase createRoot
INFO: Metro monitoring rootname successfully set to: com.sun.metro:pp=/,type=WSEndpoint,name=InquiryOffcodeService-InquiryOffcodePort
6 ¸.¤. 2553 22:31:13 com.sun.xml.ws.transport.http.servlet.WSServletDelegate <init>
INFO: WSSERVLET14: JAX-WS servlet initializing
6 ¸.¤. 2553 22:35:31 org.apache.catalina.core.StandardContext reload
INFO: Reloading this Context has started
6 ¸.¤. 2553 22:35:31 com.sun.xml.ws.transport.http.servlet.WSServletDelegate destroy
INFO: WSSERVLET15: JAX-WS servlet destroyed
6 ¸.¤. 2553 22:35:32 com.sun.xml.ws.server.MonitorBase closeMOM
INFO: Closing Metro monitoring root: com.sun.metro:pp=/,type=WSEndpoint,name=InquiryOffcodeService-InquiryOffcodePort
6 ¸.¤. 2553 22:35:32 com.sun.xml.ws.transport.http.servlet.WSServletContextListener contextDestroyed
INFO: WSSERVLET13: JAX-WS context listener destroyed
6 ¸.¤. 2553 22:35:39 com.sun.xml.ws.transport.http.servlet.WSServletContextListener contextInitialized
INFO: WSSERVLET12: JAX-WS context listener initializing
6 ¸.¤. 2553 22:36:01 com.sun.xml.ws.server.MonitorBase createRoot
INFO: Metro monitoring rootname successfully set to: com.sun.metro:pp=/,type=WSEndpoint,name=InquiryOffcodeService-InquiryOffcodePort
6 ¸.¤. 2553 22:36:05 com.sun.xml.ws.transport.http.servlet.WSServletDelegate <init>
INFO: WSSERVLET14: JAX-WS servlet initializing
6 ¸.¤. 2553 22:36:17 org.apache.catalina.core.StandardContext reload
INFO: Reloading this Context has started
6 ¸.¤. 2553 22:36:17 com.sun.xml.ws.transport.http.servlet.WSServletDelegate destroy
INFO: WSSERVLET15: JAX-WS servlet destroyed
6 ¸.¤. 2553 22:36:17 com.sun.xml.ws.server.MonitorBase closeMOM
INFO: Closing Metro monitoring root: com.sun.metro:pp=/,type=WSEndpoint,name=InquiryOffcodeService-InquiryOffcodePort
6 ¸.¤. 2553 22:36:17 com.sun.xml.ws.transport.http.servlet.WSServletContextListener contextDestroyed
INFO: WSSERVLET13: JAX-WS context listener destroyed
6 ¸.¤. 2553 22:36:25 com.sun.xml.ws.transport.http.servlet.WSServletContextListener contextInitialized
INFO: WSSERVLET12: JAX-WS context listener initializing
6 ¸.¤. 2553 22:36:47 com.sun.xml.ws.server.MonitorBase createRoot
INFO: Metro monitoring rootname successfully set to: com.sun.metro:pp=/,type=WSEndpoint,name=InquiryOffcodeService-InquiryOffcodePort
6 ¸.¤. 2553 22:36:51 com.sun.xml.ws.transport.http.servlet.WSServletDelegate <init>
INFO: WSSERVLET14: JAX-WS servlet initializing
6 ¸.¤. 2553 22:38:19 org.apache.catalina.core.StandardContext reload
INFO: Reloading this Context has started
6 ¸.¤. 2553 22:38:19 com.sun.xml.ws.transport.http.servlet.WSServletDelegate destroy
INFO: WSSERVLET15: JAX-WS servlet destroyed
6 ¸.¤. 2553 22:38:19 com.sun.xml.ws.server.MonitorBase closeMOM
INFO: Closing Metro monitoring root: com.sun.metro:pp=/,type=WSEndpoint,name=InquiryOffcodeService-InquiryOffcodePort
6 ¸.¤. 2553 22:38:19 com.sun.xml.ws.transport.http.servlet.WSServletContextListener contextDestroyed
INFO: WSSERVLET13: JAX-WS context listener destroyed
6 ¸.¤. 2553 22:38:30 com.sun.xml.ws.transport.http.servlet.WSServletContextListener contextInitialized
INFO: WSSERVLET12: JAX-WS context listener initializing
6 ¸.¤. 2553 22:38:56 com.sun.xml.ws.server.MonitorBase createRoot
INFO: Metro monitoring rootname successfully set to: com.sun.metro:pp=/,type=WSEndpoint,name=InquiryOffcodeService-InquiryOffcodePort
6 ¸.¤. 2553 22:39:01 com.sun.xml.ws.transport.http.servlet.WSServletDelegate <init>
INFO: WSSERVLET14: JAX-WS servlet initializing
6 ¸.¤. 2553 22:42:50 org.apache.catalina.core.StandardContext reload
INFO: Reloading this Context has started
6 ¸.¤. 2553 22:42:50 com.sun.xml.ws.transport.http.servlet.WSServletDelegate destroy
INFO: WSSERVLET15: JAX-WS servlet destroyed
6 ¸.¤. 2553 22:42:51 com.sun.xml.ws.server.MonitorBase closeMOM
INFO: Closing Metro monitoring root: com.sun.metro:pp=/,type=WSEndpoint,name=InquiryOffcodeService-InquiryOffcodePort
6 ¸.¤. 2553 22:42:51 com.sun.xml.ws.transport.http.servlet.WSServletContextListener contextDestroyed
INFO: WSSERVLET13: JAX-WS context listener destroyed
6 ¸.¤. 2553 22:42:59 com.sun.xml.ws.transport.http.servlet.WSServletContextListener contextInitialized
INFO: WSSERVLET12: JAX-WS context listener initializing
6 ¸.¤. 2553 22:43:22 com.sun.xml.ws.server.MonitorBase createRoot
INFO: Metro monitoring rootname successfully set to: com.sun.metro:pp=/,type=WSEndpoint,name=InquiryOffcodeService-InquiryOffcodePort
6 ¸.¤. 2553 22:43:26 com.sun.xml.ws.transport.http.servlet.WSServletDelegate <init>
INFO: WSSERVLET14: JAX-WS servlet initializing
6 ¸.¤. 2553 22:43:59 org.apache.catalina.core.StandardContext reload
INFO: Reloading this Context has started
6 ¸.¤. 2553 22:43:59 com.sun.xml.ws.transport.http.servlet.WSServletDelegate destroy
INFO: WSSERVLET15: JAX-WS servlet destroyed
6 ¸.¤. 2553 22:43:59 com.sun.xml.ws.server.MonitorBase closeMOM
INFO: Closing Metro monitoring root: com.sun.metro:pp=/,type=WSEndpoint,name=InquiryOffcodeService-InquiryOffcodePort
6 ¸.¤. 2553 22:43:59 com.sun.xml.ws.transport.http.servlet.WSServletContextListener contextDestroyed
INFO: WSSERVLET13: JAX-WS context listener destroyed
6 ¸.¤. 2553 22:44:06 com.sun.xml.ws.transport.http.servlet.WSServletContextListener contextInitialized
INFO: WSSERVLET12: JAX-WS context listener initializing
6 ¸.¤. 2553 22:44:29 com.sun.xml.ws.server.MonitorBase createRoot
INFO: Metro monitoring rootname successfully set to: com.sun.metro:pp=/,type=WSEndpoint,name=InquiryOffcodeService-InquiryOffcodePort
6 ¸.¤. 2553 22:44:33 com.sun.xml.ws.transport.http.servlet.WSServletDelegate <init>
INFO: WSSERVLET14: JAX-WS servlet initializing
6 ¸.¤. 2553 22:48:02 org.apache.catalina.core.StandardContext reload
INFO: Reloading this Context has started
6 ¸.¤. 2553 22:48:02 com.sun.xml.ws.transport.http.servlet.WSServletDelegate destroy
INFO: WSSERVLET15: JAX-WS servlet destroyed
6 ¸.¤. 2553 22:48:02 com.sun.xml.ws.server.MonitorBase closeMOM
INFO: Closing Metro monitoring root: com.sun.metro:pp=/,type=WSEndpoint,name=InquiryOffcodeService-InquiryOffcodePort
6 ¸.¤. 2553 22:48:02 com.sun.xml.ws.transport.http.servlet.WSServletContextListener contextDestroyed
INFO: WSSERVLET13: JAX-WS context listener destroyed
6 ¸.¤. 2553 22:48:10 com.sun.xml.ws.transport.http.servlet.WSServletContextListener contextInitialized
INFO: WSSERVLET12: JAX-WS context listener initializing
6 ¸.¤. 2553 22:48:34 com.sun.xml.ws.server.MonitorBase createRoot
INFO: Metro monitoring rootname successfully set to: com.sun.metro:pp=/,type=WSEndpoint,name=InquiryOffcodeService-InquiryOffcodePort
6 ¸.¤. 2553 22:48:39 com.sun.xml.ws.transport.http.servlet.WSServletDelegate <init>
INFO: WSSERVLET14: JAX-WS servlet initializing
6 ¸.¤. 2553 22:50:20 org.apache.catalina.core.StandardContext reload
INFO: Reloading this Context has started
6 ¸.¤. 2553 22:50:20 com.sun.xml.ws.transport.http.servlet.WSServletDelegate destroy
INFO: WSSERVLET15: JAX-WS servlet destroyed
6 ¸.¤. 2553 22:50:21 com.sun.xml.ws.server.MonitorBase closeMOM
INFO: Closing Metro monitoring root: com.sun.metro:pp=/,type=WSEndpoint,name=InquiryOffcodeService-InquiryOffcodePort
6 ¸.¤. 2553 22:50:21 com.sun.xml.ws.transport.http.servlet.WSServletContextListener contextDestroyed
INFO: WSSERVLET13: JAX-WS context listener destroyed
6 ¸.¤. 2553 22:50:30 com.sun.xml.ws.transport.http.servlet.WSServletContextListener contextInitialized
INFO: WSSERVLET12: JAX-WS context listener initializing
6 ¸.¤. 2553 22:50:53 com.sun.xml.ws.server.MonitorBase createRoot
INFO: Metro monitoring rootname successfully set to: com.sun.metro:pp=/,type=WSEndpoint,name=InquiryOffcodeService-InquiryOffcodePort
6 ¸.¤. 2553 22:50:57 com.sun.xml.ws.transport.http.servlet.WSServletDelegate <init>
INFO: WSSERVLET14: JAX-WS servlet initializing
6 ¸.¤. 2553 22:53:02 org.apache.catalina.core.StandardContext reload
INFO: Reloading this Context has started
6 ¸.¤. 2553 22:53:02 com.sun.xml.ws.transport.http.servlet.WSServletDelegate destroy
INFO: WSSERVLET15: JAX-WS servlet destroyed
6 ¸.¤. 2553 22:53:02 com.sun.xml.ws.server.MonitorBase closeMOM
INFO: Closing Metro monitoring root: com.sun.metro:pp=/,type=WSEndpoint,name=InquiryOffcodeService-InquiryOffcodePort
6 ¸.¤. 2553 22:53:02 com.sun.xml.ws.transport.http.servlet.WSServletContextListener contextDestroyed
INFO: WSSERVLET13: JAX-WS context listener destroyed
6 ¸.¤. 2553 22:53:10 com.sun.xml.ws.transport.http.servlet.WSServletContextListener contextInitialized
INFO: WSSERVLET12: JAX-WS context listener initializing
6 ¸.¤. 2553 22:53:33 com.sun.xml.ws.server.MonitorBase createRoot
INFO: Metro monitoring rootname successfully set to: com.sun.metro:pp=/,type=WSEndpoint,name=InquiryOffcodeService-InquiryOffcodePort
6 ¸.¤. 2553 22:53:37 com.sun.xml.ws.transport.http.servlet.WSServletDelegate <init>
INFO: WSSERVLET14: JAX-WS servlet initializing
6 ¸.¤. 2553 22:53:38 org.apache.catalina.core.StandardContext reload
INFO: Reloading this Context has started
6 ¸.¤. 2553 22:53:38 com.sun.xml.ws.transport.http.servlet.WSServletDelegate destroy
INFO: WSSERVLET15: JAX-WS servlet destroyed
6 ¸.¤. 2553 22:53:38 com.sun.xml.ws.server.MonitorBase closeMOM
INFO: Closing Metro monitoring root: com.sun.metro:pp=/,type=WSEndpoint,name=InquiryOffcodeService-InquiryOffcodePort
6 ¸.¤. 2553 22:53:38 com.sun.xml.ws.transport.http.servlet.WSServletContextListener contextDestroyed
INFO: WSSERVLET13: JAX-WS context listener destroyed
6 ¸.¤. 2553 22:53:49 com.sun.xml.ws.transport.http.servlet.WSServletContextListener contextInitialized
INFO: WSSERVLET12: JAX-WS context listener initializing
6 ¸.¤. 2553 22:54:12 com.sun.xml.ws.server.MonitorBase createRoot
INFO: Metro monitoring rootname successfully set to: com.sun.metro:pp=/,type=WSEndpoint,name=InquiryOffcodeService-InquiryOffcodePort
6 ¸.¤. 2553 22:54:16 com.sun.xml.ws.transport.http.servlet.WSServletDelegate <init>
INFO: WSSERVLET14: JAX-WS servlet initializing
6 ¸.¤. 2553 22:58:00 org.apache.catalina.core.StandardContext reload
INFO: Reloading this Context has started
6 ¸.¤. 2553 22:58:00 com.sun.xml.ws.transport.http.servlet.WSServletDelegate destroy
INFO: WSSERVLET15: JAX-WS servlet destroyed
6 ¸.¤. 2553 22:58:00 com.sun.xml.ws.server.MonitorBase closeMOM
INFO: Closing Metro monitoring root: com.sun.metro:pp=/,type=WSEndpoint,name=InquiryOffcodeService-InquiryOffcodePort
6 ¸.¤. 2553 22:58:00 com.sun.xml.ws.transport.http.servlet.WSServletContextListener contextDestroyed
INFO: WSSERVLET13: JAX-WS context listener destroyed
6 ¸.¤. 2553 22:58:07 com.sun.xml.ws.transport.http.servlet.WSServletContextListener contextInitialized
INFO: WSSERVLET12: JAX-WS context listener initializing
6 ¸.¤. 2553 22:58:30 com.sun.xml.ws.server.MonitorBase createRoot
INFO: Metro monitoring rootname successfully set to: com.sun.metro:pp=/,type=WSEndpoint,name=InquiryOffcodeService-InquiryOffcodePort
6 ¸.¤. 2553 22:58:34 com.sun.xml.ws.transport.http.servlet.WSServletDelegate <init>
INFO: WSSERVLET14: JAX-WS servlet initializing
6 ¸.¤. 2553 22:59:25 org.apache.catalina.core.StandardContext reload
INFO: Reloading this Context has started
6 ¸.¤. 2553 22:59:26 com.sun.xml.ws.transport.http.servlet.WSServletDelegate destroy
INFO: WSSERVLET15: JAX-WS servlet destroyed
6 ¸.¤. 2553 22:59:26 com.sun.xml.ws.server.MonitorBase closeMOM
INFO: Closing Metro monitoring root: com.sun.metro:pp=/,type=WSEndpoint,name=InquiryOffcodeService-InquiryOffcodePort
6 ¸.¤. 2553 22:59:26 com.sun.xml.ws.transport.http.servlet.WSServletContextListener contextDestroyed
INFO: WSSERVLET13: JAX-WS context listener destroyed
6 ¸.¤. 2553 22:59:33 com.sun.xml.ws.transport.http.servlet.WSServletContextListener contextInitialized
INFO: WSSERVLET12: JAX-WS context listener initializing
6 ¸.¤. 2553 23:00:00 com.sun.xml.ws.server.MonitorBase createRoot
INFO: Metro monitoring rootname successfully set to: com.sun.metro:pp=/,type=WSEndpoint,name=InquiryOffcodeService-InquiryOffcodePort
6 ¸.¤. 2553 23:00:04 com.sun.xml.ws.transport.http.servlet.WSServletDelegate <init>
INFO: WSSERVLET14: JAX-WS servlet initializing
6 ¸.¤. 2553 23:00:05 org.apache.catalina.core.StandardContext reload
INFO: Reloading this Context has started
6 ¸.¤. 2553 23:00:05 com.sun.xml.ws.transport.http.servlet.WSServletDelegate destroy
INFO: WSSERVLET15: JAX-WS servlet destroyed
6 ¸.¤. 2553 23:00:05 com.sun.xml.ws.server.MonitorBase closeMOM
INFO: Closing Metro monitoring root: com.sun.metro:pp=/,type=WSEndpoint,name=InquiryOffcodeService-InquiryOffcodePort
6 ¸.¤. 2553 23:00:05 com.sun.xml.ws.transport.http.servlet.WSServletContextListener contextDestroyed
INFO: WSSERVLET13: JAX-WS context listener destroyed
6 ¸.¤. 2553 23:00:11 com.sun.xml.ws.transport.http.servlet.WSServletContextListener contextInitialized
INFO: WSSERVLET12: JAX-WS context listener initializing
6 ¸.¤. 2553 23:00:32 com.sun.xml.ws.server.MonitorBase createRoot
INFO: Metro monitoring rootname successfully set to: com.sun.metro:pp=/,type=WSEndpoint,name=InquiryOffcodeService-InquiryOffcodePort
6 ¸.¤. 2553 23:00:36 com.sun.xml.ws.transport.http.servlet.WSServletDelegate <init>
INFO: WSSERVLET14: JAX-WS servlet initializing
6 ¸.¤. 2553 23:02:56 org.apache.catalina.core.StandardContext reload
INFO: Reloading this Context has started
6 ¸.¤. 2553 23:02:56 com.sun.xml.ws.transport.http.servlet.WSServletDelegate destroy
INFO: WSSERVLET15: JAX-WS servlet destroyed
6 ¸.¤. 2553 23:02:57 com.sun.xml.ws.server.MonitorBase closeMOM
INFO: Closing Metro monitoring root: com.sun.metro:pp=/,type=WSEndpoint,name=InquiryOffcodeService-InquiryOffcodePort
6 ¸.¤. 2553 23:02:57 com.sun.xml.ws.transport.http.servlet.WSServletContextListener contextDestroyed
INFO: WSSERVLET13: JAX-WS context listener destroyed
6 ¸.¤. 2553 23:03:04 com.sun.xml.ws.transport.http.servlet.WSServletContextListener contextInitialized
INFO: WSSERVLET12: JAX-WS context listener initializing
6 ¸.¤. 2553 23:03:29 com.sun.xml.ws.server.MonitorBase createRoot
INFO: Metro monitoring rootname successfully set to: com.sun.metro:pp=/,type=WSEndpoint,name=InquiryOffcodeService-InquiryOffcodePort
6 ¸.¤. 2553 23:03:35 com.sun.xml.ws.transport.http.servlet.WSServletDelegate <init>
INFO: WSSERVLET14: JAX-WS servlet initializing
6 ¸.¤. 2553 23:08:27 org.apache.catalina.core.StandardContext reload
INFO: Reloading this Context has started
6 ¸.¤. 2553 23:08:27 com.sun.xml.ws.transport.http.servlet.WSServletDelegate destroy
INFO: WSSERVLET15: JAX-WS servlet destroyed
6 ¸.¤. 2553 23:08:27 com.sun.xml.ws.server.MonitorBase closeMOM
INFO: Closing Metro monitoring root: com.sun.metro:pp=/,type=WSEndpoint,name=InquiryOffcodeService-InquiryOffcodePort
6 ¸.¤. 2553 23:08:27 com.sun.xml.ws.transport.http.servlet.WSServletContextListener contextDestroyed
INFO: WSSERVLET13: JAX-WS context listener destroyed
6 ¸.¤. 2553 23:08:37 com.sun.xml.ws.transport.http.servlet.WSServletContextListener contextInitialized
INFO: WSSERVLET12: JAX-WS context listener initializing
6 ¸.¤. 2553 23:08:58 com.sun.xml.ws.server.MonitorBase createRoot
INFO: Metro monitoring rootname successfully set to: com.sun.metro:pp=/,type=WSEndpoint,name=InquiryOffcodeService-InquiryOffcodePort
6 ¸.¤. 2553 23:09:02 com.sun.xml.ws.transport.http.servlet.WSServletDelegate <init>
INFO: WSSERVLET14: JAX-WS servlet initializing
6 ¸.¤. 2553 23:12:33 org.apache.catalina.core.StandardContext reload
INFO: Reloading this Context has started
6 ¸.¤. 2553 23:12:33 com.sun.xml.ws.transport.http.servlet.WSServletDelegate destroy
INFO: WSSERVLET15: JAX-WS servlet destroyed
6 ¸.¤. 2553 23:12:33 com.sun.xml.ws.server.MonitorBase closeMOM
INFO: Closing Metro monitoring root: com.sun.metro:pp=/,type=WSEndpoint,name=InquiryOffcodeService-InquiryOffcodePort
6 ¸.¤. 2553 23:12:33 com.sun.xml.ws.transport.http.servlet.WSServletContextListener contextDestroyed
INFO: WSSERVLET13: JAX-WS context listener destroyed
6 ¸.¤. 2553 23:12:41 com.sun.xml.ws.transport.http.servlet.WSServletContextListener contextInitialized
INFO: WSSERVLET12: JAX-WS context listener initializing
6 ¸.¤. 2553 23:13:03 com.sun.xml.ws.server.MonitorBase createRoot
INFO: Metro monitoring rootname successfully set to: com.sun.metro:pp=/,type=WSEndpoint,name=InquiryOffcodeService-InquiryOffcodePort
6 ¸.¤. 2553 23:13:07 com.sun.xml.ws.transport.http.servlet.WSServletDelegate <init>
INFO: WSSERVLET14: JAX-WS servlet initializing
6 ¸.¤. 2553 23:13:54 org.apache.catalina.core.StandardContext reload
INFO: Reloading this Context has started
6 ¸.¤. 2553 23:13:54 com.sun.xml.ws.transport.http.servlet.WSServletDelegate destroy
INFO: WSSERVLET15: JAX-WS servlet destroyed
6 ¸.¤. 2553 23:13:54 com.sun.xml.ws.server.MonitorBase closeMOM
INFO: Closing Metro monitoring root: com.sun.metro:pp=/,type=WSEndpoint,name=InquiryOffcodeService-InquiryOffcodePort
6 ¸.¤. 2553 23:13:54 com.sun.xml.ws.transport.http.servlet.WSServletContextListener contextDestroyed
INFO: WSSERVLET13: JAX-WS context listener destroyed
6 ¸.¤. 2553 23:14:01 com.sun.xml.ws.transport.http.servlet.WSServletContextListener contextInitialized
INFO: WSSERVLET12: JAX-WS context listener initializing
6 ¸.¤. 2553 23:14:23 com.sun.xml.ws.server.MonitorBase createRoot
INFO: Metro monitoring rootname successfully set to: com.sun.metro:pp=/,type=WSEndpoint,name=InquiryOffcodeService-InquiryOffcodePort
6 ¸.¤. 2553 23:14:27 com.sun.xml.ws.transport.http.servlet.WSServletDelegate <init>
INFO: WSSERVLET14: JAX-WS servlet initializing
6 ¸.¤. 2553 23:14:27 org.apache.catalina.core.StandardContext reload
INFO: Reloading this Context has started
6 ¸.¤. 2553 23:14:27 com.sun.xml.ws.transport.http.servlet.WSServletDelegate destroy
INFO: WSSERVLET15: JAX-WS servlet destroyed
6 ¸.¤. 2553 23:14:27 com.sun.xml.ws.server.MonitorBase closeMOM
INFO: Closing Metro monitoring root: com.sun.metro:pp=/,type=WSEndpoint,name=InquiryOffcodeService-InquiryOffcodePort
6 ¸.¤. 2553 23:14:27 com.sun.xml.ws.transport.http.servlet.WSServletContextListener contextDestroyed
INFO: WSSERVLET13: JAX-WS context listener destroyed
6 ¸.¤. 2553 23:14:34 com.sun.xml.ws.transport.http.servlet.WSServletContextListener contextInitialized
INFO: WSSERVLET12: JAX-WS context listener initializing
6 ¸.¤. 2553 23:14:56 com.sun.xml.ws.server.MonitorBase createRoot
INFO: Metro monitoring rootname successfully set to: com.sun.metro:pp=/,type=WSEndpoint,name=InquiryOffcodeService-InquiryOffcodePort
6 ¸.¤. 2553 23:15:00 com.sun.xml.ws.transport.http.servlet.WSServletDelegate <init>
INFO: WSSERVLET14: JAX-WS servlet initializing
6 ¸.¤. 2553 23:15:40 com.sun.xml.ws.server.sei.EndpointMethodHandler invoke
SEVERE: null
java.lang.NullPointerException
	at service.AllCaseByOffcodeService.getResponse(AllCaseByOffcodeService.java:45)
	at service.OffcodeBody.setBody(OffcodeBody.java:28)
	at service.InquiryOffcode.SumCaseByOffcodeInfo(InquiryOffcode.java:29)
	at sun.reflect.NativeMethodAccessorImpl.invoke0(Native Method)
	at sun.reflect.NativeMethodAccessorImpl.invoke(NativeMethodAccessorImpl.java:39)
	at sun.reflect.DelegatingMethodAccessorImpl.invoke(DelegatingMethodAccessorImpl.java:25)
	at java.lang.reflect.Method.invoke(Method.java:592)
	at com.sun.xml.ws.api.server.InstanceResolver$1.invoke(InstanceResolver.java:246)
	at com.sun.xml.ws.server.InvokerTube$2.invoke(InvokerTube.java:146)
	at com.sun.xml.ws.server.sei.EndpointMethodHandler.invoke(EndpointMethodHandler.java:257)
	at com.sun.xml.ws.server.sei.SEIInvokerTube.processRequest(SEIInvokerTube.java:95)
	at com.sun.xml.ws.api.pipe.Fiber.__doRun(Fiber.java:629)
	at com.sun.xml.ws.api.pipe.Fiber._doRun(Fiber.java:588)
	at com.sun.xml.ws.api.pipe.Fiber.doRun(Fiber.java:573)
	at com.sun.xml.ws.api.pipe.Fiber.runSync(Fiber.java:470)
	at com.sun.xml.ws.server.WSEndpointImpl$2.process(WSEndpointImpl.java:295)
	at com.sun.xml.ws.transport.http.HttpAdapter$HttpToolkit.handle(HttpAdapter.java:515)
	at com.sun.xml.ws.transport.http.HttpAdapter.handle(HttpAdapter.java:285)
	at com.sun.xml.ws.transport.http.servlet.ServletAdapter.handle(ServletAdapter.java:143)
	at com.sun.xml.ws.transport.http.servlet.WSServletDelegate.doGet(WSServletDelegate.java:155)
	at com.sun.xml.ws.transport.http.servlet.WSServletDelegate.doPost(WSServletDelegate.java:189)
	at com.sun.xml.ws.transport.http.servlet.WSServlet.doPost(WSServlet.java:76)
	at javax.servlet.http.HttpServlet.service(HttpServlet.java:647)
	at javax.servlet.http.HttpServlet.service(HttpServlet.java:729)
	at org.apache.catalina.core.ApplicationFilterChain.internalDoFilter(ApplicationFilterChain.java:269)
	at org.apache.catalina.core.ApplicationFilterChain.doFilter(ApplicationFilterChain.java:188)
	at org.apache.catalina.core.StandardWrapperValve.invoke(StandardWrapperValve.java:213)
	at org.apache.catalina.core.StandardContextValve.invoke(StandardContextValve.java:172)
	at org.apache.catalina.core.StandardHostValve.invoke(StandardHostValve.java:127)
	at org.apache.catalina.valves.ErrorReportValve.invoke(ErrorReportValve.java:117)
	at org.apache.catalina.core.StandardEngineValve.invoke(StandardEngineValve.java:108)
	at org.apache.catalina.connector.CoyoteAdapter.service(CoyoteAdapter.java:174)
	at org.apache.coyote.http11.Http11Processor.process(Http11Processor.java:873)
	at org.apache.coyote.http11.Http11BaseProtocol$Http11ConnectionHandler.processConnection(Http11BaseProtocol.java:665)
	at org.apache.tomcat.util.net.PoolTcpEndpoint.processSocket(PoolTcpEndpoint.java:528)
	at org.apache.tomcat.util.net.LeaderFollowerWorkerThread.runIt(LeaderFollowerWorkerThread.java:81)
	at org.apache.tomcat.util.threads.ThreadPool$ControlRunnable.run(ThreadPool.java:689)
	at java.lang.Thread.run(Thread.java:595)
6 ¸.¤. 2553 23:18:27 org.apache.catalina.core.StandardContext reload
INFO: Reloading this Context has started
6 ¸.¤. 2553 23:18:27 com.sun.xml.ws.transport.http.servlet.WSServletDelegate destroy
INFO: WSSERVLET15: JAX-WS servlet destroyed
6 ¸.¤. 2553 23:18:27 com.sun.xml.ws.server.MonitorBase closeMOM
INFO: Closing Metro monitoring root: com.sun.metro:pp=/,type=WSEndpoint,name=InquiryOffcodeService-InquiryOffcodePort
6 ¸.¤. 2553 23:18:27 com.sun.xml.ws.transport.http.servlet.WSServletContextListener contextDestroyed
INFO: WSSERVLET13: JAX-WS context listener destroyed
6 ¸.¤. 2553 23:18:36 com.sun.xml.ws.transport.http.servlet.WSServletContextListener contextInitialized
INFO: WSSERVLET12: JAX-WS context listener initializing
6 ¸.¤. 2553 23:18:57 com.sun.xml.ws.server.MonitorBase createRoot
INFO: Metro monitoring rootname successfully set to: com.sun.metro:pp=/,type=WSEndpoint,name=InquiryOffcodeService-InquiryOffcodePort
6 ¸.¤. 2553 23:19:01 com.sun.xml.ws.transport.http.servlet.WSServletDelegate <init>
INFO: WSSERVLET14: JAX-WS servlet initializing
6 ¸.¤. 2553 23:21:37 org.apache.catalina.core.StandardContext reload
INFO: Reloading this Context has started
6 ¸.¤. 2553 23:21:37 com.sun.xml.ws.transport.http.servlet.WSServletDelegate destroy
INFO: WSSERVLET15: JAX-WS servlet destroyed
6 ¸.¤. 2553 23:21:37 com.sun.xml.ws.server.MonitorBase closeMOM
INFO: Closing Metro monitoring root: com.sun.metro:pp=/,type=WSEndpoint,name=InquiryOffcodeService-InquiryOffcodePort
6 ¸.¤. 2553 23:21:37 com.sun.xml.ws.transport.http.servlet.WSServletContextListener contextDestroyed
INFO: WSSERVLET13: JAX-WS context listener destroyed
6 ¸.¤. 2553 23:21:46 com.sun.xml.ws.transport.http.servlet.WSServletContextListener contextInitialized
INFO: WSSERVLET12: JAX-WS context listener initializing
6 ¸.¤. 2553 23:22:10 com.sun.xml.ws.server.MonitorBase createRoot
INFO: Metro monitoring rootname successfully set to: com.sun.metro:pp=/,type=WSEndpoint,name=InquiryOffcodeService-InquiryOffcodePort
6 ¸.¤. 2553 23:22:14 com.sun.xml.ws.transport.http.servlet.WSServletDelegate <init>
INFO: WSSERVLET14: JAX-WS servlet initializing
6 ¸.¤. 2553 23:23:24 org.apache.catalina.core.StandardContext reload
INFO: Reloading this Context has started
6 ¸.¤. 2553 23:23:25 com.sun.xml.ws.transport.http.servlet.WSServletDelegate destroy
INFO: WSSERVLET15: JAX-WS servlet destroyed
6 ¸.¤. 2553 23:23:25 com.sun.xml.ws.server.MonitorBase closeMOM
INFO: Closing Metro monitoring root: com.sun.metro:pp=/,type=WSEndpoint,name=InquiryOffcodeService-InquiryOffcodePort
6 ¸.¤. 2553 23:23:25 com.sun.xml.ws.transport.http.servlet.WSServletContextListener contextDestroyed
INFO: WSSERVLET13: JAX-WS context listener destroyed
6 ¸.¤. 2553 23:23:32 com.sun.xml.ws.transport.http.servlet.WSServletContextListener contextInitialized
INFO: WSSERVLET12: JAX-WS context listener initializing
6 ¸.¤. 2553 23:23:56 com.sun.xml.ws.server.MonitorBase createRoot
INFO: Metro monitoring rootname successfully set to: com.sun.metro:pp=/,type=WSEndpoint,name=InquiryOffcodeService-InquiryOffcodePort
6 ¸.¤. 2553 23:24:00 com.sun.xml.ws.transport.http.servlet.WSServletDelegate <init>
INFO: WSSERVLET14: JAX-WS servlet initializing
6 ¸.¤. 2553 23:24:01 org.apache.catalina.core.StandardContext reload
INFO: Reloading this Context has started
6 ¸.¤. 2553 23:24:01 com.sun.xml.ws.transport.http.servlet.WSServletDelegate destroy
INFO: WSSERVLET15: JAX-WS servlet destroyed
6 ¸.¤. 2553 23:24:01 com.sun.xml.ws.server.MonitorBase closeMOM
INFO: Closing Metro monitoring root: com.sun.metro:pp=/,type=WSEndpoint,name=InquiryOffcodeService-InquiryOffcodePort
6 ¸.¤. 2553 23:24:01 com.sun.xml.ws.transport.http.servlet.WSServletContextListener contextDestroyed
INFO: WSSERVLET13: JAX-WS context listener destroyed
6 ¸.¤. 2553 23:24:09 com.sun.xml.ws.transport.http.servlet.WSServletContextListener contextInitialized
INFO: WSSERVLET12: JAX-WS context listener initializing
6 ¸.¤. 2553 23:24:37 com.sun.xml.ws.server.MonitorBase createRoot
INFO: Metro monitoring rootname successfully set to: com.sun.metro:pp=/,type=WSEndpoint,name=InquiryOffcodeService-InquiryOffcodePort
6 ¸.¤. 2553 23:24:42 com.sun.xml.ws.transport.http.servlet.WSServletDelegate <init>
INFO: WSSERVLET14: JAX-WS servlet initializing
6 ¸.¤. 2553 23:24:43 org.apache.catalina.core.StandardContext reload
INFO: Reloading this Context has started
6 ¸.¤. 2553 23:24:43 com.sun.xml.ws.transport.http.servlet.WSServletDelegate destroy
INFO: WSSERVLET15: JAX-WS servlet destroyed
6 ¸.¤. 2553 23:24:43 com.sun.xml.ws.server.MonitorBase closeMOM
INFO: Closing Metro monitoring root: com.sun.metro:pp=/,type=WSEndpoint,name=InquiryOffcodeService-InquiryOffcodePort
6 ¸.¤. 2553 23:24:43 com.sun.xml.ws.transport.http.servlet.WSServletContextListener contextDestroyed
INFO: WSSERVLET13: JAX-WS context listener destroyed
6 ¸.¤. 2553 23:24:52 com.sun.xml.ws.transport.http.servlet.WSServletContextListener contextInitialized
INFO: WSSERVLET12: JAX-WS context listener initializing
6 ¸.¤. 2553 23:25:15 com.sun.xml.ws.server.MonitorBase createRoot
INFO: Metro monitoring rootname successfully set to: com.sun.metro:pp=/,type=WSEndpoint,name=InquiryOffcodeService-InquiryOffcodePort
6 ¸.¤. 2553 23:25:19 com.sun.xml.ws.transport.http.servlet.WSServletDelegate <init>
INFO: WSSERVLET14: JAX-WS servlet initializing
6 ¸.¤. 2553 23:29:49 org.apache.catalina.core.StandardContext reload
INFO: Reloading this Context has started
6 ¸.¤. 2553 23:29:50 com.sun.xml.ws.transport.http.servlet.WSServletDelegate destroy
INFO: WSSERVLET15: JAX-WS servlet destroyed
6 ¸.¤. 2553 23:29:50 com.sun.xml.ws.server.MonitorBase closeMOM
INFO: Closing Metro monitoring root: com.sun.metro:pp=/,type=WSEndpoint,name=InquiryOffcodeService-InquiryOffcodePort
6 ¸.¤. 2553 23:29:50 com.sun.xml.ws.transport.http.servlet.WSServletContextListener contextDestroyed
INFO: WSSERVLET13: JAX-WS context listener destroyed
6 ¸.¤. 2553 23:29:57 com.sun.xml.ws.transport.http.servlet.WSServletContextListener contextInitialized
INFO: WSSERVLET12: JAX-WS context listener initializing
6 ¸.¤. 2553 23:30:24 com.sun.xml.ws.server.MonitorBase createRoot
INFO: Metro monitoring rootname successfully set to: com.sun.metro:pp=/,type=WSEndpoint,name=InquiryOffcodeService-InquiryOffcodePort
6 ¸.¤. 2553 23:30:28 com.sun.xml.ws.transport.http.servlet.WSServletDelegate <init>
INFO: WSSERVLET14: JAX-WS servlet initializing
6 ¸.¤. 2553 23:30:43 org.apache.catalina.core.StandardContext reload
INFO: Reloading this Context has started
6 ¸.¤. 2553 23:30:43 com.sun.xml.ws.transport.http.servlet.WSServletDelegate destroy
INFO: WSSERVLET15: JAX-WS servlet destroyed
6 ¸.¤. 2553 23:30:43 com.sun.xml.ws.server.MonitorBase closeMOM
INFO: Closing Metro monitoring root: com.sun.metro:pp=/,type=WSEndpoint,name=InquiryOffcodeService-InquiryOffcodePort
6 ¸.¤. 2553 23:30:43 com.sun.xml.ws.transport.http.servlet.WSServletContextListener contextDestroyed
INFO: WSSERVLET13: JAX-WS context listener destroyed
6 ¸.¤. 2553 23:30:51 com.sun.xml.ws.transport.http.servlet.WSServletContextListener contextInitialized
INFO: WSSERVLET12: JAX-WS context listener initializing
6 ¸.¤. 2553 23:31:19 com.sun.xml.ws.server.MonitorBase createRoot
INFO: Metro monitoring rootname successfully set to: com.sun.metro:pp=/,type=WSEndpoint,name=InquiryOffcodeService-InquiryOffcodePort
6 ¸.¤. 2553 23:31:25 com.sun.xml.ws.transport.http.servlet.WSServletDelegate <init>
INFO: WSSERVLET14: JAX-WS servlet initializing
6 ¸.¤. 2553 23:34:35 org.apache.catalina.core.StandardContext reload
INFO: Reloading this Context has started
6 ¸.¤. 2553 23:34:35 com.sun.xml.ws.transport.http.servlet.WSServletDelegate destroy
INFO: WSSERVLET15: JAX-WS servlet destroyed
6 ¸.¤. 2553 23:34:35 com.sun.xml.ws.server.MonitorBase closeMOM
INFO: Closing Metro monitoring root: com.sun.metro:pp=/,type=WSEndpoint,name=InquiryOffcodeService-InquiryOffcodePort
6 ¸.¤. 2553 23:34:35 com.sun.xml.ws.transport.http.servlet.WSServletContextListener contextDestroyed
INFO: WSSERVLET13: JAX-WS context listener destroyed
6 ¸.¤. 2553 23:34:46 com.sun.xml.ws.transport.http.servlet.WSServletContextListener contextInitialized
INFO: WSSERVLET12: JAX-WS context listener initializing
6 ¸.¤. 2553 23:35:15 com.sun.xml.ws.server.MonitorBase createRoot
INFO: Metro monitoring rootname successfully set to: com.sun.metro:pp=/,type=WSEndpoint,name=InquiryOffcodeService-InquiryOffcodePort
6 ¸.¤. 2553 23:35:21 com.sun.xml.ws.transport.http.servlet.WSServletDelegate <init>
INFO: WSSERVLET14: JAX-WS servlet initializing
6 ¸.¤. 2553 23:42:28 org.apache.catalina.core.StandardContext reload
INFO: Reloading this Context has started
6 ¸.¤. 2553 23:42:28 com.sun.xml.ws.transport.http.servlet.WSServletDelegate destroy
INFO: WSSERVLET15: JAX-WS servlet destroyed
6 ¸.¤. 2553 23:42:28 com.sun.xml.ws.server.MonitorBase closeMOM
INFO: Closing Metro monitoring root: com.sun.metro:pp=/,type=WSEndpoint,name=InquiryOffcodeService-InquiryOffcodePort
6 ¸.¤. 2553 23:42:28 com.sun.xml.ws.transport.http.servlet.WSServletContextListener contextDestroyed
INFO: WSSERVLET13: JAX-WS context listener destroyed
6 ¸.¤. 2553 23:42:38 com.sun.xml.ws.transport.http.servlet.WSServletContextListener contextInitialized
INFO: WSSERVLET12: JAX-WS context listener initializing
6 ¸.¤. 2553 23:43:07 com.sun.xml.ws.server.MonitorBase createRoot
INFO: Metro monitoring rootname successfully set to: com.sun.metro:pp=/,type=WSEndpoint,name=InquiryOffcodeService-InquiryOffcodePort
6 ¸.¤. 2553 23:43:12 com.sun.xml.ws.transport.http.servlet.WSServletDelegate <init>
INFO: WSSERVLET14: JAX-WS servlet initializing
6 ¸.¤. 2553 23:43:12 org.apache.catalina.core.StandardContext reload
INFO: Reloading this Context has started
6 ¸.¤. 2553 23:43:12 com.sun.xml.ws.transport.http.servlet.WSServletDelegate destroy
INFO: WSSERVLET15: JAX-WS servlet destroyed
6 ¸.¤. 2553 23:43:13 com.sun.xml.ws.server.MonitorBase closeMOM
INFO: Closing Metro monitoring root: com.sun.metro:pp=/,type=WSEndpoint,name=InquiryOffcodeService-InquiryOffcodePort
6 ¸.¤. 2553 23:43:13 com.sun.xml.ws.transport.http.servlet.WSServletContextListener contextDestroyed
INFO: WSSERVLET13: JAX-WS context listener destroyed
6 ¸.¤. 2553 23:43:20 com.sun.xml.ws.transport.http.servlet.WSServletContextListener contextInitialized
INFO: WSSERVLET12: JAX-WS context listener initializing
6 ¸.¤. 2553 23:43:44 com.sun.xml.ws.server.MonitorBase createRoot
INFO: Metro monitoring rootname successfully set to: com.sun.metro:pp=/,type=WSEndpoint,name=InquiryOffcodeService-InquiryOffcodePort
6 ¸.¤. 2553 23:43:48 com.sun.xml.ws.transport.http.servlet.WSServletDelegate <init>
INFO: WSSERVLET14: JAX-WS servlet initializing
6 ¸.¤. 2553 23:44:16 org.apache.catalina.core.StandardContext reload
INFO: Reloading this Context has started
6 ¸.¤. 2553 23:44:16 com.sun.xml.ws.transport.http.servlet.WSServletDelegate destroy
INFO: WSSERVLET15: JAX-WS servlet destroyed
6 ¸.¤. 2553 23:44:16 com.sun.xml.ws.server.MonitorBase closeMOM
INFO: Closing Metro monitoring root: com.sun.metro:pp=/,type=WSEndpoint,name=InquiryOffcodeService-InquiryOffcodePort
6 ¸.¤. 2553 23:44:16 com.sun.xml.ws.transport.http.servlet.WSServletContextListener contextDestroyed
INFO: WSSERVLET13: JAX-WS context listener destroyed
6 ¸.¤. 2553 23:44:25 com.sun.xml.ws.transport.http.servlet.WSServletContextListener contextInitialized
INFO: WSSERVLET12: JAX-WS context listener initializing
6 ¸.¤. 2553 23:44:49 com.sun.xml.ws.server.MonitorBase createRoot
INFO: Metro monitoring rootname successfully set to: com.sun.metro:pp=/,type=WSEndpoint,name=InquiryOffcodeService-InquiryOffcodePort
6 ¸.¤. 2553 23:44:53 com.sun.xml.ws.transport.http.servlet.WSServletDelegate <init>
INFO: WSSERVLET14: JAX-WS servlet initializing
6 ¸.¤. 2553 23:44:54 org.apache.catalina.core.StandardContext reload
INFO: Reloading this Context has started
6 ¸.¤. 2553 23:44:54 com.sun.xml.ws.transport.http.servlet.WSServletDelegate destroy
INFO: WSSERVLET15: JAX-WS servlet destroyed
6 ¸.¤. 2553 23:44:54 com.sun.xml.ws.server.MonitorBase closeMOM
INFO: Closing Metro monitoring root: com.sun.metro:pp=/,type=WSEndpoint,name=InquiryOffcodeService-InquiryOffcodePort
6 ¸.¤. 2553 23:44:54 com.sun.xml.ws.transport.http.servlet.WSServletContextListener contextDestroyed
INFO: WSSERVLET13: JAX-WS context listener destroyed
6 ¸.¤. 2553 23:45:01 com.sun.xml.ws.transport.http.servlet.WSServletContextListener contextInitialized
INFO: WSSERVLET12: JAX-WS context listener initializing
6 ¸.¤. 2553 23:45:24 com.sun.xml.ws.server.MonitorBase createRoot
INFO: Metro monitoring rootname successfully set to: com.sun.metro:pp=/,type=WSEndpoint,name=InquiryOffcodeService-InquiryOffcodePort
6 ¸.¤. 2553 23:45:28 com.sun.xml.ws.transport.http.servlet.WSServletDelegate <init>
INFO: WSSERVLET14: JAX-WS servlet initializing
6 ¸.¤. 2553 23:45:28 org.apache.catalina.core.StandardContext reload
INFO: Reloading this Context has started
6 ¸.¤. 2553 23:45:28 com.sun.xml.ws.transport.http.servlet.WSServletDelegate destroy
INFO: WSSERVLET15: JAX-WS servlet destroyed
6 ¸.¤. 2553 23:45:28 com.sun.xml.ws.server.MonitorBase closeMOM
INFO: Closing Metro monitoring root: com.sun.metro:pp=/,type=WSEndpoint,name=InquiryOffcodeService-InquiryOffcodePort
6 ¸.¤. 2553 23:45:28 com.sun.xml.ws.transport.http.servlet.WSServletContextListener contextDestroyed
INFO: WSSERVLET13: JAX-WS context listener destroyed
6 ¸.¤. 2553 23:45:36 com.sun.xml.ws.transport.http.servlet.WSServletContextListener contextInitialized
INFO: WSSERVLET12: JAX-WS context listener initializing
6 ¸.¤. 2553 23:45:58 com.sun.xml.ws.server.MonitorBase createRoot
INFO: Metro monitoring rootname successfully set to: com.sun.metro:pp=/,type=WSEndpoint,name=InquiryOffcodeService-InquiryOffcodePort
6 ¸.¤. 2553 23:46:02 com.sun.xml.ws.transport.http.servlet.WSServletDelegate <init>
INFO: WSSERVLET14: JAX-WS servlet initializing
6 ¸.¤. 2553 23:46:02 org.apache.catalina.core.StandardContext reload
INFO: Reloading this Context has started
6 ¸.¤. 2553 23:46:02 com.sun.xml.ws.transport.http.servlet.WSServletDelegate destroy
INFO: WSSERVLET15: JAX-WS servlet destroyed
6 ¸.¤. 2553 23:46:02 com.sun.xml.ws.server.MonitorBase closeMOM
INFO: Closing Metro monitoring root: com.sun.metro:pp=/,type=WSEndpoint,name=InquiryOffcodeService-InquiryOffcodePort
6 ¸.¤. 2553 23:46:02 com.sun.xml.ws.transport.http.servlet.WSServletContextListener contextDestroyed
INFO: WSSERVLET13: JAX-WS context listener destroyed
6 ¸.¤. 2553 23:46:09 com.sun.xml.ws.transport.http.servlet.WSServletContextListener contextInitialized
INFO: WSSERVLET12: JAX-WS context listener initializing
6 ¸.¤. 2553 23:46:32 com.sun.xml.ws.server.MonitorBase createRoot
INFO: Metro monitoring rootname successfully set to: com.sun.metro:pp=/,type=WSEndpoint,name=InquiryOffcodeService-InquiryOffcodePort
6 ¸.¤. 2553 23:46:36 com.sun.xml.ws.transport.http.servlet.WSServletDelegate <init>
INFO: WSSERVLET14: JAX-WS servlet initializing
6 ¸.¤. 2553 23:47:34 org.apache.catalina.core.StandardContext reload
INFO: Reloading this Context has started
6 ¸.¤. 2553 23:47:34 com.sun.xml.ws.transport.http.servlet.WSServletDelegate destroy
INFO: WSSERVLET15: JAX-WS servlet destroyed
6 ¸.¤. 2553 23:47:34 com.sun.xml.ws.server.MonitorBase closeMOM
INFO: Closing Metro monitoring root: com.sun.metro:pp=/,type=WSEndpoint,name=InquiryOffcodeService-InquiryOffcodePort
6 ¸.¤. 2553 23:47:34 com.sun.xml.ws.transport.http.servlet.WSServletContextListener contextDestroyed
INFO: WSSERVLET13: JAX-WS context listener destroyed
6 ¸.¤. 2553 23:47:42 com.sun.xml.ws.transport.http.servlet.WSServletContextListener contextInitialized
INFO: WSSERVLET12: JAX-WS context listener initializing
6 ¸.¤. 2553 23:48:03 com.sun.xml.ws.server.MonitorBase createRoot
INFO: Metro monitoring rootname successfully set to: com.sun.metro:pp=/,type=WSEndpoint,name=InquiryOffcodeService-InquiryOffcodePort
6 ¸.¤. 2553 23:48:07 com.sun.xml.ws.transport.http.servlet.WSServletDelegate <init>
INFO: WSSERVLET14: JAX-WS servlet initializing
6 ¸.¤. 2553 23:48:49 org.apache.catalina.core.StandardContext reload
INFO: Reloading this Context has started
6 ¸.¤. 2553 23:48:49 com.sun.xml.ws.transport.http.servlet.WSServletDelegate destroy
INFO: WSSERVLET15: JAX-WS servlet destroyed
6 ¸.¤. 2553 23:48:49 com.sun.xml.ws.server.MonitorBase closeMOM
INFO: Closing Metro monitoring root: com.sun.metro:pp=/,type=WSEndpoint,name=InquiryOffcodeService-InquiryOffcodePort
6 ¸.¤. 2553 23:48:49 com.sun.xml.ws.transport.http.servlet.WSServletContextListener contextDestroyed
INFO: WSSERVLET13: JAX-WS context listener destroyed
6 ¸.¤. 2553 23:48:58 com.sun.xml.ws.transport.http.servlet.WSServletContextListener contextInitialized
INFO: WSSERVLET12: JAX-WS context listener initializing
6 ¸.¤. 2553 23:49:20 com.sun.xml.ws.server.MonitorBase createRoot
INFO: Metro monitoring rootname successfully set to: com.sun.metro:pp=/,type=WSEndpoint,name=InquiryOffcodeService-InquiryOffcodePort
6 ¸.¤. 2553 23:49:24 com.sun.xml.ws.transport.http.servlet.WSServletDelegate <init>
INFO: WSSERVLET14: JAX-WS servlet initializing
6 ¸.¤. 2553 23:50:26 org.apache.catalina.core.StandardContext reload
INFO: Reloading this Context has started
6 ¸.¤. 2553 23:50:26 com.sun.xml.ws.transport.http.servlet.WSServletDelegate destroy
INFO: WSSERVLET15: JAX-WS servlet destroyed
6 ¸.¤. 2553 23:50:26 com.sun.xml.ws.server.MonitorBase closeMOM
INFO: Closing Metro monitoring root: com.sun.metro:pp=/,type=WSEndpoint,name=InquiryOffcodeService-InquiryOffcodePort
6 ¸.¤. 2553 23:50:26 com.sun.xml.ws.transport.http.servlet.WSServletContextListener contextDestroyed
INFO: WSSERVLET13: JAX-WS context listener destroyed
6 ¸.¤. 2553 23:50:34 com.sun.xml.ws.transport.http.servlet.WSServletContextListener contextInitialized
INFO: WSSERVLET12: JAX-WS context listener initializing
6 ¸.¤. 2553 23:50:57 com.sun.xml.ws.server.MonitorBase createRoot
INFO: Metro monitoring rootname successfully set to: com.sun.metro:pp=/,type=WSEndpoint,name=InquiryOffcodeService-InquiryOffcodePort
6 ¸.¤. 2553 23:51:02 com.sun.xml.ws.transport.http.servlet.WSServletDelegate <init>
INFO: WSSERVLET14: JAX-WS servlet initializing
6 ¸.¤. 2553 23:51:02 org.apache.catalina.core.StandardContext reload
INFO: Reloading this Context has started
6 ¸.¤. 2553 23:51:03 com.sun.xml.ws.transport.http.servlet.WSServletDelegate destroy
INFO: WSSERVLET15: JAX-WS servlet destroyed
6 ¸.¤. 2553 23:51:03 com.sun.xml.ws.server.MonitorBase closeMOM
INFO: Closing Metro monitoring root: com.sun.metro:pp=/,type=WSEndpoint,name=InquiryOffcodeService-InquiryOffcodePort
6 ¸.¤. 2553 23:51:03 com.sun.xml.ws.transport.http.servlet.WSServletContextListener contextDestroyed
INFO: WSSERVLET13: JAX-WS context listener destroyed
6 ¸.¤. 2553 23:51:11 com.sun.xml.ws.transport.http.servlet.WSServletContextListener contextInitialized
INFO: WSSERVLET12: JAX-WS context listener initializing
6 ¸.¤. 2553 23:51:37 com.sun.xml.ws.server.MonitorBase createRoot
INFO: Metro monitoring rootname successfully set to: com.sun.metro:pp=/,type=WSEndpoint,name=InquiryOffcodeService-InquiryOffcodePort
6 ¸.¤. 2553 23:51:41 com.sun.xml.ws.transport.http.servlet.WSServletDelegate <init>
INFO: WSSERVLET14: JAX-WS servlet initializing
6 ¸.¤. 2553 23:56:40 org.apache.catalina.core.StandardContext reload
INFO: Reloading this Context has started
6 ¸.¤. 2553 23:56:40 com.sun.xml.ws.transport.http.servlet.WSServletDelegate destroy
INFO: WSSERVLET15: JAX-WS servlet destroyed
6 ¸.¤. 2553 23:56:41 com.sun.xml.ws.server.MonitorBase closeMOM
INFO: Closing Metro monitoring root: com.sun.metro:pp=/,type=WSEndpoint,name=InquiryOffcodeService-InquiryOffcodePort
6 ¸.¤. 2553 23:56:41 com.sun.xml.ws.transport.http.servlet.WSServletContextListener contextDestroyed
INFO: WSSERVLET13: JAX-WS context listener destroyed
6 ¸.¤. 2553 23:56:49 com.sun.xml.ws.transport.http.servlet.WSServletContextListener contextInitialized
INFO: WSSERVLET12: JAX-WS context listener initializing
6 ¸.¤. 2553 23:57:13 com.sun.xml.ws.server.MonitorBase createRoot
INFO: Metro monitoring rootname successfully set to: com.sun.metro:pp=/,type=WSEndpoint,name=InquiryOffcodeService-InquiryOffcodePort
6 ¸.¤. 2553 23:57:17 com.sun.xml.ws.transport.http.servlet.WSServletDelegate <init>
INFO: WSSERVLET14: JAX-WS servlet initializing
