30 ¸.¤. 2553 13:56:20 org.apache.catalina.core.AprLifecycleListener lifecycleEvent
INFO: The Apache Tomcat Native library which allows optimal performance in production environments was not found on the java.library.path: C:\Program Files\Java\jdk1.5.0_21\bin;.;C:\Windows\system32;C:\Windows;C:\Program Files\Common Files\Microsoft Shared\Windows Live;C:\oracle\product\10.2.0\db_1\bin;C:\Program Files\PC Connectivity Solution\;C:\Windows\system32;C:\Windows;C:\Windows\System32\Wbem;C:\Windows\System32\WindowsPowerShell\v1.0\;C:\Program Files\Microsoft SQL Server\100\Tools\Binn\;C:\Program Files\Microsoft SQL Server\100\DTS\Binn\;C:\Program Files\Microsoft SQL Server\100\Tools\Binn\VSShell\Common7\IDE\;C:\Program Files\Microsoft Visual Studio 9.0\Common7\IDE\PrivateAssemblies\;C:\Program Files\Microsoft SQL Server\90\Tools\binn\;C:\Program Files\Subversion\bin;C:\Program Files\Windows Live\Shared;C:\Program Files\Common Files\Nero\Lib\
30 ¸.¤. 2553 13:56:21 org.apache.coyote.http11.Http11BaseProtocol init
INFO: Initializing Coyote HTTP/1.1 on http-8888
30 ¸.¤. 2553 13:56:21 org.apache.catalina.startup.Catalina load
INFO: Initialization processed in 2786 ms
30 ¸.¤. 2553 13:56:21 org.apache.catalina.core.StandardService start
INFO: Starting service Catalina
30 ¸.¤. 2553 13:56:21 org.apache.catalina.core.StandardEngine start
INFO: Starting Servlet Engine: Apache Tomcat/5.5.28
30 ¸.¤. 2553 13:56:21 org.apache.catalina.core.StandardHost start
INFO: XML validation disabled
30 ¸.¤. 2553 13:56:28 com.sun.xml.ws.transport.http.servlet.WSServletContextListener contextInitialized
INFO: WSSERVLET12: JAX-WS context listener initializing
30 ¸.¤. 2553 13:56:39 com.sun.xml.ws.server.MonitorBase createRoot
INFO: Metro monitoring rootname successfully set to: com.sun.metro:pp=/,type=WSEndpoint,name=InquiryOffcodeService-InquiryOffcodePort
30 ¸.¤. 2553 13:56:40 com.sun.xml.ws.transport.http.servlet.WSServletDelegate <init>
INFO: WSSERVLET14: JAX-WS servlet initializing
30 ¸.¤. 2553 13:56:41 org.apache.coyote.http11.Http11BaseProtocol start
INFO: Starting Coyote HTTP/1.1 on http-8888
30 ¸.¤. 2553 13:56:42 org.apache.jk.common.ChannelSocket init
INFO: JK: ajp13 listening on /0.0.0.0:8009
30 ¸.¤. 2553 13:56:42 org.apache.jk.server.JkMain start
INFO: Jk running ID=0 time=1/254  config=null
30 ¸.¤. 2553 13:56:42 org.apache.catalina.storeconfig.StoreLoader load
INFO: Find registry server-registry.xml at classpath resource
30 ¸.¤. 2553 13:56:42 org.apache.catalina.startup.Catalina start
INFO: Server startup in 20892 ms
30 ¸.¤. 2553 13:57:15 com.sun.xml.ws.transport.http.servlet.WSServletContextListener contextInitialized
INFO: WSSERVLET12: JAX-WS context listener initializing
30 ¸.¤. 2553 13:57:20 com.sun.xml.ws.server.MonitorBase createRoot
INFO: Metro monitoring rootname successfully set to: com.sun.metro:pp=/,type=WSEndpoint,name=InquiryCoorporationCodeService-InquiryCoorporationCodePort
30 ¸.¤. 2553 13:57:21 com.sun.xml.ws.transport.http.servlet.WSServletDelegate <init>
INFO: WSSERVLET14: JAX-WS servlet initializing
30 ¸.¤. 2553 13:57:21 org.apache.catalina.core.StandardContext start
INFO: Container org.apache.catalina.core.ContainerBase.[Catalina].[localhost].[/CoorporationCodeService] has already been started
30 ¸.¤. 2553 13:57:37 com.sun.xml.ws.transport.http.servlet.WSServletDelegate destroy
INFO: WSSERVLET15: JAX-WS servlet destroyed
30 ¸.¤. 2553 13:57:37 com.sun.xml.ws.server.MonitorBase closeMOM
INFO: Closing Metro monitoring root: com.sun.metro:pp=/,type=WSEndpoint,name=InquiryCoorporationCodeService-InquiryCoorporationCodePort
30 ¸.¤. 2553 13:57:37 com.sun.xml.ws.transport.http.servlet.WSServletContextListener contextDestroyed
INFO: WSSERVLET13: JAX-WS context listener destroyed
30 ¸.¤. 2553 13:57:38 org.apache.catalina.startup.HostConfig checkResources
INFO: Undeploying context [/CoorporationCodeService]
30 ¸.¤. 2553 13:59:45 com.sun.xml.ws.transport.http.servlet.WSServletContextListener contextInitialized
INFO: WSSERVLET12: JAX-WS context listener initializing
30 ¸.¤. 2553 13:59:51 com.sun.xml.ws.server.MonitorBase createRoot
INFO: Metro monitoring rootname successfully set to: com.sun.metro:pp=/,type=WSEndpoint,name=InquiryIDCardService-InquiryIDCardPort
30 ¸.¤. 2553 13:59:51 com.sun.xml.ws.transport.http.servlet.WSServletDelegate <init>
INFO: WSSERVLET14: JAX-WS servlet initializing
30 ¸.¤. 2553 13:59:52 org.apache.catalina.core.StandardContext start
INFO: Container org.apache.catalina.core.ContainerBase.[Catalina].[localhost].[/IDCardService] has already been started
30 ¸.¤. 2553 14:00:53 com.sun.xml.ws.transport.http.servlet.WSServletDelegate destroy
INFO: WSSERVLET15: JAX-WS servlet destroyed
30 ¸.¤. 2553 14:00:53 com.sun.xml.ws.server.MonitorBase closeMOM
INFO: Closing Metro monitoring root: com.sun.metro:pp=/,type=WSEndpoint,name=InquiryIDCardService-InquiryIDCardPort
30 ¸.¤. 2553 14:00:53 com.sun.xml.ws.transport.http.servlet.WSServletContextListener contextDestroyed
INFO: WSSERVLET13: JAX-WS context listener destroyed
30 ¸.¤. 2553 14:00:54 org.apache.catalina.startup.HostConfig checkResources
INFO: Undeploying context [/IDCardService]
30 ¸.¤. 2553 14:22:31 org.apache.coyote.http11.Http11BaseProtocol pause
INFO: Pausing Coyote HTTP/1.1 on http-8888
30 ¸.¤. 2553 14:22:32 org.apache.catalina.core.StandardService stop
INFO: Stopping service Catalina
30 ¸.¤. 2553 14:22:32 com.sun.xml.ws.transport.http.servlet.WSServletDelegate destroy
INFO: WSSERVLET15: JAX-WS servlet destroyed
30 ¸.¤. 2553 14:22:32 com.sun.xml.ws.server.MonitorBase closeMOM
INFO: Closing Metro monitoring root: com.sun.metro:pp=/,type=WSEndpoint,name=InquiryOffcodeService-InquiryOffcodePort
30 ¸.¤. 2553 14:22:32 com.sun.xml.ws.transport.http.servlet.WSServletContextListener contextDestroyed
INFO: WSSERVLET13: JAX-WS context listener destroyed
30 ¸.¤. 2553 14:22:34 org.apache.coyote.http11.Http11BaseProtocol destroy
INFO: Stopping Coyote HTTP/1.1 on http-8888
30 ¸.¤. 2553 14:22:34 org.apache.catalina.core.AprLifecycleListener lifecycleEvent
INFO: Failed shutdown of Apache Portable Runtime
30 ¸.¤. 2553 15:39:51 org.apache.catalina.core.AprLifecycleListener lifecycleEvent
INFO: The Apache Tomcat Native library which allows optimal performance in production environments was not found on the java.library.path: C:\Program Files\Java\jdk1.5.0_21\bin;.;C:\Windows\system32;C:\Windows;C:\Program Files\Common Files\Microsoft Shared\Windows Live;C:\oracle\product\10.2.0\db_1\bin;C:\Program Files\PC Connectivity Solution\;C:\Windows\system32;C:\Windows;C:\Windows\System32\Wbem;C:\Windows\System32\WindowsPowerShell\v1.0\;C:\Program Files\Microsoft SQL Server\100\Tools\Binn\;C:\Program Files\Microsoft SQL Server\100\DTS\Binn\;C:\Program Files\Microsoft SQL Server\100\Tools\Binn\VSShell\Common7\IDE\;C:\Program Files\Microsoft Visual Studio 9.0\Common7\IDE\PrivateAssemblies\;C:\Program Files\Microsoft SQL Server\90\Tools\binn\;C:\Program Files\Subversion\bin;C:\Program Files\Windows Live\Shared
30 ¸.¤. 2553 15:39:51 org.apache.coyote.http11.Http11BaseProtocol init
INFO: Initializing Coyote HTTP/1.1 on http-8888
30 ¸.¤. 2553 15:39:51 org.apache.catalina.startup.Catalina load
INFO: Initialization processed in 1696 ms
30 ¸.¤. 2553 15:39:52 org.apache.catalina.core.StandardService start
INFO: Starting service Catalina
30 ¸.¤. 2553 15:39:52 org.apache.catalina.core.StandardEngine start
INFO: Starting Servlet Engine: Apache Tomcat/5.5.28
30 ¸.¤. 2553 15:39:52 org.apache.catalina.core.StandardHost start
INFO: XML validation disabled
30 ¸.¤. 2553 15:39:58 com.sun.xml.ws.transport.http.servlet.WSServletContextListener contextInitialized
INFO: WSSERVLET12: JAX-WS context listener initializing
30 ¸.¤. 2553 15:40:06 com.sun.xml.ws.server.MonitorBase createRoot
INFO: Metro monitoring rootname successfully set to: com.sun.metro:pp=/,type=WSEndpoint,name=InquiryOffcodeService-InquiryOffcodePort
30 ¸.¤. 2553 15:40:07 com.sun.xml.ws.transport.http.servlet.WSServletDelegate <init>
INFO: WSSERVLET14: JAX-WS servlet initializing
30 ¸.¤. 2553 15:40:07 org.apache.coyote.http11.Http11BaseProtocol start
INFO: Starting Coyote HTTP/1.1 on http-8888
30 ¸.¤. 2553 15:40:08 org.apache.jk.common.ChannelSocket init
INFO: JK: ajp13 listening on /0.0.0.0:8009
30 ¸.¤. 2553 15:40:08 org.apache.jk.server.JkMain start
INFO: Jk running ID=0 time=0/76  config=null
30 ¸.¤. 2553 15:40:08 org.apache.catalina.storeconfig.StoreLoader load
INFO: Find registry server-registry.xml at classpath resource
30 ¸.¤. 2553 15:40:08 org.apache.catalina.startup.Catalina start
INFO: Server startup in 16659 ms
30 ¸.¤. 2553 15:40:13 com.sun.xml.ws.transport.http.servlet.WSServletContextListener contextInitialized
INFO: WSSERVLET12: JAX-WS context listener initializing
30 ¸.¤. 2553 15:40:19 com.sun.xml.ws.server.MonitorBase createRoot
INFO: Metro monitoring rootname successfully set to: com.sun.metro:pp=/,type=WSEndpoint,name=InquiryOffcodeService-InquiryOffcodePort
30 ¸.¤. 2553 15:40:19 org.glassfish.gmbal.impl.JMXRegistrationManager resumeRegistration
WARNING: "GMBAL901: JMX exception on registration of MBean MBeanImpl[type=WSEndpoint,name=InquiryOffcodeService-InquiryOffcodePort,oname=com.sun.metro:pp=/,type=WSEndpoint,name=InquiryOffcodeService-InquiryOffcodePort]"
30 ¸.¤. 2553 15:40:19 com.sun.xml.ws.transport.http.servlet.WSServletDelegate <init>
INFO: WSSERVLET14: JAX-WS servlet initializing
30 ¸.¤. 2553 15:40:19 org.apache.catalina.core.StandardContext start
INFO: Container org.apache.catalina.core.ContainerBase.[Catalina].[localhost].[/OffcodeService] has already been started
30 ¸.¤. 2553 15:41:32 com.sun.xml.ws.transport.http.servlet.WSServletDelegate destroy
INFO: WSSERVLET15: JAX-WS servlet destroyed
30 ¸.¤. 2553 15:41:32 com.sun.xml.ws.server.MonitorBase closeMOM
INFO: Closing Metro monitoring root: com.sun.metro:pp=/,type=WSEndpoint,name=InquiryOffcodeService-InquiryOffcodePort
30 ¸.¤. 2553 15:41:32 com.sun.xml.ws.transport.http.servlet.WSServletContextListener contextDestroyed
INFO: WSSERVLET13: JAX-WS context listener destroyed
30 ¸.¤. 2553 15:41:34 org.apache.catalina.startup.HostConfig checkResources
INFO: Undeploying context [/OffcodeService]
30 ¸.¤. 2553 15:44:19 com.sun.xml.ws.transport.http.servlet.WSServletContextListener contextInitialized
INFO: WSSERVLET12: JAX-WS context listener initializing
30 ¸.¤. 2553 15:44:21 [com.sun.xml.ws.policy.jaxws.PolicyConfigParser]  parse
INFO: WSP5018: Loaded WSIT configuration from file: jndi:/localhost/DateService/WEB-INF/wsit-service.InquiryDate.xml.
30 ¸.¤. 2553 15:44:24 com.sun.xml.ws.server.MonitorBase createRoot
INFO: Metro monitoring rootname successfully set to: com.sun.metro:pp=/,type=WSEndpoint,name=InquiryDateService-InquiryDatePort
30 ¸.¤. 2553 15:44:25 com.sun.xml.ws.transport.http.servlet.WSServletDelegate <init>
INFO: WSSERVLET14: JAX-WS servlet initializing
30 ¸.¤. 2553 15:44:25 org.apache.catalina.core.StandardContext start
INFO: Container org.apache.catalina.core.ContainerBase.[Catalina].[localhost].[/DateService] has already been started
30 ¸.¤. 2553 15:50:38 com.sun.xml.ws.transport.http.servlet.WSServletDelegate destroy
INFO: WSSERVLET15: JAX-WS servlet destroyed
30 ¸.¤. 2553 15:50:38 com.sun.xml.ws.server.MonitorBase closeMOM
INFO: Closing Metro monitoring root: com.sun.metro:pp=/,type=WSEndpoint,name=InquiryDateService-InquiryDatePort
30 ¸.¤. 2553 15:50:38 com.sun.xml.ws.transport.http.servlet.WSServletContextListener contextDestroyed
INFO: WSSERVLET13: JAX-WS context listener destroyed
30 ¸.¤. 2553 15:50:38 org.apache.catalina.startup.HostConfig checkResources
INFO: Undeploying context [/DateService]
30 ¸.¤. 2553 15:58:43 com.sun.xml.ws.transport.http.servlet.WSServletContextListener contextInitialized
INFO: WSSERVLET12: JAX-WS context listener initializing
30 ¸.¤. 2553 15:58:46 [com.sun.xml.ws.policy.jaxws.PolicyConfigParser]  parse
INFO: WSP5018: Loaded WSIT configuration from file: jndi:/localhost/GroupIDService/WEB-INF/wsit-service.InquiryGroupID.xml.
30 ¸.¤. 2553 15:58:48 com.sun.xml.ws.server.MonitorBase createRoot
INFO: Metro monitoring rootname successfully set to: com.sun.metro:pp=/,type=WSEndpoint,name=InquiryGroupIDService-InquiryGroupIDPort
30 ¸.¤. 2553 15:58:48 com.sun.xml.ws.transport.http.servlet.WSServletDelegate <init>
INFO: WSSERVLET14: JAX-WS servlet initializing
30 ¸.¤. 2553 15:58:48 org.apache.catalina.core.StandardContext start
INFO: Container org.apache.catalina.core.ContainerBase.[Catalina].[localhost].[/GroupIDService] has already been started
30 ¸.¤. 2553 15:58:55 org.apache.catalina.core.StandardContext reload
INFO: Reloading this Context has started
30 ¸.¤. 2553 15:58:55 com.sun.xml.ws.transport.http.servlet.WSServletDelegate destroy
INFO: WSSERVLET15: JAX-WS servlet destroyed
30 ¸.¤. 2553 15:58:55 com.sun.xml.ws.server.MonitorBase closeMOM
INFO: Closing Metro monitoring root: com.sun.metro:pp=/,type=WSEndpoint,name=InquiryGroupIDService-InquiryGroupIDPort
30 ¸.¤. 2553 15:58:55 com.sun.xml.ws.transport.http.servlet.WSServletContextListener contextDestroyed
INFO: WSSERVLET13: JAX-WS context listener destroyed
30 ¸.¤. 2553 15:58:58 com.sun.xml.ws.transport.http.servlet.WSServletContextListener contextInitialized
INFO: WSSERVLET12: JAX-WS context listener initializing
30 ¸.¤. 2553 15:59:00 [com.sun.xml.ws.policy.jaxws.PolicyConfigParser]  parse
INFO: WSP5018: Loaded WSIT configuration from file: jndi:/localhost/GroupIDService/WEB-INF/wsit-service.InquiryGroupID.xml.
30 ¸.¤. 2553 15:59:05 com.sun.xml.ws.server.MonitorBase createRoot
INFO: Metro monitoring rootname successfully set to: com.sun.metro:pp=/,type=WSEndpoint,name=InquiryGroupIDService-InquiryGroupIDPort
30 ¸.¤. 2553 15:59:05 com.sun.xml.ws.transport.http.servlet.WSServletDelegate <init>
INFO: WSSERVLET14: JAX-WS servlet initializing
30 ¸.¤. 2553 15:59:19 com.sun.xml.ws.transport.http.servlet.WSServletDelegate destroy
INFO: WSSERVLET15: JAX-WS servlet destroyed
30 ¸.¤. 2553 15:59:19 com.sun.xml.ws.server.MonitorBase closeMOM
INFO: Closing Metro monitoring root: com.sun.metro:pp=/,type=WSEndpoint,name=InquiryGroupIDService-InquiryGroupIDPort
30 ¸.¤. 2553 15:59:19 com.sun.xml.ws.transport.http.servlet.WSServletContextListener contextDestroyed
INFO: WSSERVLET13: JAX-WS context listener destroyed
30 ¸.¤. 2553 15:59:20 org.apache.catalina.startup.HostConfig checkResources
INFO: Undeploying context [/GroupIDService]
30 ¸.¤. 2553 15:59:22 com.sun.xml.ws.transport.http.servlet.WSServletContextListener contextInitialized
INFO: WSSERVLET12: JAX-WS context listener initializing
30 ¸.¤. 2553 15:59:24 [com.sun.xml.ws.policy.jaxws.PolicyConfigParser]  parse
INFO: WSP5018: Loaded WSIT configuration from file: jndi:/localhost/GroupIDService/WEB-INF/wsit-service.InquiryGroupID.xml.
30 ¸.¤. 2553 15:59:27 com.sun.xml.ws.server.MonitorBase createRoot
INFO: Metro monitoring rootname successfully set to: com.sun.metro:pp=/,type=WSEndpoint,name=InquiryGroupIDService-InquiryGroupIDPort
30 ¸.¤. 2553 15:59:27 com.sun.xml.ws.transport.http.servlet.WSServletDelegate <init>
INFO: WSSERVLET14: JAX-WS servlet initializing
30 ¸.¤. 2553 15:59:27 org.apache.catalina.core.StandardContext start
INFO: Container org.apache.catalina.core.ContainerBase.[Catalina].[localhost].[/GroupIDService] has already been started
30 ¸.¤. 2553 15:59:35 com.sun.xml.ws.transport.http.servlet.WSServletContextListener contextInitialized
INFO: WSSERVLET12: JAX-WS context listener initializing
30 ¸.¤. 2553 15:59:37 [com.sun.xml.ws.policy.jaxws.PolicyConfigParser]  parse
INFO: WSP5018: Loaded WSIT configuration from file: jndi:/localhost/DateService/WEB-INF/wsit-service.InquiryDate.xml.
30 ¸.¤. 2553 15:59:41 com.sun.xml.ws.server.MonitorBase createRoot
INFO: Metro monitoring rootname successfully set to: com.sun.metro:pp=/,type=WSEndpoint,name=InquiryDateService-InquiryDatePort
30 ¸.¤. 2553 15:59:43 com.sun.xml.ws.transport.http.servlet.WSServletDelegate <init>
INFO: WSSERVLET14: JAX-WS servlet initializing
30 ¸.¤. 2553 15:59:43 org.apache.catalina.core.StandardContext start
INFO: Container org.apache.catalina.core.ContainerBase.[Catalina].[localhost].[/DateService] has already been started
30 ¸.¤. 2553 15:59:43 com.sun.xml.ws.transport.http.servlet.WSServletDelegate destroy
INFO: WSSERVLET15: JAX-WS servlet destroyed
30 ¸.¤. 2553 15:59:43 com.sun.xml.ws.server.MonitorBase closeMOM
INFO: Closing Metro monitoring root: com.sun.metro:pp=/,type=WSEndpoint,name=InquiryGroupIDService-InquiryGroupIDPort
30 ¸.¤. 2553 15:59:43 com.sun.xml.ws.transport.http.servlet.WSServletContextListener contextDestroyed
INFO: WSSERVLET13: JAX-WS context listener destroyed
30 ¸.¤. 2553 15:59:44 org.apache.catalina.startup.HostConfig checkResources
INFO: Undeploying context [/GroupIDService]
30 ¸.¤. 2553 16:00:19 com.sun.xml.ws.transport.http.servlet.WSServletDelegate destroy
INFO: WSSERVLET15: JAX-WS servlet destroyed
30 ¸.¤. 2553 16:00:19 com.sun.xml.ws.server.MonitorBase closeMOM
INFO: Closing Metro monitoring root: com.sun.metro:pp=/,type=WSEndpoint,name=InquiryDateService-InquiryDatePort
30 ¸.¤. 2553 16:00:19 com.sun.xml.ws.transport.http.servlet.WSServletContextListener contextDestroyed
INFO: WSSERVLET13: JAX-WS context listener destroyed
30 ¸.¤. 2553 16:00:20 org.apache.catalina.startup.HostConfig checkResources
INFO: Undeploying context [/DateService]
30 ¸.¤. 2553 16:00:22 com.sun.xml.ws.transport.http.servlet.WSServletContextListener contextInitialized
INFO: WSSERVLET12: JAX-WS context listener initializing
30 ¸.¤. 2553 16:00:24 [com.sun.xml.ws.policy.jaxws.PolicyConfigParser]  parse
INFO: WSP5018: Loaded WSIT configuration from file: jndi:/localhost/DateService/WEB-INF/wsit-service.InquiryDate.xml.
30 ¸.¤. 2553 16:00:27 com.sun.xml.ws.server.MonitorBase createRoot
INFO: Metro monitoring rootname successfully set to: com.sun.metro:pp=/,type=WSEndpoint,name=InquiryDateService-InquiryDatePort
30 ¸.¤. 2553 16:00:27 com.sun.xml.ws.transport.http.servlet.WSServletDelegate <init>
INFO: WSSERVLET14: JAX-WS servlet initializing
30 ¸.¤. 2553 16:00:27 org.apache.catalina.core.StandardContext start
INFO: Container org.apache.catalina.core.ContainerBase.[Catalina].[localhost].[/DateService] has already been started
30 ¸.¤. 2553 16:00:37 com.sun.xml.ws.transport.http.servlet.WSServletDelegate destroy
INFO: WSSERVLET15: JAX-WS servlet destroyed
30 ¸.¤. 2553 16:00:37 com.sun.xml.ws.server.MonitorBase closeMOM
INFO: Closing Metro monitoring root: com.sun.metro:pp=/,type=WSEndpoint,name=InquiryDateService-InquiryDatePort
30 ¸.¤. 2553 16:00:37 com.sun.xml.ws.transport.http.servlet.WSServletContextListener contextDestroyed
INFO: WSSERVLET13: JAX-WS context listener destroyed
30 ¸.¤. 2553 16:00:38 org.apache.catalina.startup.HostConfig checkResources
INFO: Undeploying context [/DateService]
30 ¸.¤. 2553 16:08:06 com.sun.xml.ws.transport.http.servlet.WSServletContextListener contextInitialized
INFO: WSSERVLET12: JAX-WS context listener initializing
30 ¸.¤. 2553 16:08:08 [com.sun.xml.ws.policy.jaxws.PolicyConfigParser]  parse
INFO: WSP5018: Loaded WSIT configuration from file: jndi:/localhost/GroupIDService/WEB-INF/wsit-service.InquiryGroupID.xml.
30 ¸.¤. 2553 16:08:11 com.sun.xml.ws.server.MonitorBase createRoot
INFO: Metro monitoring rootname successfully set to: com.sun.metro:pp=/,type=WSEndpoint,name=InquiryGroupIDService-InquiryGroupIDPort
30 ¸.¤. 2553 16:08:12 com.sun.xml.ws.transport.http.servlet.WSServletDelegate <init>
INFO: WSSERVLET14: JAX-WS servlet initializing
30 ¸.¤. 2553 16:08:12 org.apache.catalina.core.StandardContext start
INFO: Container org.apache.catalina.core.ContainerBase.[Catalina].[localhost].[/GroupIDService] has already been started
30 ¸.¤. 2553 16:08:28 com.sun.xml.ws.transport.http.servlet.WSServletDelegate destroy
INFO: WSSERVLET15: JAX-WS servlet destroyed
30 ¸.¤. 2553 16:08:28 com.sun.xml.ws.server.MonitorBase closeMOM
INFO: Closing Metro monitoring root: com.sun.metro:pp=/,type=WSEndpoint,name=InquiryGroupIDService-InquiryGroupIDPort
30 ¸.¤. 2553 16:08:28 com.sun.xml.ws.transport.http.servlet.WSServletContextListener contextDestroyed
INFO: WSSERVLET13: JAX-WS context listener destroyed
30 ¸.¤. 2553 16:08:29 org.apache.catalina.startup.HostConfig checkResources
INFO: Undeploying context [/GroupIDService]
30 ¸.¤. 2553 16:14:52 org.apache.coyote.http11.Http11BaseProtocol pause
INFO: Pausing Coyote HTTP/1.1 on http-8888
30 ¸.¤. 2553 16:14:53 org.apache.catalina.core.StandardService stop
INFO: Stopping service Catalina
30 ¸.¤. 2553 16:14:53 com.sun.xml.ws.transport.http.servlet.WSServletDelegate destroy
INFO: WSSERVLET15: JAX-WS servlet destroyed
30 ¸.¤. 2553 16:14:53 com.sun.xml.ws.server.MonitorBase closeMOM
INFO: Closing Metro monitoring root: com.sun.metro:pp=/,type=WSEndpoint,name=InquiryOffcodeService-InquiryOffcodePort
30 ¸.¤. 2553 16:14:53 com.sun.xml.ws.transport.http.servlet.WSServletContextListener contextDestroyed
INFO: WSSERVLET13: JAX-WS context listener destroyed
30 ¸.¤. 2553 16:14:54 org.apache.coyote.http11.Http11BaseProtocol destroy
INFO: Stopping Coyote HTTP/1.1 on http-8888
30 ¸.¤. 2553 16:14:54 org.apache.catalina.core.AprLifecycleListener lifecycleEvent
INFO: Failed shutdown of Apache Portable Runtime
