7 ¸.¤. 2553 0:04:14 org.apache.catalina.core.StandardContext reload
INFO: Reloading this Context has started
7 ¸.¤. 2553 0:04:14 com.sun.xml.ws.transport.http.servlet.WSServletDelegate destroy
INFO: WSSERVLET15: JAX-WS servlet destroyed
7 ¸.¤. 2553 0:04:14 com.sun.xml.ws.server.MonitorBase closeMOM
INFO: Closing Metro monitoring root: com.sun.metro:pp=/,type=WSEndpoint,name=InquiryOffcodeService-InquiryOffcodePort
7 ¸.¤. 2553 0:04:16 com.sun.xml.ws.transport.http.servlet.WSServletContextListener contextDestroyed
INFO: WSSERVLET13: JAX-WS context listener destroyed
7 ¸.¤. 2553 0:04:24 com.sun.xml.ws.transport.http.servlet.WSServletContextListener contextInitialized
INFO: WSSERVLET12: JAX-WS context listener initializing
7 ¸.¤. 2553 0:04:46 com.sun.xml.ws.server.MonitorBase createRoot
INFO: Metro monitoring rootname successfully set to: com.sun.metro:pp=/,type=WSEndpoint,name=InquiryOffcodeService-InquiryOffcodePort
7 ¸.¤. 2553 0:04:50 com.sun.xml.ws.transport.http.servlet.WSServletDelegate <init>
INFO: WSSERVLET14: JAX-WS servlet initializing
7 ¸.¤. 2553 0:04:50 org.apache.catalina.core.StandardContext reload
INFO: Reloading this Context has started
7 ¸.¤. 2553 0:04:50 com.sun.xml.ws.transport.http.servlet.WSServletDelegate destroy
INFO: WSSERVLET15: JAX-WS servlet destroyed
7 ¸.¤. 2553 0:04:50 com.sun.xml.ws.server.MonitorBase closeMOM
INFO: Closing Metro monitoring root: com.sun.metro:pp=/,type=WSEndpoint,name=InquiryOffcodeService-InquiryOffcodePort
7 ¸.¤. 2553 0:04:50 com.sun.xml.ws.transport.http.servlet.WSServletContextListener contextDestroyed
INFO: WSSERVLET13: JAX-WS context listener destroyed
7 ¸.¤. 2553 0:04:58 com.sun.xml.ws.transport.http.servlet.WSServletContextListener contextInitialized
INFO: WSSERVLET12: JAX-WS context listener initializing
7 ¸.¤. 2553 0:05:22 com.sun.xml.ws.server.MonitorBase createRoot
INFO: Metro monitoring rootname successfully set to: com.sun.metro:pp=/,type=WSEndpoint,name=InquiryOffcodeService-InquiryOffcodePort
7 ¸.¤. 2553 0:05:26 com.sun.xml.ws.transport.http.servlet.WSServletDelegate <init>
INFO: WSSERVLET14: JAX-WS servlet initializing
7 ¸.¤. 2553 0:07:20 org.apache.catalina.core.StandardContext reload
INFO: Reloading this Context has started
7 ¸.¤. 2553 0:07:20 com.sun.xml.ws.transport.http.servlet.WSServletDelegate destroy
INFO: WSSERVLET15: JAX-WS servlet destroyed
7 ¸.¤. 2553 0:07:20 com.sun.xml.ws.server.MonitorBase closeMOM
INFO: Closing Metro monitoring root: com.sun.metro:pp=/,type=WSEndpoint,name=InquiryOffcodeService-InquiryOffcodePort
7 ¸.¤. 2553 0:07:20 com.sun.xml.ws.transport.http.servlet.WSServletContextListener contextDestroyed
INFO: WSSERVLET13: JAX-WS context listener destroyed
7 ¸.¤. 2553 0:07:30 com.sun.xml.ws.transport.http.servlet.WSServletContextListener contextInitialized
INFO: WSSERVLET12: JAX-WS context listener initializing
7 ¸.¤. 2553 0:07:55 com.sun.xml.ws.server.MonitorBase createRoot
INFO: Metro monitoring rootname successfully set to: com.sun.metro:pp=/,type=WSEndpoint,name=InquiryOffcodeService-InquiryOffcodePort
7 ¸.¤. 2553 0:07:59 com.sun.xml.ws.transport.http.servlet.WSServletDelegate <init>
INFO: WSSERVLET14: JAX-WS servlet initializing
7 ¸.¤. 2553 0:08:00 org.apache.catalina.core.StandardContext reload
INFO: Reloading this Context has started
7 ¸.¤. 2553 0:08:00 com.sun.xml.ws.transport.http.servlet.WSServletDelegate destroy
INFO: WSSERVLET15: JAX-WS servlet destroyed
7 ¸.¤. 2553 0:08:00 com.sun.xml.ws.server.MonitorBase closeMOM
INFO: Closing Metro monitoring root: com.sun.metro:pp=/,type=WSEndpoint,name=InquiryOffcodeService-InquiryOffcodePort
7 ¸.¤. 2553 0:08:00 com.sun.xml.ws.transport.http.servlet.WSServletContextListener contextDestroyed
INFO: WSSERVLET13: JAX-WS context listener destroyed
7 ¸.¤. 2553 0:08:08 com.sun.xml.ws.transport.http.servlet.WSServletContextListener contextInitialized
INFO: WSSERVLET12: JAX-WS context listener initializing
7 ¸.¤. 2553 0:08:29 com.sun.xml.ws.server.MonitorBase createRoot
INFO: Metro monitoring rootname successfully set to: com.sun.metro:pp=/,type=WSEndpoint,name=InquiryOffcodeService-InquiryOffcodePort
7 ¸.¤. 2553 0:08:33 com.sun.xml.ws.transport.http.servlet.WSServletDelegate <init>
INFO: WSSERVLET14: JAX-WS servlet initializing
7 ¸.¤. 2553 0:08:33 org.apache.catalina.core.StandardContext reload
INFO: Reloading this Context has started
7 ¸.¤. 2553 0:08:33 com.sun.xml.ws.transport.http.servlet.WSServletDelegate destroy
INFO: WSSERVLET15: JAX-WS servlet destroyed
7 ¸.¤. 2553 0:08:33 com.sun.xml.ws.server.MonitorBase closeMOM
INFO: Closing Metro monitoring root: com.sun.metro:pp=/,type=WSEndpoint,name=InquiryOffcodeService-InquiryOffcodePort
7 ¸.¤. 2553 0:08:33 com.sun.xml.ws.transport.http.servlet.WSServletContextListener contextDestroyed
INFO: WSSERVLET13: JAX-WS context listener destroyed
7 ¸.¤. 2553 0:08:41 com.sun.xml.ws.transport.http.servlet.WSServletContextListener contextInitialized
INFO: WSSERVLET12: JAX-WS context listener initializing
7 ¸.¤. 2553 0:09:02 com.sun.xml.ws.server.MonitorBase createRoot
INFO: Metro monitoring rootname successfully set to: com.sun.metro:pp=/,type=WSEndpoint,name=InquiryOffcodeService-InquiryOffcodePort
7 ¸.¤. 2553 0:09:05 com.sun.xml.ws.transport.http.servlet.WSServletDelegate <init>
INFO: WSSERVLET14: JAX-WS servlet initializing
7 ¸.¤. 2553 0:11:02 org.apache.catalina.core.StandardContext reload
INFO: Reloading this Context has started
7 ¸.¤. 2553 0:11:02 com.sun.xml.ws.transport.http.servlet.WSServletDelegate destroy
INFO: WSSERVLET15: JAX-WS servlet destroyed
7 ¸.¤. 2553 0:11:02 com.sun.xml.ws.server.MonitorBase closeMOM
INFO: Closing Metro monitoring root: com.sun.metro:pp=/,type=WSEndpoint,name=InquiryOffcodeService-InquiryOffcodePort
7 ¸.¤. 2553 0:11:02 com.sun.xml.ws.transport.http.servlet.WSServletContextListener contextDestroyed
INFO: WSSERVLET13: JAX-WS context listener destroyed
7 ¸.¤. 2553 0:11:10 com.sun.xml.ws.transport.http.servlet.WSServletContextListener contextInitialized
INFO: WSSERVLET12: JAX-WS context listener initializing
7 ¸.¤. 2553 0:11:31 com.sun.xml.ws.server.MonitorBase createRoot
INFO: Metro monitoring rootname successfully set to: com.sun.metro:pp=/,type=WSEndpoint,name=InquiryOffcodeService-InquiryOffcodePort
7 ¸.¤. 2553 0:11:36 com.sun.xml.ws.transport.http.servlet.WSServletDelegate <init>
INFO: WSSERVLET14: JAX-WS servlet initializing
7 ¸.¤. 2553 0:11:38 org.apache.catalina.core.StandardContext reload
INFO: Reloading this Context has started
7 ¸.¤. 2553 0:11:38 com.sun.xml.ws.transport.http.servlet.WSServletDelegate destroy
INFO: WSSERVLET15: JAX-WS servlet destroyed
7 ¸.¤. 2553 0:11:38 com.sun.xml.ws.server.MonitorBase closeMOM
INFO: Closing Metro monitoring root: com.sun.metro:pp=/,type=WSEndpoint,name=InquiryOffcodeService-InquiryOffcodePort
7 ¸.¤. 2553 0:11:38 com.sun.xml.ws.transport.http.servlet.WSServletContextListener contextDestroyed
INFO: WSSERVLET13: JAX-WS context listener destroyed
7 ¸.¤. 2553 0:11:46 com.sun.xml.ws.transport.http.servlet.WSServletContextListener contextInitialized
INFO: WSSERVLET12: JAX-WS context listener initializing
7 ¸.¤. 2553 0:12:09 com.sun.xml.ws.server.MonitorBase createRoot
INFO: Metro monitoring rootname successfully set to: com.sun.metro:pp=/,type=WSEndpoint,name=InquiryOffcodeService-InquiryOffcodePort
7 ¸.¤. 2553 0:12:13 com.sun.xml.ws.transport.http.servlet.WSServletDelegate <init>
INFO: WSSERVLET14: JAX-WS servlet initializing
7 ¸.¤. 2553 0:12:49 org.apache.catalina.core.StandardContext reload
INFO: Reloading this Context has started
7 ¸.¤. 2553 0:12:49 com.sun.xml.ws.transport.http.servlet.WSServletDelegate destroy
INFO: WSSERVLET15: JAX-WS servlet destroyed
7 ¸.¤. 2553 0:12:49 com.sun.xml.ws.server.MonitorBase closeMOM
INFO: Closing Metro monitoring root: com.sun.metro:pp=/,type=WSEndpoint,name=InquiryOffcodeService-InquiryOffcodePort
7 ¸.¤. 2553 0:12:49 com.sun.xml.ws.transport.http.servlet.WSServletContextListener contextDestroyed
INFO: WSSERVLET13: JAX-WS context listener destroyed
7 ¸.¤. 2553 0:12:56 com.sun.xml.ws.transport.http.servlet.WSServletContextListener contextInitialized
INFO: WSSERVLET12: JAX-WS context listener initializing
7 ¸.¤. 2553 0:13:17 com.sun.xml.ws.server.MonitorBase createRoot
INFO: Metro monitoring rootname successfully set to: com.sun.metro:pp=/,type=WSEndpoint,name=InquiryOffcodeService-InquiryOffcodePort
7 ¸.¤. 2553 0:13:21 com.sun.xml.ws.transport.http.servlet.WSServletDelegate <init>
INFO: WSSERVLET14: JAX-WS servlet initializing
7 ¸.¤. 2553 0:22:19 org.apache.catalina.core.StandardContext reload
INFO: Reloading this Context has started
7 ¸.¤. 2553 0:22:19 com.sun.xml.ws.transport.http.servlet.WSServletDelegate destroy
INFO: WSSERVLET15: JAX-WS servlet destroyed
7 ¸.¤. 2553 0:22:19 com.sun.xml.ws.server.MonitorBase closeMOM
INFO: Closing Metro monitoring root: com.sun.metro:pp=/,type=WSEndpoint,name=InquiryOffcodeService-InquiryOffcodePort
7 ¸.¤. 2553 0:22:19 com.sun.xml.ws.transport.http.servlet.WSServletContextListener contextDestroyed
INFO: WSSERVLET13: JAX-WS context listener destroyed
7 ¸.¤. 2553 0:22:28 com.sun.xml.ws.transport.http.servlet.WSServletContextListener contextInitialized
INFO: WSSERVLET12: JAX-WS context listener initializing
7 ¸.¤. 2553 0:22:53 com.sun.xml.ws.server.MonitorBase createRoot
INFO: Metro monitoring rootname successfully set to: com.sun.metro:pp=/,type=WSEndpoint,name=InquiryOffcodeService-InquiryOffcodePort
7 ¸.¤. 2553 0:22:57 com.sun.xml.ws.transport.http.servlet.WSServletDelegate <init>
INFO: WSSERVLET14: JAX-WS servlet initializing
7 ¸.¤. 2553 0:24:16 org.apache.catalina.core.StandardContext reload
INFO: Reloading this Context has started
7 ¸.¤. 2553 0:24:16 com.sun.xml.ws.transport.http.servlet.WSServletDelegate destroy
INFO: WSSERVLET15: JAX-WS servlet destroyed
7 ¸.¤. 2553 0:24:16 com.sun.xml.ws.server.MonitorBase closeMOM
INFO: Closing Metro monitoring root: com.sun.metro:pp=/,type=WSEndpoint,name=InquiryOffcodeService-InquiryOffcodePort
7 ¸.¤. 2553 0:24:16 com.sun.xml.ws.transport.http.servlet.WSServletContextListener contextDestroyed
INFO: WSSERVLET13: JAX-WS context listener destroyed
7 ¸.¤. 2553 0:24:25 com.sun.xml.ws.transport.http.servlet.WSServletContextListener contextInitialized
INFO: WSSERVLET12: JAX-WS context listener initializing
7 ¸.¤. 2553 0:24:47 com.sun.xml.ws.server.MonitorBase createRoot
INFO: Metro monitoring rootname successfully set to: com.sun.metro:pp=/,type=WSEndpoint,name=InquiryOffcodeService-InquiryOffcodePort
7 ¸.¤. 2553 0:24:51 com.sun.xml.ws.transport.http.servlet.WSServletDelegate <init>
INFO: WSSERVLET14: JAX-WS servlet initializing
7 ¸.¤. 2553 0:25:58 org.apache.catalina.core.StandardContext reload
INFO: Reloading this Context has started
7 ¸.¤. 2553 0:25:58 com.sun.xml.ws.transport.http.servlet.WSServletDelegate destroy
INFO: WSSERVLET15: JAX-WS servlet destroyed
7 ¸.¤. 2553 0:25:59 com.sun.xml.ws.server.MonitorBase closeMOM
INFO: Closing Metro monitoring root: com.sun.metro:pp=/,type=WSEndpoint,name=InquiryOffcodeService-InquiryOffcodePort
7 ¸.¤. 2553 0:25:59 com.sun.xml.ws.transport.http.servlet.WSServletContextListener contextDestroyed
INFO: WSSERVLET13: JAX-WS context listener destroyed
7 ¸.¤. 2553 0:26:06 com.sun.xml.ws.transport.http.servlet.WSServletContextListener contextInitialized
INFO: WSSERVLET12: JAX-WS context listener initializing
7 ¸.¤. 2553 0:26:28 com.sun.xml.ws.server.MonitorBase createRoot
INFO: Metro monitoring rootname successfully set to: com.sun.metro:pp=/,type=WSEndpoint,name=InquiryOffcodeService-InquiryOffcodePort
7 ¸.¤. 2553 0:26:32 com.sun.xml.ws.transport.http.servlet.WSServletDelegate <init>
INFO: WSSERVLET14: JAX-WS servlet initializing
7 ¸.¤. 2553 0:26:33 org.apache.catalina.core.StandardContext reload
INFO: Reloading this Context has started
7 ¸.¤. 2553 0:26:33 com.sun.xml.ws.transport.http.servlet.WSServletDelegate destroy
INFO: WSSERVLET15: JAX-WS servlet destroyed
7 ¸.¤. 2553 0:26:33 com.sun.xml.ws.server.MonitorBase closeMOM
INFO: Closing Metro monitoring root: com.sun.metro:pp=/,type=WSEndpoint,name=InquiryOffcodeService-InquiryOffcodePort
7 ¸.¤. 2553 0:26:33 com.sun.xml.ws.transport.http.servlet.WSServletContextListener contextDestroyed
INFO: WSSERVLET13: JAX-WS context listener destroyed
7 ¸.¤. 2553 0:26:41 com.sun.xml.ws.transport.http.servlet.WSServletContextListener contextInitialized
INFO: WSSERVLET12: JAX-WS context listener initializing
7 ¸.¤. 2553 0:27:03 com.sun.xml.ws.server.MonitorBase createRoot
INFO: Metro monitoring rootname successfully set to: com.sun.metro:pp=/,type=WSEndpoint,name=InquiryOffcodeService-InquiryOffcodePort
7 ¸.¤. 2553 0:27:07 com.sun.xml.ws.transport.http.servlet.WSServletDelegate <init>
INFO: WSSERVLET14: JAX-WS servlet initializing
7 ¸.¤. 2553 9:23:08 org.apache.catalina.core.AprLifecycleListener lifecycleEvent
INFO: The Apache Tomcat Native library which allows optimal performance in production environments was not found on the java.library.path: C:\Program Files\Java\jdk1.5.0_21\bin;.;C:\Windows\system32;C:\Windows;C:\Program Files\Common Files\Microsoft Shared\Windows Live;C:\oracle\product\10.2.0\db_1\bin;C:\Program Files\PC Connectivity Solution\;C:\Windows\system32;C:\Windows;C:\Windows\System32\Wbem;C:\Windows\System32\WindowsPowerShell\v1.0\;C:\Program Files\Microsoft SQL Server\100\Tools\Binn\;C:\Program Files\Microsoft SQL Server\100\DTS\Binn\;C:\Program Files\Microsoft SQL Server\100\Tools\Binn\VSShell\Common7\IDE\;C:\Program Files\Microsoft Visual Studio 9.0\Common7\IDE\PrivateAssemblies\;C:\Program Files\Windows Live\Shared;C:\Program Files\Subversion\bin
7 ¸.¤. 2553 9:23:09 org.apache.coyote.http11.Http11BaseProtocol init
INFO: Initializing Coyote HTTP/1.1 on http-8888
7 ¸.¤. 2553 9:23:09 org.apache.catalina.startup.Catalina load
INFO: Initialization processed in 2111 ms
7 ¸.¤. 2553 9:23:09 org.apache.catalina.core.StandardService start
INFO: Starting service Catalina
7 ¸.¤. 2553 9:23:09 org.apache.catalina.core.StandardEngine start
INFO: Starting Servlet Engine: Apache Tomcat/5.5.28
7 ¸.¤. 2553 9:23:09 org.apache.catalina.core.StandardHost start
INFO: XML validation disabled
7 ¸.¤. 2553 9:23:11 com.sun.xml.ws.transport.http.servlet.WSServletContextListener contextInitialized
INFO: WSSERVLET12: JAX-WS context listener initializing
7 ¸.¤. 2553 9:23:18 [com.sun.xml.ws.policy.jaxws.PolicyConfigParser]  parse
INFO: WSP5018: Loaded WSIT configuration from file: jndi:/localhost/GroupIDService/WEB-INF/wsit-service.InquiryGroupID.xml.
7 ¸.¤. 2553 9:23:25 com.sun.xml.ws.server.MonitorBase createRoot
INFO: Metro monitoring rootname successfully set to: com.sun.metro:pp=/,type=WSEndpoint,name=InquiryGroupIDService-InquiryGroupIDPort
7 ¸.¤. 2553 9:23:26 com.sun.xml.ws.transport.http.servlet.WSServletDelegate <init>
INFO: WSSERVLET14: JAX-WS servlet initializing
7 ¸.¤. 2553 9:23:29 com.sun.xml.ws.transport.http.servlet.WSServletContextListener contextInitialized
INFO: WSSERVLET12: JAX-WS context listener initializing
7 ¸.¤. 2553 9:23:40 com.sun.xml.ws.server.MonitorBase createRoot
INFO: Metro monitoring rootname successfully set to: com.sun.metro:pp=/,type=WSEndpoint,name=InquiryOffcodeService-InquiryOffcodePort
7 ¸.¤. 2553 9:23:41 com.sun.xml.ws.transport.http.servlet.WSServletDelegate <init>
INFO: WSSERVLET14: JAX-WS servlet initializing
7 ¸.¤. 2553 9:23:42 com.sun.xml.ws.transport.http.servlet.WSServletContextListener contextInitialized
INFO: WSSERVLET12: JAX-WS context listener initializing
7 ¸.¤. 2553 9:23:50 com.sun.xml.ws.server.MonitorBase createRoot
INFO: Metro monitoring rootname successfully set to: com.sun.metro:pp=/,type=WSEndpoint,name=InquiryOffcodeService-InquiryOffcodePort
7 ¸.¤. 2553 9:23:51 org.glassfish.gmbal.impl.JMXRegistrationManager resumeRegistration
WARNING: "GMBAL901: JMX exception on registration of MBean MBeanImpl[type=WSEndpoint,name=InquiryOffcodeService-InquiryOffcodePort,oname=com.sun.metro:pp=/,type=WSEndpoint,name=InquiryOffcodeService-InquiryOffcodePort]"
7 ¸.¤. 2553 9:23:51 com.sun.xml.ws.transport.http.servlet.WSServletDelegate <init>
INFO: WSSERVLET14: JAX-WS servlet initializing
7 ¸.¤. 2553 9:23:51 org.apache.coyote.http11.Http11BaseProtocol start
INFO: Starting Coyote HTTP/1.1 on http-8888
7 ¸.¤. 2553 9:23:52 org.apache.jk.common.ChannelSocket init
INFO: JK: ajp13 listening on /0.0.0.0:8009
7 ¸.¤. 2553 9:23:52 org.apache.jk.server.JkMain start
INFO: Jk running ID=0 time=0/132  config=null
7 ¸.¤. 2553 9:23:52 org.apache.catalina.storeconfig.StoreLoader load
INFO: Find registry server-registry.xml at classpath resource
7 ¸.¤. 2553 9:23:52 org.apache.catalina.startup.Catalina start
INFO: Server startup in 43201 ms
7 ¸.¤. 2553 9:23:53 org.apache.catalina.core.StandardContext start
INFO: Container org.apache.catalina.core.ContainerBase.[Catalina].[localhost].[/IDCardService] has already been started
7 ¸.¤. 2553 9:24:23 org.apache.catalina.core.StandardContext reload
INFO: Reloading this Context has started
7 ¸.¤. 2553 9:24:29 org.apache.catalina.core.StandardContext reload
INFO: Reloading this Context has started
7 ¸.¤. 2553 9:26:10 org.apache.catalina.core.StandardContext reload
INFO: Reloading this Context has started
7 ¸.¤. 2553 9:26:58 org.apache.catalina.core.StandardContext reload
INFO: Reloading this Context has started
7 ¸.¤. 2553 9:27:27 org.apache.catalina.core.StandardContext reload
INFO: Reloading this Context has started
7 ¸.¤. 2553 9:27:46 org.apache.catalina.startup.HostConfig checkResources
INFO: Undeploying context [/IDCardService]
7 ¸.¤. 2553 9:27:47 org.apache.catalina.core.StandardContext start
INFO: Container org.apache.catalina.core.ContainerBase.[Catalina].[localhost].[/IDCardService] has already been started
7 ¸.¤. 2553 9:28:17 org.apache.catalina.core.StandardContext reload
INFO: Reloading this Context has started
7 ¸.¤. 2553 9:29:04 org.apache.catalina.core.StandardContext reload
INFO: Reloading this Context has started
7 ¸.¤. 2553 9:29:21 org.apache.catalina.core.StandardContext reload
INFO: Reloading this Context has started
7 ¸.¤. 2553 9:30:03 org.apache.catalina.core.StandardContext reload
INFO: Reloading this Context has started
7 ¸.¤. 2553 9:55:50 org.apache.catalina.core.StandardContext reload
INFO: Reloading this Context has started
7 ¸.¤. 2553 9:55:51 org.apache.catalina.core.StandardContext reload
INFO: Reloading this Context has started
7 ¸.¤. 2553 10:09:04 org.apache.coyote.http11.Http11BaseProtocol pause
INFO: Pausing Coyote HTTP/1.1 on http-8888
7 ¸.¤. 2553 10:09:05 org.apache.catalina.core.StandardService stop
INFO: Stopping service Catalina
7 ¸.¤. 2553 10:09:05 com.sun.xml.ws.transport.http.servlet.WSServletDelegate destroy
INFO: WSSERVLET15: JAX-WS servlet destroyed
7 ¸.¤. 2553 10:09:05 com.sun.xml.ws.server.MonitorBase closeMOM
INFO: Closing Metro monitoring root: com.sun.metro:pp=/,type=WSEndpoint,name=InquiryOffcodeService-InquiryOffcodePort
7 ¸.¤. 2553 10:09:05 com.sun.xml.ws.transport.http.servlet.WSServletContextListener contextDestroyed
INFO: WSSERVLET13: JAX-WS context listener destroyed
7 ¸.¤. 2553 10:09:09 com.sun.xml.ws.transport.http.servlet.WSServletDelegate destroy
INFO: WSSERVLET15: JAX-WS servlet destroyed
7 ¸.¤. 2553 10:09:09 com.sun.xml.ws.server.MonitorBase closeMOM
INFO: Closing Metro monitoring root: com.sun.metro:pp=/,type=WSEndpoint,name=InquiryGroupIDService-InquiryGroupIDPort
7 ¸.¤. 2553 10:09:09 com.sun.xml.ws.transport.http.servlet.WSServletContextListener contextDestroyed
INFO: WSSERVLET13: JAX-WS context listener destroyed
7 ¸.¤. 2553 10:09:18 com.sun.xml.ws.transport.http.servlet.WSServletDelegate destroy
INFO: WSSERVLET15: JAX-WS servlet destroyed
7 ¸.¤. 2553 10:09:18 com.sun.xml.ws.server.MonitorBase closeMOM
INFO: Closing Metro monitoring root: com.sun.metro:pp=/,type=WSEndpoint,name=InquiryOffcodeService-InquiryOffcodePort
7 ¸.¤. 2553 10:09:18 com.sun.xml.ws.transport.http.servlet.WSServletContextListener contextDestroyed
INFO: WSSERVLET13: JAX-WS context listener destroyed
7 ¸.¤. 2553 10:09:22 org.apache.coyote.http11.Http11BaseProtocol destroy
INFO: Stopping Coyote HTTP/1.1 on http-8888
7 ¸.¤. 2553 10:09:22 org.apache.catalina.core.AprLifecycleListener lifecycleEvent
INFO: Failed shutdown of Apache Portable Runtime
