20 ¸.¤. 2553 11:39:57 org.apache.catalina.core.AprLifecycleListener lifecycleEvent
INFO: The Apache Tomcat Native library which allows optimal performance in production environments was not found on the java.library.path: C:\Program Files\Java\jdk1.5.0_21\bin;.;C:\Windows\system32;C:\Windows;C:\oracle\Administrator\product\11.1.0\db_1\bin;C:\Program Files\Common Files\Microsoft Shared\Windows Live;C:\Program Files\PC Connectivity Solution\;C:\Windows\system32;C:\Windows;C:\Windows\System32\Wbem;C:\Windows\System32\WindowsPowerShell\v1.0\;C:\Program Files\Microsoft SQL Server\100\Tools\Binn\;C:\Program Files\Microsoft SQL Server\100\DTS\Binn\;C:\Program Files\Microsoft SQL Server\100\Tools\Binn\VSShell\Common7\IDE\;C:\Program Files\Microsoft Visual Studio 9.0\Common7\IDE\PrivateAssemblies\;C:\Program Files\Windows Live\Shared;C:\Program Files\Subversion\bin
20 ¸.¤. 2553 11:39:58 org.apache.coyote.http11.Http11BaseProtocol init
INFO: Initializing Coyote HTTP/1.1 on http-8888
20 ¸.¤. 2553 11:39:58 org.apache.catalina.startup.Catalina load
INFO: Initialization processed in 2546 ms
20 ¸.¤. 2553 11:39:58 org.apache.catalina.core.StandardService start
INFO: Starting service Catalina
20 ¸.¤. 2553 11:39:58 org.apache.catalina.core.StandardEngine start
INFO: Starting Servlet Engine: Apache Tomcat/5.5.28
20 ¸.¤. 2553 11:39:58 org.apache.catalina.core.StandardHost start
INFO: XML validation disabled
20 ¸.¤. 2553 11:40:06 com.sun.xml.ws.transport.http.servlet.WSServletContextListener contextInitialized
INFO: WSSERVLET12: JAX-WS context listener initializing
20 ¸.¤. 2553 11:40:17 com.sun.xml.ws.server.MonitorBase createRoot
INFO: Metro monitoring rootname successfully set to: com.sun.metro:pp=/,type=WSEndpoint,name=InquiryOffcodeService-InquiryOffcodePort
20 ¸.¤. 2553 11:40:18 com.sun.xml.ws.transport.http.servlet.WSServletDelegate <init>
INFO: WSSERVLET14: JAX-WS servlet initializing
20 ¸.¤. 2553 11:40:19 org.apache.coyote.http11.Http11BaseProtocol start
INFO: Starting Coyote HTTP/1.1 on http-8888
20 ¸.¤. 2553 11:40:20 org.apache.jk.common.ChannelSocket init
INFO: JK: ajp13 listening on /0.0.0.0:8009
20 ¸.¤. 2553 11:40:20 org.apache.jk.server.JkMain start
INFO: Jk running ID=0 time=0/80  config=null
20 ¸.¤. 2553 11:40:20 org.apache.catalina.storeconfig.StoreLoader load
INFO: Find registry server-registry.xml at classpath resource
20 ¸.¤. 2553 11:40:20 org.apache.catalina.startup.Catalina start
INFO: Server startup in 22632 ms
20 ¸.¤. 2553 11:40:26 com.sun.xml.ws.transport.http.servlet.WSServletContextListener contextInitialized
INFO: WSSERVLET12: JAX-WS context listener initializing
20 ¸.¤. 2553 11:40:31 [com.sun.xml.ws.policy.jaxws.PolicyConfigParser]  parse
INFO: WSP5018: Loaded WSIT configuration from file: jndi:/localhost/GroupIDService/WEB-INF/wsit-service.InquiryGroupID.xml.
20 ¸.¤. 2553 11:40:36 com.sun.xml.ws.server.MonitorBase createRoot
INFO: Metro monitoring rootname successfully set to: com.sun.metro:pp=/,type=WSEndpoint,name=InquiryGroupIDService-InquiryGroupIDPort
20 ¸.¤. 2553 11:40:37 com.sun.xml.ws.transport.http.servlet.WSServletDelegate <init>
INFO: WSSERVLET14: JAX-WS servlet initializing
20 ¸.¤. 2553 11:40:37 org.apache.catalina.core.StandardContext start
INFO: Container org.apache.catalina.core.ContainerBase.[Catalina].[localhost].[/GroupIDService] has already been started
20 ¸.¤. 2553 11:41:54 com.sun.xml.ws.transport.http.servlet.WSServletDelegate destroy
INFO: WSSERVLET15: JAX-WS servlet destroyed
20 ¸.¤. 2553 11:41:54 com.sun.xml.ws.server.MonitorBase closeMOM
INFO: Closing Metro monitoring root: com.sun.metro:pp=/,type=WSEndpoint,name=InquiryGroupIDService-InquiryGroupIDPort
20 ¸.¤. 2553 11:41:54 com.sun.xml.ws.transport.http.servlet.WSServletContextListener contextDestroyed
INFO: WSSERVLET13: JAX-WS context listener destroyed
20 ¸.¤. 2553 11:41:57 org.apache.catalina.startup.HostConfig checkResources
INFO: Undeploying context [/GroupIDService]
20 ¸.¤. 2553 11:44:12 org.apache.coyote.http11.Http11BaseProtocol pause
INFO: Pausing Coyote HTTP/1.1 on http-8888
20 ¸.¤. 2553 11:44:13 org.apache.catalina.core.StandardService stop
INFO: Stopping service Catalina
20 ¸.¤. 2553 11:44:13 com.sun.xml.ws.transport.http.servlet.WSServletDelegate destroy
INFO: WSSERVLET15: JAX-WS servlet destroyed
20 ¸.¤. 2553 11:44:13 com.sun.xml.ws.server.MonitorBase closeMOM
INFO: Closing Metro monitoring root: com.sun.metro:pp=/,type=WSEndpoint,name=InquiryOffcodeService-InquiryOffcodePort
20 ¸.¤. 2553 11:44:13 com.sun.xml.ws.transport.http.servlet.WSServletContextListener contextDestroyed
INFO: WSSERVLET13: JAX-WS context listener destroyed
20 ¸.¤. 2553 11:44:21 org.apache.coyote.http11.Http11BaseProtocol destroy
INFO: Stopping Coyote HTTP/1.1 on http-8888
20 ¸.¤. 2553 11:44:21 org.apache.catalina.core.AprLifecycleListener lifecycleEvent
INFO: Failed shutdown of Apache Portable Runtime
