29 ¾.Â. 2553 18:57:33 org.apache.catalina.core.AprLifecycleListener lifecycleEvent
INFO: The Apache Tomcat Native library which allows optimal performance in production environments was not found on the java.library.path: C:\Program Files\Java\jdk1.5.0_21\bin;.;C:\Windows\system32;C:\Windows;C:\Program Files\Common Files\Microsoft Shared\Windows Live;C:\oracle\product\10.2.0\db_1\bin;C:\Program Files\PC Connectivity Solution\;C:\Windows\system32;C:\Windows;C:\Windows\System32\Wbem;C:\Windows\System32\WindowsPowerShell\v1.0\;C:\Program Files\Microsoft SQL Server\100\Tools\Binn\;C:\Program Files\Microsoft SQL Server\100\DTS\Binn\;C:\Program Files\Microsoft SQL Server\100\Tools\Binn\VSShell\Common7\IDE\;C:\Program Files\Microsoft Visual Studio 9.0\Common7\IDE\PrivateAssemblies\;C:\Program Files\Windows Live\Shared;C:\Program Files\Subversion\bin
29 ¾.Â. 2553 18:57:34 org.apache.coyote.http11.Http11BaseProtocol init
INFO: Initializing Coyote HTTP/1.1 on http-8888
29 ¾.Â. 2553 18:57:34 org.apache.catalina.startup.Catalina load
INFO: Initialization processed in 2377 ms
29 ¾.Â. 2553 18:57:34 org.apache.catalina.core.StandardService start
INFO: Starting service Catalina
29 ¾.Â. 2553 18:57:34 org.apache.catalina.core.StandardEngine start
INFO: Starting Servlet Engine: Apache Tomcat/5.5.28
29 ¾.Â. 2553 18:57:34 org.apache.catalina.core.StandardHost start
INFO: XML validation disabled
29 ¾.Â. 2553 18:57:38 org.apache.coyote.http11.Http11BaseProtocol start
INFO: Starting Coyote HTTP/1.1 on http-8888
29 ¾.Â. 2553 18:57:39 org.apache.jk.common.ChannelSocket init
INFO: JK: ajp13 listening on /0.0.0.0:8009
29 ¾.Â. 2553 18:57:39 org.apache.jk.server.JkMain start
INFO: Jk running ID=0 time=0/72  config=null
29 ¾.Â. 2553 18:57:39 org.apache.catalina.storeconfig.StoreLoader load
INFO: Find registry server-registry.xml at classpath resource
29 ¾.Â. 2553 18:57:39 org.apache.catalina.startup.Catalina start
INFO: Server startup in 4872 ms
29 ¾.Â. 2553 19:12:57 com.sun.xml.ws.transport.http.servlet.WSServletContextListener contextInitialized
INFO: WSSERVLET12: JAX-WS context listener initializing
29 ¾.Â. 2553 19:13:08 com.sun.xml.ws.server.MonitorBase createRoot
INFO: Metro monitoring rootname successfully set to: com.sun.metro:pp=/,type=WSEndpoint,name=NewWebServiceService-NewWebServicePort
29 ¾.Â. 2553 19:13:09 com.sun.xml.ws.transport.http.servlet.WSServletDelegate <init>
INFO: WSSERVLET14: JAX-WS servlet initializing
29 ¾.Â. 2553 19:13:09 org.apache.catalina.core.StandardContext start
INFO: Container org.apache.catalina.core.ContainerBase.[Catalina].[localhost].[/IllegalService] has already been started
29 ¾.Â. 2553 19:21:52 com.sun.xml.ws.transport.http.servlet.WSServletDelegate destroy
INFO: WSSERVLET15: JAX-WS servlet destroyed
29 ¾.Â. 2553 19:21:52 com.sun.xml.ws.server.MonitorBase closeMOM
INFO: Closing Metro monitoring root: com.sun.metro:pp=/,type=WSEndpoint,name=NewWebServiceService-NewWebServicePort
29 ¾.Â. 2553 19:21:52 com.sun.xml.ws.transport.http.servlet.WSServletContextListener contextDestroyed
INFO: WSSERVLET13: JAX-WS context listener destroyed
29 ¾.Â. 2553 19:21:54 org.apache.catalina.startup.HostConfig checkResources
INFO: Undeploying context [/IllegalService]
29 ¾.Â. 2553 19:21:57 com.sun.xml.ws.transport.http.servlet.WSServletContextListener contextInitialized
INFO: WSSERVLET12: JAX-WS context listener initializing
29 ¾.Â. 2553 19:22:02 com.sun.xml.ws.server.MonitorBase createRoot
INFO: Metro monitoring rootname successfully set to: com.sun.metro:pp=/,type=WSEndpoint,name=NewWebServiceService-NewWebServicePort
29 ¾.Â. 2553 19:22:03 com.sun.xml.ws.transport.http.servlet.WSServletDelegate <init>
INFO: WSSERVLET14: JAX-WS servlet initializing
29 ¾.Â. 2553 19:22:03 org.apache.catalina.core.StandardContext start
INFO: Container org.apache.catalina.core.ContainerBase.[Catalina].[localhost].[/IllegalService] has already been started
29 ¾.Â. 2553 19:26:51 com.sun.xml.ws.transport.http.servlet.WSServletDelegate destroy
INFO: WSSERVLET15: JAX-WS servlet destroyed
29 ¾.Â. 2553 19:26:51 com.sun.xml.ws.server.MonitorBase closeMOM
INFO: Closing Metro monitoring root: com.sun.metro:pp=/,type=WSEndpoint,name=NewWebServiceService-NewWebServicePort
29 ¾.Â. 2553 19:26:51 com.sun.xml.ws.transport.http.servlet.WSServletContextListener contextDestroyed
INFO: WSSERVLET13: JAX-WS context listener destroyed
29 ¾.Â. 2553 19:26:59 com.sun.xml.ws.transport.http.servlet.WSServletContextListener contextInitialized
INFO: WSSERVLET12: JAX-WS context listener initializing
29 ¾.Â. 2553 19:27:02 [com.sun.xml.ws.policy.jaxws.PolicyConfigParser]  parse
INFO: WSP5018: Loaded WSIT configuration from file: jndi:/localhost/IllegalService/WEB-INF/wsit-IllegalService.NewWebService.xml.
29 ¾.Â. 2553 19:27:05 com.sun.xml.ws.server.MonitorBase createRoot
INFO: Metro monitoring rootname successfully set to: com.sun.metro:pp=/,type=WSEndpoint,name=NewWebServiceService-NewWebServicePort
29 ¾.Â. 2553 19:27:05 com.sun.xml.ws.transport.http.servlet.WSServletDelegate <init>
INFO: WSSERVLET14: JAX-WS servlet initializing
29 ¾.Â. 2553 19:27:05 com.sun.xml.ws.transport.http.servlet.WSServletDelegate destroy
INFO: WSSERVLET15: JAX-WS servlet destroyed
29 ¾.Â. 2553 19:27:05 com.sun.xml.ws.server.MonitorBase closeMOM
INFO: Closing Metro monitoring root: com.sun.metro:pp=/,type=WSEndpoint,name=NewWebServiceService-NewWebServicePort
29 ¾.Â. 2553 19:27:05 com.sun.xml.ws.transport.http.servlet.WSServletContextListener contextDestroyed
INFO: WSSERVLET13: JAX-WS context listener destroyed
29 ¾.Â. 2553 19:27:08 com.sun.xml.ws.transport.http.servlet.WSServletContextListener contextInitialized
INFO: WSSERVLET12: JAX-WS context listener initializing
29 ¾.Â. 2553 19:27:11 [com.sun.xml.ws.policy.jaxws.PolicyConfigParser]  parse
INFO: WSP5018: Loaded WSIT configuration from file: jndi:/localhost/IllegalService/WEB-INF/wsit-IllegalService.NewWebService.xml.
29 ¾.Â. 2553 19:27:13 com.sun.xml.ws.server.MonitorBase createRoot
INFO: Metro monitoring rootname successfully set to: com.sun.metro:pp=/,type=WSEndpoint,name=NewWebServiceService-NewWebServicePort
29 ¾.Â. 2553 19:27:13 com.sun.xml.ws.transport.http.servlet.WSServletDelegate <init>
INFO: WSSERVLET14: JAX-WS servlet initializing
29 ¾.Â. 2553 19:40:43 org.apache.coyote.http11.Http11BaseProtocol pause
INFO: Pausing Coyote HTTP/1.1 on http-8888
29 ¾.Â. 2553 19:40:44 org.apache.catalina.core.StandardService stop
INFO: Stopping service Catalina
29 ¾.Â. 2553 19:40:44 com.sun.xml.ws.transport.http.servlet.WSServletDelegate destroy
INFO: WSSERVLET15: JAX-WS servlet destroyed
29 ¾.Â. 2553 19:40:44 com.sun.xml.ws.server.MonitorBase closeMOM
INFO: Closing Metro monitoring root: com.sun.metro:pp=/,type=WSEndpoint,name=NewWebServiceService-NewWebServicePort
29 ¾.Â. 2553 19:40:44 com.sun.xml.ws.transport.http.servlet.WSServletContextListener contextDestroyed
INFO: WSSERVLET13: JAX-WS context listener destroyed
29 ¾.Â. 2553 19:40:46 org.apache.coyote.http11.Http11BaseProtocol destroy
INFO: Stopping Coyote HTTP/1.1 on http-8888
29 ¾.Â. 2553 19:40:46 org.apache.catalina.core.AprLifecycleListener lifecycleEvent
INFO: Failed shutdown of Apache Portable Runtime
