9 ¸.¤. 2553 0:41:47 org.apache.catalina.core.StandardContext listenerStart
SEVERE: Exception sending context initialized event to listener instance of class com.sun.xml.ws.transport.http.servlet.WSServletContextListener
com.sun.xml.ws.transport.http.servlet.WSServletException: WSSERVLET11: failed to parse runtime descriptor: com.sun.xml.ws.util.exception.LocatableWebServiceException: class not found in runtime descriptor: service.InquiryIDCardService
at line 3 of jndi:/localhost/IDCardService/WEB-INF/sun-jaxws.xml
	at com.sun.xml.ws.transport.http.servlet.WSServletContextListener.contextInitialized(WSServletContextListener.java:139)
	at org.apache.catalina.core.StandardContext.listenerStart(StandardContext.java:3795)
	at org.apache.catalina.core.StandardContext.start(StandardContext.java:4252)
	at org.apache.catalina.core.StandardContext.reload(StandardContext.java:3056)
	at org.apache.catalina.manager.ManagerServlet.reload(ManagerServlet.java:904)
	at org.apache.catalina.manager.ManagerServlet.doGet(ManagerServlet.java:354)
	at javax.servlet.http.HttpServlet.service(HttpServlet.java:627)
	at javax.servlet.http.HttpServlet.service(HttpServlet.java:729)
	at org.apache.catalina.core.ApplicationFilterChain.internalDoFilter(ApplicationFilterChain.java:269)
	at org.apache.catalina.core.ApplicationFilterChain.doFilter(ApplicationFilterChain.java:188)
	at org.apache.catalina.core.StandardWrapperValve.invoke(StandardWrapperValve.java:213)
	at org.apache.catalina.core.StandardContextValve.invoke(StandardContextValve.java:172)
	at org.apache.catalina.authenticator.AuthenticatorBase.invoke(AuthenticatorBase.java:525)
	at org.apache.catalina.core.StandardHostValve.invoke(StandardHostValve.java:127)
	at org.apache.catalina.valves.ErrorReportValve.invoke(ErrorReportValve.java:117)
	at org.apache.catalina.core.StandardEngineValve.invoke(StandardEngineValve.java:108)
	at org.apache.catalina.connector.CoyoteAdapter.service(CoyoteAdapter.java:174)
	at org.apache.coyote.http11.Http11Processor.process(Http11Processor.java:873)
	at org.apache.coyote.http11.Http11BaseProtocol$Http11ConnectionHandler.processConnection(Http11BaseProtocol.java:665)
	at org.apache.tomcat.util.net.PoolTcpEndpoint.processSocket(PoolTcpEndpoint.java:528)
	at org.apache.tomcat.util.net.LeaderFollowerWorkerThread.runIt(LeaderFollowerWorkerThread.java:81)
	at org.apache.tomcat.util.threads.ThreadPool$ControlRunnable.run(ThreadPool.java:689)
	at java.lang.Thread.run(Thread.java:595)
Caused by: com.sun.xml.ws.util.exception.LocatableWebServiceException: class not found in runtime descriptor: service.InquiryIDCardService
at line 3 of jndi:/localhost/IDCardService/WEB-INF/sun-jaxws.xml
	at com.sun.xml.ws.transport.http.DeploymentDescriptorParser.getImplementorClass(DeploymentDescriptorParser.java:548)
	at com.sun.xml.ws.transport.http.DeploymentDescriptorParser.parseAdapters(DeploymentDescriptorParser.java:223)
	at com.sun.xml.ws.transport.http.DeploymentDescriptorParser.parse(DeploymentDescriptorParser.java:147)
	at com.sun.xml.ws.transport.http.servlet.WSServletContextListener.contextInitialized(WSServletContextListener.java:124)
	... 22 more
Caused by: java.lang.ClassNotFoundException: service.InquiryIDCardService
	at org.apache.catalina.loader.WebappClassLoader.loadClass(WebappClassLoader.java:1386)
	at org.apache.catalina.loader.WebappClassLoader.loadClass(WebappClassLoader.java:1232)
	at java.lang.ClassLoader.loadClassInternal(ClassLoader.java:319)
	at java.lang.Class.forName0(Native Method)
	at java.lang.Class.forName(Class.java:242)
	at com.sun.xml.ws.transport.http.DeploymentDescriptorParser.getImplementorClass(DeploymentDescriptorParser.java:545)
	... 25 more
9 ¸.¤. 2553 0:43:07 org.apache.catalina.core.StandardContext listenerStart
SEVERE: Exception sending context initialized event to listener instance of class com.sun.xml.ws.transport.http.servlet.WSServletContextListener
com.sun.xml.ws.transport.http.servlet.WSServletException: WSSERVLET11: failed to parse runtime descriptor: com.sun.xml.ws.util.exception.LocatableWebServiceException: class not found in runtime descriptor: service.InquiryIDCardService
at line 3 of jndi:/localhost/IDCardService/WEB-INF/sun-jaxws.xml
	at com.sun.xml.ws.transport.http.servlet.WSServletContextListener.contextInitialized(WSServletContextListener.java:139)
	at org.apache.catalina.core.StandardContext.listenerStart(StandardContext.java:3795)
	at org.apache.catalina.core.StandardContext.start(StandardContext.java:4252)
	at org.apache.catalina.core.ContainerBase.addChildInternal(ContainerBase.java:760)
	at org.apache.catalina.core.ContainerBase.addChild(ContainerBase.java:740)
	at org.apache.catalina.core.StandardHost.addChild(StandardHost.java:544)
	at org.apache.catalina.startup.HostConfig.deployDescriptor(HostConfig.java:626)
	at org.apache.catalina.startup.HostConfig.deployApps(HostConfig.java:511)
	at org.apache.catalina.startup.HostConfig.check(HostConfig.java:1232)
	at sun.reflect.NativeMethodAccessorImpl.invoke0(Native Method)
	at sun.reflect.NativeMethodAccessorImpl.invoke(NativeMethodAccessorImpl.java:39)
	at sun.reflect.DelegatingMethodAccessorImpl.invoke(DelegatingMethodAccessorImpl.java:25)
	at java.lang.reflect.Method.invoke(Method.java:592)
	at org.apache.commons.modeler.BaseModelMBean.invoke(BaseModelMBean.java:458)
	at com.sun.jmx.mbeanserver.DynamicMetaDataImpl.invoke(DynamicMetaDataImpl.java:213)
	at com.sun.jmx.mbeanserver.MetaDataImpl.invoke(MetaDataImpl.java:220)
	at com.sun.jmx.interceptor.DefaultMBeanServerInterceptor.invoke(DefaultMBeanServerInterceptor.java:815)
	at com.sun.jmx.mbeanserver.JmxMBeanServer.invoke(JmxMBeanServer.java:784)
	at org.apache.catalina.manager.ManagerServlet.check(ManagerServlet.java:1397)
	at org.apache.catalina.manager.ManagerServlet.deploy(ManagerServlet.java:812)
	at org.apache.catalina.manager.ManagerServlet.doGet(ManagerServlet.java:344)
	at javax.servlet.http.HttpServlet.service(HttpServlet.java:627)
	at javax.servlet.http.HttpServlet.service(HttpServlet.java:729)
	at org.apache.catalina.core.ApplicationFilterChain.internalDoFilter(ApplicationFilterChain.java:269)
	at org.apache.catalina.core.ApplicationFilterChain.doFilter(ApplicationFilterChain.java:188)
	at org.apache.catalina.core.StandardWrapperValve.invoke(StandardWrapperValve.java:213)
	at org.apache.catalina.core.StandardContextValve.invoke(StandardContextValve.java:172)
	at org.apache.catalina.authenticator.AuthenticatorBase.invoke(AuthenticatorBase.java:525)
	at org.apache.catalina.core.StandardHostValve.invoke(StandardHostValve.java:127)
	at org.apache.catalina.valves.ErrorReportValve.invoke(ErrorReportValve.java:117)
	at org.apache.catalina.core.StandardEngineValve.invoke(StandardEngineValve.java:108)
	at org.apache.catalina.connector.CoyoteAdapter.service(CoyoteAdapter.java:174)
	at org.apache.coyote.http11.Http11Processor.process(Http11Processor.java:873)
	at org.apache.coyote.http11.Http11BaseProtocol$Http11ConnectionHandler.processConnection(Http11BaseProtocol.java:665)
	at org.apache.tomcat.util.net.PoolTcpEndpoint.processSocket(PoolTcpEndpoint.java:528)
	at org.apache.tomcat.util.net.LeaderFollowerWorkerThread.runIt(LeaderFollowerWorkerThread.java:81)
	at org.apache.tomcat.util.threads.ThreadPool$ControlRunnable.run(ThreadPool.java:689)
	at java.lang.Thread.run(Thread.java:595)
Caused by: com.sun.xml.ws.util.exception.LocatableWebServiceException: class not found in runtime descriptor: service.InquiryIDCardService
at line 3 of jndi:/localhost/IDCardService/WEB-INF/sun-jaxws.xml
	at com.sun.xml.ws.transport.http.DeploymentDescriptorParser.getImplementorClass(DeploymentDescriptorParser.java:548)
	at com.sun.xml.ws.transport.http.DeploymentDescriptorParser.parseAdapters(DeploymentDescriptorParser.java:223)
	at com.sun.xml.ws.transport.http.DeploymentDescriptorParser.parse(DeploymentDescriptorParser.java:147)
	at com.sun.xml.ws.transport.http.servlet.WSServletContextListener.contextInitialized(WSServletContextListener.java:124)
	... 37 more
Caused by: java.lang.ClassNotFoundException: service.InquiryIDCardService
	at org.apache.catalina.loader.WebappClassLoader.loadClass(WebappClassLoader.java:1386)
	at org.apache.catalina.loader.WebappClassLoader.loadClass(WebappClassLoader.java:1232)
	at java.lang.ClassLoader.loadClassInternal(ClassLoader.java:319)
	at java.lang.Class.forName0(Native Method)
	at java.lang.Class.forName(Class.java:242)
	at com.sun.xml.ws.transport.http.DeploymentDescriptorParser.getImplementorClass(DeploymentDescriptorParser.java:545)
	... 40 more
9 ¸.¤. 2553 0:43:12 org.apache.catalina.core.StandardContext listenerStart
SEVERE: Exception sending context initialized event to listener instance of class com.sun.xml.ws.transport.http.servlet.WSServletContextListener
com.sun.xml.ws.transport.http.servlet.WSServletException: WSSERVLET11: failed to parse runtime descriptor: com.sun.xml.ws.util.exception.LocatableWebServiceException: class not found in runtime descriptor: service.InquiryIDCardService
at line 3 of jndi:/localhost/IDCardService/WEB-INF/sun-jaxws.xml
	at com.sun.xml.ws.transport.http.servlet.WSServletContextListener.contextInitialized(WSServletContextListener.java:139)
	at org.apache.catalina.core.StandardContext.listenerStart(StandardContext.java:3795)
	at org.apache.catalina.core.StandardContext.start(StandardContext.java:4252)
	at org.apache.catalina.manager.ManagerServlet.start(ManagerServlet.java:1173)
	at org.apache.catalina.manager.ManagerServlet.doGet(ManagerServlet.java:369)
	at javax.servlet.http.HttpServlet.service(HttpServlet.java:627)
	at javax.servlet.http.HttpServlet.service(HttpServlet.java:729)
	at org.apache.catalina.core.ApplicationFilterChain.internalDoFilter(ApplicationFilterChain.java:269)
	at org.apache.catalina.core.ApplicationFilterChain.doFilter(ApplicationFilterChain.java:188)
	at org.apache.catalina.core.StandardWrapperValve.invoke(StandardWrapperValve.java:213)
	at org.apache.catalina.core.StandardContextValve.invoke(StandardContextValve.java:172)
	at org.apache.catalina.authenticator.AuthenticatorBase.invoke(AuthenticatorBase.java:525)
	at org.apache.catalina.core.StandardHostValve.invoke(StandardHostValve.java:127)
	at org.apache.catalina.valves.ErrorReportValve.invoke(ErrorReportValve.java:117)
	at org.apache.catalina.core.StandardEngineValve.invoke(StandardEngineValve.java:108)
	at org.apache.catalina.connector.CoyoteAdapter.service(CoyoteAdapter.java:174)
	at org.apache.coyote.http11.Http11Processor.process(Http11Processor.java:873)
	at org.apache.coyote.http11.Http11BaseProtocol$Http11ConnectionHandler.processConnection(Http11BaseProtocol.java:665)
	at org.apache.tomcat.util.net.PoolTcpEndpoint.processSocket(PoolTcpEndpoint.java:528)
	at org.apache.tomcat.util.net.LeaderFollowerWorkerThread.runIt(LeaderFollowerWorkerThread.java:81)
	at org.apache.tomcat.util.threads.ThreadPool$ControlRunnable.run(ThreadPool.java:689)
	at java.lang.Thread.run(Thread.java:595)
Caused by: com.sun.xml.ws.util.exception.LocatableWebServiceException: class not found in runtime descriptor: service.InquiryIDCardService
at line 3 of jndi:/localhost/IDCardService/WEB-INF/sun-jaxws.xml
	at com.sun.xml.ws.transport.http.DeploymentDescriptorParser.getImplementorClass(DeploymentDescriptorParser.java:548)
	at com.sun.xml.ws.transport.http.DeploymentDescriptorParser.parseAdapters(DeploymentDescriptorParser.java:223)
	at com.sun.xml.ws.transport.http.DeploymentDescriptorParser.parse(DeploymentDescriptorParser.java:147)
	at com.sun.xml.ws.transport.http.servlet.WSServletContextListener.contextInitialized(WSServletContextListener.java:124)
	... 21 more
Caused by: java.lang.ClassNotFoundException: service.InquiryIDCardService
	at org.apache.catalina.loader.WebappClassLoader.loadClass(WebappClassLoader.java:1386)
	at org.apache.catalina.loader.WebappClassLoader.loadClass(WebappClassLoader.java:1232)
	at java.lang.ClassLoader.loadClassInternal(ClassLoader.java:319)
	at java.lang.Class.forName0(Native Method)
	at java.lang.Class.forName(Class.java:242)
	at com.sun.xml.ws.transport.http.DeploymentDescriptorParser.getImplementorClass(DeploymentDescriptorParser.java:545)
	... 24 more
9 ¸.¤. 2553 0:46:04 org.apache.catalina.core.StandardContext listenerStart
SEVERE: Exception sending context initialized event to listener instance of class com.sun.xml.ws.transport.http.servlet.WSServletContextListener
com.sun.xml.ws.transport.http.servlet.WSServletException: WSSERVLET11: failed to parse runtime descriptor: The web service defined by the class service.InquiryIDCard does not contain any valid WebMethods.
	at com.sun.xml.ws.transport.http.servlet.WSServletContextListener.contextInitialized(WSServletContextListener.java:139)
	at org.apache.catalina.core.StandardContext.listenerStart(StandardContext.java:3795)
	at org.apache.catalina.core.StandardContext.start(StandardContext.java:4252)
	at org.apache.catalina.manager.ManagerServlet.start(ManagerServlet.java:1173)
	at org.apache.catalina.manager.ManagerServlet.doGet(ManagerServlet.java:369)
	at javax.servlet.http.HttpServlet.service(HttpServlet.java:627)
	at javax.servlet.http.HttpServlet.service(HttpServlet.java:729)
	at org.apache.catalina.core.ApplicationFilterChain.internalDoFilter(ApplicationFilterChain.java:269)
	at org.apache.catalina.core.ApplicationFilterChain.doFilter(ApplicationFilterChain.java:188)
	at org.apache.catalina.core.StandardWrapperValve.invoke(StandardWrapperValve.java:213)
	at org.apache.catalina.core.StandardContextValve.invoke(StandardContextValve.java:172)
	at org.apache.catalina.authenticator.AuthenticatorBase.invoke(AuthenticatorBase.java:525)
	at org.apache.catalina.core.StandardHostValve.invoke(StandardHostValve.java:127)
	at org.apache.catalina.valves.ErrorReportValve.invoke(ErrorReportValve.java:117)
	at org.apache.catalina.core.StandardEngineValve.invoke(StandardEngineValve.java:108)
	at org.apache.catalina.connector.CoyoteAdapter.service(CoyoteAdapter.java:174)
	at org.apache.coyote.http11.Http11Processor.process(Http11Processor.java:873)
	at org.apache.coyote.http11.Http11BaseProtocol$Http11ConnectionHandler.processConnection(Http11BaseProtocol.java:665)
	at org.apache.tomcat.util.net.PoolTcpEndpoint.processSocket(PoolTcpEndpoint.java:528)
	at org.apache.tomcat.util.net.LeaderFollowerWorkerThread.runIt(LeaderFollowerWorkerThread.java:81)
	at org.apache.tomcat.util.threads.ThreadPool$ControlRunnable.run(ThreadPool.java:689)
	at java.lang.Thread.run(Thread.java:595)
Caused by: com.sun.xml.ws.model.RuntimeModelerException: The web service defined by the class service.InquiryIDCard does not contain any valid WebMethods.
	at com.sun.xml.ws.model.RuntimeModeler.buildRuntimeModel(RuntimeModeler.java:256)
	at com.sun.xml.ws.server.EndpointFactory.createSEIModel(EndpointFactory.java:338)
	at com.sun.xml.ws.server.EndpointFactory.createEndpoint(EndpointFactory.java:201)
	at com.sun.xml.ws.api.server.WSEndpoint.create(WSEndpoint.java:505)
	at com.sun.xml.ws.transport.http.DeploymentDescriptorParser.parseAdapters(DeploymentDescriptorParser.java:253)
	at com.sun.xml.ws.transport.http.DeploymentDescriptorParser.parse(DeploymentDescriptorParser.java:147)
	at com.sun.xml.ws.transport.http.servlet.WSServletContextListener.contextInitialized(WSServletContextListener.java:124)
	... 21 more
9 ¸.¤. 2553 0:46:08 org.apache.catalina.core.StandardContext listenerStart
SEVERE: Exception sending context initialized event to listener instance of class com.sun.xml.ws.transport.http.servlet.WSServletContextListener
com.sun.xml.ws.transport.http.servlet.WSServletException: WSSERVLET11: failed to parse runtime descriptor: The web service defined by the class service.InquiryIDCard does not contain any valid WebMethods.
	at com.sun.xml.ws.transport.http.servlet.WSServletContextListener.contextInitialized(WSServletContextListener.java:139)
	at org.apache.catalina.core.StandardContext.listenerStart(StandardContext.java:3795)
	at org.apache.catalina.core.StandardContext.start(StandardContext.java:4252)
	at org.apache.catalina.startup.HostConfig.checkResources(HostConfig.java:1117)
	at org.apache.catalina.startup.HostConfig.check(HostConfig.java:1215)
	at org.apache.catalina.startup.HostConfig.lifecycleEvent(HostConfig.java:293)
	at org.apache.catalina.util.LifecycleSupport.fireLifecycleEvent(LifecycleSupport.java:120)
	at org.apache.catalina.core.ContainerBase.backgroundProcess(ContainerBase.java:1306)
	at org.apache.catalina.core.ContainerBase$ContainerBackgroundProcessor.processChildren(ContainerBase.java:1570)
	at org.apache.catalina.core.ContainerBase$ContainerBackgroundProcessor.processChildren(ContainerBase.java:1579)
	at org.apache.catalina.core.ContainerBase$ContainerBackgroundProcessor.run(ContainerBase.java:1559)
	at java.lang.Thread.run(Thread.java:595)
Caused by: com.sun.xml.ws.model.RuntimeModelerException: The web service defined by the class service.InquiryIDCard does not contain any valid WebMethods.
	at com.sun.xml.ws.model.RuntimeModeler.buildRuntimeModel(RuntimeModeler.java:256)
	at com.sun.xml.ws.server.EndpointFactory.createSEIModel(EndpointFactory.java:338)
	at com.sun.xml.ws.server.EndpointFactory.createEndpoint(EndpointFactory.java:201)
	at com.sun.xml.ws.api.server.WSEndpoint.create(WSEndpoint.java:505)
	at com.sun.xml.ws.transport.http.DeploymentDescriptorParser.parseAdapters(DeploymentDescriptorParser.java:253)
	at com.sun.xml.ws.transport.http.DeploymentDescriptorParser.parse(DeploymentDescriptorParser.java:147)
	at com.sun.xml.ws.transport.http.servlet.WSServletContextListener.contextInitialized(WSServletContextListener.java:124)
	... 11 more
9 ¸.¤. 2553 0:46:13 org.apache.catalina.core.StandardContext listenerStart
SEVERE: Exception sending context initialized event to listener instance of class com.sun.xml.ws.transport.http.servlet.WSServletContextListener
com.sun.xml.ws.transport.http.servlet.WSServletException: WSSERVLET11: failed to parse runtime descriptor: The web service defined by the class service.InquiryIDCard does not contain any valid WebMethods.
	at com.sun.xml.ws.transport.http.servlet.WSServletContextListener.contextInitialized(WSServletContextListener.java:139)
	at org.apache.catalina.core.StandardContext.listenerStart(StandardContext.java:3795)
	at org.apache.catalina.core.StandardContext.start(StandardContext.java:4252)
	at org.apache.catalina.core.ContainerBase.addChildInternal(ContainerBase.java:760)
	at org.apache.catalina.core.ContainerBase.addChild(ContainerBase.java:740)
	at org.apache.catalina.core.StandardHost.addChild(StandardHost.java:544)
	at org.apache.catalina.startup.HostConfig.deployDescriptor(HostConfig.java:626)
	at org.apache.catalina.startup.HostConfig.deployApps(HostConfig.java:511)
	at org.apache.catalina.startup.HostConfig.check(HostConfig.java:1232)
	at sun.reflect.NativeMethodAccessorImpl.invoke0(Native Method)
	at sun.reflect.NativeMethodAccessorImpl.invoke(NativeMethodAccessorImpl.java:39)
	at sun.reflect.DelegatingMethodAccessorImpl.invoke(DelegatingMethodAccessorImpl.java:25)
	at java.lang.reflect.Method.invoke(Method.java:592)
	at org.apache.commons.modeler.BaseModelMBean.invoke(BaseModelMBean.java:458)
	at com.sun.jmx.mbeanserver.DynamicMetaDataImpl.invoke(DynamicMetaDataImpl.java:213)
	at com.sun.jmx.mbeanserver.MetaDataImpl.invoke(MetaDataImpl.java:220)
	at com.sun.jmx.interceptor.DefaultMBeanServerInterceptor.invoke(DefaultMBeanServerInterceptor.java:815)
	at com.sun.jmx.mbeanserver.JmxMBeanServer.invoke(JmxMBeanServer.java:784)
	at org.apache.catalina.manager.ManagerServlet.check(ManagerServlet.java:1397)
	at org.apache.catalina.manager.ManagerServlet.deploy(ManagerServlet.java:812)
	at org.apache.catalina.manager.ManagerServlet.doGet(ManagerServlet.java:344)
	at javax.servlet.http.HttpServlet.service(HttpServlet.java:627)
	at javax.servlet.http.HttpServlet.service(HttpServlet.java:729)
	at org.apache.catalina.core.ApplicationFilterChain.internalDoFilter(ApplicationFilterChain.java:269)
	at org.apache.catalina.core.ApplicationFilterChain.doFilter(ApplicationFilterChain.java:188)
	at org.apache.catalina.core.StandardWrapperValve.invoke(StandardWrapperValve.java:213)
	at org.apache.catalina.core.StandardContextValve.invoke(StandardContextValve.java:172)
	at org.apache.catalina.authenticator.AuthenticatorBase.invoke(AuthenticatorBase.java:525)
	at org.apache.catalina.core.StandardHostValve.invoke(StandardHostValve.java:127)
	at org.apache.catalina.valves.ErrorReportValve.invoke(ErrorReportValve.java:117)
	at org.apache.catalina.core.StandardEngineValve.invoke(StandardEngineValve.java:108)
	at org.apache.catalina.connector.CoyoteAdapter.service(CoyoteAdapter.java:174)
	at org.apache.coyote.http11.Http11Processor.process(Http11Processor.java:873)
	at org.apache.coyote.http11.Http11BaseProtocol$Http11ConnectionHandler.processConnection(Http11BaseProtocol.java:665)
	at org.apache.tomcat.util.net.PoolTcpEndpoint.processSocket(PoolTcpEndpoint.java:528)
	at org.apache.tomcat.util.net.LeaderFollowerWorkerThread.runIt(LeaderFollowerWorkerThread.java:81)
	at org.apache.tomcat.util.threads.ThreadPool$ControlRunnable.run(ThreadPool.java:689)
	at java.lang.Thread.run(Thread.java:595)
Caused by: com.sun.xml.ws.model.RuntimeModelerException: The web service defined by the class service.InquiryIDCard does not contain any valid WebMethods.
	at com.sun.xml.ws.model.RuntimeModeler.buildRuntimeModel(RuntimeModeler.java:256)
	at com.sun.xml.ws.server.EndpointFactory.createSEIModel(EndpointFactory.java:338)
	at com.sun.xml.ws.server.EndpointFactory.createEndpoint(EndpointFactory.java:201)
	at com.sun.xml.ws.api.server.WSEndpoint.create(WSEndpoint.java:505)
	at com.sun.xml.ws.transport.http.DeploymentDescriptorParser.parseAdapters(DeploymentDescriptorParser.java:253)
	at com.sun.xml.ws.transport.http.DeploymentDescriptorParser.parse(DeploymentDescriptorParser.java:147)
	at com.sun.xml.ws.transport.http.servlet.WSServletContextListener.contextInitialized(WSServletContextListener.java:124)
	... 37 more
9 ¸.¤. 2553 0:46:17 org.apache.catalina.core.StandardContext listenerStart
SEVERE: Exception sending context initialized event to listener instance of class com.sun.xml.ws.transport.http.servlet.WSServletContextListener
com.sun.xml.ws.transport.http.servlet.WSServletException: WSSERVLET11: failed to parse runtime descriptor: The web service defined by the class service.InquiryIDCard does not contain any valid WebMethods.
	at com.sun.xml.ws.transport.http.servlet.WSServletContextListener.contextInitialized(WSServletContextListener.java:139)
	at org.apache.catalina.core.StandardContext.listenerStart(StandardContext.java:3795)
	at org.apache.catalina.core.StandardContext.start(StandardContext.java:4252)
	at org.apache.catalina.manager.ManagerServlet.start(ManagerServlet.java:1173)
	at org.apache.catalina.manager.ManagerServlet.doGet(ManagerServlet.java:369)
	at javax.servlet.http.HttpServlet.service(HttpServlet.java:627)
	at javax.servlet.http.HttpServlet.service(HttpServlet.java:729)
	at org.apache.catalina.core.ApplicationFilterChain.internalDoFilter(ApplicationFilterChain.java:269)
	at org.apache.catalina.core.ApplicationFilterChain.doFilter(ApplicationFilterChain.java:188)
	at org.apache.catalina.core.StandardWrapperValve.invoke(StandardWrapperValve.java:213)
	at org.apache.catalina.core.StandardContextValve.invoke(StandardContextValve.java:172)
	at org.apache.catalina.authenticator.AuthenticatorBase.invoke(AuthenticatorBase.java:525)
	at org.apache.catalina.core.StandardHostValve.invoke(StandardHostValve.java:127)
	at org.apache.catalina.valves.ErrorReportValve.invoke(ErrorReportValve.java:117)
	at org.apache.catalina.core.StandardEngineValve.invoke(StandardEngineValve.java:108)
	at org.apache.catalina.connector.CoyoteAdapter.service(CoyoteAdapter.java:174)
	at org.apache.coyote.http11.Http11Processor.process(Http11Processor.java:873)
	at org.apache.coyote.http11.Http11BaseProtocol$Http11ConnectionHandler.processConnection(Http11BaseProtocol.java:665)
	at org.apache.tomcat.util.net.PoolTcpEndpoint.processSocket(PoolTcpEndpoint.java:528)
	at org.apache.tomcat.util.net.LeaderFollowerWorkerThread.runIt(LeaderFollowerWorkerThread.java:81)
	at org.apache.tomcat.util.threads.ThreadPool$ControlRunnable.run(ThreadPool.java:689)
	at java.lang.Thread.run(Thread.java:595)
Caused by: com.sun.xml.ws.model.RuntimeModelerException: The web service defined by the class service.InquiryIDCard does not contain any valid WebMethods.
	at com.sun.xml.ws.model.RuntimeModeler.buildRuntimeModel(RuntimeModeler.java:256)
	at com.sun.xml.ws.server.EndpointFactory.createSEIModel(EndpointFactory.java:338)
	at com.sun.xml.ws.server.EndpointFactory.createEndpoint(EndpointFactory.java:201)
	at com.sun.xml.ws.api.server.WSEndpoint.create(WSEndpoint.java:505)
	at com.sun.xml.ws.transport.http.DeploymentDescriptorParser.parseAdapters(DeploymentDescriptorParser.java:253)
	at com.sun.xml.ws.transport.http.DeploymentDescriptorParser.parse(DeploymentDescriptorParser.java:147)
	at com.sun.xml.ws.transport.http.servlet.WSServletContextListener.contextInitialized(WSServletContextListener.java:124)
	... 21 more
9 ¸.¤. 2553 17:02:23 org.apache.catalina.core.StandardContext listenerStart
SEVERE: Exception sending context initialized event to listener instance of class com.sun.xml.ws.transport.http.servlet.WSServletContextListener
com.sun.xml.ws.transport.http.servlet.WSServletException: WSSERVLET11: failed to parse runtime descriptor: java.lang.OutOfMemoryError: Java heap space
	at com.sun.xml.ws.transport.http.servlet.WSServletContextListener.contextInitialized(WSServletContextListener.java:139)
	at org.apache.catalina.core.StandardContext.listenerStart(StandardContext.java:3795)
	at org.apache.catalina.core.StandardContext.start(StandardContext.java:4252)
	at org.apache.catalina.core.ContainerBase.addChildInternal(ContainerBase.java:760)
	at org.apache.catalina.core.ContainerBase.addChild(ContainerBase.java:740)
	at org.apache.catalina.core.StandardHost.addChild(StandardHost.java:544)
	at org.apache.catalina.startup.HostConfig.deployDescriptor(HostConfig.java:626)
	at org.apache.catalina.startup.HostConfig.deployApps(HostConfig.java:511)
	at org.apache.catalina.startup.HostConfig.check(HostConfig.java:1232)
	at sun.reflect.NativeMethodAccessorImpl.invoke0(Native Method)
	at sun.reflect.NativeMethodAccessorImpl.invoke(NativeMethodAccessorImpl.java:39)
	at sun.reflect.DelegatingMethodAccessorImpl.invoke(DelegatingMethodAccessorImpl.java:25)
	at java.lang.reflect.Method.invoke(Method.java:592)
	at org.apache.commons.modeler.BaseModelMBean.invoke(BaseModelMBean.java:458)
	at com.sun.jmx.mbeanserver.DynamicMetaDataImpl.invoke(DynamicMetaDataImpl.java:213)
	at com.sun.jmx.mbeanserver.MetaDataImpl.invoke(MetaDataImpl.java:220)
	at com.sun.jmx.interceptor.DefaultMBeanServerInterceptor.invoke(DefaultMBeanServerInterceptor.java:815)
	at com.sun.jmx.mbeanserver.JmxMBeanServer.invoke(JmxMBeanServer.java:784)
	at org.apache.catalina.manager.ManagerServlet.check(ManagerServlet.java:1397)
	at org.apache.catalina.manager.ManagerServlet.deploy(ManagerServlet.java:812)
	at org.apache.catalina.manager.ManagerServlet.doGet(ManagerServlet.java:344)
	at javax.servlet.http.HttpServlet.service(HttpServlet.java:627)
	at javax.servlet.http.HttpServlet.service(HttpServlet.java:729)
	at org.apache.catalina.core.ApplicationFilterChain.internalDoFilter(ApplicationFilterChain.java:269)
	at org.apache.catalina.core.ApplicationFilterChain.doFilter(ApplicationFilterChain.java:188)
	at org.apache.catalina.core.StandardWrapperValve.invoke(StandardWrapperValve.java:213)
	at org.apache.catalina.core.StandardContextValve.invoke(StandardContextValve.java:172)
	at org.apache.catalina.authenticator.AuthenticatorBase.invoke(AuthenticatorBase.java:525)
	at org.apache.catalina.core.StandardHostValve.invoke(StandardHostValve.java:127)
	at org.apache.catalina.valves.ErrorReportValve.invoke(ErrorReportValve.java:117)
	at org.apache.catalina.core.StandardEngineValve.invoke(StandardEngineValve.java:108)
	at org.apache.catalina.connector.CoyoteAdapter.service(CoyoteAdapter.java:174)
	at org.apache.coyote.http11.Http11Processor.process(Http11Processor.java:873)
	at org.apache.coyote.http11.Http11BaseProtocol$Http11ConnectionHandler.processConnection(Http11BaseProtocol.java:665)
	at org.apache.tomcat.util.net.PoolTcpEndpoint.processSocket(PoolTcpEndpoint.java:528)
	at org.apache.tomcat.util.net.LeaderFollowerWorkerThread.runIt(LeaderFollowerWorkerThread.java:81)
	at org.apache.tomcat.util.threads.ThreadPool$ControlRunnable.run(ThreadPool.java:689)
	at java.lang.Thread.run(Thread.java:595)
Caused by: java.lang.OutOfMemoryError: Java heap space
	at java.lang.String.<init>(String.java:208)
	at java.lang.StringBuilder.toString(StringBuilder.java:431)
	at sun.reflect.generics.parser.SignatureParser.parseIdentifier(SignatureParser.java:216)
	at sun.reflect.generics.parser.SignatureParser.parseSimpleClassTypeSignature(SignatureParser.java:253)
	at sun.reflect.generics.parser.SignatureParser.parseClassTypeSignatureSuffix(SignatureParser.java:270)
	at sun.reflect.generics.parser.SignatureParser.parseClassTypeSignature(SignatureParser.java:244)
	at sun.reflect.generics.parser.SignatureParser.parseFieldTypeSignature(SignatureParser.java:228)
	at sun.reflect.generics.parser.SignatureParser.parseTypeSignature(SignatureParser.java:359)
	at sun.reflect.generics.parser.SignatureParser.parseTypeSig(SignatureParser.java:157)
	at sun.reflect.annotation.AnnotationParser.parseSig(AnnotationParser.java:367)
	at sun.reflect.annotation.AnnotationParser.parseAnnotation(AnnotationParser.java:181)
	at sun.reflect.annotation.AnnotationParser.parseAnnotations2(AnnotationParser.java:69)
	at sun.reflect.annotation.AnnotationParser.parseAnnotations(AnnotationParser.java:52)
	at java.lang.Class.initAnnotationsIfNecessary(Class.java:3031)
	at java.lang.Class.getAnnotation(Class.java:2989)
	at com.sun.xml.bind.v2.model.annotation.RuntimeInlineAnnotationReader.getClassAnnotation(RuntimeInlineAnnotationReader.java:102)
	at com.sun.xml.bind.v2.model.annotation.RuntimeInlineAnnotationReader.getClassAnnotation(RuntimeInlineAnnotationReader.java:53)
	at com.sun.xml.bind.v2.model.impl.PropertyInfoImpl.getApplicableAdapter(PropertyInfoImpl.java:241)
	at com.sun.xml.bind.v2.model.impl.PropertyInfoImpl.<init>(PropertyInfoImpl.java:132)
	at com.sun.xml.bind.v2.model.impl.ERPropertyInfoImpl.<init>(ERPropertyInfoImpl.java:53)
	at com.sun.xml.bind.v2.model.impl.ElementPropertyInfoImpl.<init>(ElementPropertyInfoImpl.java:96)
	at com.sun.xml.bind.v2.model.impl.RuntimeElementPropertyInfoImpl.<init>(RuntimeElementPropertyInfoImpl.java:59)
	at com.sun.xml.bind.v2.model.impl.RuntimeClassInfoImpl.createElementProperty(RuntimeClassInfoImpl.java:165)
	at com.sun.xml.bind.v2.model.impl.ClassInfoImpl.addProperty(ClassInfoImpl.java:875)
	at com.sun.xml.bind.v2.model.impl.ClassInfoImpl.findFieldProperties(ClassInfoImpl.java:405)
	at com.sun.xml.bind.v2.model.impl.ClassInfoImpl.getProperties(ClassInfoImpl.java:308)
	at com.sun.xml.bind.v2.model.impl.RuntimeClassInfoImpl.getProperties(RuntimeClassInfoImpl.java:176)
	at com.sun.xml.bind.v2.model.impl.ModelBuilder.getClassInfo(ModelBuilder.java:243)
	at com.sun.xml.bind.v2.model.impl.RuntimeModelBuilder.getClassInfo(RuntimeModelBuilder.java:100)
	at com.sun.xml.bind.v2.model.impl.RuntimeModelBuilder.getClassInfo(RuntimeModelBuilder.java:81)
	at com.sun.xml.bind.v2.model.impl.ModelBuilder.getClassInfo(ModelBuilder.java:209)
	at com.sun.xml.bind.v2.model.impl.RuntimeModelBuilder.getClassInfo(RuntimeModelBuilder.java:95)
9 ¸.¤. 2553 17:04:50 org.apache.catalina.core.StandardContext listenerStart
SEVERE: Exception sending context initialized event to listener instance of class com.sun.xml.ws.transport.http.servlet.WSServletContextListener
com.sun.xml.ws.transport.http.servlet.WSServletException: WSSERVLET11: failed to parse runtime descriptor: java.lang.OutOfMemoryError: Java heap space
	at com.sun.xml.ws.transport.http.servlet.WSServletContextListener.contextInitialized(WSServletContextListener.java:139)
	at org.apache.catalina.core.StandardContext.listenerStart(StandardContext.java:3795)
	at org.apache.catalina.core.StandardContext.start(StandardContext.java:4252)
	at org.apache.catalina.manager.ManagerServlet.start(ManagerServlet.java:1173)
	at org.apache.catalina.manager.ManagerServlet.doGet(ManagerServlet.java:369)
	at javax.servlet.http.HttpServlet.service(HttpServlet.java:627)
	at javax.servlet.http.HttpServlet.service(HttpServlet.java:729)
	at org.apache.catalina.core.ApplicationFilterChain.internalDoFilter(ApplicationFilterChain.java:269)
	at org.apache.catalina.core.ApplicationFilterChain.doFilter(ApplicationFilterChain.java:188)
	at org.apache.catalina.core.StandardWrapperValve.invoke(StandardWrapperValve.java:213)
	at org.apache.catalina.core.StandardContextValve.invoke(StandardContextValve.java:172)
	at org.apache.catalina.authenticator.AuthenticatorBase.invoke(AuthenticatorBase.java:525)
	at org.apache.catalina.core.StandardHostValve.invoke(StandardHostValve.java:127)
	at org.apache.catalina.valves.ErrorReportValve.invoke(ErrorReportValve.java:117)
	at org.apache.catalina.core.StandardEngineValve.invoke(StandardEngineValve.java:108)
	at org.apache.catalina.connector.CoyoteAdapter.service(CoyoteAdapter.java:174)
	at org.apache.coyote.http11.Http11Processor.process(Http11Processor.java:873)
	at org.apache.coyote.http11.Http11BaseProtocol$Http11ConnectionHandler.processConnection(Http11BaseProtocol.java:665)
	at org.apache.tomcat.util.net.PoolTcpEndpoint.processSocket(PoolTcpEndpoint.java:528)
	at org.apache.tomcat.util.net.LeaderFollowerWorkerThread.runIt(LeaderFollowerWorkerThread.java:81)
	at org.apache.tomcat.util.threads.ThreadPool$ControlRunnable.run(ThreadPool.java:689)
	at java.lang.Thread.run(Thread.java:595)
Caused by: java.lang.OutOfMemoryError: Java heap space
