20 µ.¤. 2554 16:46:15 org.apache.catalina.core.StandardContext listenerStart
SEVERE: Exception sending context initialized event to listener instance of class com.sun.xml.ws.transport.http.servlet.WSServletContextListener
com.sun.xml.ws.transport.http.servlet.WSServletException: WSSERVLET11: failed to parse runtime descriptor: java.lang.OutOfMemoryError: Java heap space
	at com.sun.xml.ws.transport.http.servlet.WSServletContextListener.contextInitialized(WSServletContextListener.java:139)
	at org.apache.catalina.core.StandardContext.listenerStart(StandardContext.java:3795)
	at org.apache.catalina.core.StandardContext.start(StandardContext.java:4252)
	at org.apache.catalina.core.ContainerBase.addChildInternal(ContainerBase.java:760)
	at org.apache.catalina.core.ContainerBase.addChild(ContainerBase.java:740)
	at org.apache.catalina.core.StandardHost.addChild(StandardHost.java:544)
	at org.apache.catalina.startup.HostConfig.deployDescriptor(HostConfig.java:626)
	at org.apache.catalina.startup.HostConfig.deployApps(HostConfig.java:511)
	at org.apache.catalina.startup.HostConfig.check(HostConfig.java:1232)
	at sun.reflect.NativeMethodAccessorImpl.invoke0(Native Method)
	at sun.reflect.NativeMethodAccessorImpl.invoke(NativeMethodAccessorImpl.java:39)
	at sun.reflect.DelegatingMethodAccessorImpl.invoke(DelegatingMethodAccessorImpl.java:25)
	at java.lang.reflect.Method.invoke(Method.java:592)
	at org.apache.commons.modeler.BaseModelMBean.invoke(BaseModelMBean.java:458)
	at com.sun.jmx.mbeanserver.DynamicMetaDataImpl.invoke(DynamicMetaDataImpl.java:213)
	at com.sun.jmx.mbeanserver.MetaDataImpl.invoke(MetaDataImpl.java:220)
	at com.sun.jmx.interceptor.DefaultMBeanServerInterceptor.invoke(DefaultMBeanServerInterceptor.java:815)
	at com.sun.jmx.mbeanserver.JmxMBeanServer.invoke(JmxMBeanServer.java:784)
	at org.apache.catalina.manager.ManagerServlet.check(ManagerServlet.java:1397)
	at org.apache.catalina.manager.ManagerServlet.deploy(ManagerServlet.java:812)
	at org.apache.catalina.manager.ManagerServlet.doGet(ManagerServlet.java:344)
	at javax.servlet.http.HttpServlet.service(HttpServlet.java:627)
	at javax.servlet.http.HttpServlet.service(HttpServlet.java:729)
	at org.apache.catalina.core.ApplicationFilterChain.internalDoFilter(ApplicationFilterChain.java:269)
	at org.apache.catalina.core.ApplicationFilterChain.doFilter(ApplicationFilterChain.java:188)
	at org.apache.catalina.core.StandardWrapperValve.invoke(StandardWrapperValve.java:213)
	at org.apache.catalina.core.StandardContextValve.invoke(StandardContextValve.java:172)
	at org.apache.catalina.authenticator.AuthenticatorBase.invoke(AuthenticatorBase.java:525)
	at org.apache.catalina.core.StandardHostValve.invoke(StandardHostValve.java:127)
	at org.apache.catalina.valves.ErrorReportValve.invoke(ErrorReportValve.java:117)
	at org.apache.catalina.core.StandardEngineValve.invoke(StandardEngineValve.java:108)
	at org.apache.catalina.connector.CoyoteAdapter.service(CoyoteAdapter.java:174)
	at org.apache.coyote.http11.Http11Processor.process(Http11Processor.java:873)
	at org.apache.coyote.http11.Http11BaseProtocol$Http11ConnectionHandler.processConnection(Http11BaseProtocol.java:665)
	at org.apache.tomcat.util.net.PoolTcpEndpoint.processSocket(PoolTcpEndpoint.java:528)
	at org.apache.tomcat.util.net.LeaderFollowerWorkerThread.runIt(LeaderFollowerWorkerThread.java:81)
	at org.apache.tomcat.util.threads.ThreadPool$ControlRunnable.run(ThreadPool.java:689)
	at java.lang.Thread.run(Thread.java:595)
Caused by: java.lang.OutOfMemoryError: Java heap space
20 µ.¤. 2554 16:49:35 org.apache.catalina.core.StandardContext listenerStart
SEVERE: Exception sending context initialized event to listener instance of class com.sun.xml.ws.transport.http.servlet.WSServletContextListener
com.sun.xml.ws.transport.http.servlet.WSServletException: WSSERVLET11: failed to parse runtime descriptor: java.lang.OutOfMemoryError: Java heap space
	at com.sun.xml.ws.transport.http.servlet.WSServletContextListener.contextInitialized(WSServletContextListener.java:139)
	at org.apache.catalina.core.StandardContext.listenerStart(StandardContext.java:3795)
	at org.apache.catalina.core.StandardContext.start(StandardContext.java:4252)
	at org.apache.catalina.manager.ManagerServlet.start(ManagerServlet.java:1173)
	at org.apache.catalina.manager.ManagerServlet.doGet(ManagerServlet.java:369)
	at javax.servlet.http.HttpServlet.service(HttpServlet.java:627)
	at javax.servlet.http.HttpServlet.service(HttpServlet.java:729)
	at org.apache.catalina.core.ApplicationFilterChain.internalDoFilter(ApplicationFilterChain.java:269)
	at org.apache.catalina.core.ApplicationFilterChain.doFilter(ApplicationFilterChain.java:188)
	at org.apache.catalina.core.StandardWrapperValve.invoke(StandardWrapperValve.java:213)
	at org.apache.catalina.core.StandardContextValve.invoke(StandardContextValve.java:172)
	at org.apache.catalina.authenticator.AuthenticatorBase.invoke(AuthenticatorBase.java:525)
	at org.apache.catalina.core.StandardHostValve.invoke(StandardHostValve.java:127)
	at org.apache.catalina.valves.ErrorReportValve.invoke(ErrorReportValve.java:117)
	at org.apache.catalina.core.StandardEngineValve.invoke(StandardEngineValve.java:108)
	at org.apache.catalina.connector.CoyoteAdapter.service(CoyoteAdapter.java:174)
	at org.apache.coyote.http11.Http11Processor.process(Http11Processor.java:873)
	at org.apache.coyote.http11.Http11BaseProtocol$Http11ConnectionHandler.processConnection(Http11BaseProtocol.java:665)
	at org.apache.tomcat.util.net.PoolTcpEndpoint.processSocket(PoolTcpEndpoint.java:528)
	at org.apache.tomcat.util.net.LeaderFollowerWorkerThread.runIt(LeaderFollowerWorkerThread.java:81)
	at org.apache.tomcat.util.threads.ThreadPool$ControlRunnable.run(ThreadPool.java:689)
	at java.lang.Thread.run(Thread.java:595)
Caused by: java.lang.OutOfMemoryError: Java heap space
20 µ.¤. 2554 16:57:35 org.apache.catalina.core.StandardContext listenerStart
SEVERE: Exception sending context initialized event to listener instance of class com.sun.xml.ws.transport.http.servlet.WSServletContextListener
com.sun.xml.ws.transport.http.servlet.WSServletException: WSSERVLET11: failed to parse runtime descriptor: java.lang.OutOfMemoryError: Java heap space
	at com.sun.xml.ws.transport.http.servlet.WSServletContextListener.contextInitialized(WSServletContextListener.java:139)
	at org.apache.catalina.core.StandardContext.listenerStart(StandardContext.java:3795)
	at org.apache.catalina.core.StandardContext.start(StandardContext.java:4252)
	at org.apache.catalina.core.ContainerBase.addChildInternal(ContainerBase.java:760)
	at org.apache.catalina.core.ContainerBase.addChild(ContainerBase.java:740)
	at org.apache.catalina.core.StandardHost.addChild(StandardHost.java:544)
	at org.apache.catalina.startup.HostConfig.deployDescriptor(HostConfig.java:626)
	at org.apache.catalina.startup.HostConfig.deployApps(HostConfig.java:511)
	at org.apache.catalina.startup.HostConfig.check(HostConfig.java:1232)
	at sun.reflect.NativeMethodAccessorImpl.invoke0(Native Method)
	at sun.reflect.NativeMethodAccessorImpl.invoke(NativeMethodAccessorImpl.java:39)
	at sun.reflect.DelegatingMethodAccessorImpl.invoke(DelegatingMethodAccessorImpl.java:25)
	at java.lang.reflect.Method.invoke(Method.java:592)
	at org.apache.commons.modeler.BaseModelMBean.invoke(BaseModelMBean.java:458)
	at com.sun.jmx.mbeanserver.DynamicMetaDataImpl.invoke(DynamicMetaDataImpl.java:213)
	at com.sun.jmx.mbeanserver.MetaDataImpl.invoke(MetaDataImpl.java:220)
	at com.sun.jmx.interceptor.DefaultMBeanServerInterceptor.invoke(DefaultMBeanServerInterceptor.java:815)
	at com.sun.jmx.mbeanserver.JmxMBeanServer.invoke(JmxMBeanServer.java:784)
	at org.apache.catalina.manager.ManagerServlet.check(ManagerServlet.java:1397)
	at org.apache.catalina.manager.ManagerServlet.deploy(ManagerServlet.java:812)
	at org.apache.catalina.manager.ManagerServlet.doGet(ManagerServlet.java:344)
	at javax.servlet.http.HttpServlet.service(HttpServlet.java:627)
	at javax.servlet.http.HttpServlet.service(HttpServlet.java:729)
	at org.apache.catalina.core.ApplicationFilterChain.internalDoFilter(ApplicationFilterChain.java:269)
	at org.apache.catalina.core.ApplicationFilterChain.doFilter(ApplicationFilterChain.java:188)
	at org.apache.catalina.core.StandardWrapperValve.invoke(StandardWrapperValve.java:213)
	at org.apache.catalina.core.StandardContextValve.invoke(StandardContextValve.java:172)
	at org.apache.catalina.authenticator.AuthenticatorBase.invoke(AuthenticatorBase.java:525)
	at org.apache.catalina.core.StandardHostValve.invoke(StandardHostValve.java:127)
	at org.apache.catalina.valves.ErrorReportValve.invoke(ErrorReportValve.java:117)
	at org.apache.catalina.core.StandardEngineValve.invoke(StandardEngineValve.java:108)
	at org.apache.catalina.connector.CoyoteAdapter.service(CoyoteAdapter.java:174)
	at org.apache.coyote.http11.Http11Processor.process(Http11Processor.java:873)
	at org.apache.coyote.http11.Http11BaseProtocol$Http11ConnectionHandler.processConnection(Http11BaseProtocol.java:665)
	at org.apache.tomcat.util.net.PoolTcpEndpoint.processSocket(PoolTcpEndpoint.java:528)
	at org.apache.tomcat.util.net.LeaderFollowerWorkerThread.runIt(LeaderFollowerWorkerThread.java:81)
	at org.apache.tomcat.util.threads.ThreadPool$ControlRunnable.run(ThreadPool.java:689)
	at java.lang.Thread.run(Thread.java:595)
Caused by: java.lang.OutOfMemoryError: Java heap space
	at java.lang.Class.getDeclaredMethods0(Native Method)
	at java.lang.Class.privateGetDeclaredMethods(Class.java:2395)
	at java.lang.Class.getDeclaredMethod(Class.java:1907)
	at com.sun.xml.bind.v2.model.nav.ReflectionNavigator.isOverriding(ReflectionNavigator.java:546)
	at com.sun.xml.bind.v2.model.nav.ReflectionNavigator.isOverriding(ReflectionNavigator.java:58)
	at com.sun.xml.bind.v2.model.impl.ClassInfoImpl.findGetterSetterProperties(ClassInfoImpl.java:966)
	at com.sun.xml.bind.v2.model.impl.ClassInfoImpl.getProperties(ClassInfoImpl.java:310)
	at com.sun.xml.bind.v2.model.impl.RuntimeClassInfoImpl.getProperties(RuntimeClassInfoImpl.java:176)
	at com.sun.xml.bind.v2.model.impl.ModelBuilder.getClassInfo(ModelBuilder.java:243)
	at com.sun.xml.bind.v2.model.impl.RuntimeModelBuilder.getClassInfo(RuntimeModelBuilder.java:100)
	at com.sun.xml.bind.v2.model.impl.RuntimeModelBuilder.getClassInfo(RuntimeModelBuilder.java:81)
	at com.sun.xml.bind.v2.model.impl.ModelBuilder.getClassInfo(ModelBuilder.java:209)
	at com.sun.xml.bind.v2.model.impl.RuntimeModelBuilder.getClassInfo(RuntimeModelBuilder.java:95)
	at com.sun.xml.bind.v2.model.impl.RuntimeModelBuilder.getClassInfo(RuntimeModelBuilder.java:81)
	at com.sun.xml.bind.v2.model.impl.ModelBuilder.getTypeInfo(ModelBuilder.java:315)
	at com.sun.xml.bind.v2.model.impl.RegistryInfoImpl.<init>(RegistryInfoImpl.java:99)
	at com.sun.xml.bind.v2.model.impl.ModelBuilder.addRegistry(ModelBuilder.java:357)
	at com.sun.xml.bind.v2.model.impl.ModelBuilder.getTypeInfo(ModelBuilder.java:327)
	at com.sun.xml.bind.v2.runtime.JAXBContextImpl.getTypeInfoSet(JAXBContextImpl.java:466)
	at com.sun.xml.bind.v2.runtime.JAXBContextImpl.<init>(JAXBContextImpl.java:302)
	at com.sun.xml.bind.v2.runtime.JAXBContextImpl$JAXBContextBuilder.build(JAXBContextImpl.java:1140)
	at com.sun.xml.bind.v2.ContextFactory.createContext(ContextFactory.java:154)
	at com.sun.xml.bind.v2.ContextFactory.createContext(ContextFactory.java:121)
	at com.sun.xml.bind.v2.ContextFactory.createContext(ContextFactory.java:202)
	at sun.reflect.NativeMethodAccessorImpl.invoke0(Native Method)
	at sun.reflect.NativeMethodAccessorImpl.invoke(NativeMethodAccessorImpl.java:39)
	at sun.reflect.DelegatingMethodAccessorImpl.invoke(DelegatingMethodAccessorImpl.java:25)
	at java.lang.reflect.Method.invoke(Method.java:592)
	at javax.xml.bind.ContextFinder.newInstance(ContextFinder.java:127)
	at javax.xml.bind.ContextFinder.find(ContextFinder.java:276)
	at javax.xml.bind.JAXBContext.newInstance(JAXBContext.java:412)
	at javax.xml.bind.JAXBContext.newInstance(JAXBContext.java:375)
20 µ.¤. 2554 17:01:27 org.apache.catalina.core.StandardContext listenerStart
SEVERE: Exception sending context initialized event to listener instance of class com.sun.xml.ws.transport.http.servlet.WSServletContextListener
com.sun.xml.ws.transport.http.servlet.WSServletException: WSSERVLET11: failed to parse runtime descriptor: java.lang.OutOfMemoryError: Java heap space
	at com.sun.xml.ws.transport.http.servlet.WSServletContextListener.contextInitialized(WSServletContextListener.java:139)
	at org.apache.catalina.core.StandardContext.listenerStart(StandardContext.java:3795)
	at org.apache.catalina.core.StandardContext.start(StandardContext.java:4252)
	at org.apache.catalina.manager.ManagerServlet.start(ManagerServlet.java:1173)
	at org.apache.catalina.manager.ManagerServlet.doGet(ManagerServlet.java:369)
	at javax.servlet.http.HttpServlet.service(HttpServlet.java:627)
	at javax.servlet.http.HttpServlet.service(HttpServlet.java:729)
	at org.apache.catalina.core.ApplicationFilterChain.internalDoFilter(ApplicationFilterChain.java:269)
	at org.apache.catalina.core.ApplicationFilterChain.doFilter(ApplicationFilterChain.java:188)
	at org.apache.catalina.core.StandardWrapperValve.invoke(StandardWrapperValve.java:213)
	at org.apache.catalina.core.StandardContextValve.invoke(StandardContextValve.java:172)
	at org.apache.catalina.authenticator.AuthenticatorBase.invoke(AuthenticatorBase.java:525)
	at org.apache.catalina.core.StandardHostValve.invoke(StandardHostValve.java:127)
	at org.apache.catalina.valves.ErrorReportValve.invoke(ErrorReportValve.java:117)
	at org.apache.catalina.core.StandardEngineValve.invoke(StandardEngineValve.java:108)
	at org.apache.catalina.connector.CoyoteAdapter.service(CoyoteAdapter.java:174)
	at org.apache.coyote.http11.Http11Processor.process(Http11Processor.java:873)
	at org.apache.coyote.http11.Http11BaseProtocol$Http11ConnectionHandler.processConnection(Http11BaseProtocol.java:665)
	at org.apache.tomcat.util.net.PoolTcpEndpoint.processSocket(PoolTcpEndpoint.java:528)
	at org.apache.tomcat.util.net.LeaderFollowerWorkerThread.runIt(LeaderFollowerWorkerThread.java:81)
	at org.apache.tomcat.util.threads.ThreadPool$ControlRunnable.run(ThreadPool.java:689)
	at java.lang.Thread.run(Thread.java:595)
Caused by: java.lang.OutOfMemoryError: Java heap space
20 µ.¤. 2554 17:56:10 org.apache.catalina.core.StandardContext listenerStart
SEVERE: Exception sending context initialized event to listener instance of class com.sun.xml.ws.transport.http.servlet.WSServletContextListener
com.sun.xml.ws.transport.http.servlet.WSServletException: WSSERVLET11: failed to parse runtime descriptor: java.lang.OutOfMemoryError: Java heap space
	at com.sun.xml.ws.transport.http.servlet.WSServletContextListener.contextInitialized(WSServletContextListener.java:139)
	at org.apache.catalina.core.StandardContext.listenerStart(StandardContext.java:3795)
	at org.apache.catalina.core.StandardContext.start(StandardContext.java:4252)
	at org.apache.catalina.core.ContainerBase.addChildInternal(ContainerBase.java:760)
	at org.apache.catalina.core.ContainerBase.addChild(ContainerBase.java:740)
	at org.apache.catalina.core.StandardHost.addChild(StandardHost.java:544)
	at org.apache.catalina.startup.HostConfig.deployDescriptor(HostConfig.java:626)
	at org.apache.catalina.startup.HostConfig.deployApps(HostConfig.java:511)
	at org.apache.catalina.startup.HostConfig.check(HostConfig.java:1232)
	at sun.reflect.NativeMethodAccessorImpl.invoke0(Native Method)
	at sun.reflect.NativeMethodAccessorImpl.invoke(NativeMethodAccessorImpl.java:39)
	at sun.reflect.DelegatingMethodAccessorImpl.invoke(DelegatingMethodAccessorImpl.java:25)
	at java.lang.reflect.Method.invoke(Method.java:592)
	at org.apache.commons.modeler.BaseModelMBean.invoke(BaseModelMBean.java:458)
	at com.sun.jmx.mbeanserver.DynamicMetaDataImpl.invoke(DynamicMetaDataImpl.java:213)
	at com.sun.jmx.mbeanserver.MetaDataImpl.invoke(MetaDataImpl.java:220)
	at com.sun.jmx.interceptor.DefaultMBeanServerInterceptor.invoke(DefaultMBeanServerInterceptor.java:815)
	at com.sun.jmx.mbeanserver.JmxMBeanServer.invoke(JmxMBeanServer.java:784)
	at org.apache.catalina.manager.ManagerServlet.check(ManagerServlet.java:1397)
	at org.apache.catalina.manager.ManagerServlet.deploy(ManagerServlet.java:812)
	at org.apache.catalina.manager.ManagerServlet.doGet(ManagerServlet.java:344)
	at javax.servlet.http.HttpServlet.service(HttpServlet.java:627)
	at javax.servlet.http.HttpServlet.service(HttpServlet.java:729)
	at org.apache.catalina.core.ApplicationFilterChain.internalDoFilter(ApplicationFilterChain.java:269)
	at org.apache.catalina.core.ApplicationFilterChain.doFilter(ApplicationFilterChain.java:188)
	at org.apache.catalina.core.StandardWrapperValve.invoke(StandardWrapperValve.java:213)
	at org.apache.catalina.core.StandardContextValve.invoke(StandardContextValve.java:172)
	at org.apache.catalina.authenticator.AuthenticatorBase.invoke(AuthenticatorBase.java:525)
	at org.apache.catalina.core.StandardHostValve.invoke(StandardHostValve.java:127)
	at org.apache.catalina.valves.ErrorReportValve.invoke(ErrorReportValve.java:117)
	at org.apache.catalina.core.StandardEngineValve.invoke(StandardEngineValve.java:108)
	at org.apache.catalina.connector.CoyoteAdapter.service(CoyoteAdapter.java:174)
	at org.apache.coyote.http11.Http11Processor.process(Http11Processor.java:873)
	at org.apache.coyote.http11.Http11BaseProtocol$Http11ConnectionHandler.processConnection(Http11BaseProtocol.java:665)
	at org.apache.tomcat.util.net.PoolTcpEndpoint.processSocket(PoolTcpEndpoint.java:528)
	at org.apache.tomcat.util.net.LeaderFollowerWorkerThread.runIt(LeaderFollowerWorkerThread.java:81)
	at org.apache.tomcat.util.threads.ThreadPool$ControlRunnable.run(ThreadPool.java:689)
	at java.lang.Thread.run(Thread.java:595)
Caused by: java.lang.OutOfMemoryError: Java heap space
	at java.lang.StringBuilder.toString(StringBuilder.java:431)
	at sun.reflect.generics.parser.SignatureParser.parseIdentifier(SignatureParser.java:216)
	at sun.reflect.generics.parser.SignatureParser.parseSimpleClassTypeSignature(SignatureParser.java:253)
	at sun.reflect.generics.parser.SignatureParser.parseClassTypeSignatureSuffix(SignatureParser.java:270)
	at sun.reflect.generics.parser.SignatureParser.parseClassTypeSignature(SignatureParser.java:244)
	at sun.reflect.generics.parser.SignatureParser.parseFieldTypeSignature(SignatureParser.java:228)
	at sun.reflect.generics.parser.SignatureParser.parseTypeArgument(SignatureParser.java:319)
	at sun.reflect.generics.parser.SignatureParser.parseTypeArguments(SignatureParser.java:284)
	at sun.reflect.generics.parser.SignatureParser.parseSimpleClassTypeSignature(SignatureParser.java:260)
	at sun.reflect.generics.parser.SignatureParser.parseClassTypeSignatureSuffix(SignatureParser.java:270)
	at sun.reflect.generics.parser.SignatureParser.parseClassTypeSignature(SignatureParser.java:244)
	at sun.reflect.generics.parser.SignatureParser.parseFieldTypeSignature(SignatureParser.java:228)
	at sun.reflect.generics.parser.SignatureParser.parseTypeSignature(SignatureParser.java:359)
	at sun.reflect.generics.parser.SignatureParser.parseReturnType(SignatureParser.java:490)
	at sun.reflect.generics.parser.SignatureParser.parseMethodTypeSignature(SignatureParser.java:436)
	at sun.reflect.generics.parser.SignatureParser.parseMethodSig(SignatureParser.java:141)
	at sun.reflect.generics.repository.ConstructorRepository.parse(ConstructorRepository.java:37)
	at sun.reflect.generics.repository.ConstructorRepository.parse(ConstructorRepository.java:25)
	at sun.reflect.generics.repository.AbstractRepository.<init>(AbstractRepository.java:56)
	at sun.reflect.generics.repository.GenericDeclRepository.<init>(GenericDeclRepository.java:30)
	at sun.reflect.generics.repository.ConstructorRepository.<init>(ConstructorRepository.java:33)
	at sun.reflect.generics.repository.MethodRepository.<init>(MethodRepository.java:28)
	at sun.reflect.generics.repository.MethodRepository.make(MethodRepository.java:41)
	at java.lang.reflect.Method.getGenericInfo(Method.java:90)
	at java.lang.reflect.Method.getGenericParameterTypes(Method.java:278)
	at com.sun.xml.bind.v2.model.nav.ReflectionNavigator.getMethodParameters(ReflectionNavigator.java:289)
	at com.sun.xml.bind.v2.model.nav.ReflectionNavigator.getMethodParameters(ReflectionNavigator.java:58)
	at com.sun.xml.bind.v2.model.impl.ClassInfoImpl.collectGetterSetters(ClassInfoImpl.java:1036)
	at com.sun.xml.bind.v2.model.impl.ClassInfoImpl.findGetterSetterProperties(ClassInfoImpl.java:939)
	at com.sun.xml.bind.v2.model.impl.ClassInfoImpl.getProperties(ClassInfoImpl.java:310)
	at com.sun.xml.bind.v2.model.impl.RuntimeClassInfoImpl.getProperties(RuntimeClassInfoImpl.java:176)
	at com.sun.xml.bind.v2.model.impl.ModelBuilder.getClassInfo(ModelBuilder.java:243)
20 µ.¤. 2554 17:59:30 org.apache.catalina.core.StandardContext listenerStart
SEVERE: Exception sending context initialized event to listener instance of class com.sun.xml.ws.transport.http.servlet.WSServletContextListener
com.sun.xml.ws.transport.http.servlet.WSServletException: WSSERVLET11: failed to parse runtime descriptor: java.lang.OutOfMemoryError: Java heap space
	at com.sun.xml.ws.transport.http.servlet.WSServletContextListener.contextInitialized(WSServletContextListener.java:139)
	at org.apache.catalina.core.StandardContext.listenerStart(StandardContext.java:3795)
	at org.apache.catalina.core.StandardContext.start(StandardContext.java:4252)
	at org.apache.catalina.manager.ManagerServlet.start(ManagerServlet.java:1173)
	at org.apache.catalina.manager.ManagerServlet.doGet(ManagerServlet.java:369)
	at javax.servlet.http.HttpServlet.service(HttpServlet.java:627)
	at javax.servlet.http.HttpServlet.service(HttpServlet.java:729)
	at org.apache.catalina.core.ApplicationFilterChain.internalDoFilter(ApplicationFilterChain.java:269)
	at org.apache.catalina.core.ApplicationFilterChain.doFilter(ApplicationFilterChain.java:188)
	at org.apache.catalina.core.StandardWrapperValve.invoke(StandardWrapperValve.java:213)
	at org.apache.catalina.core.StandardContextValve.invoke(StandardContextValve.java:172)
	at org.apache.catalina.authenticator.AuthenticatorBase.invoke(AuthenticatorBase.java:525)
	at org.apache.catalina.core.StandardHostValve.invoke(StandardHostValve.java:127)
	at org.apache.catalina.valves.ErrorReportValve.invoke(ErrorReportValve.java:117)
	at org.apache.catalina.core.StandardEngineValve.invoke(StandardEngineValve.java:108)
	at org.apache.catalina.connector.CoyoteAdapter.service(CoyoteAdapter.java:174)
	at org.apache.coyote.http11.Http11Processor.process(Http11Processor.java:873)
	at org.apache.coyote.http11.Http11BaseProtocol$Http11ConnectionHandler.processConnection(Http11BaseProtocol.java:665)
	at org.apache.tomcat.util.net.PoolTcpEndpoint.processSocket(PoolTcpEndpoint.java:528)
	at org.apache.tomcat.util.net.LeaderFollowerWorkerThread.runIt(LeaderFollowerWorkerThread.java:81)
	at org.apache.tomcat.util.threads.ThreadPool$ControlRunnable.run(ThreadPool.java:689)
	at java.lang.Thread.run(Thread.java:595)
Caused by: java.lang.OutOfMemoryError: Java heap space
20 µ.¤. 2554 18:09:39 org.apache.catalina.core.StandardContext listenerStart
SEVERE: Exception sending context initialized event to listener instance of class com.sun.xml.ws.transport.http.servlet.WSServletContextListener
com.sun.xml.ws.transport.http.servlet.WSServletException: WSSERVLET11: failed to parse runtime descriptor: java.lang.OutOfMemoryError: Java heap space
	at com.sun.xml.ws.transport.http.servlet.WSServletContextListener.contextInitialized(WSServletContextListener.java:139)
	at org.apache.catalina.core.StandardContext.listenerStart(StandardContext.java:3795)
	at org.apache.catalina.core.StandardContext.start(StandardContext.java:4252)
	at org.apache.catalina.core.ContainerBase.addChildInternal(ContainerBase.java:760)
	at org.apache.catalina.core.ContainerBase.addChild(ContainerBase.java:740)
	at org.apache.catalina.core.StandardHost.addChild(StandardHost.java:544)
	at org.apache.catalina.startup.HostConfig.deployDescriptor(HostConfig.java:626)
	at org.apache.catalina.startup.HostConfig.deployApps(HostConfig.java:511)
	at org.apache.catalina.startup.HostConfig.check(HostConfig.java:1232)
	at sun.reflect.NativeMethodAccessorImpl.invoke0(Native Method)
	at sun.reflect.NativeMethodAccessorImpl.invoke(NativeMethodAccessorImpl.java:39)
	at sun.reflect.DelegatingMethodAccessorImpl.invoke(DelegatingMethodAccessorImpl.java:25)
	at java.lang.reflect.Method.invoke(Method.java:592)
	at org.apache.commons.modeler.BaseModelMBean.invoke(BaseModelMBean.java:458)
	at com.sun.jmx.mbeanserver.DynamicMetaDataImpl.invoke(DynamicMetaDataImpl.java:213)
	at com.sun.jmx.mbeanserver.MetaDataImpl.invoke(MetaDataImpl.java:220)
	at com.sun.jmx.interceptor.DefaultMBeanServerInterceptor.invoke(DefaultMBeanServerInterceptor.java:815)
	at com.sun.jmx.mbeanserver.JmxMBeanServer.invoke(JmxMBeanServer.java:784)
	at org.apache.catalina.manager.ManagerServlet.check(ManagerServlet.java:1397)
	at org.apache.catalina.manager.ManagerServlet.deploy(ManagerServlet.java:812)
	at org.apache.catalina.manager.ManagerServlet.doGet(ManagerServlet.java:344)
	at javax.servlet.http.HttpServlet.service(HttpServlet.java:627)
	at javax.servlet.http.HttpServlet.service(HttpServlet.java:729)
	at org.apache.catalina.core.ApplicationFilterChain.internalDoFilter(ApplicationFilterChain.java:269)
	at org.apache.catalina.core.ApplicationFilterChain.doFilter(ApplicationFilterChain.java:188)
	at org.apache.catalina.core.StandardWrapperValve.invoke(StandardWrapperValve.java:213)
	at org.apache.catalina.core.StandardContextValve.invoke(StandardContextValve.java:172)
	at org.apache.catalina.authenticator.AuthenticatorBase.invoke(AuthenticatorBase.java:525)
	at org.apache.catalina.core.StandardHostValve.invoke(StandardHostValve.java:127)
	at org.apache.catalina.valves.ErrorReportValve.invoke(ErrorReportValve.java:117)
	at org.apache.catalina.core.StandardEngineValve.invoke(StandardEngineValve.java:108)
	at org.apache.catalina.connector.CoyoteAdapter.service(CoyoteAdapter.java:174)
	at org.apache.coyote.http11.Http11Processor.process(Http11Processor.java:873)
	at org.apache.coyote.http11.Http11BaseProtocol$Http11ConnectionHandler.processConnection(Http11BaseProtocol.java:665)
	at org.apache.tomcat.util.net.PoolTcpEndpoint.processSocket(PoolTcpEndpoint.java:528)
	at org.apache.tomcat.util.net.LeaderFollowerWorkerThread.runIt(LeaderFollowerWorkerThread.java:81)
	at org.apache.tomcat.util.threads.ThreadPool$ControlRunnable.run(ThreadPool.java:689)
	at java.lang.Thread.run(Thread.java:595)
Caused by: java.lang.OutOfMemoryError: Java heap space
	at java.io.ByteArrayOutputStream.toByteArray(ByteArrayOutputStream.java:136)
	at com.sun.xml.bind.v2.bytecode.ClassTailor.tailor(ClassTailor.java:194)
	at com.sun.xml.bind.v2.runtime.reflect.opt.AccessorInjector.tailor(AccessorInjector.java:122)
	at com.sun.xml.bind.v2.runtime.reflect.opt.AccessorInjector.prepare(AccessorInjector.java:81)
	at com.sun.xml.bind.v2.runtime.reflect.opt.OptimizedAccessorFactory.get(OptimizedAccessorFactory.java:165)
	at com.sun.xml.bind.v2.runtime.reflect.Accessor$FieldReflection.optimize(Accessor.java:256)
	at com.sun.xml.bind.v2.runtime.property.ArrayProperty.<init>(ArrayProperty.java:65)
	at com.sun.xml.bind.v2.runtime.property.ArrayERProperty.<init>(ArrayERProperty.java:84)
	at com.sun.xml.bind.v2.runtime.property.ArrayElementProperty.<init>(ArrayElementProperty.java:96)
	at com.sun.xml.bind.v2.runtime.property.ArrayElementNodeProperty.<init>(ArrayElementNodeProperty.java:58)
	at sun.reflect.NativeConstructorAccessorImpl.newInstance0(Native Method)
	at sun.reflect.NativeConstructorAccessorImpl.newInstance(NativeConstructorAccessorImpl.java:39)
	at sun.reflect.DelegatingConstructorAccessorImpl.newInstance(DelegatingConstructorAccessorImpl.java:27)
	at java.lang.reflect.Constructor.newInstance(Constructor.java:501)
	at com.sun.xml.bind.v2.runtime.property.PropertyFactory.create(PropertyFactory.java:124)
	at com.sun.xml.bind.v2.runtime.ClassBeanInfoImpl.<init>(ClassBeanInfoImpl.java:179)
	at com.sun.xml.bind.v2.runtime.JAXBContextImpl.getOrCreate(JAXBContextImpl.java:515)
	at com.sun.xml.bind.v2.runtime.JAXBContextImpl.<init>(JAXBContextImpl.java:330)
	at com.sun.xml.bind.v2.runtime.JAXBContextImpl$JAXBContextBuilder.build(JAXBContextImpl.java:1140)
	at com.sun.xml.bind.v2.ContextFactory.createContext(ContextFactory.java:154)
	at com.sun.xml.bind.v2.ContextFactory.createContext(ContextFactory.java:121)
	at com.sun.xml.bind.v2.ContextFactory.createContext(ContextFactory.java:202)
	at sun.reflect.NativeMethodAccessorImpl.invoke0(Native Method)
	at sun.reflect.NativeMethodAccessorImpl.invoke(NativeMethodAccessorImpl.java:39)
	at sun.reflect.DelegatingMethodAccessorImpl.invoke(DelegatingMethodAccessorImpl.java:25)
	at java.lang.reflect.Method.invoke(Method.java:592)
	at javax.xml.bind.ContextFinder.newInstance(ContextFinder.java:127)
	at javax.xml.bind.ContextFinder.find(ContextFinder.java:276)
	at javax.xml.bind.JAXBContext.newInstance(JAXBContext.java:412)
	at javax.xml.bind.JAXBContext.newInstance(JAXBContext.java:375)
	at javax.xml.bind.JAXBContext.newInstance(JAXBContext.java:279)
	at com.sun.xml.ws.assembler.MetroConfigLoader.loadMetroConfig(MetroConfigLoader.java:207)
20 µ.¤. 2554 18:13:16 org.apache.catalina.core.StandardContext listenerStart
SEVERE: Exception sending context initialized event to listener instance of class com.sun.xml.ws.transport.http.servlet.WSServletContextListener
com.sun.xml.ws.transport.http.servlet.WSServletException: WSSERVLET11: failed to parse runtime descriptor: java.lang.OutOfMemoryError: Java heap space
	at com.sun.xml.ws.transport.http.servlet.WSServletContextListener.contextInitialized(WSServletContextListener.java:139)
	at org.apache.catalina.core.StandardContext.listenerStart(StandardContext.java:3795)
	at org.apache.catalina.core.StandardContext.start(StandardContext.java:4252)
	at org.apache.catalina.manager.ManagerServlet.start(ManagerServlet.java:1173)
	at org.apache.catalina.manager.ManagerServlet.doGet(ManagerServlet.java:369)
	at javax.servlet.http.HttpServlet.service(HttpServlet.java:627)
	at javax.servlet.http.HttpServlet.service(HttpServlet.java:729)
	at org.apache.catalina.core.ApplicationFilterChain.internalDoFilter(ApplicationFilterChain.java:269)
	at org.apache.catalina.core.ApplicationFilterChain.doFilter(ApplicationFilterChain.java:188)
	at org.apache.catalina.core.StandardWrapperValve.invoke(StandardWrapperValve.java:213)
	at org.apache.catalina.core.StandardContextValve.invoke(StandardContextValve.java:172)
	at org.apache.catalina.authenticator.AuthenticatorBase.invoke(AuthenticatorBase.java:525)
	at org.apache.catalina.core.StandardHostValve.invoke(StandardHostValve.java:127)
	at org.apache.catalina.valves.ErrorReportValve.invoke(ErrorReportValve.java:117)
	at org.apache.catalina.core.StandardEngineValve.invoke(StandardEngineValve.java:108)
	at org.apache.catalina.connector.CoyoteAdapter.service(CoyoteAdapter.java:174)
	at org.apache.coyote.http11.Http11Processor.process(Http11Processor.java:873)
	at org.apache.coyote.http11.Http11BaseProtocol$Http11ConnectionHandler.processConnection(Http11BaseProtocol.java:665)
	at org.apache.tomcat.util.net.PoolTcpEndpoint.processSocket(PoolTcpEndpoint.java:528)
	at org.apache.tomcat.util.net.LeaderFollowerWorkerThread.runIt(LeaderFollowerWorkerThread.java:81)
	at org.apache.tomcat.util.threads.ThreadPool$ControlRunnable.run(ThreadPool.java:689)
	at java.lang.Thread.run(Thread.java:595)
Caused by: java.lang.OutOfMemoryError: Java heap space
