2 ¸.¤. 2553 10:46:56 org.apache.catalina.core.ApplicationContext log
INFO: org.apache.webapp.balancer.BalancerFilter: init(): ruleChain: [org.apache.webapp.balancer.RuleChain: [org.apache.webapp.balancer.rules.URLStringMatchRule: Target string: News / Redirect URL: http://www.cnn.com], [org.apache.webapp.balancer.rules.RequestParameterRule: Target param name: paramName / Target param value: paramValue / Redirect URL: http://www.yahoo.com], [org.apache.webapp.balancer.rules.AcceptEverythingRule: Redirect URL: http://jakarta.apache.org]]
2 ¸.¤. 2553 10:46:57 org.apache.catalina.core.ApplicationContext log
INFO: ContextListener: contextInitialized()
2 ¸.¤. 2553 10:46:57 org.apache.catalina.core.ApplicationContext log
INFO: SessionListener: contextInitialized()
2 ¸.¤. 2553 10:46:57 org.apache.catalina.core.ApplicationContext log
INFO: ContextListener: contextInitialized()
2 ¸.¤. 2553 10:46:57 org.apache.catalina.core.ApplicationContext log
INFO: SessionListener: contextInitialized()
2 ¸.¤. 2553 10:59:38 org.apache.catalina.core.StandardContext listenerStart
SEVERE: Exception sending context initialized event to listener instance of class com.sun.xml.ws.transport.http.servlet.WSServletContextListener
com.sun.xml.ws.transport.http.servlet.WSServletException: WSSERVLET11: failed to parse runtime descriptor: java.lang.OutOfMemoryError: Java heap space
	at com.sun.xml.ws.transport.http.servlet.WSServletContextListener.contextInitialized(WSServletContextListener.java:139)
	at org.apache.catalina.core.StandardContext.listenerStart(StandardContext.java:3795)
	at org.apache.catalina.core.StandardContext.start(StandardContext.java:4252)
	at org.apache.catalina.core.ContainerBase.addChildInternal(ContainerBase.java:760)
	at org.apache.catalina.core.ContainerBase.addChild(ContainerBase.java:740)
	at org.apache.catalina.core.StandardHost.addChild(StandardHost.java:544)
	at org.apache.catalina.startup.HostConfig.deployDescriptor(HostConfig.java:626)
	at org.apache.catalina.startup.HostConfig.deployApps(HostConfig.java:511)
	at org.apache.catalina.startup.HostConfig.check(HostConfig.java:1232)
	at sun.reflect.NativeMethodAccessorImpl.invoke0(Native Method)
	at sun.reflect.NativeMethodAccessorImpl.invoke(NativeMethodAccessorImpl.java:39)
	at sun.reflect.DelegatingMethodAccessorImpl.invoke(DelegatingMethodAccessorImpl.java:25)
	at java.lang.reflect.Method.invoke(Method.java:592)
	at org.apache.commons.modeler.BaseModelMBean.invoke(BaseModelMBean.java:458)
	at com.sun.jmx.mbeanserver.DynamicMetaDataImpl.invoke(DynamicMetaDataImpl.java:213)
	at com.sun.jmx.mbeanserver.MetaDataImpl.invoke(MetaDataImpl.java:220)
	at com.sun.jmx.interceptor.DefaultMBeanServerInterceptor.invoke(DefaultMBeanServerInterceptor.java:815)
	at com.sun.jmx.mbeanserver.JmxMBeanServer.invoke(JmxMBeanServer.java:784)
	at org.apache.catalina.manager.ManagerServlet.check(ManagerServlet.java:1397)
	at org.apache.catalina.manager.ManagerServlet.deploy(ManagerServlet.java:812)
	at org.apache.catalina.manager.ManagerServlet.doGet(ManagerServlet.java:344)
	at javax.servlet.http.HttpServlet.service(HttpServlet.java:627)
	at javax.servlet.http.HttpServlet.service(HttpServlet.java:729)
	at org.apache.catalina.core.ApplicationFilterChain.internalDoFilter(ApplicationFilterChain.java:269)
	at org.apache.catalina.core.ApplicationFilterChain.doFilter(ApplicationFilterChain.java:188)
	at org.apache.catalina.core.StandardWrapperValve.invoke(StandardWrapperValve.java:213)
	at org.apache.catalina.core.StandardContextValve.invoke(StandardContextValve.java:172)
	at org.apache.catalina.authenticator.AuthenticatorBase.invoke(AuthenticatorBase.java:525)
	at org.apache.catalina.core.StandardHostValve.invoke(StandardHostValve.java:127)
	at org.apache.catalina.valves.ErrorReportValve.invoke(ErrorReportValve.java:117)
	at org.apache.catalina.core.StandardEngineValve.invoke(StandardEngineValve.java:108)
	at org.apache.catalina.connector.CoyoteAdapter.service(CoyoteAdapter.java:174)
	at org.apache.coyote.http11.Http11Processor.process(Http11Processor.java:873)
	at org.apache.coyote.http11.Http11BaseProtocol$Http11ConnectionHandler.processConnection(Http11BaseProtocol.java:665)
	at org.apache.tomcat.util.net.PoolTcpEndpoint.processSocket(PoolTcpEndpoint.java:528)
	at org.apache.tomcat.util.net.LeaderFollowerWorkerThread.runIt(LeaderFollowerWorkerThread.java:81)
	at org.apache.tomcat.util.threads.ThreadPool$ControlRunnable.run(ThreadPool.java:689)
	at java.lang.Thread.run(Thread.java:595)
Caused by: java.lang.OutOfMemoryError: Java heap space
	at java.util.zip.InflaterInputStream.<init>(InflaterInputStream.java:71)
	at java.util.zip.ZipFile$2.<init>(ZipFile.java:348)
	at java.util.zip.ZipFile.getInputStream(ZipFile.java:320)
	at java.util.zip.ZipFile.getInputStream(ZipFile.java:286)
	at java.util.jar.JarFile.getInputStream(JarFile.java:387)
	at org.apache.catalina.loader.WebappClassLoader.findResourceInternal(WebappClassLoader.java:2048)
	at org.apache.catalina.loader.WebappClassLoader.findClassInternal(WebappClassLoader.java:1819)
	at org.apache.catalina.loader.WebappClassLoader.findClass(WebappClassLoader.java:889)
	at org.apache.catalina.loader.WebappClassLoader.loadClass(WebappClassLoader.java:1353)
	at org.apache.catalina.loader.WebappClassLoader.loadClass(WebappClassLoader.java:1232)
	at java.lang.ClassLoader.loadClassInternal(ClassLoader.java:319)
	at java.lang.ClassLoader.defineClass1(Native Method)
	at java.lang.ClassLoader.defineClass(ClassLoader.java:620)
	at java.security.SecureClassLoader.defineClass(SecureClassLoader.java:124)
	at org.apache.catalina.loader.WebappClassLoader.findClassInternal(WebappClassLoader.java:1880)
	at org.apache.catalina.loader.WebappClassLoader.findClass(WebappClassLoader.java:889)
	at org.apache.catalina.loader.WebappClassLoader.loadClass(WebappClassLoader.java:1353)
	at org.apache.catalina.loader.WebappClassLoader.loadClass(WebappClassLoader.java:1232)
	at java.lang.ClassLoader.loadClassInternal(ClassLoader.java:319)
	at com.sun.xml.ws.api.pipe.Codecs.createSOAPEnvelopeXmlCodec(Codecs.java:91)
	at com.sun.xml.ws.encoding.SOAPBindingCodec.<init>(SOAPBindingCodec.java:199)
	at com.sun.xml.ws.api.BindingID$SOAPHTTPImpl.createEncoder(BindingID.java:426)
	at com.sun.xml.ws.binding.BindingImpl.createCodec(BindingImpl.java:138)
	at com.sun.xml.ws.api.pipe.ServerTubeAssemblerContext.<init>(ServerTubeAssemblerContext.java:89)
	at com.sun.xml.ws.api.pipe.ServerPipeAssemblerContext.<init>(ServerPipeAssemblerContext.java:59)
	at com.sun.xml.ws.server.WSEndpointImpl.<init>(WSEndpointImpl.java:156)
	at com.sun.xml.ws.server.EndpointFactory.createEndpoint(EndpointFactory.java:232)
	at com.sun.xml.ws.api.server.WSEndpoint.create(WSEndpoint.java:505)
	at com.sun.xml.ws.transport.http.DeploymentDescriptorParser.parseAdapters(DeploymentDescriptorParser.java:253)
	at com.sun.xml.ws.transport.http.DeploymentDescriptorParser.parse(DeploymentDescriptorParser.java:147)
	at com.sun.xml.ws.transport.http.servlet.WSServletContextListener.contextInitialized(WSServletContextListener.java:124)
	at org.apache.catalina.core.StandardContext.listenerStart(StandardContext.java:3795)
2 ¸.¤. 2553 11:02:20 org.apache.catalina.core.StandardContext listenerStart
SEVERE: Exception sending context initialized event to listener instance of class com.sun.xml.ws.transport.http.servlet.WSServletContextListener
com.sun.xml.ws.transport.http.servlet.WSServletException: WSSERVLET11: failed to parse runtime descriptor: java.lang.OutOfMemoryError: Java heap space
	at com.sun.xml.ws.transport.http.servlet.WSServletContextListener.contextInitialized(WSServletContextListener.java:139)
	at org.apache.catalina.core.StandardContext.listenerStart(StandardContext.java:3795)
	at org.apache.catalina.core.StandardContext.start(StandardContext.java:4252)
	at org.apache.catalina.manager.ManagerServlet.start(ManagerServlet.java:1173)
	at org.apache.catalina.manager.ManagerServlet.doGet(ManagerServlet.java:369)
	at javax.servlet.http.HttpServlet.service(HttpServlet.java:627)
	at javax.servlet.http.HttpServlet.service(HttpServlet.java:729)
	at org.apache.catalina.core.ApplicationFilterChain.internalDoFilter(ApplicationFilterChain.java:269)
	at org.apache.catalina.core.ApplicationFilterChain.doFilter(ApplicationFilterChain.java:188)
	at org.apache.catalina.core.StandardWrapperValve.invoke(StandardWrapperValve.java:213)
	at org.apache.catalina.core.StandardContextValve.invoke(StandardContextValve.java:172)
	at org.apache.catalina.authenticator.AuthenticatorBase.invoke(AuthenticatorBase.java:525)
	at org.apache.catalina.core.StandardHostValve.invoke(StandardHostValve.java:127)
	at org.apache.catalina.valves.ErrorReportValve.invoke(ErrorReportValve.java:117)
	at org.apache.catalina.core.StandardEngineValve.invoke(StandardEngineValve.java:108)
	at org.apache.catalina.connector.CoyoteAdapter.service(CoyoteAdapter.java:174)
	at org.apache.coyote.http11.Http11Processor.process(Http11Processor.java:873)
	at org.apache.coyote.http11.Http11BaseProtocol$Http11ConnectionHandler.processConnection(Http11BaseProtocol.java:665)
	at org.apache.tomcat.util.net.PoolTcpEndpoint.processSocket(PoolTcpEndpoint.java:528)
	at org.apache.tomcat.util.net.LeaderFollowerWorkerThread.runIt(LeaderFollowerWorkerThread.java:81)
	at org.apache.tomcat.util.threads.ThreadPool$ControlRunnable.run(ThreadPool.java:689)
	at java.lang.Thread.run(Thread.java:595)
Caused by: java.lang.OutOfMemoryError: Java heap space
2 ¸.¤. 2553 11:06:28 org.apache.catalina.core.ApplicationContext log
INFO: SessionListener: contextDestroyed()
2 ¸.¤. 2553 11:06:28 org.apache.catalina.core.ApplicationContext log
INFO: ContextListener: contextDestroyed()
2 ¸.¤. 2553 11:06:29 org.apache.catalina.core.ApplicationContext log
INFO: SessionListener: contextDestroyed()
2 ¸.¤. 2553 11:06:29 org.apache.catalina.core.ApplicationContext log
INFO: ContextListener: contextDestroyed()
2 ¸.¤. 2553 11:27:17 org.apache.catalina.core.ApplicationContext log
INFO: org.apache.webapp.balancer.BalancerFilter: init(): ruleChain: [org.apache.webapp.balancer.RuleChain: [org.apache.webapp.balancer.rules.URLStringMatchRule: Target string: News / Redirect URL: http://www.cnn.com], [org.apache.webapp.balancer.rules.RequestParameterRule: Target param name: paramName / Target param value: paramValue / Redirect URL: http://www.yahoo.com], [org.apache.webapp.balancer.rules.AcceptEverythingRule: Redirect URL: http://jakarta.apache.org]]
2 ¸.¤. 2553 11:27:17 org.apache.catalina.core.ApplicationContext log
INFO: ContextListener: contextInitialized()
2 ¸.¤. 2553 11:27:17 org.apache.catalina.core.ApplicationContext log
INFO: SessionListener: contextInitialized()
2 ¸.¤. 2553 11:27:18 org.apache.catalina.core.ApplicationContext log
INFO: ContextListener: contextInitialized()
2 ¸.¤. 2553 11:27:18 org.apache.catalina.core.ApplicationContext log
INFO: SessionListener: contextInitialized()
2 ¸.¤. 2553 11:29:56 org.apache.catalina.core.StandardContext listenerStart
SEVERE: Exception sending context initialized event to listener instance of class com.sun.xml.ws.transport.http.servlet.WSServletContextListener
com.sun.xml.ws.transport.http.servlet.WSServletException: WSSERVLET11: failed to parse runtime descriptor: java.lang.OutOfMemoryError: Java heap space
	at com.sun.xml.ws.transport.http.servlet.WSServletContextListener.contextInitialized(WSServletContextListener.java:139)
	at org.apache.catalina.core.StandardContext.listenerStart(StandardContext.java:3795)
	at org.apache.catalina.core.StandardContext.start(StandardContext.java:4252)
	at org.apache.catalina.core.ContainerBase.addChildInternal(ContainerBase.java:760)
	at org.apache.catalina.core.ContainerBase.addChild(ContainerBase.java:740)
	at org.apache.catalina.core.StandardHost.addChild(StandardHost.java:544)
	at org.apache.catalina.startup.HostConfig.deployDescriptor(HostConfig.java:626)
	at org.apache.catalina.startup.HostConfig.deployApps(HostConfig.java:511)
	at org.apache.catalina.startup.HostConfig.check(HostConfig.java:1232)
	at sun.reflect.NativeMethodAccessorImpl.invoke0(Native Method)
	at sun.reflect.NativeMethodAccessorImpl.invoke(NativeMethodAccessorImpl.java:39)
	at sun.reflect.DelegatingMethodAccessorImpl.invoke(DelegatingMethodAccessorImpl.java:25)
	at java.lang.reflect.Method.invoke(Method.java:592)
	at org.apache.commons.modeler.BaseModelMBean.invoke(BaseModelMBean.java:458)
	at com.sun.jmx.mbeanserver.DynamicMetaDataImpl.invoke(DynamicMetaDataImpl.java:213)
	at com.sun.jmx.mbeanserver.MetaDataImpl.invoke(MetaDataImpl.java:220)
	at com.sun.jmx.interceptor.DefaultMBeanServerInterceptor.invoke(DefaultMBeanServerInterceptor.java:815)
	at com.sun.jmx.mbeanserver.JmxMBeanServer.invoke(JmxMBeanServer.java:784)
	at org.apache.catalina.manager.ManagerServlet.check(ManagerServlet.java:1397)
	at org.apache.catalina.manager.ManagerServlet.deploy(ManagerServlet.java:812)
	at org.apache.catalina.manager.ManagerServlet.doGet(ManagerServlet.java:344)
	at javax.servlet.http.HttpServlet.service(HttpServlet.java:627)
	at javax.servlet.http.HttpServlet.service(HttpServlet.java:729)
	at org.apache.catalina.core.ApplicationFilterChain.internalDoFilter(ApplicationFilterChain.java:269)
	at org.apache.catalina.core.ApplicationFilterChain.doFilter(ApplicationFilterChain.java:188)
	at org.apache.catalina.core.StandardWrapperValve.invoke(StandardWrapperValve.java:213)
	at org.apache.catalina.core.StandardContextValve.invoke(StandardContextValve.java:172)
	at org.apache.catalina.authenticator.AuthenticatorBase.invoke(AuthenticatorBase.java:525)
	at org.apache.catalina.core.StandardHostValve.invoke(StandardHostValve.java:127)
	at org.apache.catalina.valves.ErrorReportValve.invoke(ErrorReportValve.java:117)
	at org.apache.catalina.core.StandardEngineValve.invoke(StandardEngineValve.java:108)
	at org.apache.catalina.connector.CoyoteAdapter.service(CoyoteAdapter.java:174)
	at org.apache.coyote.http11.Http11Processor.process(Http11Processor.java:873)
	at org.apache.coyote.http11.Http11BaseProtocol$Http11ConnectionHandler.processConnection(Http11BaseProtocol.java:665)
	at org.apache.tomcat.util.net.PoolTcpEndpoint.processSocket(PoolTcpEndpoint.java:528)
	at org.apache.tomcat.util.net.LeaderFollowerWorkerThread.runIt(LeaderFollowerWorkerThread.java:81)
	at org.apache.tomcat.util.threads.ThreadPool$ControlRunnable.run(ThreadPool.java:689)
	at java.lang.Thread.run(Thread.java:595)
Caused by: java.lang.OutOfMemoryError: Java heap space
	at java.io.ByteArrayOutputStream.toByteArray(ByteArrayOutputStream.java:136)
	at com.sun.xml.bind.v2.bytecode.ClassTailor.tailor(ClassTailor.java:194)
	at com.sun.xml.bind.v2.runtime.reflect.opt.AccessorInjector.tailor(AccessorInjector.java:122)
	at com.sun.xml.bind.v2.runtime.reflect.opt.AccessorInjector.prepare(AccessorInjector.java:81)
	at com.sun.xml.bind.v2.runtime.reflect.opt.OptimizedAccessorFactory.get(OptimizedAccessorFactory.java:165)
	at com.sun.xml.bind.v2.runtime.reflect.Accessor$FieldReflection.optimize(Accessor.java:256)
	at com.sun.xml.bind.v2.runtime.reflect.TransducedAccessor$CompositeTransducedAccessorImpl.<init>(TransducedAccessor.java:231)
	at com.sun.xml.bind.v2.runtime.reflect.TransducedAccessor.get(TransducedAccessor.java:173)
	at com.sun.xml.bind.v2.runtime.property.AttributeProperty.<init>(AttributeProperty.java:87)
	at com.sun.xml.bind.v2.runtime.property.PropertyFactory.create(PropertyFactory.java:104)
	at com.sun.xml.bind.v2.runtime.ClassBeanInfoImpl.<init>(ClassBeanInfoImpl.java:179)
	at com.sun.xml.bind.v2.runtime.JAXBContextImpl.getOrCreate(JAXBContextImpl.java:515)
	at com.sun.xml.bind.v2.runtime.JAXBContextImpl.<init>(JAXBContextImpl.java:330)
	at com.sun.xml.bind.v2.runtime.JAXBContextImpl$JAXBContextBuilder.build(JAXBContextImpl.java:1140)
	at com.sun.xml.bind.v2.ContextFactory.createContext(ContextFactory.java:154)
	at com.sun.xml.bind.v2.ContextFactory.createContext(ContextFactory.java:121)
	at com.sun.xml.bind.v2.ContextFactory.createContext(ContextFactory.java:202)
	at sun.reflect.NativeMethodAccessorImpl.invoke0(Native Method)
	at sun.reflect.NativeMethodAccessorImpl.invoke(NativeMethodAccessorImpl.java:39)
	at sun.reflect.DelegatingMethodAccessorImpl.invoke(DelegatingMethodAccessorImpl.java:25)
	at java.lang.reflect.Method.invoke(Method.java:592)
	at javax.xml.bind.ContextFinder.newInstance(ContextFinder.java:127)
	at javax.xml.bind.ContextFinder.find(ContextFinder.java:276)
	at javax.xml.bind.JAXBContext.newInstance(JAXBContext.java:412)
	at javax.xml.bind.JAXBContext.newInstance(JAXBContext.java:375)
	at javax.xml.bind.JAXBContext.newInstance(JAXBContext.java:279)
	at com.sun.xml.ws.assembler.MetroConfigLoader.loadMetroConfig(MetroConfigLoader.java:207)
	at com.sun.xml.ws.assembler.MetroConfigLoader.<init>(MetroConfigLoader.java:110)
	at com.sun.xml.ws.assembler.MetroConfigLoader.<init>(MetroConfigLoader.java:100)
	at com.sun.xml.ws.assembler.TubelineAssemblyController.getTubeCreators(TubelineAssemblyController.java:110)
	at com.sun.xml.ws.assembler.TubelineAssemblerFactoryImpl$MetroTubelineAssembler.createServer(TubelineAssemblerFactoryImpl.java:151)
	at com.sun.xml.ws.server.WSEndpointImpl.<init>(WSEndpointImpl.java:157)
2 ¸.¤. 2553 11:31:58 org.apache.catalina.core.StandardContext listenerStart
SEVERE: Exception sending context initialized event to listener instance of class com.sun.xml.ws.transport.http.servlet.WSServletContextListener
com.sun.xml.ws.transport.http.servlet.WSServletException: WSSERVLET11: failed to parse runtime descriptor: java.lang.OutOfMemoryError: Java heap space
	at com.sun.xml.ws.transport.http.servlet.WSServletContextListener.contextInitialized(WSServletContextListener.java:139)
	at org.apache.catalina.core.StandardContext.listenerStart(StandardContext.java:3795)
	at org.apache.catalina.core.StandardContext.start(StandardContext.java:4252)
	at org.apache.catalina.manager.ManagerServlet.start(ManagerServlet.java:1173)
	at org.apache.catalina.manager.ManagerServlet.doGet(ManagerServlet.java:369)
	at javax.servlet.http.HttpServlet.service(HttpServlet.java:627)
	at javax.servlet.http.HttpServlet.service(HttpServlet.java:729)
	at org.apache.catalina.core.ApplicationFilterChain.internalDoFilter(ApplicationFilterChain.java:269)
	at org.apache.catalina.core.ApplicationFilterChain.doFilter(ApplicationFilterChain.java:188)
	at org.apache.catalina.core.StandardWrapperValve.invoke(StandardWrapperValve.java:213)
	at org.apache.catalina.core.StandardContextValve.invoke(StandardContextValve.java:172)
	at org.apache.catalina.authenticator.AuthenticatorBase.invoke(AuthenticatorBase.java:525)
	at org.apache.catalina.core.StandardHostValve.invoke(StandardHostValve.java:127)
	at org.apache.catalina.valves.ErrorReportValve.invoke(ErrorReportValve.java:117)
	at org.apache.catalina.core.StandardEngineValve.invoke(StandardEngineValve.java:108)
	at org.apache.catalina.connector.CoyoteAdapter.service(CoyoteAdapter.java:174)
	at org.apache.coyote.http11.Http11Processor.process(Http11Processor.java:873)
	at org.apache.coyote.http11.Http11BaseProtocol$Http11ConnectionHandler.processConnection(Http11BaseProtocol.java:665)
	at org.apache.tomcat.util.net.PoolTcpEndpoint.processSocket(PoolTcpEndpoint.java:528)
	at org.apache.tomcat.util.net.LeaderFollowerWorkerThread.runIt(LeaderFollowerWorkerThread.java:81)
	at org.apache.tomcat.util.threads.ThreadPool$ControlRunnable.run(ThreadPool.java:689)
	at java.lang.Thread.run(Thread.java:595)
Caused by: java.lang.OutOfMemoryError: Java heap space
2 ¸.¤. 2553 11:37:17 org.apache.catalina.core.StandardContext listenerStart
SEVERE: Exception sending context initialized event to listener instance of class com.sun.xml.ws.transport.http.servlet.WSServletContextListener
com.sun.xml.ws.transport.http.servlet.WSServletException: WSSERVLET11: failed to parse runtime descriptor: java.lang.OutOfMemoryError: Java heap space
	at com.sun.xml.ws.transport.http.servlet.WSServletContextListener.contextInitialized(WSServletContextListener.java:139)
	at org.apache.catalina.core.StandardContext.listenerStart(StandardContext.java:3795)
	at org.apache.catalina.core.StandardContext.start(StandardContext.java:4252)
	at org.apache.catalina.core.ContainerBase.addChildInternal(ContainerBase.java:760)
	at org.apache.catalina.core.ContainerBase.addChild(ContainerBase.java:740)
	at org.apache.catalina.core.StandardHost.addChild(StandardHost.java:544)
	at org.apache.catalina.startup.HostConfig.deployDescriptor(HostConfig.java:626)
	at org.apache.catalina.startup.HostConfig.deployApps(HostConfig.java:511)
	at org.apache.catalina.startup.HostConfig.check(HostConfig.java:1232)
	at sun.reflect.NativeMethodAccessorImpl.invoke0(Native Method)
	at sun.reflect.NativeMethodAccessorImpl.invoke(NativeMethodAccessorImpl.java:39)
	at sun.reflect.DelegatingMethodAccessorImpl.invoke(DelegatingMethodAccessorImpl.java:25)
	at java.lang.reflect.Method.invoke(Method.java:592)
	at org.apache.commons.modeler.BaseModelMBean.invoke(BaseModelMBean.java:458)
	at com.sun.jmx.mbeanserver.DynamicMetaDataImpl.invoke(DynamicMetaDataImpl.java:213)
	at com.sun.jmx.mbeanserver.MetaDataImpl.invoke(MetaDataImpl.java:220)
	at com.sun.jmx.interceptor.DefaultMBeanServerInterceptor.invoke(DefaultMBeanServerInterceptor.java:815)
	at com.sun.jmx.mbeanserver.JmxMBeanServer.invoke(JmxMBeanServer.java:784)
	at org.apache.catalina.manager.ManagerServlet.check(ManagerServlet.java:1397)
	at org.apache.catalina.manager.ManagerServlet.deploy(ManagerServlet.java:812)
	at org.apache.catalina.manager.ManagerServlet.doGet(ManagerServlet.java:344)
	at javax.servlet.http.HttpServlet.service(HttpServlet.java:627)
	at javax.servlet.http.HttpServlet.service(HttpServlet.java:729)
	at org.apache.catalina.core.ApplicationFilterChain.internalDoFilter(ApplicationFilterChain.java:269)
	at org.apache.catalina.core.ApplicationFilterChain.doFilter(ApplicationFilterChain.java:188)
	at org.apache.catalina.core.StandardWrapperValve.invoke(StandardWrapperValve.java:213)
	at org.apache.catalina.core.StandardContextValve.invoke(StandardContextValve.java:172)
	at org.apache.catalina.authenticator.AuthenticatorBase.invoke(AuthenticatorBase.java:525)
	at org.apache.catalina.core.StandardHostValve.invoke(StandardHostValve.java:127)
	at org.apache.catalina.valves.ErrorReportValve.invoke(ErrorReportValve.java:117)
	at org.apache.catalina.core.StandardEngineValve.invoke(StandardEngineValve.java:108)
	at org.apache.catalina.connector.CoyoteAdapter.service(CoyoteAdapter.java:174)
	at org.apache.coyote.http11.Http11Processor.process(Http11Processor.java:873)
	at org.apache.coyote.http11.Http11BaseProtocol$Http11ConnectionHandler.processConnection(Http11BaseProtocol.java:665)
	at org.apache.tomcat.util.net.PoolTcpEndpoint.processSocket(PoolTcpEndpoint.java:528)
	at org.apache.tomcat.util.net.LeaderFollowerWorkerThread.runIt(LeaderFollowerWorkerThread.java:81)
	at org.apache.tomcat.util.threads.ThreadPool$ControlRunnable.run(ThreadPool.java:689)
	at java.lang.Thread.run(Thread.java:595)
Caused by: java.lang.OutOfMemoryError: Java heap space
2 ¸.¤. 2553 11:39:36 org.apache.catalina.core.StandardContext listenerStart
SEVERE: Exception sending context initialized event to listener instance of class com.sun.xml.ws.transport.http.servlet.WSServletContextListener
com.sun.xml.ws.transport.http.servlet.WSServletException: WSSERVLET11: failed to parse runtime descriptor: java.lang.OutOfMemoryError: Java heap space
	at com.sun.xml.ws.transport.http.servlet.WSServletContextListener.contextInitialized(WSServletContextListener.java:139)
	at org.apache.catalina.core.StandardContext.listenerStart(StandardContext.java:3795)
	at org.apache.catalina.core.StandardContext.start(StandardContext.java:4252)
	at org.apache.catalina.manager.ManagerServlet.start(ManagerServlet.java:1173)
	at org.apache.catalina.manager.ManagerServlet.doGet(ManagerServlet.java:369)
	at javax.servlet.http.HttpServlet.service(HttpServlet.java:627)
	at javax.servlet.http.HttpServlet.service(HttpServlet.java:729)
	at org.apache.catalina.core.ApplicationFilterChain.internalDoFilter(ApplicationFilterChain.java:269)
	at org.apache.catalina.core.ApplicationFilterChain.doFilter(ApplicationFilterChain.java:188)
	at org.apache.catalina.core.StandardWrapperValve.invoke(StandardWrapperValve.java:213)
	at org.apache.catalina.core.StandardContextValve.invoke(StandardContextValve.java:172)
	at org.apache.catalina.authenticator.AuthenticatorBase.invoke(AuthenticatorBase.java:525)
	at org.apache.catalina.core.StandardHostValve.invoke(StandardHostValve.java:127)
	at org.apache.catalina.valves.ErrorReportValve.invoke(ErrorReportValve.java:117)
	at org.apache.catalina.core.StandardEngineValve.invoke(StandardEngineValve.java:108)
	at org.apache.catalina.connector.CoyoteAdapter.service(CoyoteAdapter.java:174)
	at org.apache.coyote.http11.Http11Processor.process(Http11Processor.java:873)
	at org.apache.coyote.http11.Http11BaseProtocol$Http11ConnectionHandler.processConnection(Http11BaseProtocol.java:665)
	at org.apache.tomcat.util.net.PoolTcpEndpoint.processSocket(PoolTcpEndpoint.java:528)
	at org.apache.tomcat.util.net.LeaderFollowerWorkerThread.runIt(LeaderFollowerWorkerThread.java:81)
	at org.apache.tomcat.util.threads.ThreadPool$ControlRunnable.run(ThreadPool.java:689)
	at java.lang.Thread.run(Thread.java:595)
Caused by: java.lang.OutOfMemoryError: Java heap space
2 ¸.¤. 2553 11:43:32 org.apache.catalina.core.StandardContext listenerStart
SEVERE: Exception sending context initialized event to listener instance of class com.sun.xml.ws.transport.http.servlet.WSServletContextListener
com.sun.xml.ws.transport.http.servlet.WSServletException: WSSERVLET11: failed to parse runtime descriptor: java.lang.OutOfMemoryError: Java heap space
	at com.sun.xml.ws.transport.http.servlet.WSServletContextListener.contextInitialized(WSServletContextListener.java:139)
	at org.apache.catalina.core.StandardContext.listenerStart(StandardContext.java:3795)
	at org.apache.catalina.core.StandardContext.start(StandardContext.java:4252)
	at org.apache.catalina.core.ContainerBase.addChildInternal(ContainerBase.java:760)
	at org.apache.catalina.core.ContainerBase.addChild(ContainerBase.java:740)
	at org.apache.catalina.core.StandardHost.addChild(StandardHost.java:544)
	at org.apache.catalina.startup.HostConfig.deployDescriptor(HostConfig.java:626)
	at org.apache.catalina.startup.HostConfig.deployApps(HostConfig.java:511)
	at org.apache.catalina.startup.HostConfig.check(HostConfig.java:1232)
	at sun.reflect.NativeMethodAccessorImpl.invoke0(Native Method)
	at sun.reflect.NativeMethodAccessorImpl.invoke(NativeMethodAccessorImpl.java:39)
	at sun.reflect.DelegatingMethodAccessorImpl.invoke(DelegatingMethodAccessorImpl.java:25)
	at java.lang.reflect.Method.invoke(Method.java:592)
	at org.apache.commons.modeler.BaseModelMBean.invoke(BaseModelMBean.java:458)
	at com.sun.jmx.mbeanserver.DynamicMetaDataImpl.invoke(DynamicMetaDataImpl.java:213)
	at com.sun.jmx.mbeanserver.MetaDataImpl.invoke(MetaDataImpl.java:220)
	at com.sun.jmx.interceptor.DefaultMBeanServerInterceptor.invoke(DefaultMBeanServerInterceptor.java:815)
	at com.sun.jmx.mbeanserver.JmxMBeanServer.invoke(JmxMBeanServer.java:784)
	at org.apache.catalina.manager.ManagerServlet.check(ManagerServlet.java:1397)
	at org.apache.catalina.manager.ManagerServlet.deploy(ManagerServlet.java:812)
	at org.apache.catalina.manager.ManagerServlet.doGet(ManagerServlet.java:344)
	at javax.servlet.http.HttpServlet.service(HttpServlet.java:627)
	at javax.servlet.http.HttpServlet.service(HttpServlet.java:729)
	at org.apache.catalina.core.ApplicationFilterChain.internalDoFilter(ApplicationFilterChain.java:269)
	at org.apache.catalina.core.ApplicationFilterChain.doFilter(ApplicationFilterChain.java:188)
	at org.apache.catalina.core.StandardWrapperValve.invoke(StandardWrapperValve.java:213)
	at org.apache.catalina.core.StandardContextValve.invoke(StandardContextValve.java:172)
	at org.apache.catalina.authenticator.AuthenticatorBase.invoke(AuthenticatorBase.java:525)
	at org.apache.catalina.core.StandardHostValve.invoke(StandardHostValve.java:127)
	at org.apache.catalina.valves.ErrorReportValve.invoke(ErrorReportValve.java:117)
	at org.apache.catalina.core.StandardEngineValve.invoke(StandardEngineValve.java:108)
	at org.apache.catalina.connector.CoyoteAdapter.service(CoyoteAdapter.java:174)
	at org.apache.coyote.http11.Http11Processor.process(Http11Processor.java:873)
	at org.apache.coyote.http11.Http11BaseProtocol$Http11ConnectionHandler.processConnection(Http11BaseProtocol.java:665)
	at org.apache.tomcat.util.net.PoolTcpEndpoint.processSocket(PoolTcpEndpoint.java:528)
	at org.apache.tomcat.util.net.LeaderFollowerWorkerThread.runIt(LeaderFollowerWorkerThread.java:81)
	at org.apache.tomcat.util.threads.ThreadPool$ControlRunnable.run(ThreadPool.java:689)
	at java.lang.Thread.run(Thread.java:595)
Caused by: java.lang.OutOfMemoryError: Java heap space
2 ¸.¤. 2553 11:43:42 org.apache.catalina.core.ApplicationContext log
INFO: SessionListener: contextDestroyed()
2 ¸.¤. 2553 11:43:42 org.apache.catalina.core.ApplicationContext log
INFO: ContextListener: contextDestroyed()
2 ¸.¤. 2553 11:43:43 org.apache.catalina.core.ApplicationContext log
INFO: SessionListener: contextDestroyed()
2 ¸.¤. 2553 11:43:43 org.apache.catalina.core.ApplicationContext log
INFO: ContextListener: contextDestroyed()
2 ¸.¤. 2553 23:15:44 org.apache.catalina.core.ApplicationContext log
INFO: org.apache.webapp.balancer.BalancerFilter: init(): ruleChain: [org.apache.webapp.balancer.RuleChain: [org.apache.webapp.balancer.rules.URLStringMatchRule: Target string: News / Redirect URL: http://www.cnn.com], [org.apache.webapp.balancer.rules.RequestParameterRule: Target param name: paramName / Target param value: paramValue / Redirect URL: http://www.yahoo.com], [org.apache.webapp.balancer.rules.AcceptEverythingRule: Redirect URL: http://jakarta.apache.org]]
2 ¸.¤. 2553 23:15:44 org.apache.catalina.core.ApplicationContext log
INFO: ContextListener: contextInitialized()
2 ¸.¤. 2553 23:15:44 org.apache.catalina.core.ApplicationContext log
INFO: SessionListener: contextInitialized()
2 ¸.¤. 2553 23:15:46 org.apache.catalina.core.ApplicationContext log
INFO: ContextListener: contextInitialized()
2 ¸.¤. 2553 23:15:46 org.apache.catalina.core.ApplicationContext log
INFO: SessionListener: contextInitialized()
2 ¸.¤. 2553 23:18:48 org.apache.catalina.core.StandardContext listenerStart
SEVERE: Exception sending context initialized event to listener instance of class com.sun.xml.ws.transport.http.servlet.WSServletContextListener
com.sun.xml.ws.transport.http.servlet.WSServletException: WSSERVLET11: failed to parse runtime descriptor: java.lang.OutOfMemoryError: Java heap space
	at com.sun.xml.ws.transport.http.servlet.WSServletContextListener.contextInitialized(WSServletContextListener.java:139)
	at org.apache.catalina.core.StandardContext.listenerStart(StandardContext.java:3795)
	at org.apache.catalina.core.StandardContext.start(StandardContext.java:4252)
	at org.apache.catalina.core.ContainerBase.addChildInternal(ContainerBase.java:760)
	at org.apache.catalina.core.ContainerBase.addChild(ContainerBase.java:740)
	at org.apache.catalina.core.StandardHost.addChild(StandardHost.java:544)
	at org.apache.catalina.startup.HostConfig.deployDescriptor(HostConfig.java:626)
	at org.apache.catalina.startup.HostConfig.deployApps(HostConfig.java:511)
	at org.apache.catalina.startup.HostConfig.check(HostConfig.java:1232)
	at sun.reflect.NativeMethodAccessorImpl.invoke0(Native Method)
	at sun.reflect.NativeMethodAccessorImpl.invoke(NativeMethodAccessorImpl.java:39)
	at sun.reflect.DelegatingMethodAccessorImpl.invoke(DelegatingMethodAccessorImpl.java:25)
	at java.lang.reflect.Method.invoke(Method.java:592)
	at org.apache.commons.modeler.BaseModelMBean.invoke(BaseModelMBean.java:458)
	at com.sun.jmx.mbeanserver.DynamicMetaDataImpl.invoke(DynamicMetaDataImpl.java:213)
	at com.sun.jmx.mbeanserver.MetaDataImpl.invoke(MetaDataImpl.java:220)
	at com.sun.jmx.interceptor.DefaultMBeanServerInterceptor.invoke(DefaultMBeanServerInterceptor.java:815)
	at com.sun.jmx.mbeanserver.JmxMBeanServer.invoke(JmxMBeanServer.java:784)
	at org.apache.catalina.manager.ManagerServlet.check(ManagerServlet.java:1397)
	at org.apache.catalina.manager.ManagerServlet.deploy(ManagerServlet.java:812)
	at org.apache.catalina.manager.ManagerServlet.doGet(ManagerServlet.java:344)
	at javax.servlet.http.HttpServlet.service(HttpServlet.java:627)
	at javax.servlet.http.HttpServlet.service(HttpServlet.java:729)
	at org.apache.catalina.core.ApplicationFilterChain.internalDoFilter(ApplicationFilterChain.java:269)
	at org.apache.catalina.core.ApplicationFilterChain.doFilter(ApplicationFilterChain.java:188)
	at org.apache.catalina.core.StandardWrapperValve.invoke(StandardWrapperValve.java:213)
	at org.apache.catalina.core.StandardContextValve.invoke(StandardContextValve.java:172)
	at org.apache.catalina.authenticator.AuthenticatorBase.invoke(AuthenticatorBase.java:525)
	at org.apache.catalina.core.StandardHostValve.invoke(StandardHostValve.java:127)
	at org.apache.catalina.valves.ErrorReportValve.invoke(ErrorReportValve.java:117)
	at org.apache.catalina.core.StandardEngineValve.invoke(StandardEngineValve.java:108)
	at org.apache.catalina.connector.CoyoteAdapter.service(CoyoteAdapter.java:174)
	at org.apache.coyote.http11.Http11Processor.process(Http11Processor.java:873)
	at org.apache.coyote.http11.Http11BaseProtocol$Http11ConnectionHandler.processConnection(Http11BaseProtocol.java:665)
	at org.apache.tomcat.util.net.PoolTcpEndpoint.processSocket(PoolTcpEndpoint.java:528)
	at org.apache.tomcat.util.net.LeaderFollowerWorkerThread.runIt(LeaderFollowerWorkerThread.java:81)
	at org.apache.tomcat.util.threads.ThreadPool$ControlRunnable.run(ThreadPool.java:689)
	at java.lang.Thread.run(Thread.java:595)
Caused by: java.lang.OutOfMemoryError: Java heap space
	at org.apache.catalina.loader.WebappClassLoader.findResourceInternal(WebappClassLoader.java:2117)
	at org.apache.catalina.loader.WebappClassLoader.findClassInternal(WebappClassLoader.java:1819)
	at org.apache.catalina.loader.WebappClassLoader.findClass(WebappClassLoader.java:889)
	at org.apache.catalina.loader.WebappClassLoader.loadClass(WebappClassLoader.java:1353)
	at org.apache.catalina.loader.WebappClassLoader.loadClass(WebappClassLoader.java:1232)
	at java.lang.ClassLoader.loadClassInternal(ClassLoader.java:319)
	at com.sun.xml.bind.v2.runtime.JAXBContextImpl.createUnmarshaller(JAXBContextImpl.java:776)
	at com.sun.xml.bind.v2.runtime.JAXBContextImpl.createUnmarshaller(JAXBContextImpl.java:141)
	at com.sun.xml.ws.assembler.MetroConfigLoader.loadMetroConfig(MetroConfigLoader.java:208)
	at com.sun.xml.ws.assembler.MetroConfigLoader.<init>(MetroConfigLoader.java:110)
	at com.sun.xml.ws.assembler.MetroConfigLoader.<init>(MetroConfigLoader.java:100)
	at com.sun.xml.ws.assembler.TubelineAssemblyController.getTubeCreators(TubelineAssemblyController.java:110)
	at com.sun.xml.ws.assembler.TubelineAssemblerFactoryImpl$MetroTubelineAssembler.createServer(TubelineAssemblerFactoryImpl.java:151)
	at com.sun.xml.ws.server.WSEndpointImpl.<init>(WSEndpointImpl.java:157)
	at com.sun.xml.ws.server.EndpointFactory.createEndpoint(EndpointFactory.java:232)
	at com.sun.xml.ws.api.server.WSEndpoint.create(WSEndpoint.java:505)
	at com.sun.xml.ws.transport.http.DeploymentDescriptorParser.parseAdapters(DeploymentDescriptorParser.java:253)
	at com.sun.xml.ws.transport.http.DeploymentDescriptorParser.parse(DeploymentDescriptorParser.java:147)
	at com.sun.xml.ws.transport.http.servlet.WSServletContextListener.contextInitialized(WSServletContextListener.java:124)
	at org.apache.catalina.core.StandardContext.listenerStart(StandardContext.java:3795)
	at org.apache.catalina.core.StandardContext.start(StandardContext.java:4252)
	at org.apache.catalina.core.ContainerBase.addChildInternal(ContainerBase.java:760)
	at org.apache.catalina.core.ContainerBase.addChild(ContainerBase.java:740)
	at org.apache.catalina.core.StandardHost.addChild(StandardHost.java:544)
	at org.apache.catalina.startup.HostConfig.deployDescriptor(HostConfig.java:626)
	at org.apache.catalina.startup.HostConfig.deployApps(HostConfig.java:511)
	at org.apache.catalina.startup.HostConfig.check(HostConfig.java:1232)
	at sun.reflect.NativeMethodAccessorImpl.invoke0(Native Method)
	at sun.reflect.NativeMethodAccessorImpl.invoke(NativeMethodAccessorImpl.java:39)
	at sun.reflect.DelegatingMethodAccessorImpl.invoke(DelegatingMethodAccessorImpl.java:25)
	at java.lang.reflect.Method.invoke(Method.java:592)
	at org.apache.commons.modeler.BaseModelMBean.invoke(BaseModelMBean.java:458)
2 ¸.¤. 2553 23:20:54 org.apache.catalina.core.StandardContext listenerStart
SEVERE: Exception sending context initialized event to listener instance of class com.sun.xml.ws.transport.http.servlet.WSServletContextListener
com.sun.xml.ws.transport.http.servlet.WSServletException: WSSERVLET11: failed to parse runtime descriptor: java.lang.OutOfMemoryError: Java heap space
	at com.sun.xml.ws.transport.http.servlet.WSServletContextListener.contextInitialized(WSServletContextListener.java:139)
	at org.apache.catalina.core.StandardContext.listenerStart(StandardContext.java:3795)
	at org.apache.catalina.core.StandardContext.start(StandardContext.java:4252)
	at org.apache.catalina.manager.ManagerServlet.start(ManagerServlet.java:1173)
	at org.apache.catalina.manager.ManagerServlet.doGet(ManagerServlet.java:369)
	at javax.servlet.http.HttpServlet.service(HttpServlet.java:627)
	at javax.servlet.http.HttpServlet.service(HttpServlet.java:729)
	at org.apache.catalina.core.ApplicationFilterChain.internalDoFilter(ApplicationFilterChain.java:269)
	at org.apache.catalina.core.ApplicationFilterChain.doFilter(ApplicationFilterChain.java:188)
	at org.apache.catalina.core.StandardWrapperValve.invoke(StandardWrapperValve.java:213)
	at org.apache.catalina.core.StandardContextValve.invoke(StandardContextValve.java:172)
	at org.apache.catalina.authenticator.AuthenticatorBase.invoke(AuthenticatorBase.java:525)
	at org.apache.catalina.core.StandardHostValve.invoke(StandardHostValve.java:127)
	at org.apache.catalina.valves.ErrorReportValve.invoke(ErrorReportValve.java:117)
	at org.apache.catalina.core.StandardEngineValve.invoke(StandardEngineValve.java:108)
	at org.apache.catalina.connector.CoyoteAdapter.service(CoyoteAdapter.java:174)
	at org.apache.coyote.http11.Http11Processor.process(Http11Processor.java:873)
	at org.apache.coyote.http11.Http11BaseProtocol$Http11ConnectionHandler.processConnection(Http11BaseProtocol.java:665)
	at org.apache.tomcat.util.net.PoolTcpEndpoint.processSocket(PoolTcpEndpoint.java:528)
	at org.apache.tomcat.util.net.LeaderFollowerWorkerThread.runIt(LeaderFollowerWorkerThread.java:81)
	at org.apache.tomcat.util.threads.ThreadPool$ControlRunnable.run(ThreadPool.java:689)
	at java.lang.Thread.run(Thread.java:595)
Caused by: java.lang.OutOfMemoryError: Java heap space
2 ¸.¤. 2553 23:30:12 org.apache.catalina.core.StandardContext listenerStart
SEVERE: Exception sending context initialized event to listener instance of class com.sun.xml.ws.transport.http.servlet.WSServletContextListener
com.sun.xml.ws.transport.http.servlet.WSServletException: WSSERVLET11: failed to parse runtime descriptor: java.lang.OutOfMemoryError: Java heap space
	at com.sun.xml.ws.transport.http.servlet.WSServletContextListener.contextInitialized(WSServletContextListener.java:139)
	at org.apache.catalina.core.StandardContext.listenerStart(StandardContext.java:3795)
	at org.apache.catalina.core.StandardContext.start(StandardContext.java:4252)
	at org.apache.catalina.core.ContainerBase.addChildInternal(ContainerBase.java:760)
	at org.apache.catalina.core.ContainerBase.addChild(ContainerBase.java:740)
	at org.apache.catalina.core.StandardHost.addChild(StandardHost.java:544)
	at org.apache.catalina.startup.HostConfig.deployDescriptor(HostConfig.java:626)
	at org.apache.catalina.startup.HostConfig.deployApps(HostConfig.java:511)
	at org.apache.catalina.startup.HostConfig.check(HostConfig.java:1232)
	at sun.reflect.NativeMethodAccessorImpl.invoke0(Native Method)
	at sun.reflect.NativeMethodAccessorImpl.invoke(NativeMethodAccessorImpl.java:39)
	at sun.reflect.DelegatingMethodAccessorImpl.invoke(DelegatingMethodAccessorImpl.java:25)
	at java.lang.reflect.Method.invoke(Method.java:592)
	at org.apache.commons.modeler.BaseModelMBean.invoke(BaseModelMBean.java:458)
	at com.sun.jmx.mbeanserver.DynamicMetaDataImpl.invoke(DynamicMetaDataImpl.java:213)
	at com.sun.jmx.mbeanserver.MetaDataImpl.invoke(MetaDataImpl.java:220)
	at com.sun.jmx.interceptor.DefaultMBeanServerInterceptor.invoke(DefaultMBeanServerInterceptor.java:815)
	at com.sun.jmx.mbeanserver.JmxMBeanServer.invoke(JmxMBeanServer.java:784)
	at org.apache.catalina.manager.ManagerServlet.check(ManagerServlet.java:1397)
	at org.apache.catalina.manager.ManagerServlet.deploy(ManagerServlet.java:812)
	at org.apache.catalina.manager.ManagerServlet.doGet(ManagerServlet.java:344)
	at javax.servlet.http.HttpServlet.service(HttpServlet.java:627)
	at javax.servlet.http.HttpServlet.service(HttpServlet.java:729)
	at org.apache.catalina.core.ApplicationFilterChain.internalDoFilter(ApplicationFilterChain.java:269)
	at org.apache.catalina.core.ApplicationFilterChain.doFilter(ApplicationFilterChain.java:188)
	at org.apache.catalina.core.StandardWrapperValve.invoke(StandardWrapperValve.java:213)
	at org.apache.catalina.core.StandardContextValve.invoke(StandardContextValve.java:172)
	at org.apache.catalina.authenticator.AuthenticatorBase.invoke(AuthenticatorBase.java:525)
	at org.apache.catalina.core.StandardHostValve.invoke(StandardHostValve.java:127)
	at org.apache.catalina.valves.ErrorReportValve.invoke(ErrorReportValve.java:117)
	at org.apache.catalina.core.StandardEngineValve.invoke(StandardEngineValve.java:108)
	at org.apache.catalina.connector.CoyoteAdapter.service(CoyoteAdapter.java:174)
	at org.apache.coyote.http11.Http11Processor.process(Http11Processor.java:873)
	at org.apache.coyote.http11.Http11BaseProtocol$Http11ConnectionHandler.processConnection(Http11BaseProtocol.java:665)
	at org.apache.tomcat.util.net.PoolTcpEndpoint.processSocket(PoolTcpEndpoint.java:528)
	at org.apache.tomcat.util.net.LeaderFollowerWorkerThread.runIt(LeaderFollowerWorkerThread.java:81)
	at org.apache.tomcat.util.threads.ThreadPool$ControlRunnable.run(ThreadPool.java:689)
	at java.lang.Thread.run(Thread.java:595)
Caused by: java.lang.OutOfMemoryError: Java heap space
2 ¸.¤. 2553 23:32:20 org.apache.catalina.core.StandardContext listenerStart
SEVERE: Exception sending context initialized event to listener instance of class com.sun.xml.ws.transport.http.servlet.WSServletContextListener
com.sun.xml.ws.transport.http.servlet.WSServletException: WSSERVLET11: failed to parse runtime descriptor: java.lang.OutOfMemoryError: Java heap space
	at com.sun.xml.ws.transport.http.servlet.WSServletContextListener.contextInitialized(WSServletContextListener.java:139)
	at org.apache.catalina.core.StandardContext.listenerStart(StandardContext.java:3795)
	at org.apache.catalina.core.StandardContext.start(StandardContext.java:4252)
	at org.apache.catalina.manager.ManagerServlet.start(ManagerServlet.java:1173)
	at org.apache.catalina.manager.ManagerServlet.doGet(ManagerServlet.java:369)
	at javax.servlet.http.HttpServlet.service(HttpServlet.java:627)
	at javax.servlet.http.HttpServlet.service(HttpServlet.java:729)
	at org.apache.catalina.core.ApplicationFilterChain.internalDoFilter(ApplicationFilterChain.java:269)
	at org.apache.catalina.core.ApplicationFilterChain.doFilter(ApplicationFilterChain.java:188)
	at org.apache.catalina.core.StandardWrapperValve.invoke(StandardWrapperValve.java:213)
	at org.apache.catalina.core.StandardContextValve.invoke(StandardContextValve.java:172)
	at org.apache.catalina.authenticator.AuthenticatorBase.invoke(AuthenticatorBase.java:525)
	at org.apache.catalina.core.StandardHostValve.invoke(StandardHostValve.java:127)
	at org.apache.catalina.valves.ErrorReportValve.invoke(ErrorReportValve.java:117)
	at org.apache.catalina.core.StandardEngineValve.invoke(StandardEngineValve.java:108)
	at org.apache.catalina.connector.CoyoteAdapter.service(CoyoteAdapter.java:174)
	at org.apache.coyote.http11.Http11Processor.process(Http11Processor.java:873)
	at org.apache.coyote.http11.Http11BaseProtocol$Http11ConnectionHandler.processConnection(Http11BaseProtocol.java:665)
	at org.apache.tomcat.util.net.PoolTcpEndpoint.processSocket(PoolTcpEndpoint.java:528)
	at org.apache.tomcat.util.net.LeaderFollowerWorkerThread.runIt(LeaderFollowerWorkerThread.java:81)
	at org.apache.tomcat.util.threads.ThreadPool$ControlRunnable.run(ThreadPool.java:689)
	at java.lang.Thread.run(Thread.java:595)
Caused by: java.lang.OutOfMemoryError: Java heap space
2 ¸.¤. 2553 23:36:28 org.apache.catalina.core.StandardContext listenerStart
SEVERE: Exception sending context initialized event to listener instance of class com.sun.xml.ws.transport.http.servlet.WSServletContextListener
com.sun.xml.ws.transport.http.servlet.WSServletException: WSSERVLET11: failed to parse runtime descriptor: java.lang.OutOfMemoryError: Java heap space
	at com.sun.xml.ws.transport.http.servlet.WSServletContextListener.contextInitialized(WSServletContextListener.java:139)
	at org.apache.catalina.core.StandardContext.listenerStart(StandardContext.java:3795)
	at org.apache.catalina.core.StandardContext.start(StandardContext.java:4252)
	at org.apache.catalina.core.ContainerBase.addChildInternal(ContainerBase.java:760)
	at org.apache.catalina.core.ContainerBase.addChild(ContainerBase.java:740)
	at org.apache.catalina.core.StandardHost.addChild(StandardHost.java:544)
	at org.apache.catalina.startup.HostConfig.deployDescriptor(HostConfig.java:626)
	at org.apache.catalina.startup.HostConfig.deployApps(HostConfig.java:511)
	at org.apache.catalina.startup.HostConfig.check(HostConfig.java:1232)
	at sun.reflect.NativeMethodAccessorImpl.invoke0(Native Method)
	at sun.reflect.NativeMethodAccessorImpl.invoke(NativeMethodAccessorImpl.java:39)
	at sun.reflect.DelegatingMethodAccessorImpl.invoke(DelegatingMethodAccessorImpl.java:25)
	at java.lang.reflect.Method.invoke(Method.java:592)
	at org.apache.commons.modeler.BaseModelMBean.invoke(BaseModelMBean.java:458)
	at com.sun.jmx.mbeanserver.DynamicMetaDataImpl.invoke(DynamicMetaDataImpl.java:213)
	at com.sun.jmx.mbeanserver.MetaDataImpl.invoke(MetaDataImpl.java:220)
	at com.sun.jmx.interceptor.DefaultMBeanServerInterceptor.invoke(DefaultMBeanServerInterceptor.java:815)
	at com.sun.jmx.mbeanserver.JmxMBeanServer.invoke(JmxMBeanServer.java:784)
	at org.apache.catalina.manager.ManagerServlet.check(ManagerServlet.java:1397)
	at org.apache.catalina.manager.ManagerServlet.deploy(ManagerServlet.java:812)
	at org.apache.catalina.manager.ManagerServlet.doGet(ManagerServlet.java:344)
	at javax.servlet.http.HttpServlet.service(HttpServlet.java:627)
	at javax.servlet.http.HttpServlet.service(HttpServlet.java:729)
	at org.apache.catalina.core.ApplicationFilterChain.internalDoFilter(ApplicationFilterChain.java:269)
	at org.apache.catalina.core.ApplicationFilterChain.doFilter(ApplicationFilterChain.java:188)
	at org.apache.catalina.core.StandardWrapperValve.invoke(StandardWrapperValve.java:213)
	at org.apache.catalina.core.StandardContextValve.invoke(StandardContextValve.java:172)
	at org.apache.catalina.authenticator.AuthenticatorBase.invoke(AuthenticatorBase.java:525)
	at org.apache.catalina.core.StandardHostValve.invoke(StandardHostValve.java:127)
	at org.apache.catalina.valves.ErrorReportValve.invoke(ErrorReportValve.java:117)
	at org.apache.catalina.core.StandardEngineValve.invoke(StandardEngineValve.java:108)
	at org.apache.catalina.connector.CoyoteAdapter.service(CoyoteAdapter.java:174)
	at org.apache.coyote.http11.Http11Processor.process(Http11Processor.java:873)
	at org.apache.coyote.http11.Http11BaseProtocol$Http11ConnectionHandler.processConnection(Http11BaseProtocol.java:665)
	at org.apache.tomcat.util.net.PoolTcpEndpoint.processSocket(PoolTcpEndpoint.java:528)
	at org.apache.tomcat.util.net.LeaderFollowerWorkerThread.runIt(LeaderFollowerWorkerThread.java:81)
	at org.apache.tomcat.util.threads.ThreadPool$ControlRunnable.run(ThreadPool.java:689)
	at java.lang.Thread.run(Thread.java:595)
Caused by: java.lang.OutOfMemoryError: Java heap space
2 ¸.¤. 2553 23:38:46 org.apache.catalina.core.StandardContext listenerStart
SEVERE: Exception sending context initialized event to listener instance of class com.sun.xml.ws.transport.http.servlet.WSServletContextListener
com.sun.xml.ws.transport.http.servlet.WSServletException: WSSERVLET11: failed to parse runtime descriptor: java.lang.OutOfMemoryError: Java heap space
	at com.sun.xml.ws.transport.http.servlet.WSServletContextListener.contextInitialized(WSServletContextListener.java:139)
	at org.apache.catalina.core.StandardContext.listenerStart(StandardContext.java:3795)
	at org.apache.catalina.core.StandardContext.start(StandardContext.java:4252)
	at org.apache.catalina.manager.ManagerServlet.start(ManagerServlet.java:1173)
	at org.apache.catalina.manager.ManagerServlet.doGet(ManagerServlet.java:369)
	at javax.servlet.http.HttpServlet.service(HttpServlet.java:627)
	at javax.servlet.http.HttpServlet.service(HttpServlet.java:729)
	at org.apache.catalina.core.ApplicationFilterChain.internalDoFilter(ApplicationFilterChain.java:269)
	at org.apache.catalina.core.ApplicationFilterChain.doFilter(ApplicationFilterChain.java:188)
	at org.apache.catalina.core.StandardWrapperValve.invoke(StandardWrapperValve.java:213)
	at org.apache.catalina.core.StandardContextValve.invoke(StandardContextValve.java:172)
	at org.apache.catalina.authenticator.AuthenticatorBase.invoke(AuthenticatorBase.java:525)
	at org.apache.catalina.core.StandardHostValve.invoke(StandardHostValve.java:127)
	at org.apache.catalina.valves.ErrorReportValve.invoke(ErrorReportValve.java:117)
	at org.apache.catalina.core.StandardEngineValve.invoke(StandardEngineValve.java:108)
	at org.apache.catalina.connector.CoyoteAdapter.service(CoyoteAdapter.java:174)
	at org.apache.coyote.http11.Http11Processor.process(Http11Processor.java:873)
	at org.apache.coyote.http11.Http11BaseProtocol$Http11ConnectionHandler.processConnection(Http11BaseProtocol.java:665)
	at org.apache.tomcat.util.net.PoolTcpEndpoint.processSocket(PoolTcpEndpoint.java:528)
	at org.apache.tomcat.util.net.LeaderFollowerWorkerThread.runIt(LeaderFollowerWorkerThread.java:81)
	at org.apache.tomcat.util.threads.ThreadPool$ControlRunnable.run(ThreadPool.java:689)
	at java.lang.Thread.run(Thread.java:595)
Caused by: java.lang.OutOfMemoryError: Java heap space
2 ¸.¤. 2553 23:45:32 org.apache.catalina.core.ApplicationContext log
INFO: SessionListener: contextDestroyed()
2 ¸.¤. 2553 23:45:32 org.apache.catalina.core.ApplicationContext log
INFO: ContextListener: contextDestroyed()
2 ¸.¤. 2553 23:45:33 org.apache.catalina.core.ApplicationContext log
INFO: SessionListener: contextDestroyed()
2 ¸.¤. 2553 23:45:33 org.apache.catalina.core.ApplicationContext log
INFO: ContextListener: contextDestroyed()
