21 µ.¤. 2554 12:08:17 org.apache.catalina.core.ApplicationContext log
INFO: Manager: init: Associated with Deployer 'Catalina:type=Deployer,host=localhost'
21 µ.¤. 2554 12:08:17 org.apache.catalina.core.ApplicationContext log
INFO: Manager: init: Global resources are available
21 µ.¤. 2554 12:08:17 org.apache.catalina.core.ApplicationContext log
INFO: Manager: list: Listing contexts for virtual host 'localhost'
21 µ.¤. 2554 12:08:17 org.apache.catalina.core.ApplicationContext log
INFO: Manager: list: Listing contexts for virtual host 'localhost'
21 µ.¤. 2554 12:08:17 org.apache.catalina.core.ApplicationContext log
INFO: Manager: undeploy: Undeploying web application at '/OffcodeService'
21 µ.¤. 2554 12:08:18 org.apache.catalina.core.ApplicationContext log
INFO: Manager: install: Installing context configuration at 'file:/C:/Users/ADMINI~1/AppData/Local/Temp/context6715191043837666274.xml'
21 µ.¤. 2554 12:08:29 org.apache.catalina.core.ApplicationContext log
INFO: Manager: start: Starting web application at '/OffcodeService'
21 µ.¤. 2554 12:09:56 org.apache.catalina.core.ApplicationContext log
INFO: Manager: list: Listing contexts for virtual host 'localhost'
21 µ.¤. 2554 12:09:56 org.apache.catalina.core.ApplicationContext log
INFO: Manager: undeploy: Undeploying web application at '/OffcodeService'
21 µ.¤. 2554 12:10:32 org.apache.catalina.core.ApplicationContext log
INFO: Manager: list: Listing contexts for virtual host 'localhost'
21 µ.¤. 2554 12:10:32 org.apache.catalina.core.ApplicationContext log
INFO: Manager: list: Listing contexts for virtual host 'localhost'
21 µ.¤. 2554 12:10:32 org.apache.catalina.core.ApplicationContext log
INFO: Manager: install: Installing context configuration at 'file:/C:/Users/ADMINI~1/AppData/Local/Temp/context5140088661413868196.xml'
21 µ.¤. 2554 12:10:39 org.apache.catalina.core.ApplicationContext log
INFO: Manager: start: Starting web application at '/OffcodeService'
21 µ.¤. 2554 12:10:48 org.apache.catalina.core.ApplicationContext log
INFO: Manager: list: Listing contexts for virtual host 'localhost'
21 µ.¤. 2554 12:10:48 org.apache.catalina.core.ApplicationContext log
INFO: Manager: list: Listing contexts for virtual host 'localhost'
21 µ.¤. 2554 12:11:07 org.apache.catalina.core.ApplicationContext log
INFO: Manager: list: Listing contexts for virtual host 'localhost'
21 µ.¤. 2554 12:11:07 org.apache.catalina.core.ApplicationContext log
INFO: Manager: undeploy: Undeploying web application at '/OffcodeService'
