7 ¸.¤. 2553 0:04:14 org.apache.catalina.core.ApplicationContext log
INFO: Manager: list: Listing contexts for virtual host 'localhost'
7 ¸.¤. 2553 0:04:14 org.apache.catalina.core.ApplicationContext log
INFO: Manager: restart: Reloading web application at '/OffcodeService'
7 ¸.¤. 2553 0:04:50 org.apache.catalina.core.ApplicationContext log
INFO: Manager: list: Listing contexts for virtual host 'localhost'
7 ¸.¤. 2553 0:04:50 org.apache.catalina.core.ApplicationContext log
INFO: Manager: restart: Reloading web application at '/OffcodeService'
7 ¸.¤. 2553 0:07:20 org.apache.catalina.core.ApplicationContext log
INFO: Manager: list: Listing contexts for virtual host 'localhost'
7 ¸.¤. 2553 0:07:20 org.apache.catalina.core.ApplicationContext log
INFO: Manager: restart: Reloading web application at '/OffcodeService'
7 ¸.¤. 2553 0:08:00 org.apache.catalina.core.ApplicationContext log
INFO: Manager: list: Listing contexts for virtual host 'localhost'
7 ¸.¤. 2553 0:08:00 org.apache.catalina.core.ApplicationContext log
INFO: Manager: restart: Reloading web application at '/OffcodeService'
7 ¸.¤. 2553 0:08:33 org.apache.catalina.core.ApplicationContext log
INFO: Manager: list: Listing contexts for virtual host 'localhost'
7 ¸.¤. 2553 0:08:33 org.apache.catalina.core.ApplicationContext log
INFO: Manager: restart: Reloading web application at '/OffcodeService'
7 ¸.¤. 2553 0:11:02 org.apache.catalina.core.ApplicationContext log
INFO: Manager: list: Listing contexts for virtual host 'localhost'
7 ¸.¤. 2553 0:11:02 org.apache.catalina.core.ApplicationContext log
INFO: Manager: restart: Reloading web application at '/OffcodeService'
7 ¸.¤. 2553 0:11:38 org.apache.catalina.core.ApplicationContext log
INFO: Manager: list: Listing contexts for virtual host 'localhost'
7 ¸.¤. 2553 0:11:38 org.apache.catalina.core.ApplicationContext log
INFO: Manager: restart: Reloading web application at '/OffcodeService'
7 ¸.¤. 2553 0:12:49 org.apache.catalina.core.ApplicationContext log
INFO: Manager: list: Listing contexts for virtual host 'localhost'
7 ¸.¤. 2553 0:12:49 org.apache.catalina.core.ApplicationContext log
INFO: Manager: restart: Reloading web application at '/OffcodeService'
7 ¸.¤. 2553 0:22:19 org.apache.catalina.core.ApplicationContext log
INFO: Manager: list: Listing contexts for virtual host 'localhost'
7 ¸.¤. 2553 0:22:19 org.apache.catalina.core.ApplicationContext log
INFO: Manager: restart: Reloading web application at '/OffcodeService'
7 ¸.¤. 2553 0:22:58 org.apache.catalina.core.ApplicationContext log
INFO: Manager: list: Listing contexts for virtual host 'localhost'
7 ¸.¤. 2553 0:24:16 org.apache.catalina.core.ApplicationContext log
INFO: Manager: list: Listing contexts for virtual host 'localhost'
7 ¸.¤. 2553 0:24:16 org.apache.catalina.core.ApplicationContext log
INFO: Manager: restart: Reloading web application at '/OffcodeService'
7 ¸.¤. 2553 0:25:58 org.apache.catalina.core.ApplicationContext log
INFO: Manager: list: Listing contexts for virtual host 'localhost'
7 ¸.¤. 2553 0:25:58 org.apache.catalina.core.ApplicationContext log
INFO: Manager: restart: Reloading web application at '/OffcodeService'
7 ¸.¤. 2553 0:26:33 org.apache.catalina.core.ApplicationContext log
INFO: Manager: list: Listing contexts for virtual host 'localhost'
7 ¸.¤. 2553 0:26:33 org.apache.catalina.core.ApplicationContext log
INFO: Manager: restart: Reloading web application at '/OffcodeService'
7 ¸.¤. 2553 9:23:53 org.apache.catalina.core.ApplicationContext log
INFO: Manager: init: Associated with Deployer 'Catalina:type=Deployer,host=localhost'
7 ¸.¤. 2553 9:23:53 org.apache.catalina.core.ApplicationContext log
INFO: Manager: init: Global resources are available
7 ¸.¤. 2553 9:23:53 org.apache.catalina.core.ApplicationContext log
INFO: Manager: list: Listing contexts for virtual host 'localhost'
7 ¸.¤. 2553 9:23:53 org.apache.catalina.core.ApplicationContext log
INFO: Manager: list: Listing contexts for virtual host 'localhost'
7 ¸.¤. 2553 9:23:53 org.apache.catalina.core.ApplicationContext log
INFO: Manager: install: Installing context configuration at 'file:/C:/Users/ADMINI~1/AppData/Local/Temp/context7410992926798614955.xml'
7 ¸.¤. 2553 9:23:53 org.apache.catalina.core.ApplicationContext log
INFO: Manager: start: Starting web application at '/IDCardService'
7 ¸.¤. 2553 9:24:23 org.apache.catalina.core.ApplicationContext log
INFO: Manager: list: Listing contexts for virtual host 'localhost'
7 ¸.¤. 2553 9:24:23 org.apache.catalina.core.ApplicationContext log
INFO: Manager: restart: Reloading web application at '/IDCardService'
7 ¸.¤. 2553 9:24:29 org.apache.catalina.core.ApplicationContext log
INFO: Manager: list: Listing contexts for virtual host 'localhost'
7 ¸.¤. 2553 9:24:29 org.apache.catalina.core.ApplicationContext log
INFO: Manager: restart: Reloading web application at '/IDCardService'
7 ¸.¤. 2553 9:25:43 org.apache.catalina.core.ApplicationContext log
INFO: Manager: list: Listing contexts for virtual host 'localhost'
7 ¸.¤. 2553 9:26:10 org.apache.catalina.core.ApplicationContext log
INFO: Manager: list: Listing contexts for virtual host 'localhost'
7 ¸.¤. 2553 9:26:10 org.apache.catalina.core.ApplicationContext log
INFO: Manager: restart: Reloading web application at '/IDCardService'
7 ¸.¤. 2553 9:26:56 org.apache.catalina.core.ApplicationContext log
INFO: Manager: list: Listing contexts for virtual host 'localhost'
7 ¸.¤. 2553 9:26:58 org.apache.catalina.core.ApplicationContext log
INFO: Manager: list: Listing contexts for virtual host 'localhost'
7 ¸.¤. 2553 9:26:58 org.apache.catalina.core.ApplicationContext log
INFO: Manager: restart: Reloading web application at '/IDCardService'
7 ¸.¤. 2553 9:27:01 org.apache.catalina.core.ApplicationContext log
INFO: Manager: list: Listing contexts for virtual host 'localhost'
7 ¸.¤. 2553 9:27:27 org.apache.catalina.core.ApplicationContext log
INFO: Manager: list: Listing contexts for virtual host 'localhost'
7 ¸.¤. 2553 9:27:27 org.apache.catalina.core.ApplicationContext log
INFO: Manager: restart: Reloading web application at '/IDCardService'
7 ¸.¤. 2553 9:27:28 org.apache.catalina.core.ApplicationContext log
INFO: Manager: list: Listing contexts for virtual host 'localhost'
7 ¸.¤. 2553 9:27:46 org.apache.catalina.core.ApplicationContext log
INFO: Manager: list: Listing contexts for virtual host 'localhost'
7 ¸.¤. 2553 9:27:46 org.apache.catalina.core.ApplicationContext log
INFO: Manager: list: Listing contexts for virtual host 'localhost'
7 ¸.¤. 2553 9:27:46 org.apache.catalina.core.ApplicationContext log
INFO: Manager: undeploy: Undeploying web application at '/IDCardService'
7 ¸.¤. 2553 9:27:46 org.apache.catalina.core.ApplicationContext log
INFO: Manager: install: Installing context configuration at 'file:/C:/Users/ADMINI~1/AppData/Local/Temp/context3895516986165128651.xml'
7 ¸.¤. 2553 9:27:47 org.apache.catalina.core.ApplicationContext log
INFO: Manager: start: Starting web application at '/IDCardService'
7 ¸.¤. 2553 9:28:17 org.apache.catalina.core.ApplicationContext log
INFO: Manager: list: Listing contexts for virtual host 'localhost'
7 ¸.¤. 2553 9:28:17 org.apache.catalina.core.ApplicationContext log
INFO: Manager: restart: Reloading web application at '/IDCardService'
7 ¸.¤. 2553 9:29:04 org.apache.catalina.core.ApplicationContext log
INFO: Manager: list: Listing contexts for virtual host 'localhost'
7 ¸.¤. 2553 9:29:04 org.apache.catalina.core.ApplicationContext log
INFO: Manager: restart: Reloading web application at '/IDCardService'
7 ¸.¤. 2553 9:29:05 org.apache.catalina.core.ApplicationContext log
INFO: Manager: list: Listing contexts for virtual host 'localhost'
7 ¸.¤. 2553 9:29:21 org.apache.catalina.core.ApplicationContext log
INFO: Manager: list: Listing contexts for virtual host 'localhost'
7 ¸.¤. 2553 9:29:21 org.apache.catalina.core.ApplicationContext log
INFO: Manager: restart: Reloading web application at '/IDCardService'
7 ¸.¤. 2553 9:29:22 org.apache.catalina.core.ApplicationContext log
INFO: Manager: list: Listing contexts for virtual host 'localhost'
7 ¸.¤. 2553 9:30:03 org.apache.catalina.core.ApplicationContext log
INFO: Manager: list: Listing contexts for virtual host 'localhost'
7 ¸.¤. 2553 9:30:03 org.apache.catalina.core.ApplicationContext log
INFO: Manager: restart: Reloading web application at '/IDCardService'
7 ¸.¤. 2553 9:30:03 org.apache.catalina.core.ApplicationContext log
INFO: Manager: list: Listing contexts for virtual host 'localhost'
7 ¸.¤. 2553 9:55:50 org.apache.catalina.core.ApplicationContext log
INFO: Manager: list: Listing contexts for virtual host 'localhost'
7 ¸.¤. 2553 9:55:50 org.apache.catalina.core.ApplicationContext log
INFO: Manager: restart: Reloading web application at '/IDCardService'
7 ¸.¤. 2553 9:55:51 org.apache.catalina.core.ApplicationContext log
INFO: Manager: list: Listing contexts for virtual host 'localhost'
7 ¸.¤. 2553 9:55:51 org.apache.catalina.core.ApplicationContext log
INFO: Manager: restart: Reloading web application at '/IDCardService'
