5 ¸.¤. 2553 15:34:47 org.apache.catalina.core.ApplicationContext log
INFO: Manager: init: Associated with Deployer 'Catalina:type=Deployer,host=localhost'
5 ¸.¤. 2553 15:34:47 org.apache.catalina.core.ApplicationContext log
INFO: Manager: init: Global resources are available
5 ¸.¤. 2553 15:34:47 org.apache.catalina.core.ApplicationContext log
INFO: Manager: list: Listing contexts for virtual host 'localhost'
5 ¸.¤. 2553 15:34:47 org.apache.catalina.core.ApplicationContext log
INFO: Manager: list: Listing contexts for virtual host 'localhost'
5 ¸.¤. 2553 15:34:47 org.apache.catalina.core.ApplicationContext log
INFO: Manager: install: Installing context configuration at 'file:/C:/Users/ADMINI~1/AppData/Local/Temp/context9158114912517339520.xml'
5 ¸.¤. 2553 15:35:05 org.apache.catalina.core.ApplicationContext log
INFO: Manager: start: Starting web application at '/GroupIDService'
5 ¸.¤. 2553 15:36:16 org.apache.catalina.core.ApplicationContext log
INFO: Manager: list: Listing contexts for virtual host 'localhost'
5 ¸.¤. 2553 15:36:16 org.apache.catalina.core.ApplicationContext log
INFO: Manager: restart: Reloading web application at '/GroupIDService'
5 ¸.¤. 2553 15:36:38 org.apache.catalina.core.ApplicationContext log
INFO: Manager: list: Listing contexts for virtual host 'localhost'
5 ¸.¤. 2553 15:36:39 org.apache.catalina.core.ApplicationContext log
INFO: Manager: restart: Reloading web application at '/GroupIDService'
5 ¸.¤. 2553 15:44:44 org.apache.catalina.core.ApplicationContext log
INFO: Manager: list: Listing contexts for virtual host 'localhost'
5 ¸.¤. 2553 15:44:44 org.apache.catalina.core.ApplicationContext log
INFO: Manager: list: Listing contexts for virtual host 'localhost'
5 ¸.¤. 2553 15:44:44 org.apache.catalina.core.ApplicationContext log
INFO: Manager: undeploy: Undeploying web application at '/GroupIDService'
5 ¸.¤. 2553 15:44:46 org.apache.catalina.core.ApplicationContext log
INFO: Manager: install: Installing context configuration at 'file:/C:/Users/ADMINI~1/AppData/Local/Temp/context2337652520148799341.xml'
5 ¸.¤. 2553 15:45:03 org.apache.catalina.core.ApplicationContext log
INFO: Manager: start: Starting web application at '/GroupIDService'
5 ¸.¤. 2553 15:45:33 org.apache.catalina.core.ApplicationContext log
INFO: Manager: list: Listing contexts for virtual host 'localhost'
5 ¸.¤. 2553 15:45:33 org.apache.catalina.core.ApplicationContext log
INFO: Manager: restart: Reloading web application at '/GroupIDService'
5 ¸.¤. 2553 15:45:54 org.apache.catalina.core.ApplicationContext log
INFO: Manager: list: Listing contexts for virtual host 'localhost'
5 ¸.¤. 2553 15:45:54 org.apache.catalina.core.ApplicationContext log
INFO: Manager: restart: Reloading web application at '/GroupIDService'
5 ¸.¤. 2553 15:48:14 org.apache.catalina.core.ApplicationContext log
INFO: Manager: list: Listing contexts for virtual host 'localhost'
5 ¸.¤. 2553 15:48:14 org.apache.catalina.core.ApplicationContext log
INFO: Manager: restart: Reloading web application at '/GroupIDService'
5 ¸.¤. 2553 15:48:33 org.apache.catalina.core.ApplicationContext log
INFO: Manager: list: Listing contexts for virtual host 'localhost'
5 ¸.¤. 2553 15:48:33 org.apache.catalina.core.ApplicationContext log
INFO: Manager: restart: Reloading web application at '/GroupIDService'
5 ¸.¤. 2553 15:53:51 org.apache.catalina.core.ApplicationContext log
INFO: Manager: list: Listing contexts for virtual host 'localhost'
5 ¸.¤. 2553 15:53:51 org.apache.catalina.core.ApplicationContext log
INFO: Manager: restart: Reloading web application at '/GroupIDService'
