8 ¸.¤. 2553 0:45:38 org.apache.catalina.core.ApplicationContext log
INFO: Manager: init: Associated with Deployer 'Catalina:type=Deployer,host=localhost'
8 ¸.¤. 2553 0:45:38 org.apache.catalina.core.ApplicationContext log
INFO: Manager: init: Global resources are available
8 ¸.¤. 2553 0:45:38 org.apache.catalina.core.ApplicationContext log
INFO: Manager: list: Listing contexts for virtual host 'localhost'
8 ¸.¤. 2553 0:45:38 org.apache.catalina.core.ApplicationContext log
INFO: Manager: list: Listing contexts for virtual host 'localhost'
8 ¸.¤. 2553 0:45:38 org.apache.catalina.core.ApplicationContext log
INFO: Manager: restart: Reloading web application at '/IDCardService'
8 ¸.¤. 2553 14:01:31 org.apache.catalina.core.ApplicationContext log
INFO: Manager: init: Associated with Deployer 'Catalina:type=Deployer,host=localhost'
8 ¸.¤. 2553 14:01:31 org.apache.catalina.core.ApplicationContext log
INFO: Manager: init: Global resources are available
8 ¸.¤. 2553 14:01:31 org.apache.catalina.core.ApplicationContext log
INFO: Manager: list: Listing contexts for virtual host 'localhost'
8 ¸.¤. 2553 14:01:32 org.apache.catalina.core.ApplicationContext log
INFO: Manager: list: Listing contexts for virtual host 'localhost'
8 ¸.¤. 2553 14:01:32 org.apache.catalina.core.ApplicationContext log
INFO: Manager: undeploy: Undeploying web application at '/GroupIDService'
8 ¸.¤. 2553 14:01:36 org.apache.catalina.core.ApplicationContext log
INFO: Manager: install: Installing context configuration at 'file:/C:/Users/ADMINI~1/AppData/Local/Temp/context4563644297633205676.xml'
8 ¸.¤. 2553 14:01:53 org.apache.catalina.core.ApplicationContext log
INFO: Manager: start: Starting web application at '/GroupIDService'
8 ¸.¤. 2553 14:03:32 org.apache.catalina.core.ApplicationContext log
INFO: Manager: list: Listing contexts for virtual host 'localhost'
8 ¸.¤. 2553 14:03:33 org.apache.catalina.core.ApplicationContext log
INFO: Manager: undeploy: Undeploying web application at '/GroupIDService'
8 ¸.¤. 2553 14:17:04 org.apache.catalina.core.ApplicationContext log
INFO: Manager: list: Listing contexts for virtual host 'localhost'
8 ¸.¤. 2553 14:17:04 org.apache.catalina.core.ApplicationContext log
INFO: Manager: restart: Reloading web application at '/IDCardService'
8 ¸.¤. 2553 14:32:36 org.apache.catalina.core.ApplicationContext log
INFO: Manager: list: Listing contexts for virtual host 'localhost'
8 ¸.¤. 2553 14:32:37 org.apache.catalina.core.ApplicationContext log
INFO: Manager: restart: Reloading web application at '/IDCardService'
8 ¸.¤. 2553 14:38:17 org.apache.catalina.core.ApplicationContext log
INFO: Manager: list: Listing contexts for virtual host 'localhost'
8 ¸.¤. 2553 14:38:17 org.apache.catalina.core.ApplicationContext log
INFO: Manager: restart: Reloading web application at '/IDCardService'
8 ¸.¤. 2553 15:02:20 org.apache.catalina.core.ApplicationContext log
INFO: Manager: list: Listing contexts for virtual host 'localhost'
8 ¸.¤. 2553 15:02:20 org.apache.catalina.core.ApplicationContext log
INFO: Manager: restart: Reloading web application at '/IDCardService'
8 ¸.¤. 2553 15:03:55 org.apache.catalina.core.ApplicationContext log
INFO: Manager: list: Listing contexts for virtual host 'localhost'
8 ¸.¤. 2553 15:03:55 org.apache.catalina.core.ApplicationContext log
INFO: Manager: restart: Reloading web application at '/IDCardService'
8 ¸.¤. 2553 15:28:33 org.apache.catalina.core.ApplicationContext log
INFO: Manager: list: Listing contexts for virtual host 'localhost'
8 ¸.¤. 2553 15:28:33 org.apache.catalina.core.ApplicationContext log
INFO: Manager: restart: Reloading web application at '/IDCardService'
8 ¸.¤. 2553 15:30:48 org.apache.catalina.core.ApplicationContext log
INFO: Manager: list: Listing contexts for virtual host 'localhost'
8 ¸.¤. 2553 15:30:48 org.apache.catalina.core.ApplicationContext log
INFO: Manager: restart: Reloading web application at '/IDCardService'
8 ¸.¤. 2553 15:32:11 org.apache.catalina.core.ApplicationContext log
INFO: Manager: list: Listing contexts for virtual host 'localhost'
8 ¸.¤. 2553 15:32:11 org.apache.catalina.core.ApplicationContext log
INFO: Manager: restart: Reloading web application at '/IDCardService'
8 ¸.¤. 2553 15:32:53 org.apache.catalina.core.ApplicationContext log
INFO: Manager: list: Listing contexts for virtual host 'localhost'
8 ¸.¤. 2553 15:32:53 org.apache.catalina.core.ApplicationContext log
INFO: Manager: restart: Reloading web application at '/IDCardService'
8 ¸.¤. 2553 15:42:59 org.apache.catalina.core.ApplicationContext log
INFO: Manager: list: Listing contexts for virtual host 'localhost'
8 ¸.¤. 2553 15:42:59 org.apache.catalina.core.ApplicationContext log
INFO: Manager: restart: Reloading web application at '/IDCardService'
8 ¸.¤. 2553 15:47:51 org.apache.catalina.core.ApplicationContext log
INFO: Manager: list: Listing contexts for virtual host 'localhost'
8 ¸.¤. 2553 15:47:51 org.apache.catalina.core.ApplicationContext log
INFO: Manager: restart: Reloading web application at '/IDCardService'
8 ¸.¤. 2553 15:50:46 org.apache.catalina.core.ApplicationContext log
INFO: Manager: list: Listing contexts for virtual host 'localhost'
8 ¸.¤. 2553 15:50:46 org.apache.catalina.core.ApplicationContext log
INFO: Manager: restart: Reloading web application at '/IDCardService'
8 ¸.¤. 2553 16:03:13 org.apache.catalina.core.ApplicationContext log
INFO: Manager: list: Listing contexts for virtual host 'localhost'
8 ¸.¤. 2553 16:03:14 org.apache.catalina.core.ApplicationContext log
INFO: Manager: restart: Reloading web application at '/IDCardService'
8 ¸.¤. 2553 16:03:38 org.apache.catalina.core.ApplicationContext log
INFO: Manager: list: Listing contexts for virtual host 'localhost'
8 ¸.¤. 2553 16:03:38 org.apache.catalina.core.ApplicationContext log
INFO: Manager: restart: Reloading web application at '/IDCardService'
8 ¸.¤. 2553 16:07:01 org.apache.catalina.core.ApplicationContext log
INFO: Manager: list: Listing contexts for virtual host 'localhost'
8 ¸.¤. 2553 16:07:01 org.apache.catalina.core.ApplicationContext log
INFO: Manager: restart: Reloading web application at '/IDCardService'
8 ¸.¤. 2553 16:07:56 org.apache.catalina.core.ApplicationContext log
INFO: Manager: list: Listing contexts for virtual host 'localhost'
8 ¸.¤. 2553 16:07:56 org.apache.catalina.core.ApplicationContext log
INFO: Manager: restart: Reloading web application at '/IDCardService'
8 ¸.¤. 2553 16:08:36 org.apache.catalina.core.ApplicationContext log
INFO: Manager: list: Listing contexts for virtual host 'localhost'
8 ¸.¤. 2553 16:08:36 org.apache.catalina.core.ApplicationContext log
INFO: Manager: restart: Reloading web application at '/IDCardService'
8 ¸.¤. 2553 16:29:07 org.apache.catalina.core.ApplicationContext log
INFO: Manager: list: Listing contexts for virtual host 'localhost'
8 ¸.¤. 2553 16:29:07 org.apache.catalina.core.ApplicationContext log
INFO: Manager: restart: Reloading web application at '/IDCardService'
8 ¸.¤. 2553 16:30:48 org.apache.catalina.core.ApplicationContext log
INFO: Manager: list: Listing contexts for virtual host 'localhost'
8 ¸.¤. 2553 16:30:48 org.apache.catalina.core.ApplicationContext log
INFO: Manager: restart: Reloading web application at '/IDCardService'
8 ¸.¤. 2553 16:38:27 org.apache.catalina.core.ApplicationContext log
INFO: Manager: list: Listing contexts for virtual host 'localhost'
8 ¸.¤. 2553 16:38:27 org.apache.catalina.core.ApplicationContext log
INFO: Manager: restart: Reloading web application at '/IDCardService'
8 ¸.¤. 2553 18:57:47 org.apache.catalina.core.ApplicationContext log
INFO: Manager: init: Associated with Deployer 'Catalina:type=Deployer,host=localhost'
8 ¸.¤. 2553 18:57:47 org.apache.catalina.core.ApplicationContext log
INFO: Manager: init: Global resources are available
8 ¸.¤. 2553 18:57:47 org.apache.catalina.core.ApplicationContext log
INFO: Manager: list: Listing contexts for virtual host 'localhost'
8 ¸.¤. 2553 18:57:47 org.apache.catalina.core.ApplicationContext log
INFO: Manager: restart: Reloading web application at '/IDCardService'
