9 ¸.¤. 2553 0:39:18 org.apache.catalina.core.ApplicationContext log
INFO: Manager: init: Associated with Deployer 'Catalina:type=Deployer,host=localhost'
9 ¸.¤. 2553 0:39:18 org.apache.catalina.core.ApplicationContext log
INFO: Manager: init: Global resources are available
9 ¸.¤. 2553 0:39:18 org.apache.catalina.core.ApplicationContext log
INFO: Manager: list: Listing contexts for virtual host 'localhost'
9 ¸.¤. 2553 0:39:18 org.apache.catalina.core.ApplicationContext log
INFO: Manager: list: Listing contexts for virtual host 'localhost'
9 ¸.¤. 2553 0:39:18 org.apache.catalina.core.ApplicationContext log
INFO: Manager: undeploy: Undeploying web application at '/IDCardService'
9 ¸.¤. 2553 0:39:21 org.apache.catalina.core.ApplicationContext log
INFO: Manager: install: Installing context configuration at 'file:/C:/Users/ADMINI~1/AppData/Local/Temp/context1928056859927981087.xml'
9 ¸.¤. 2553 0:39:39 org.apache.catalina.core.ApplicationContext log
INFO: Manager: start: Starting web application at '/IDCardService'
9 ¸.¤. 2553 0:39:41 org.apache.catalina.core.ApplicationContext log
INFO: Manager: list: Listing contexts for virtual host 'localhost'
9 ¸.¤. 2553 0:39:41 org.apache.catalina.core.ApplicationContext log
INFO: Manager: list: Listing contexts for virtual host 'localhost'
9 ¸.¤. 2553 0:39:56 org.apache.catalina.core.ApplicationContext log
INFO: Manager: undeploy: Undeploying web application at '/OffcodeService'
9 ¸.¤. 2553 0:40:00 org.apache.catalina.core.ApplicationContext log
INFO: Manager: list: Listing contexts for virtual host 'localhost'
9 ¸.¤. 2553 0:40:00 org.apache.catalina.core.ApplicationContext log
INFO: Manager: list: Listing contexts for virtual host 'localhost'
9 ¸.¤. 2553 0:41:41 org.apache.catalina.core.ApplicationContext log
INFO: Manager: list: Listing contexts for virtual host 'localhost'
9 ¸.¤. 2553 0:41:41 org.apache.catalina.core.ApplicationContext log
INFO: Manager: restart: Reloading web application at '/IDCardService'
9 ¸.¤. 2553 0:41:49 org.apache.catalina.core.ApplicationContext log
INFO: Manager: list: Listing contexts for virtual host 'localhost'
9 ¸.¤. 2553 0:43:02 org.apache.catalina.core.ApplicationContext log
INFO: Manager: list: Listing contexts for virtual host 'localhost'
9 ¸.¤. 2553 0:43:02 org.apache.catalina.core.ApplicationContext log
INFO: Manager: list: Listing contexts for virtual host 'localhost'
9 ¸.¤. 2553 0:43:03 org.apache.catalina.core.ApplicationContext log
INFO: Manager: undeploy: Undeploying web application at '/IDCardService'
9 ¸.¤. 2553 0:43:03 org.apache.catalina.core.ApplicationContext log
INFO: Manager: install: Installing context configuration at 'file:/C:/Users/ADMINI~1/AppData/Local/Temp/context4327132375058787683.xml'
9 ¸.¤. 2553 0:43:09 org.apache.catalina.core.ApplicationContext log
INFO: Manager: start: Starting web application at '/IDCardService'
9 ¸.¤. 2553 0:44:44 org.apache.catalina.core.ApplicationContext log
INFO: Manager: list: Listing contexts for virtual host 'localhost'
9 ¸.¤. 2553 0:44:45 org.apache.catalina.core.ApplicationContext log
INFO: Manager: stop: Stopping web application at '/IDCardService'
9 ¸.¤. 2553 0:44:45 org.apache.catalina.core.ApplicationContext log
INFO: Manager: start: Starting web application at '/IDCardService'
9 ¸.¤. 2553 0:44:46 org.apache.catalina.core.ApplicationContext log
INFO: Manager: list: Listing contexts for virtual host 'localhost'
9 ¸.¤. 2553 0:44:46 org.apache.catalina.core.ApplicationContext log
INFO: Manager: list: Listing contexts for virtual host 'localhost'
9 ¸.¤. 2553 0:45:42 org.apache.catalina.core.ApplicationContext log
INFO: Manager: list: Listing contexts for virtual host 'localhost'
9 ¸.¤. 2553 0:45:59 org.apache.catalina.core.ApplicationContext log
INFO: Manager: list: Listing contexts for virtual host 'localhost'
9 ¸.¤. 2553 0:45:59 org.apache.catalina.core.ApplicationContext log
INFO: Manager: stop: Stopping web application at '/IDCardService'
9 ¸.¤. 2553 0:45:59 org.apache.catalina.core.ApplicationContext log
INFO: Manager: start: Starting web application at '/IDCardService'
9 ¸.¤. 2553 0:46:06 org.apache.catalina.core.ApplicationContext log
INFO: Manager: list: Listing contexts for virtual host 'localhost'
9 ¸.¤. 2553 0:46:06 org.apache.catalina.core.ApplicationContext log
INFO: Manager: list: Listing contexts for virtual host 'localhost'
9 ¸.¤. 2553 0:46:06 org.apache.catalina.core.ApplicationContext log
INFO: Manager: undeploy: Undeploying web application at '/IDCardService'
9 ¸.¤. 2553 0:46:10 org.apache.catalina.core.ApplicationContext log
INFO: Manager: install: Installing context configuration at 'file:/C:/Users/ADMINI~1/AppData/Local/Temp/context1098124102824107114.xml'
9 ¸.¤. 2553 0:46:15 org.apache.catalina.core.ApplicationContext log
INFO: Manager: start: Starting web application at '/IDCardService'
9 ¸.¤. 2553 0:46:25 org.apache.catalina.core.ApplicationContext log
INFO: Manager: list: Listing contexts for virtual host 'localhost'
9 ¸.¤. 2553 0:46:25 org.apache.catalina.core.ApplicationContext log
INFO: Manager: restart: Reloading web application at '/IDCardService'
9 ¸.¤. 2553 0:46:25 org.apache.catalina.core.ApplicationContext log
SEVERE: Manager: ManagerServlet.reload[/IDCardService]
java.lang.IllegalStateException: Container org.apache.catalina.core.ContainerBase.[Catalina].[localhost].[/IDCardService] has not been started
	at org.apache.catalina.core.StandardContext.reload(StandardContext.java:3036)
	at org.apache.catalina.manager.ManagerServlet.reload(ManagerServlet.java:904)
	at org.apache.catalina.manager.ManagerServlet.doGet(ManagerServlet.java:354)
	at javax.servlet.http.HttpServlet.service(HttpServlet.java:627)
	at javax.servlet.http.HttpServlet.service(HttpServlet.java:729)
	at org.apache.catalina.core.ApplicationFilterChain.internalDoFilter(ApplicationFilterChain.java:269)
	at org.apache.catalina.core.ApplicationFilterChain.doFilter(ApplicationFilterChain.java:188)
	at org.apache.catalina.core.StandardWrapperValve.invoke(StandardWrapperValve.java:213)
	at org.apache.catalina.core.StandardContextValve.invoke(StandardContextValve.java:172)
	at org.apache.catalina.authenticator.AuthenticatorBase.invoke(AuthenticatorBase.java:525)
	at org.apache.catalina.core.StandardHostValve.invoke(StandardHostValve.java:127)
	at org.apache.catalina.valves.ErrorReportValve.invoke(ErrorReportValve.java:117)
	at org.apache.catalina.core.StandardEngineValve.invoke(StandardEngineValve.java:108)
	at org.apache.catalina.connector.CoyoteAdapter.service(CoyoteAdapter.java:174)
	at org.apache.coyote.http11.Http11Processor.process(Http11Processor.java:873)
	at org.apache.coyote.http11.Http11BaseProtocol$Http11ConnectionHandler.processConnection(Http11BaseProtocol.java:665)
	at org.apache.tomcat.util.net.PoolTcpEndpoint.processSocket(PoolTcpEndpoint.java:528)
	at org.apache.tomcat.util.net.LeaderFollowerWorkerThread.runIt(LeaderFollowerWorkerThread.java:81)
	at org.apache.tomcat.util.threads.ThreadPool$ControlRunnable.run(ThreadPool.java:689)
	at java.lang.Thread.run(Thread.java:595)
9 ¸.¤. 2553 0:46:37 org.apache.catalina.core.ApplicationContext log
INFO: Manager: list: Listing contexts for virtual host 'localhost'
9 ¸.¤. 2553 0:46:37 org.apache.catalina.core.ApplicationContext log
INFO: Manager: list: Listing contexts for virtual host 'localhost'
9 ¸.¤. 2553 0:46:37 org.apache.catalina.core.ApplicationContext log
INFO: Manager: undeploy: Undeploying web application at '/IDCardService'
9 ¸.¤. 2553 0:46:37 org.apache.catalina.core.ApplicationContext log
INFO: Manager: install: Installing context configuration at 'file:/C:/Users/ADMINI~1/AppData/Local/Temp/context7834589886914653141.xml'
9 ¸.¤. 2553 0:46:50 org.apache.catalina.core.ApplicationContext log
INFO: Manager: start: Starting web application at '/IDCardService'
9 ¸.¤. 2553 0:48:32 org.apache.catalina.core.ApplicationContext log
INFO: Manager: list: Listing contexts for virtual host 'localhost'
9 ¸.¤. 2553 0:48:32 org.apache.catalina.core.ApplicationContext log
INFO: Manager: list: Listing contexts for virtual host 'localhost'
9 ¸.¤. 2553 0:48:32 org.apache.catalina.core.ApplicationContext log
INFO: Manager: undeploy: Undeploying web application at '/IDCardService'
9 ¸.¤. 2553 0:48:40 org.apache.catalina.core.ApplicationContext log
INFO: Manager: install: Installing context configuration at 'file:/C:/Users/ADMINI~1/AppData/Local/Temp/context5626857082614496550.xml'
9 ¸.¤. 2553 0:49:00 org.apache.catalina.core.ApplicationContext log
INFO: Manager: start: Starting web application at '/IDCardService'
9 ¸.¤. 2553 0:49:34 org.apache.catalina.core.ApplicationContext log
INFO: Manager: list: Listing contexts for virtual host 'localhost'
9 ¸.¤. 2553 0:49:34 org.apache.catalina.core.ApplicationContext log
INFO: Manager: restart: Reloading web application at '/IDCardService'
9 ¸.¤. 2553 0:59:45 org.apache.catalina.core.ApplicationContext log
INFO: Manager: list: Listing contexts for virtual host 'localhost'
9 ¸.¤. 2553 0:59:45 org.apache.catalina.core.ApplicationContext log
INFO: Manager: restart: Reloading web application at '/IDCardService'
9 ¸.¤. 2553 1:12:04 org.apache.catalina.core.ApplicationContext log
INFO: Manager: list: Listing contexts for virtual host 'localhost'
9 ¸.¤. 2553 1:12:04 org.apache.catalina.core.ApplicationContext log
INFO: Manager: restart: Reloading web application at '/IDCardService'
9 ¸.¤. 2553 1:12:25 org.apache.catalina.core.ApplicationContext log
INFO: Manager: list: Listing contexts for virtual host 'localhost'
9 ¸.¤. 2553 1:12:25 org.apache.catalina.core.ApplicationContext log
INFO: Manager: restart: Reloading web application at '/IDCardService'
9 ¸.¤. 2553 1:17:24 org.apache.catalina.core.ApplicationContext log
INFO: Manager: list: Listing contexts for virtual host 'localhost'
9 ¸.¤. 2553 1:17:24 org.apache.catalina.core.ApplicationContext log
INFO: Manager: restart: Reloading web application at '/IDCardService'
9 ¸.¤. 2553 1:19:57 org.apache.catalina.core.ApplicationContext log
INFO: Manager: list: Listing contexts for virtual host 'localhost'
9 ¸.¤. 2553 1:19:57 org.apache.catalina.core.ApplicationContext log
INFO: Manager: restart: Reloading web application at '/IDCardService'
9 ¸.¤. 2553 1:25:16 org.apache.catalina.core.ApplicationContext log
INFO: Manager: list: Listing contexts for virtual host 'localhost'
9 ¸.¤. 2553 1:25:16 org.apache.catalina.core.ApplicationContext log
INFO: Manager: restart: Reloading web application at '/IDCardService'
9 ¸.¤. 2553 1:26:08 org.apache.catalina.core.ApplicationContext log
INFO: Manager: list: Listing contexts for virtual host 'localhost'
9 ¸.¤. 2553 1:26:08 org.apache.catalina.core.ApplicationContext log
INFO: Manager: restart: Reloading web application at '/IDCardService'
9 ¸.¤. 2553 1:26:37 org.apache.catalina.core.ApplicationContext log
INFO: Manager: list: Listing contexts for virtual host 'localhost'
9 ¸.¤. 2553 1:26:37 org.apache.catalina.core.ApplicationContext log
INFO: Manager: restart: Reloading web application at '/IDCardService'
9 ¸.¤. 2553 1:27:34 org.apache.catalina.core.ApplicationContext log
INFO: Manager: list: Listing contexts for virtual host 'localhost'
9 ¸.¤. 2553 1:27:34 org.apache.catalina.core.ApplicationContext log
INFO: Manager: restart: Reloading web application at '/IDCardService'
9 ¸.¤. 2553 1:27:47 org.apache.catalina.core.ApplicationContext log
INFO: Manager: list: Listing contexts for virtual host 'localhost'
9 ¸.¤. 2553 1:27:47 org.apache.catalina.core.ApplicationContext log
INFO: Manager: restart: Reloading web application at '/IDCardService'
9 ¸.¤. 2553 1:29:21 org.apache.catalina.core.ApplicationContext log
INFO: Manager: list: Listing contexts for virtual host 'localhost'
9 ¸.¤. 2553 1:29:21 org.apache.catalina.core.ApplicationContext log
INFO: Manager: restart: Reloading web application at '/IDCardService'
9 ¸.¤. 2553 1:29:46 org.apache.catalina.core.ApplicationContext log
INFO: Manager: list: Listing contexts for virtual host 'localhost'
9 ¸.¤. 2553 1:29:46 org.apache.catalina.core.ApplicationContext log
INFO: Manager: restart: Reloading web application at '/IDCardService'
9 ¸.¤. 2553 1:32:47 org.apache.catalina.core.ApplicationContext log
INFO: Manager: list: Listing contexts for virtual host 'localhost'
9 ¸.¤. 2553 1:32:47 org.apache.catalina.core.ApplicationContext log
INFO: Manager: restart: Reloading web application at '/IDCardService'
9 ¸.¤. 2553 1:33:01 org.apache.catalina.core.ApplicationContext log
INFO: Manager: list: Listing contexts for virtual host 'localhost'
9 ¸.¤. 2553 1:33:01 org.apache.catalina.core.ApplicationContext log
INFO: Manager: restart: Reloading web application at '/IDCardService'
9 ¸.¤. 2553 1:33:40 org.apache.catalina.core.ApplicationContext log
INFO: Manager: list: Listing contexts for virtual host 'localhost'
9 ¸.¤. 2553 1:33:40 org.apache.catalina.core.ApplicationContext log
INFO: Manager: restart: Reloading web application at '/IDCardService'
9 ¸.¤. 2553 1:34:17 org.apache.catalina.core.ApplicationContext log
INFO: Manager: list: Listing contexts for virtual host 'localhost'
9 ¸.¤. 2553 1:34:17 org.apache.catalina.core.ApplicationContext log
INFO: Manager: restart: Reloading web application at '/IDCardService'
9 ¸.¤. 2553 1:39:24 org.apache.catalina.core.ApplicationContext log
INFO: Manager: list: Listing contexts for virtual host 'localhost'
9 ¸.¤. 2553 1:39:24 org.apache.catalina.core.ApplicationContext log
INFO: Manager: restart: Reloading web application at '/IDCardService'
9 ¸.¤. 2553 1:39:38 org.apache.catalina.core.ApplicationContext log
INFO: Manager: list: Listing contexts for virtual host 'localhost'
9 ¸.¤. 2553 1:39:38 org.apache.catalina.core.ApplicationContext log
INFO: Manager: restart: Reloading web application at '/IDCardService'
9 ¸.¤. 2553 1:40:15 org.apache.catalina.core.ApplicationContext log
INFO: Manager: list: Listing contexts for virtual host 'localhost'
9 ¸.¤. 2553 1:40:15 org.apache.catalina.core.ApplicationContext log
INFO: Manager: restart: Reloading web application at '/IDCardService'
9 ¸.¤. 2553 1:41:01 org.apache.catalina.core.ApplicationContext log
INFO: Manager: list: Listing contexts for virtual host 'localhost'
9 ¸.¤. 2553 1:41:01 org.apache.catalina.core.ApplicationContext log
INFO: Manager: restart: Reloading web application at '/IDCardService'
9 ¸.¤. 2553 1:41:43 org.apache.catalina.core.ApplicationContext log
INFO: Manager: list: Listing contexts for virtual host 'localhost'
9 ¸.¤. 2553 1:41:43 org.apache.catalina.core.ApplicationContext log
INFO: Manager: restart: Reloading web application at '/IDCardService'
9 ¸.¤. 2553 1:42:01 org.apache.catalina.core.ApplicationContext log
INFO: Manager: list: Listing contexts for virtual host 'localhost'
9 ¸.¤. 2553 1:42:01 org.apache.catalina.core.ApplicationContext log
INFO: Manager: restart: Reloading web application at '/IDCardService'
9 ¸.¤. 2553 1:42:32 org.apache.catalina.core.ApplicationContext log
INFO: Manager: list: Listing contexts for virtual host 'localhost'
9 ¸.¤. 2553 1:42:32 org.apache.catalina.core.ApplicationContext log
INFO: Manager: restart: Reloading web application at '/IDCardService'
9 ¸.¤. 2553 1:43:02 org.apache.catalina.core.ApplicationContext log
INFO: Manager: list: Listing contexts for virtual host 'localhost'
9 ¸.¤. 2553 1:43:02 org.apache.catalina.core.ApplicationContext log
INFO: Manager: restart: Reloading web application at '/IDCardService'
9 ¸.¤. 2553 1:47:46 org.apache.catalina.core.ApplicationContext log
INFO: Manager: list: Listing contexts for virtual host 'localhost'
9 ¸.¤. 2553 1:47:46 org.apache.catalina.core.ApplicationContext log
INFO: Manager: restart: Reloading web application at '/IDCardService'
9 ¸.¤. 2553 1:47:58 org.apache.catalina.core.ApplicationContext log
INFO: Manager: list: Listing contexts for virtual host 'localhost'
9 ¸.¤. 2553 1:47:58 org.apache.catalina.core.ApplicationContext log
INFO: Manager: restart: Reloading web application at '/IDCardService'
9 ¸.¤. 2553 1:49:57 org.apache.catalina.core.ApplicationContext log
INFO: Manager: list: Listing contexts for virtual host 'localhost'
9 ¸.¤. 2553 1:49:57 org.apache.catalina.core.ApplicationContext log
INFO: Manager: restart: Reloading web application at '/IDCardService'
9 ¸.¤. 2553 1:50:26 org.apache.catalina.core.ApplicationContext log
INFO: Manager: list: Listing contexts for virtual host 'localhost'
9 ¸.¤. 2553 1:50:26 org.apache.catalina.core.ApplicationContext log
INFO: Manager: list: Listing contexts for virtual host 'localhost'
9 ¸.¤. 2553 1:50:26 org.apache.catalina.core.ApplicationContext log
INFO: Manager: undeploy: Undeploying web application at '/IDCardService'
9 ¸.¤. 2553 1:50:28 org.apache.catalina.core.ApplicationContext log
INFO: Manager: install: Installing context configuration at 'file:/C:/Users/ADMINI~1/AppData/Local/Temp/context8948977529113301173.xml'
9 ¸.¤. 2553 1:50:38 org.apache.catalina.core.ApplicationContext log
INFO: Manager: start: Starting web application at '/IDCardService'
9 ¸.¤. 2553 1:50:44 org.apache.catalina.core.ApplicationContext log
INFO: Manager: list: Listing contexts for virtual host 'localhost'
9 ¸.¤. 2553 1:50:44 org.apache.catalina.core.ApplicationContext log
INFO: Manager: undeploy: Undeploying web application at '/IDCardService'
9 ¸.¤. 2553 1:50:52 org.apache.catalina.core.ApplicationContext log
INFO: Manager: list: Listing contexts for virtual host 'localhost'
9 ¸.¤. 2553 1:51:13 org.apache.catalina.core.ApplicationContext log
INFO: Manager: list: Listing contexts for virtual host 'localhost'
9 ¸.¤. 2553 1:51:13 org.apache.catalina.core.ApplicationContext log
INFO: Manager: list: Listing contexts for virtual host 'localhost'
9 ¸.¤. 2553 1:51:13 org.apache.catalina.core.ApplicationContext log
INFO: Manager: install: Installing context configuration at 'file:/C:/Users/ADMINI~1/AppData/Local/Temp/context9109622055483250360.xml'
9 ¸.¤. 2553 1:51:22 org.apache.catalina.core.ApplicationContext log
INFO: Manager: start: Starting web application at '/IDCardService'
9 ¸.¤. 2553 1:51:28 org.apache.catalina.core.ApplicationContext log
INFO: Manager: list: Listing contexts for virtual host 'localhost'
9 ¸.¤. 2553 1:51:28 org.apache.catalina.core.ApplicationContext log
INFO: Manager: undeploy: Undeploying web application at '/IDCardService'
9 ¸.¤. 2553 1:52:36 org.apache.catalina.core.ApplicationContext log
INFO: Manager: list: Listing contexts for virtual host 'localhost'
9 ¸.¤. 2553 1:52:44 org.apache.catalina.core.ApplicationContext log
INFO: Manager: list: Listing contexts for virtual host 'localhost'
9 ¸.¤. 2553 1:52:44 org.apache.catalina.core.ApplicationContext log
INFO: Manager: list: Listing contexts for virtual host 'localhost'
9 ¸.¤. 2553 1:52:44 org.apache.catalina.core.ApplicationContext log
INFO: Manager: install: Installing context configuration at 'file:/C:/Users/ADMINI~1/AppData/Local/Temp/context1669304606248432169.xml'
9 ¸.¤. 2553 1:52:59 org.apache.catalina.core.ApplicationContext log
INFO: Manager: start: Starting web application at '/OffcodeService'
9 ¸.¤. 2553 1:53:56 org.apache.catalina.core.ApplicationContext log
INFO: Manager: list: Listing contexts for virtual host 'localhost'
9 ¸.¤. 2553 1:53:56 org.apache.catalina.core.ApplicationContext log
INFO: Manager: undeploy: Undeploying web application at '/OffcodeService'
9 ¸.¤. 2553 1:55:31 org.apache.catalina.core.ApplicationContext log
INFO: Manager: list: Listing contexts for virtual host 'localhost'
9 ¸.¤. 2553 1:55:31 org.apache.catalina.core.ApplicationContext log
INFO: Manager: list: Listing contexts for virtual host 'localhost'
9 ¸.¤. 2553 1:55:31 org.apache.catalina.core.ApplicationContext log
INFO: Manager: install: Installing context configuration at 'file:/C:/Users/ADMINI~1/AppData/Local/Temp/context8650746521199607724.xml'
9 ¸.¤. 2553 1:55:42 org.apache.catalina.core.ApplicationContext log
INFO: Manager: start: Starting web application at '/DateService'
9 ¸.¤. 2553 1:57:19 org.apache.catalina.core.ApplicationContext log
INFO: Manager: list: Listing contexts for virtual host 'localhost'
9 ¸.¤. 2553 1:57:19 org.apache.catalina.core.ApplicationContext log
INFO: Manager: undeploy: Undeploying web application at '/DateService'
9 ¸.¤. 2553 12:01:26 org.apache.catalina.core.ApplicationContext log
INFO: Manager: init: Associated with Deployer 'Catalina:type=Deployer,host=localhost'
9 ¸.¤. 2553 12:01:26 org.apache.catalina.core.ApplicationContext log
INFO: Manager: init: Global resources are available
9 ¸.¤. 2553 12:01:26 org.apache.catalina.core.ApplicationContext log
INFO: Manager: list: Listing contexts for virtual host 'localhost'
9 ¸.¤. 2553 12:01:26 org.apache.catalina.core.ApplicationContext log
INFO: Manager: list: Listing contexts for virtual host 'localhost'
9 ¸.¤. 2553 12:01:26 org.apache.catalina.core.ApplicationContext log
INFO: Manager: install: Installing context configuration at 'file:/C:/Users/ADMINI~1/AppData/Local/Temp/context3981849140541716507.xml'
9 ¸.¤. 2553 12:01:39 org.apache.catalina.core.ApplicationContext log
INFO: Manager: start: Starting web application at '/CoorporationCodeService'
9 ¸.¤. 2553 12:02:03 org.apache.catalina.core.ApplicationContext log
INFO: Manager: list: Listing contexts for virtual host 'localhost'
9 ¸.¤. 2553 12:02:03 org.apache.catalina.core.ApplicationContext log
INFO: Manager: restart: Reloading web application at '/CoorporationCodeService'
9 ¸.¤. 2553 12:03:25 org.apache.catalina.core.ApplicationContext log
INFO: Manager: list: Listing contexts for virtual host 'localhost'
9 ¸.¤. 2553 12:03:26 org.apache.catalina.core.ApplicationContext log
INFO: Manager: restart: Reloading web application at '/CoorporationCodeService'
9 ¸.¤. 2553 12:04:55 org.apache.catalina.core.ApplicationContext log
INFO: Manager: list: Listing contexts for virtual host 'localhost'
9 ¸.¤. 2553 12:04:55 org.apache.catalina.core.ApplicationContext log
INFO: Manager: restart: Reloading web application at '/CoorporationCodeService'
9 ¸.¤. 2553 12:08:02 org.apache.catalina.core.ApplicationContext log
INFO: Manager: list: Listing contexts for virtual host 'localhost'
9 ¸.¤. 2553 12:08:02 org.apache.catalina.core.ApplicationContext log
INFO: Manager: restart: Reloading web application at '/CoorporationCodeService'
9 ¸.¤. 2553 12:08:28 org.apache.catalina.core.ApplicationContext log
INFO: Manager: list: Listing contexts for virtual host 'localhost'
9 ¸.¤. 2553 12:08:28 org.apache.catalina.core.ApplicationContext log
INFO: Manager: restart: Reloading web application at '/CoorporationCodeService'
9 ¸.¤. 2553 12:09:33 org.apache.catalina.core.ApplicationContext log
INFO: Manager: list: Listing contexts for virtual host 'localhost'
9 ¸.¤. 2553 12:09:34 org.apache.catalina.core.ApplicationContext log
INFO: Manager: list: Listing contexts for virtual host 'localhost'
9 ¸.¤. 2553 12:09:34 org.apache.catalina.core.ApplicationContext log
INFO: Manager: install: Installing context configuration at 'file:/C:/Users/ADMINI~1/AppData/Local/Temp/context8051625720345382119.xml'
9 ¸.¤. 2553 12:09:52 org.apache.catalina.core.ApplicationContext log
INFO: Manager: start: Starting web application at '/IDCardService'
9 ¸.¤. 2553 12:10:01 org.apache.catalina.core.ApplicationContext log
INFO: Manager: list: Listing contexts for virtual host 'localhost'
9 ¸.¤. 2553 12:10:01 org.apache.catalina.core.ApplicationContext log
INFO: Manager: undeploy: Undeploying web application at '/IDCardService'
9 ¸.¤. 2553 12:19:18 org.apache.catalina.core.ApplicationContext log
INFO: Manager: list: Listing contexts for virtual host 'localhost'
9 ¸.¤. 2553 12:19:19 org.apache.catalina.core.ApplicationContext log
INFO: Manager: restart: Reloading web application at '/CoorporationCodeService'
9 ¸.¤. 2553 12:24:05 org.apache.catalina.core.ApplicationContext log
INFO: Manager: list: Listing contexts for virtual host 'localhost'
9 ¸.¤. 2553 12:24:05 org.apache.catalina.core.ApplicationContext log
INFO: Manager: restart: Reloading web application at '/CoorporationCodeService'
9 ¸.¤. 2553 12:26:20 org.apache.catalina.core.ApplicationContext log
INFO: Manager: list: Listing contexts for virtual host 'localhost'
9 ¸.¤. 2553 12:26:20 org.apache.catalina.core.ApplicationContext log
INFO: Manager: restart: Reloading web application at '/CoorporationCodeService'
9 ¸.¤. 2553 12:30:47 org.apache.catalina.core.ApplicationContext log
INFO: Manager: list: Listing contexts for virtual host 'localhost'
9 ¸.¤. 2553 12:30:47 org.apache.catalina.core.ApplicationContext log
INFO: Manager: restart: Reloading web application at '/CoorporationCodeService'
9 ¸.¤. 2553 12:31:34 org.apache.catalina.core.ApplicationContext log
INFO: Manager: list: Listing contexts for virtual host 'localhost'
9 ¸.¤. 2553 12:31:34 org.apache.catalina.core.ApplicationContext log
INFO: Manager: list: Listing contexts for virtual host 'localhost'
9 ¸.¤. 2553 12:31:34 org.apache.catalina.core.ApplicationContext log
INFO: Manager: install: Installing context configuration at 'file:/C:/Users/ADMINI~1/AppData/Local/Temp/context8893806652470058861.xml'
9 ¸.¤. 2553 12:31:48 org.apache.catalina.core.ApplicationContext log
INFO: Manager: start: Starting web application at '/IDCardService'
9 ¸.¤. 2553 12:31:53 org.apache.catalina.core.ApplicationContext log
INFO: Manager: list: Listing contexts for virtual host 'localhost'
9 ¸.¤. 2553 12:31:53 org.apache.catalina.core.ApplicationContext log
INFO: Manager: undeploy: Undeploying web application at '/IDCardService'
9 ¸.¤. 2553 12:33:23 org.apache.catalina.core.ApplicationContext log
INFO: Manager: list: Listing contexts for virtual host 'localhost'
9 ¸.¤. 2553 12:33:23 org.apache.catalina.core.ApplicationContext log
INFO: Manager: restart: Reloading web application at '/CoorporationCodeService'
9 ¸.¤. 2553 13:22:30 org.apache.catalina.core.ApplicationContext log
INFO: Manager: list: Listing contexts for virtual host 'localhost'
9 ¸.¤. 2553 13:22:30 org.apache.catalina.core.ApplicationContext log
INFO: Manager: undeploy: Undeploying web application at '/CoorporationCodeService'
9 ¸.¤. 2553 13:23:12 org.apache.catalina.core.ApplicationContext log
INFO: Manager: list: Listing contexts for virtual host 'localhost'
9 ¸.¤. 2553 13:23:12 org.apache.catalina.core.ApplicationContext log
INFO: Manager: list: Listing contexts for virtual host 'localhost'
9 ¸.¤. 2553 13:23:12 org.apache.catalina.core.ApplicationContext log
INFO: Manager: install: Installing context configuration at 'file:/C:/Users/ADMINI~1/AppData/Local/Temp/context2036401810648892391.xml'
9 ¸.¤. 2553 13:23:30 org.apache.catalina.core.ApplicationContext log
INFO: Manager: start: Starting web application at '/CoorporationCodeService'
9 ¸.¤. 2553 13:24:30 org.apache.catalina.core.ApplicationContext log
INFO: Manager: list: Listing contexts for virtual host 'localhost'
9 ¸.¤. 2553 13:24:30 org.apache.catalina.core.ApplicationContext log
INFO: Manager: undeploy: Undeploying web application at '/CoorporationCodeService'
9 ¸.¤. 2553 13:36:09 org.apache.catalina.core.ApplicationContext log
INFO: Manager: list: Listing contexts for virtual host 'localhost'
9 ¸.¤. 2553 13:36:09 org.apache.catalina.core.ApplicationContext log
INFO: Manager: list: Listing contexts for virtual host 'localhost'
9 ¸.¤. 2553 13:36:10 org.apache.catalina.core.ApplicationContext log
INFO: Manager: install: Installing context configuration at 'file:/C:/Users/ADMINI~1/AppData/Local/Temp/context687053159265463724.xml'
9 ¸.¤. 2553 13:36:28 org.apache.catalina.core.ApplicationContext log
INFO: Manager: start: Starting web application at '/IDCardService'
9 ¸.¤. 2553 13:38:21 org.apache.catalina.core.ApplicationContext log
INFO: Manager: list: Listing contexts for virtual host 'localhost'
9 ¸.¤. 2553 13:38:21 org.apache.catalina.core.ApplicationContext log
INFO: Manager: restart: Reloading web application at '/IDCardService'
9 ¸.¤. 2553 13:53:28 org.apache.catalina.core.ApplicationContext log
INFO: Manager: list: Listing contexts for virtual host 'localhost'
9 ¸.¤. 2553 13:53:28 org.apache.catalina.core.ApplicationContext log
INFO: Manager: undeploy: Undeploying web application at '/IDCardService'
9 ¸.¤. 2553 14:03:41 org.apache.catalina.core.ApplicationContext log
INFO: Manager: list: Listing contexts for virtual host 'localhost'
9 ¸.¤. 2553 14:03:41 org.apache.catalina.core.ApplicationContext log
INFO: Manager: list: Listing contexts for virtual host 'localhost'
9 ¸.¤. 2553 14:03:41 org.apache.catalina.core.ApplicationContext log
INFO: Manager: install: Installing context configuration at 'file:/C:/Users/ADMINI~1/AppData/Local/Temp/context6412901558805017999.xml'
9 ¸.¤. 2553 14:03:53 org.apache.catalina.core.ApplicationContext log
INFO: Manager: start: Starting web application at '/IDCardService'
9 ¸.¤. 2553 14:04:11 org.apache.catalina.core.ApplicationContext log
INFO: Manager: list: Listing contexts for virtual host 'localhost'
9 ¸.¤. 2553 14:04:11 org.apache.catalina.core.ApplicationContext log
INFO: Manager: undeploy: Undeploying web application at '/IDCardService'
9 ¸.¤. 2553 14:23:43 org.apache.catalina.core.ApplicationContext log
INFO: Manager: list: Listing contexts for virtual host 'localhost'
9 ¸.¤. 2553 14:23:43 org.apache.catalina.core.ApplicationContext log
INFO: Manager: list: Listing contexts for virtual host 'localhost'
9 ¸.¤. 2553 14:23:43 org.apache.catalina.core.ApplicationContext log
INFO: Manager: install: Installing context configuration at 'file:/C:/Users/ADMINI~1/AppData/Local/Temp/context1265021452284144485.xml'
9 ¸.¤. 2553 14:24:02 org.apache.catalina.core.ApplicationContext log
INFO: Manager: start: Starting web application at '/CoorporationCodeService'
9 ¸.¤. 2553 14:45:33 org.apache.catalina.core.ApplicationContext log
INFO: Manager: list: Listing contexts for virtual host 'localhost'
9 ¸.¤. 2553 14:45:33 org.apache.catalina.core.ApplicationContext log
INFO: Manager: undeploy: Undeploying web application at '/CoorporationCodeService'
9 ¸.¤. 2553 16:15:39 org.apache.catalina.core.ApplicationContext log
INFO: Manager: init: Associated with Deployer 'Catalina:type=Deployer,host=localhost'
9 ¸.¤. 2553 16:15:39 org.apache.catalina.core.ApplicationContext log
INFO: Manager: init: Global resources are available
9 ¸.¤. 2553 16:15:39 org.apache.catalina.core.ApplicationContext log
INFO: Manager: list: Listing contexts for virtual host 'localhost'
9 ¸.¤. 2553 16:15:39 org.apache.catalina.core.ApplicationContext log
INFO: Manager: list: Listing contexts for virtual host 'localhost'
9 ¸.¤. 2553 16:15:39 org.apache.catalina.core.ApplicationContext log
INFO: Manager: install: Installing context configuration at 'file:/C:/Users/ADMINI~1/AppData/Local/Temp/context4139871707911944434.xml'
9 ¸.¤. 2553 16:15:53 org.apache.catalina.core.ApplicationContext log
INFO: Manager: start: Starting web application at '/CoorporationCodeService'
9 ¸.¤. 2553 16:17:12 org.apache.catalina.core.ApplicationContext log
INFO: Manager: list: Listing contexts for virtual host 'localhost'
9 ¸.¤. 2553 16:17:12 org.apache.catalina.core.ApplicationContext log
INFO: Manager: restart: Reloading web application at '/CoorporationCodeService'
9 ¸.¤. 2553 16:17:26 org.apache.catalina.core.ApplicationContext log
INFO: Manager: list: Listing contexts for virtual host 'localhost'
9 ¸.¤. 2553 16:43:00 org.apache.catalina.core.ApplicationContext log
INFO: Manager: list: Listing contexts for virtual host 'localhost'
9 ¸.¤. 2553 16:43:00 org.apache.catalina.core.ApplicationContext log
INFO: Manager: list: Listing contexts for virtual host 'localhost'
9 ¸.¤. 2553 16:43:00 org.apache.catalina.core.ApplicationContext log
INFO: Manager: install: Installing context configuration at 'file:/C:/Users/ADMINI~1/AppData/Local/Temp/context310659434766778604.xml'
9 ¸.¤. 2553 16:43:18 org.apache.catalina.core.ApplicationContext log
INFO: Manager: start: Starting web application at '/IDCardService'
9 ¸.¤. 2553 16:45:40 org.apache.catalina.core.ApplicationContext log
INFO: Manager: list: Listing contexts for virtual host 'localhost'
9 ¸.¤. 2553 16:45:40 org.apache.catalina.core.ApplicationContext log
INFO: Manager: restart: Reloading web application at '/IDCardService'
9 ¸.¤. 2553 16:45:58 org.apache.catalina.core.ApplicationContext log
INFO: Manager: list: Listing contexts for virtual host 'localhost'
9 ¸.¤. 2553 16:58:51 org.apache.catalina.core.ApplicationContext log
INFO: Manager: list: Listing contexts for virtual host 'localhost'
9 ¸.¤. 2553 16:58:51 org.apache.catalina.core.ApplicationContext log
INFO: Manager: list: Listing contexts for virtual host 'localhost'
9 ¸.¤. 2553 16:58:52 org.apache.catalina.core.ApplicationContext log
INFO: Manager: install: Installing context configuration at 'file:/C:/Users/ADMINI~1/AppData/Local/Temp/context3518903541144744544.xml'
9 ¸.¤. 2553 16:59:25 org.apache.catalina.core.ApplicationContext log
INFO: Manager: list: Listing contexts for virtual host 'localhost'
9 ¸.¤. 2553 17:02:36 org.apache.catalina.core.ApplicationContext log
INFO: Manager: start: Starting web application at '/OffcodeService'
9 ¸.¤. 2553 17:02:36 org.apache.catalina.core.ApplicationContext log
INFO: Manager: list: Listing contexts for virtual host 'localhost'
9 ¸.¤. 2553 17:05:16 org.apache.catalina.core.ApplicationContext log
INFO: Manager: undeploy: Undeploying web application at '/CoorporationCodeService'
9 ¸.¤. 2553 17:05:19 org.apache.catalina.core.ApplicationContext log
INFO: Manager: list: Listing contexts for virtual host 'localhost'
9 ¸.¤. 2553 17:05:19 org.apache.catalina.core.ApplicationContext log
INFO: Manager: list: Listing contexts for virtual host 'localhost'
9 ¸.¤. 2553 17:05:22 org.apache.catalina.core.ApplicationContext log
INFO: Manager: undeploy: Undeploying web application at '/IDCardService'
9 ¸.¤. 2553 17:05:25 org.apache.catalina.core.ApplicationContext log
INFO: Manager: list: Listing contexts for virtual host 'localhost'
9 ¸.¤. 2553 17:05:25 org.apache.catalina.core.ApplicationContext log
INFO: Manager: list: Listing contexts for virtual host 'localhost'
9 ¸.¤. 2553 17:05:39 org.apache.catalina.core.ApplicationContext log
INFO: Manager: list: Listing contexts for virtual host 'localhost'
9 ¸.¤. 2553 17:05:39 org.apache.catalina.core.ApplicationContext log
INFO: Manager: list: Listing contexts for virtual host 'localhost'
9 ¸.¤. 2553 17:20:11 org.apache.catalina.core.ApplicationContext log
INFO: Manager: init: Associated with Deployer 'Catalina:type=Deployer,host=localhost'
9 ¸.¤. 2553 17:20:11 org.apache.catalina.core.ApplicationContext log
INFO: Manager: init: Global resources are available
9 ¸.¤. 2553 17:20:11 org.apache.catalina.core.ApplicationContext log
INFO: Manager: list: Listing contexts for virtual host 'localhost'
9 ¸.¤. 2553 17:20:11 org.apache.catalina.core.ApplicationContext log
INFO: Manager: list: Listing contexts for virtual host 'localhost'
9 ¸.¤. 2553 17:20:12 org.apache.catalina.core.ApplicationContext log
INFO: Manager: undeploy: Undeploying web application at '/OffcodeService'
9 ¸.¤. 2553 17:20:14 org.apache.catalina.core.ApplicationContext log
INFO: Manager: install: Installing context configuration at 'file:/C:/Users/ADMINI~1/AppData/Local/Temp/context2181748363264091080.xml'
9 ¸.¤. 2553 17:20:25 org.apache.catalina.core.ApplicationContext log
INFO: Manager: start: Starting web application at '/OffcodeService'
9 ¸.¤. 2553 17:25:45 org.apache.catalina.core.ApplicationContext log
INFO: Manager: list: Listing contexts for virtual host 'localhost'
9 ¸.¤. 2553 17:25:45 org.apache.catalina.core.ApplicationContext log
INFO: Manager: list: Listing contexts for virtual host 'localhost'
9 ¸.¤. 2553 17:25:48 org.apache.catalina.core.ApplicationContext log
INFO: Manager: undeploy: Undeploying web application at '/OffcodeService'
9 ¸.¤. 2553 17:25:50 org.apache.catalina.core.ApplicationContext log
INFO: Manager: list: Listing contexts for virtual host 'localhost'
9 ¸.¤. 2553 17:25:50 org.apache.catalina.core.ApplicationContext log
INFO: Manager: list: Listing contexts for virtual host 'localhost'
9 ¸.¤. 2553 17:25:57 org.apache.catalina.core.ApplicationContext log
INFO: Manager: list: Listing contexts for virtual host 'localhost'
9 ¸.¤. 2553 17:25:57 org.apache.catalina.core.ApplicationContext log
INFO: Manager: list: Listing contexts for virtual host 'localhost'
9 ¸.¤. 2553 17:25:57 org.apache.catalina.core.ApplicationContext log
INFO: Manager: install: Installing context configuration at 'file:/C:/Users/ADMINI~1/AppData/Local/Temp/context2884741868972463623.xml'
9 ¸.¤. 2553 17:26:10 org.apache.catalina.core.ApplicationContext log
INFO: Manager: start: Starting web application at '/DateService'
9 ¸.¤. 2553 17:37:28 org.apache.catalina.core.ApplicationContext log
INFO: Manager: list: Listing contexts for virtual host 'localhost'
9 ¸.¤. 2553 17:37:28 org.apache.catalina.core.ApplicationContext log
INFO: Manager: list: Listing contexts for virtual host 'localhost'
9 ¸.¤. 2553 17:37:32 org.apache.catalina.core.ApplicationContext log
INFO: Manager: undeploy: Undeploying web application at '/DateService'
9 ¸.¤. 2553 17:37:34 org.apache.catalina.core.ApplicationContext log
INFO: Manager: list: Listing contexts for virtual host 'localhost'
9 ¸.¤. 2553 17:37:34 org.apache.catalina.core.ApplicationContext log
INFO: Manager: list: Listing contexts for virtual host 'localhost'
9 ¸.¤. 2553 17:38:08 org.apache.catalina.core.ApplicationContext log
INFO: Manager: list: Listing contexts for virtual host 'localhost'
9 ¸.¤. 2553 17:38:08 org.apache.catalina.core.ApplicationContext log
INFO: Manager: list: Listing contexts for virtual host 'localhost'
9 ¸.¤. 2553 17:38:08 org.apache.catalina.core.ApplicationContext log
INFO: Manager: install: Installing context configuration at 'file:/C:/Users/ADMINI~1/AppData/Local/Temp/context3028485145425792082.xml'
9 ¸.¤. 2553 17:38:21 org.apache.catalina.core.ApplicationContext log
INFO: Manager: start: Starting web application at '/GroupIDService'
9 ¸.¤. 2553 17:38:45 org.apache.catalina.core.ApplicationContext log
INFO: Manager: list: Listing contexts for virtual host 'localhost'
9 ¸.¤. 2553 17:38:45 org.apache.catalina.core.ApplicationContext log
INFO: Manager: restart: Reloading web application at '/GroupIDService'
9 ¸.¤. 2553 17:38:56 org.apache.catalina.core.ApplicationContext log
INFO: Manager: list: Listing contexts for virtual host 'localhost'
9 ¸.¤. 2553 17:39:07 org.apache.catalina.core.ApplicationContext log
INFO: Manager: list: Listing contexts for virtual host 'localhost'
9 ¸.¤. 2553 17:39:07 org.apache.catalina.core.ApplicationContext log
INFO: Manager: restart: Reloading web application at '/GroupIDService'
9 ¸.¤. 2553 17:39:19 org.apache.catalina.core.ApplicationContext log
INFO: Manager: list: Listing contexts for virtual host 'localhost'
9 ¸.¤. 2553 17:39:19 org.apache.catalina.core.ApplicationContext log
INFO: Manager: restart: Reloading web application at '/GroupIDService'
9 ¸.¤. 2553 17:47:10 org.apache.catalina.core.ApplicationContext log
INFO: Manager: list: Listing contexts for virtual host 'localhost'
9 ¸.¤. 2553 17:47:10 org.apache.catalina.core.ApplicationContext log
INFO: Manager: list: Listing contexts for virtual host 'localhost'
9 ¸.¤. 2553 17:47:10 org.apache.catalina.core.ApplicationContext log
INFO: Manager: undeploy: Undeploying web application at '/GroupIDService'
9 ¸.¤. 2553 17:47:12 org.apache.catalina.core.ApplicationContext log
INFO: Manager: install: Installing context configuration at 'file:/C:/Users/ADMINI~1/AppData/Local/Temp/context4315722199899815866.xml'
9 ¸.¤. 2553 17:47:23 org.apache.catalina.core.ApplicationContext log
INFO: Manager: start: Starting web application at '/GroupIDService'
9 ¸.¤. 2553 17:48:12 org.apache.catalina.core.ApplicationContext log
INFO: Manager: list: Listing contexts for virtual host 'localhost'
9 ¸.¤. 2553 17:48:12 org.apache.catalina.core.ApplicationContext log
INFO: Manager: undeploy: Undeploying web application at '/GroupIDService'
9 ¸.¤. 2553 17:51:11 org.apache.catalina.core.ApplicationContext log
INFO: Manager: list: Listing contexts for virtual host 'localhost'
9 ¸.¤. 2553 17:51:11 org.apache.catalina.core.ApplicationContext log
INFO: Manager: list: Listing contexts for virtual host 'localhost'
9 ¸.¤. 2553 17:51:50 org.apache.catalina.core.ApplicationContext log
INFO: Manager: list: Listing contexts for virtual host 'localhost'
9 ¸.¤. 2553 17:51:50 org.apache.catalina.core.ApplicationContext log
INFO: Manager: list: Listing contexts for virtual host 'localhost'
9 ¸.¤. 2553 17:51:50 org.apache.catalina.core.ApplicationContext log
INFO: Manager: install: Installing context configuration at 'file:/C:/Users/ADMINI~1/AppData/Local/Temp/context8432919638359835605.xml'
9 ¸.¤. 2553 17:52:03 org.apache.catalina.core.ApplicationContext log
INFO: Manager: start: Starting web application at '/DateService'
9 ¸.¤. 2553 17:52:10 org.apache.catalina.core.ApplicationContext log
INFO: Manager: list: Listing contexts for virtual host 'localhost'
9 ¸.¤. 2553 17:52:10 org.apache.catalina.core.ApplicationContext log
INFO: Manager: undeploy: Undeploying web application at '/DateService'
9 ¸.¤. 2553 17:53:02 org.apache.catalina.core.ApplicationContext log
INFO: Manager: list: Listing contexts for virtual host 'localhost'
9 ¸.¤. 2553 17:53:02 org.apache.catalina.core.ApplicationContext log
INFO: Manager: list: Listing contexts for virtual host 'localhost'
9 ¸.¤. 2553 17:53:05 org.apache.catalina.core.ApplicationContext log
INFO: Manager: list: Listing contexts for virtual host 'localhost'
9 ¸.¤. 2553 17:53:05 org.apache.catalina.core.ApplicationContext log
INFO: Manager: list: Listing contexts for virtual host 'localhost'
9 ¸.¤. 2553 17:53:08 org.apache.catalina.core.ApplicationContext log
INFO: Manager: list: Listing contexts for virtual host 'localhost'
9 ¸.¤. 2553 17:53:23 org.apache.catalina.core.ApplicationContext log
INFO: Manager: list: Listing contexts for virtual host 'localhost'
9 ¸.¤. 2553 17:53:23 org.apache.catalina.core.ApplicationContext log
INFO: Manager: list: Listing contexts for virtual host 'localhost'
9 ¸.¤. 2553 17:53:23 org.apache.catalina.core.ApplicationContext log
INFO: Manager: install: Installing context configuration at 'file:/C:/Users/ADMINI~1/AppData/Local/Temp/context8050409269711009639.xml'
9 ¸.¤. 2553 17:53:37 org.apache.catalina.core.ApplicationContext log
INFO: Manager: start: Starting web application at '/OffcodeService'
9 ¸.¤. 2553 17:53:44 org.apache.catalina.core.ApplicationContext log
INFO: Manager: list: Listing contexts for virtual host 'localhost'
9 ¸.¤. 2553 17:53:44 org.apache.catalina.core.ApplicationContext log
INFO: Manager: undeploy: Undeploying web application at '/OffcodeService'
9 ¸.¤. 2553 17:55:03 org.apache.catalina.core.ApplicationContext log
INFO: Manager: list: Listing contexts for virtual host 'localhost'
9 ¸.¤. 2553 17:55:03 org.apache.catalina.core.ApplicationContext log
INFO: Manager: list: Listing contexts for virtual host 'localhost'
9 ¸.¤. 2553 17:55:03 org.apache.catalina.core.ApplicationContext log
INFO: Manager: install: Installing context configuration at 'file:/C:/Users/ADMINI~1/AppData/Local/Temp/context4480619762662124975.xml'
9 ¸.¤. 2553 17:55:19 org.apache.catalina.core.ApplicationContext log
INFO: Manager: start: Starting web application at '/IDCardService'
9 ¸.¤. 2553 17:55:25 org.apache.catalina.core.ApplicationContext log
INFO: Manager: list: Listing contexts for virtual host 'localhost'
9 ¸.¤. 2553 17:55:25 org.apache.catalina.core.ApplicationContext log
INFO: Manager: undeploy: Undeploying web application at '/IDCardService'
9 ¸.¤. 2553 17:56:23 org.apache.catalina.core.ApplicationContext log
INFO: Manager: list: Listing contexts for virtual host 'localhost'
9 ¸.¤. 2553 17:56:23 org.apache.catalina.core.ApplicationContext log
INFO: Manager: list: Listing contexts for virtual host 'localhost'
9 ¸.¤. 2553 17:56:23 org.apache.catalina.core.ApplicationContext log
INFO: Manager: install: Installing context configuration at 'file:/C:/Users/ADMINI~1/AppData/Local/Temp/context4269926702737913478.xml'
9 ¸.¤. 2553 17:56:36 org.apache.catalina.core.ApplicationContext log
INFO: Manager: start: Starting web application at '/CoorporationCodeService'
9 ¸.¤. 2553 17:56:42 org.apache.catalina.core.ApplicationContext log
INFO: Manager: list: Listing contexts for virtual host 'localhost'
9 ¸.¤. 2553 17:56:42 org.apache.catalina.core.ApplicationContext log
INFO: Manager: undeploy: Undeploying web application at '/CoorporationCodeService'
