29 ¾.Â. 2553 18:59:23 org.apache.catalina.core.ApplicationContext log
INFO: Manager: init: Associated with Deployer 'Catalina:type=Deployer,host=localhost'
29 ¾.Â. 2553 18:59:23 org.apache.catalina.core.ApplicationContext log
INFO: Manager: init: Global resources are available
29 ¾.Â. 2553 18:59:23 org.apache.catalina.core.ApplicationContext log
INFO: Manager: list: Listing contexts for virtual host 'localhost'
29 ¾.Â. 2553 18:59:23 org.apache.catalina.core.ApplicationContext log
INFO: Manager: list: Listing contexts for virtual host 'localhost'
29 ¾.Â. 2553 19:12:54 org.apache.catalina.core.ApplicationContext log
INFO: Manager: list: Listing contexts for virtual host 'localhost'
29 ¾.Â. 2553 19:12:54 org.apache.catalina.core.ApplicationContext log
INFO: Manager: list: Listing contexts for virtual host 'localhost'
29 ¾.Â. 2553 19:12:54 org.apache.catalina.core.ApplicationContext log
INFO: Manager: install: Installing context configuration at 'file:/C:/Users/ADMINI~1/AppData/Local/Temp/context1558095164323620566.xml'
29 ¾.Â. 2553 19:13:09 org.apache.catalina.core.ApplicationContext log
INFO: Manager: start: Starting web application at '/IllegalService'
29 ¾.Â. 2553 19:21:52 org.apache.catalina.core.ApplicationContext log
INFO: Manager: list: Listing contexts for virtual host 'localhost'
29 ¾.Â. 2553 19:21:52 org.apache.catalina.core.ApplicationContext log
INFO: Manager: list: Listing contexts for virtual host 'localhost'
29 ¾.Â. 2553 19:21:52 org.apache.catalina.core.ApplicationContext log
INFO: Manager: undeploy: Undeploying web application at '/IllegalService'
29 ¾.Â. 2553 19:21:54 org.apache.catalina.core.ApplicationContext log
INFO: Manager: install: Installing context configuration at 'file:/C:/Users/ADMINI~1/AppData/Local/Temp/context8995678434605957769.xml'
29 ¾.Â. 2553 19:22:03 org.apache.catalina.core.ApplicationContext log
INFO: Manager: start: Starting web application at '/IllegalService'
29 ¾.Â. 2553 19:26:51 org.apache.catalina.core.ApplicationContext log
INFO: Manager: list: Listing contexts for virtual host 'localhost'
29 ¾.Â. 2553 19:26:51 org.apache.catalina.core.ApplicationContext log
INFO: Manager: stop: Stopping web application at '/IllegalService'
29 ¾.Â. 2553 19:26:55 org.apache.catalina.core.ApplicationContext log
INFO: Manager: start: Starting web application at '/IllegalService'
29 ¾.Â. 2553 19:27:05 org.apache.catalina.core.ApplicationContext log
INFO: Manager: list: Listing contexts for virtual host 'localhost'
29 ¾.Â. 2553 19:27:05 org.apache.catalina.core.ApplicationContext log
INFO: Manager: stop: Stopping web application at '/IllegalService'
29 ¾.Â. 2553 19:27:06 org.apache.catalina.core.ApplicationContext log
INFO: Manager: start: Starting web application at '/IllegalService'
29 ¾.Â. 2553 19:27:23 org.apache.catalina.core.ApplicationContext log
INFO: Manager: list: Listing contexts for virtual host 'localhost'
