2 ¸.¤. 2553 10:46:59 org.apache.catalina.core.ApplicationContext log
INFO: Manager: init: Associated with Deployer 'Catalina:type=Deployer,host=localhost'
2 ¸.¤. 2553 10:46:59 org.apache.catalina.core.ApplicationContext log
INFO: Manager: init: Global resources are available
2 ¸.¤. 2553 10:46:59 org.apache.catalina.core.ApplicationContext log
INFO: Manager: list: Listing contexts for virtual host 'localhost'
2 ¸.¤. 2553 10:46:59 org.apache.catalina.core.ApplicationContext log
INFO: Manager: list: Listing contexts for virtual host 'localhost'
2 ¸.¤. 2553 10:47:00 org.apache.catalina.core.ApplicationContext log
INFO: Manager: install: Installing context configuration at 'file:/C:/Users/ADMINI~1/AppData/Local/Temp/context50656702246428504.xml'
2 ¸.¤. 2553 10:47:30 org.apache.catalina.core.ApplicationContext log
INFO: Manager: start: Starting web application at '/DateService'
2 ¸.¤. 2553 10:47:51 org.apache.catalina.core.ApplicationContext log
INFO: Manager: list: Listing contexts for virtual host 'localhost'
2 ¸.¤. 2553 10:47:51 org.apache.catalina.core.ApplicationContext log
INFO: Manager: undeploy: Undeploying web application at '/DateService'
2 ¸.¤. 2553 10:57:54 org.apache.catalina.core.ApplicationContext log
INFO: Manager: list: Listing contexts for virtual host 'localhost'
2 ¸.¤. 2553 10:57:54 org.apache.catalina.core.ApplicationContext log
INFO: Manager: list: Listing contexts for virtual host 'localhost'
2 ¸.¤. 2553 10:57:54 org.apache.catalina.core.ApplicationContext log
INFO: Manager: install: Installing context configuration at 'file:/C:/Users/ADMINI~1/AppData/Local/Temp/context4494466857669483768.xml'
2 ¸.¤. 2553 10:59:51 org.apache.catalina.core.ApplicationContext log
INFO: Manager: start: Starting web application at '/DateService'
2 ¸.¤. 2553 11:05:33 org.apache.catalina.core.ApplicationContext log
INFO: Manager: list: Listing contexts for virtual host 'localhost'
2 ¸.¤. 2553 11:05:33 org.apache.catalina.core.ApplicationContext log
INFO: Manager: restart: Reloading web application at '/DateService'
2 ¸.¤. 2553 11:05:33 org.apache.catalina.core.ApplicationContext log
SEVERE: Manager: ManagerServlet.reload[/DateService]
java.lang.IllegalStateException: Container org.apache.catalina.core.ContainerBase.[Catalina].[localhost].[/DateService] has not been started
	at org.apache.catalina.core.StandardContext.reload(StandardContext.java:3036)
	at org.apache.catalina.manager.ManagerServlet.reload(ManagerServlet.java:904)
	at org.apache.catalina.manager.ManagerServlet.doGet(ManagerServlet.java:354)
	at javax.servlet.http.HttpServlet.service(HttpServlet.java:627)
	at javax.servlet.http.HttpServlet.service(HttpServlet.java:729)
	at org.apache.catalina.core.ApplicationFilterChain.internalDoFilter(ApplicationFilterChain.java:269)
	at org.apache.catalina.core.ApplicationFilterChain.doFilter(ApplicationFilterChain.java:188)
	at org.apache.catalina.core.StandardWrapperValve.invoke(StandardWrapperValve.java:213)
	at org.apache.catalina.core.StandardContextValve.invoke(StandardContextValve.java:172)
	at org.apache.catalina.authenticator.AuthenticatorBase.invoke(AuthenticatorBase.java:525)
	at org.apache.catalina.core.StandardHostValve.invoke(StandardHostValve.java:127)
	at org.apache.catalina.valves.ErrorReportValve.invoke(ErrorReportValve.java:117)
	at org.apache.catalina.core.StandardEngineValve.invoke(StandardEngineValve.java:108)
	at org.apache.catalina.connector.CoyoteAdapter.service(CoyoteAdapter.java:174)
	at org.apache.coyote.http11.Http11Processor.process(Http11Processor.java:873)
	at org.apache.coyote.http11.Http11BaseProtocol$Http11ConnectionHandler.processConnection(Http11BaseProtocol.java:665)
	at org.apache.tomcat.util.net.PoolTcpEndpoint.processSocket(PoolTcpEndpoint.java:528)
	at org.apache.tomcat.util.net.LeaderFollowerWorkerThread.runIt(LeaderFollowerWorkerThread.java:81)
	at org.apache.tomcat.util.threads.ThreadPool$ControlRunnable.run(ThreadPool.java:689)
	at java.lang.Thread.run(Thread.java:595)
2 ¸.¤. 2553 11:27:21 org.apache.catalina.core.ApplicationContext log
INFO: Manager: init: Associated with Deployer 'Catalina:type=Deployer,host=localhost'
2 ¸.¤. 2553 11:27:21 org.apache.catalina.core.ApplicationContext log
INFO: Manager: init: Global resources are available
2 ¸.¤. 2553 11:27:21 org.apache.catalina.core.ApplicationContext log
INFO: Manager: list: Listing contexts for virtual host 'localhost'
2 ¸.¤. 2553 11:27:21 org.apache.catalina.core.ApplicationContext log
INFO: Manager: list: Listing contexts for virtual host 'localhost'
2 ¸.¤. 2553 11:27:22 org.apache.catalina.core.ApplicationContext log
INFO: Manager: undeploy: Undeploying web application at '/DateService'
2 ¸.¤. 2553 11:27:25 org.apache.catalina.core.ApplicationContext log
INFO: Manager: install: Installing context configuration at 'file:/C:/Users/ADMINI~1/AppData/Local/Temp/context5053640599719106748.xml'
2 ¸.¤. 2553 11:30:07 org.apache.catalina.core.ApplicationContext log
INFO: Manager: start: Starting web application at '/DateService'
2 ¸.¤. 2553 11:31:58 org.apache.catalina.core.ApplicationContext log
INFO: Manager: list: Listing contexts for virtual host 'localhost'
2 ¸.¤. 2553 11:32:11 org.apache.catalina.core.ApplicationContext log
INFO: Manager: restart: Reloading web application at '/DateService'
2 ¸.¤. 2553 11:32:11 org.apache.catalina.core.ApplicationContext log
SEVERE: Manager: ManagerServlet.reload[/DateService]
java.lang.IllegalStateException: Container org.apache.catalina.core.ContainerBase.[Catalina].[localhost].[/DateService] has not been started
	at org.apache.catalina.core.StandardContext.reload(StandardContext.java:3036)
	at org.apache.catalina.manager.ManagerServlet.reload(ManagerServlet.java:904)
	at org.apache.catalina.manager.ManagerServlet.doGet(ManagerServlet.java:354)
	at javax.servlet.http.HttpServlet.service(HttpServlet.java:627)
	at javax.servlet.http.HttpServlet.service(HttpServlet.java:729)
	at org.apache.catalina.core.ApplicationFilterChain.internalDoFilter(ApplicationFilterChain.java:269)
	at org.apache.catalina.core.ApplicationFilterChain.doFilter(ApplicationFilterChain.java:188)
	at org.apache.catalina.core.StandardWrapperValve.invoke(StandardWrapperValve.java:213)
	at org.apache.catalina.core.StandardContextValve.invoke(StandardContextValve.java:172)
	at org.apache.catalina.authenticator.AuthenticatorBase.invoke(AuthenticatorBase.java:525)
	at org.apache.catalina.core.StandardHostValve.invoke(StandardHostValve.java:127)
	at org.apache.catalina.valves.ErrorReportValve.invoke(ErrorReportValve.java:117)
	at org.apache.catalina.core.StandardEngineValve.invoke(StandardEngineValve.java:108)
	at org.apache.catalina.connector.CoyoteAdapter.service(CoyoteAdapter.java:174)
	at org.apache.coyote.http11.Http11Processor.process(Http11Processor.java:873)
	at org.apache.coyote.http11.Http11BaseProtocol$Http11ConnectionHandler.processConnection(Http11BaseProtocol.java:665)
	at org.apache.tomcat.util.net.PoolTcpEndpoint.processSocket(PoolTcpEndpoint.java:528)
	at org.apache.tomcat.util.net.LeaderFollowerWorkerThread.runIt(LeaderFollowerWorkerThread.java:81)
	at org.apache.tomcat.util.threads.ThreadPool$ControlRunnable.run(ThreadPool.java:689)
	at java.lang.Thread.run(Thread.java:595)
2 ¸.¤. 2553 11:34:44 org.apache.catalina.core.ApplicationContext log
INFO: Manager: list: Listing contexts for virtual host 'localhost'
2 ¸.¤. 2553 11:34:44 org.apache.catalina.core.ApplicationContext log
INFO: Manager: list: Listing contexts for virtual host 'localhost'
2 ¸.¤. 2553 11:34:44 org.apache.catalina.core.ApplicationContext log
INFO: Manager: undeploy: Undeploying web application at '/DateService'
2 ¸.¤. 2553 11:34:44 org.apache.catalina.core.ApplicationContext log
INFO: Manager: install: Installing context configuration at 'file:/C:/Users/ADMINI~1/AppData/Local/Temp/context2811934709457729229.xml'
2 ¸.¤. 2553 11:37:34 org.apache.catalina.core.ApplicationContext log
INFO: Manager: start: Starting web application at '/DateService'
2 ¸.¤. 2553 11:40:52 org.apache.catalina.core.ApplicationContext log
INFO: Manager: list: Listing contexts for virtual host 'localhost'
2 ¸.¤. 2553 11:40:52 org.apache.catalina.core.ApplicationContext log
INFO: Manager: list: Listing contexts for virtual host 'localhost'
2 ¸.¤. 2553 11:40:52 org.apache.catalina.core.ApplicationContext log
INFO: Manager: undeploy: Undeploying web application at '/DateService'
2 ¸.¤. 2553 11:40:52 org.apache.catalina.core.ApplicationContext log
INFO: Manager: install: Installing context configuration at 'file:/C:/Users/ADMINI~1/AppData/Local/Temp/context4968754435529297792.xml'
2 ¸.¤. 2553 23:15:51 org.apache.catalina.core.ApplicationContext log
INFO: Manager: init: Associated with Deployer 'Catalina:type=Deployer,host=localhost'
2 ¸.¤. 2553 23:15:51 org.apache.catalina.core.ApplicationContext log
INFO: Manager: init: Global resources are available
2 ¸.¤. 2553 23:15:51 org.apache.catalina.core.ApplicationContext log
INFO: Manager: list: Listing contexts for virtual host 'localhost'
2 ¸.¤. 2553 23:15:51 org.apache.catalina.core.ApplicationContext log
INFO: Manager: list: Listing contexts for virtual host 'localhost'
2 ¸.¤. 2553 23:15:52 org.apache.catalina.core.ApplicationContext log
INFO: Manager: undeploy: Undeploying web application at '/DateService'
2 ¸.¤. 2553 23:15:55 org.apache.catalina.core.ApplicationContext log
INFO: Manager: install: Installing context configuration at 'file:/C:/Users/ADMINI~1/AppData/Local/Temp/context3952195727210795717.xml'
2 ¸.¤. 2553 23:18:58 org.apache.catalina.core.ApplicationContext log
INFO: Manager: start: Starting web application at '/DateService'
2 ¸.¤. 2553 23:25:13 org.apache.catalina.core.ApplicationContext log
INFO: Manager: list: Listing contexts for virtual host 'localhost'
2 ¸.¤. 2553 23:25:13 org.apache.catalina.core.ApplicationContext log
INFO: Manager: restart: Reloading web application at '/DateService'
2 ¸.¤. 2553 23:25:13 org.apache.catalina.core.ApplicationContext log
SEVERE: Manager: ManagerServlet.reload[/DateService]
java.lang.IllegalStateException: Container org.apache.catalina.core.ContainerBase.[Catalina].[localhost].[/DateService] has not been started
	at org.apache.catalina.core.StandardContext.reload(StandardContext.java:3036)
	at org.apache.catalina.manager.ManagerServlet.reload(ManagerServlet.java:904)
	at org.apache.catalina.manager.ManagerServlet.doGet(ManagerServlet.java:354)
	at javax.servlet.http.HttpServlet.service(HttpServlet.java:627)
	at javax.servlet.http.HttpServlet.service(HttpServlet.java:729)
	at org.apache.catalina.core.ApplicationFilterChain.internalDoFilter(ApplicationFilterChain.java:269)
	at org.apache.catalina.core.ApplicationFilterChain.doFilter(ApplicationFilterChain.java:188)
	at org.apache.catalina.core.StandardWrapperValve.invoke(StandardWrapperValve.java:213)
	at org.apache.catalina.core.StandardContextValve.invoke(StandardContextValve.java:172)
	at org.apache.catalina.authenticator.AuthenticatorBase.invoke(AuthenticatorBase.java:525)
	at org.apache.catalina.core.StandardHostValve.invoke(StandardHostValve.java:127)
	at org.apache.catalina.valves.ErrorReportValve.invoke(ErrorReportValve.java:117)
	at org.apache.catalina.core.StandardEngineValve.invoke(StandardEngineValve.java:108)
	at org.apache.catalina.connector.CoyoteAdapter.service(CoyoteAdapter.java:174)
	at org.apache.coyote.http11.Http11Processor.process(Http11Processor.java:873)
	at org.apache.coyote.http11.Http11BaseProtocol$Http11ConnectionHandler.processConnection(Http11BaseProtocol.java:665)
	at org.apache.tomcat.util.net.PoolTcpEndpoint.processSocket(PoolTcpEndpoint.java:528)
	at org.apache.tomcat.util.net.LeaderFollowerWorkerThread.runIt(LeaderFollowerWorkerThread.java:81)
	at org.apache.tomcat.util.threads.ThreadPool$ControlRunnable.run(ThreadPool.java:689)
	at java.lang.Thread.run(Thread.java:595)
2 ¸.¤. 2553 23:28:09 org.apache.catalina.core.ApplicationContext log
INFO: Manager: list: Listing contexts for virtual host 'localhost'
2 ¸.¤. 2553 23:28:09 org.apache.catalina.core.ApplicationContext log
INFO: Manager: list: Listing contexts for virtual host 'localhost'
2 ¸.¤. 2553 23:28:09 org.apache.catalina.core.ApplicationContext log
INFO: Manager: undeploy: Undeploying web application at '/DateService'
2 ¸.¤. 2553 23:28:09 org.apache.catalina.core.ApplicationContext log
INFO: Manager: install: Installing context configuration at 'file:/C:/Users/ADMINI~1/AppData/Local/Temp/context7273906908611668280.xml'
2 ¸.¤. 2553 23:30:24 org.apache.catalina.core.ApplicationContext log
INFO: Manager: start: Starting web application at '/DateService'
2 ¸.¤. 2553 23:32:32 org.apache.catalina.core.ApplicationContext log
INFO: Manager: list: Listing contexts for virtual host 'localhost'
2 ¸.¤. 2553 23:32:32 org.apache.catalina.core.ApplicationContext log
INFO: Manager: restart: Reloading web application at '/DateService'
2 ¸.¤. 2553 23:32:32 org.apache.catalina.core.ApplicationContext log
SEVERE: Manager: ManagerServlet.reload[/DateService]
java.lang.IllegalStateException: Container org.apache.catalina.core.ContainerBase.[Catalina].[localhost].[/DateService] has not been started
	at org.apache.catalina.core.StandardContext.reload(StandardContext.java:3036)
	at org.apache.catalina.manager.ManagerServlet.reload(ManagerServlet.java:904)
	at org.apache.catalina.manager.ManagerServlet.doGet(ManagerServlet.java:354)
	at javax.servlet.http.HttpServlet.service(HttpServlet.java:627)
	at javax.servlet.http.HttpServlet.service(HttpServlet.java:729)
	at org.apache.catalina.core.ApplicationFilterChain.internalDoFilter(ApplicationFilterChain.java:269)
	at org.apache.catalina.core.ApplicationFilterChain.doFilter(ApplicationFilterChain.java:188)
	at org.apache.catalina.core.StandardWrapperValve.invoke(StandardWrapperValve.java:213)
	at org.apache.catalina.core.StandardContextValve.invoke(StandardContextValve.java:172)
	at org.apache.catalina.authenticator.AuthenticatorBase.invoke(AuthenticatorBase.java:525)
	at org.apache.catalina.core.StandardHostValve.invoke(StandardHostValve.java:127)
	at org.apache.catalina.valves.ErrorReportValve.invoke(ErrorReportValve.java:117)
	at org.apache.catalina.core.StandardEngineValve.invoke(StandardEngineValve.java:108)
	at org.apache.catalina.connector.CoyoteAdapter.service(CoyoteAdapter.java:174)
	at org.apache.coyote.http11.Http11Processor.process(Http11Processor.java:873)
	at org.apache.coyote.http11.Http11BaseProtocol$Http11ConnectionHandler.processConnection(Http11BaseProtocol.java:665)
	at org.apache.tomcat.util.net.PoolTcpEndpoint.processSocket(PoolTcpEndpoint.java:528)
	at org.apache.tomcat.util.net.LeaderFollowerWorkerThread.runIt(LeaderFollowerWorkerThread.java:81)
	at org.apache.tomcat.util.threads.ThreadPool$ControlRunnable.run(ThreadPool.java:689)
	at java.lang.Thread.run(Thread.java:595)
2 ¸.¤. 2553 23:34:20 org.apache.catalina.core.ApplicationContext log
INFO: Manager: list: Listing contexts for virtual host 'localhost'
2 ¸.¤. 2553 23:34:20 org.apache.catalina.core.ApplicationContext log
INFO: Manager: list: Listing contexts for virtual host 'localhost'
2 ¸.¤. 2553 23:34:20 org.apache.catalina.core.ApplicationContext log
INFO: Manager: undeploy: Undeploying web application at '/DateService'
2 ¸.¤. 2553 23:34:20 org.apache.catalina.core.ApplicationContext log
INFO: Manager: install: Installing context configuration at 'file:/C:/Users/ADMINI~1/AppData/Local/Temp/context6327788090351739248.xml'
2 ¸.¤. 2553 23:36:38 org.apache.catalina.core.ApplicationContext log
INFO: Manager: start: Starting web application at '/DateService'
2 ¸.¤. 2553 23:38:56 org.apache.catalina.core.ApplicationContext log
INFO: Manager: list: Listing contexts for virtual host 'localhost'
