20 µ.¤. 2554 15:41:42 org.apache.catalina.core.ApplicationContext log
INFO: Manager: init: Associated with Deployer 'Catalina:type=Deployer,host=localhost'
20 µ.¤. 2554 15:41:42 org.apache.catalina.core.ApplicationContext log
INFO: Manager: init: Global resources are available
20 µ.¤. 2554 15:41:42 org.apache.catalina.core.ApplicationContext log
INFO: Manager: list: Listing contexts for virtual host 'localhost'
20 µ.¤. 2554 15:41:42 org.apache.catalina.core.ApplicationContext log
INFO: Manager: list: Listing contexts for virtual host 'localhost'
20 µ.¤. 2554 15:41:42 org.apache.catalina.core.ApplicationContext log
INFO: Manager: install: Installing context configuration at 'file:/C:/Users/ADMINI~1/AppData/Local/Temp/context254349699091483097.xml'
20 µ.¤. 2554 15:42:04 org.apache.catalina.core.ApplicationContext log
INFO: Manager: start: Starting web application at '/CoorporationCodeService'
20 µ.¤. 2554 15:45:07 org.apache.catalina.core.ApplicationContext log
INFO: Manager: list: Listing contexts for virtual host 'localhost'
20 µ.¤. 2554 15:45:07 org.apache.catalina.core.ApplicationContext log
INFO: Manager: restart: Reloading web application at '/CoorporationCodeService'
20 µ.¤. 2554 15:45:33 org.apache.catalina.core.ApplicationContext log
INFO: Manager: list: Listing contexts for virtual host 'localhost'
20 µ.¤. 2554 15:45:33 org.apache.catalina.core.ApplicationContext log
INFO: Manager: list: Listing contexts for virtual host 'localhost'
20 µ.¤. 2554 15:45:33 org.apache.catalina.core.ApplicationContext log
INFO: Manager: undeploy: Undeploying web application at '/CoorporationCodeService'
20 µ.¤. 2554 15:45:35 org.apache.catalina.core.ApplicationContext log
INFO: Manager: install: Installing context configuration at 'file:/C:/Users/ADMINI~1/AppData/Local/Temp/context2164672956445076023.xml'
20 µ.¤. 2554 15:45:51 org.apache.catalina.core.ApplicationContext log
INFO: Manager: start: Starting web application at '/CoorporationCodeService'
20 µ.¤. 2554 16:04:52 org.apache.catalina.core.ApplicationContext log
INFO: Manager: list: Listing contexts for virtual host 'localhost'
20 µ.¤. 2554 16:04:52 org.apache.catalina.core.ApplicationContext log
INFO: Manager: restart: Reloading web application at '/CoorporationCodeService'
20 µ.¤. 2554 16:05:27 org.apache.catalina.core.ApplicationContext log
INFO: Manager: list: Listing contexts for virtual host 'localhost'
20 µ.¤. 2554 16:05:27 org.apache.catalina.core.ApplicationContext log
INFO: Manager: restart: Reloading web application at '/CoorporationCodeService'
20 µ.¤. 2554 16:09:02 org.apache.catalina.core.ApplicationContext log
INFO: Manager: list: Listing contexts for virtual host 'localhost'
20 µ.¤. 2554 16:09:02 org.apache.catalina.core.ApplicationContext log
INFO: Manager: list: Listing contexts for virtual host 'localhost'
20 µ.¤. 2554 16:09:02 org.apache.catalina.core.ApplicationContext log
INFO: Manager: undeploy: Undeploying web application at '/CoorporationCodeService'
20 µ.¤. 2554 16:09:02 org.apache.catalina.core.ApplicationContext log
INFO: Manager: install: Installing context configuration at 'file:/C:/Users/ADMINI~1/AppData/Local/Temp/context2472961035230263861.xml'
20 µ.¤. 2554 16:09:16 org.apache.catalina.core.ApplicationContext log
INFO: Manager: start: Starting web application at '/CoorporationCodeService'
20 µ.¤. 2554 16:10:34 org.apache.catalina.core.ApplicationContext log
INFO: Manager: list: Listing contexts for virtual host 'localhost'
20 µ.¤. 2554 16:10:34 org.apache.catalina.core.ApplicationContext log
INFO: Manager: list: Listing contexts for virtual host 'localhost'
20 µ.¤. 2554 16:10:34 org.apache.catalina.core.ApplicationContext log
INFO: Manager: install: Installing context configuration at 'file:/C:/Users/ADMINI~1/AppData/Local/Temp/context4356344374319706150.xml'
20 µ.¤. 2554 16:10:48 org.apache.catalina.core.ApplicationContext log
INFO: Manager: start: Starting web application at '/DateService'
20 µ.¤. 2554 16:14:45 org.apache.catalina.core.ApplicationContext log
INFO: Manager: list: Listing contexts for virtual host 'localhost'
20 µ.¤. 2554 16:14:45 org.apache.catalina.core.ApplicationContext log
INFO: Manager: restart: Reloading web application at '/CoorporationCodeService'
20 µ.¤. 2554 16:15:18 org.apache.catalina.core.ApplicationContext log
INFO: Manager: list: Listing contexts for virtual host 'localhost'
20 µ.¤. 2554 16:15:18 org.apache.catalina.core.ApplicationContext log
INFO: Manager: restart: Reloading web application at '/DateService'
20 µ.¤. 2554 16:15:39 org.apache.catalina.core.ApplicationContext log
INFO: Manager: list: Listing contexts for virtual host 'localhost'
20 µ.¤. 2554 16:15:39 org.apache.catalina.core.ApplicationContext log
INFO: Manager: restart: Reloading web application at '/CoorporationCodeService'
20 µ.¤. 2554 16:17:26 org.apache.catalina.core.ApplicationContext log
INFO: Manager: list: Listing contexts for virtual host 'localhost'
20 µ.¤. 2554 16:17:26 org.apache.catalina.core.ApplicationContext log
INFO: Manager: restart: Reloading web application at '/CoorporationCodeService'
20 µ.¤. 2554 16:19:38 org.apache.catalina.core.ApplicationContext log
INFO: Manager: list: Listing contexts for virtual host 'localhost'
20 µ.¤. 2554 16:19:38 org.apache.catalina.core.ApplicationContext log
INFO: Manager: restart: Reloading web application at '/CoorporationCodeService'
20 µ.¤. 2554 16:23:12 org.apache.catalina.core.ApplicationContext log
INFO: Manager: list: Listing contexts for virtual host 'localhost'
20 µ.¤. 2554 16:23:12 org.apache.catalina.core.ApplicationContext log
INFO: Manager: list: Listing contexts for virtual host 'localhost'
20 µ.¤. 2554 16:23:12 org.apache.catalina.core.ApplicationContext log
INFO: Manager: undeploy: Undeploying web application at '/CoorporationCodeService'
20 µ.¤. 2554 16:23:19 org.apache.catalina.core.ApplicationContext log
INFO: Manager: install: Installing context configuration at 'file:/C:/Users/ADMINI~1/AppData/Local/Temp/context7897636648261832904.xml'
20 µ.¤. 2554 16:23:27 org.apache.catalina.core.ApplicationContext log
INFO: Manager: start: Starting web application at '/CoorporationCodeService'
20 µ.¤. 2554 16:23:39 org.apache.catalina.core.ApplicationContext log
INFO: Manager: list: Listing contexts for virtual host 'localhost'
20 µ.¤. 2554 16:23:39 org.apache.catalina.core.ApplicationContext log
INFO: Manager: list: Listing contexts for virtual host 'localhost'
20 µ.¤. 2554 16:23:39 org.apache.catalina.core.ApplicationContext log
INFO: Manager: undeploy: Undeploying web application at '/DateService'
20 µ.¤. 2554 16:23:40 org.apache.catalina.core.ApplicationContext log
INFO: Manager: install: Installing context configuration at 'file:/C:/Users/ADMINI~1/AppData/Local/Temp/context3868709587012381471.xml'
20 µ.¤. 2554 16:23:49 org.apache.catalina.core.ApplicationContext log
INFO: Manager: start: Starting web application at '/DateService'
20 µ.¤. 2554 16:24:05 org.apache.catalina.core.ApplicationContext log
INFO: Manager: list: Listing contexts for virtual host 'localhost'
20 µ.¤. 2554 16:24:05 org.apache.catalina.core.ApplicationContext log
INFO: Manager: undeploy: Undeploying web application at '/DateService'
20 µ.¤. 2554 16:24:34 org.apache.catalina.core.ApplicationContext log
INFO: Manager: list: Listing contexts for virtual host 'localhost'
20 µ.¤. 2554 16:24:34 org.apache.catalina.core.ApplicationContext log
INFO: Manager: list: Listing contexts for virtual host 'localhost'
20 µ.¤. 2554 16:24:34 org.apache.catalina.core.ApplicationContext log
INFO: Manager: install: Installing context configuration at 'file:/C:/Users/ADMINI~1/AppData/Local/Temp/context6816285350199829529.xml'
20 µ.¤. 2554 16:24:40 org.apache.catalina.core.ApplicationContext log
INFO: Manager: start: Starting web application at '/DateService'
20 µ.¤. 2554 16:25:16 org.apache.catalina.core.ApplicationContext log
INFO: Manager: list: Listing contexts for virtual host 'localhost'
20 µ.¤. 2554 16:25:16 org.apache.catalina.core.ApplicationContext log
INFO: Manager: restart: Reloading web application at '/DateService'
20 µ.¤. 2554 16:34:43 org.apache.catalina.core.ApplicationContext log
INFO: Manager: list: Listing contexts for virtual host 'localhost'
20 µ.¤. 2554 16:34:43 org.apache.catalina.core.ApplicationContext log
INFO: Manager: list: Listing contexts for virtual host 'localhost'
20 µ.¤. 2554 16:34:43 org.apache.catalina.core.ApplicationContext log
INFO: Manager: install: Installing context configuration at 'file:/C:/Users/ADMINI~1/AppData/Local/Temp/context5003709461293543945.xml'
20 µ.¤. 2554 16:35:03 org.apache.catalina.core.ApplicationContext log
INFO: Manager: start: Starting web application at '/GroupIDService'
20 µ.¤. 2554 16:35:13 org.apache.catalina.core.ApplicationContext log
INFO: Manager: list: Listing contexts for virtual host 'localhost'
20 µ.¤. 2554 16:35:13 org.apache.catalina.core.ApplicationContext log
INFO: Manager: restart: Reloading web application at '/GroupIDService'
20 µ.¤. 2554 16:42:27 org.apache.catalina.core.ApplicationContext log
INFO: Manager: list: Listing contexts for virtual host 'localhost'
20 µ.¤. 2554 16:42:27 org.apache.catalina.core.ApplicationContext log
INFO: Manager: list: Listing contexts for virtual host 'localhost'
20 µ.¤. 2554 16:42:27 org.apache.catalina.core.ApplicationContext log
INFO: Manager: install: Installing context configuration at 'file:/C:/Users/ADMINI~1/AppData/Local/Temp/context6558175017589926349.xml'
20 µ.¤. 2554 16:46:37 org.apache.catalina.core.ApplicationContext log
INFO: Manager: start: Starting web application at '/IDCardService'
20 µ.¤. 2554 16:54:52 org.apache.catalina.core.ApplicationContext log
INFO: Manager: init: Associated with Deployer 'Catalina:type=Deployer,host=localhost'
20 µ.¤. 2554 16:54:52 org.apache.catalina.core.ApplicationContext log
INFO: Manager: init: Global resources are available
20 µ.¤. 2554 16:54:52 org.apache.catalina.core.ApplicationContext log
INFO: Manager: list: Listing contexts for virtual host 'localhost'
20 µ.¤. 2554 16:54:52 org.apache.catalina.core.ApplicationContext log
INFO: Manager: list: Listing contexts for virtual host 'localhost'
20 µ.¤. 2554 16:54:52 org.apache.catalina.core.ApplicationContext log
INFO: Manager: undeploy: Undeploying web application at '/DateService'
20 µ.¤. 2554 16:54:54 org.apache.catalina.core.ApplicationContext log
INFO: Manager: install: Installing context configuration at 'file:/C:/Users/ADMINI~1/AppData/Local/Temp/context8728825289128083571.xml'
20 µ.¤. 2554 16:57:51 org.apache.catalina.core.ApplicationContext log
INFO: Manager: start: Starting web application at '/DateService'
20 µ.¤. 2554 17:53:52 org.apache.catalina.core.ApplicationContext log
INFO: Manager: init: Associated with Deployer 'Catalina:type=Deployer,host=localhost'
20 µ.¤. 2554 17:53:52 org.apache.catalina.core.ApplicationContext log
INFO: Manager: init: Global resources are available
20 µ.¤. 2554 17:53:52 org.apache.catalina.core.ApplicationContext log
INFO: Manager: list: Listing contexts for virtual host 'localhost'
20 µ.¤. 2554 17:53:52 org.apache.catalina.core.ApplicationContext log
INFO: Manager: list: Listing contexts for virtual host 'localhost'
20 µ.¤. 2554 17:53:52 org.apache.catalina.core.ApplicationContext log
INFO: Manager: undeploy: Undeploying web application at '/DateService'
20 µ.¤. 2554 17:53:54 org.apache.catalina.core.ApplicationContext log
INFO: Manager: install: Installing context configuration at 'file:/C:/Users/ADMINI~1/AppData/Local/Temp/context5383174558956080075.xml'
20 µ.¤. 2554 17:56:24 org.apache.catalina.core.ApplicationContext log
INFO: Manager: start: Starting web application at '/DateService'
20 µ.¤. 2554 18:06:52 org.apache.catalina.core.ApplicationContext log
INFO: Manager: init: Associated with Deployer 'Catalina:type=Deployer,host=localhost'
20 µ.¤. 2554 18:06:52 org.apache.catalina.core.ApplicationContext log
INFO: Manager: init: Global resources are available
20 µ.¤. 2554 18:06:52 org.apache.catalina.core.ApplicationContext log
INFO: Manager: list: Listing contexts for virtual host 'localhost'
20 µ.¤. 2554 18:06:52 org.apache.catalina.core.ApplicationContext log
INFO: Manager: list: Listing contexts for virtual host 'localhost'
20 µ.¤. 2554 18:06:52 org.apache.catalina.core.ApplicationContext log
INFO: Manager: undeploy: Undeploying web application at '/DateService'
20 µ.¤. 2554 18:06:54 org.apache.catalina.core.ApplicationContext log
INFO: Manager: install: Installing context configuration at 'file:/C:/Users/ADMINI~1/AppData/Local/Temp/context4224198579117540572.xml'
20 µ.¤. 2554 18:09:56 org.apache.catalina.core.ApplicationContext log
INFO: Manager: start: Starting web application at '/DateService'
20 µ.¤. 2554 18:10:12 org.apache.catalina.core.ApplicationContext log
INFO: Manager: list: Listing contexts for virtual host 'localhost'
20 µ.¤. 2554 18:10:14 org.apache.catalina.core.ApplicationContext log
INFO: Manager: list: Listing contexts for virtual host 'localhost'
20 µ.¤. 2554 18:15:30 org.apache.catalina.core.ApplicationContext log
INFO: Manager: list: Listing contexts for virtual host 'localhost'
20 µ.¤. 2554 18:15:30 org.apache.catalina.core.ApplicationContext log
INFO: Manager: list: Listing contexts for virtual host 'localhost'
20 µ.¤. 2554 18:15:41 org.apache.catalina.core.ApplicationContext log
INFO: Manager: stop: Stopping web application at '/CoorporationCodeService'
20 µ.¤. 2554 18:15:48 org.apache.catalina.core.ApplicationContext log
INFO: Manager: undeploy: Undeploying web application at '/CoorporationCodeService'
20 µ.¤. 2554 18:15:49 org.apache.catalina.core.ApplicationContext log
INFO: Manager: list: Listing contexts for virtual host 'localhost'
20 µ.¤. 2554 18:15:49 org.apache.catalina.core.ApplicationContext log
INFO: Manager: list: Listing contexts for virtual host 'localhost'
20 µ.¤. 2554 18:15:52 org.apache.catalina.core.ApplicationContext log
INFO: Manager: undeploy: Undeploying web application at '/GroupIDService'
20 µ.¤. 2554 18:15:53 org.apache.catalina.core.ApplicationContext log
INFO: Manager: list: Listing contexts for virtual host 'localhost'
20 µ.¤. 2554 18:15:53 org.apache.catalina.core.ApplicationContext log
INFO: Manager: list: Listing contexts for virtual host 'localhost'
20 µ.¤. 2554 18:15:57 org.apache.catalina.core.ApplicationContext log
INFO: Manager: undeploy: Undeploying web application at '/IDCardService'
20 µ.¤. 2554 18:15:58 org.apache.catalina.core.ApplicationContext log
INFO: Manager: list: Listing contexts for virtual host 'localhost'
20 µ.¤. 2554 18:15:58 org.apache.catalina.core.ApplicationContext log
INFO: Manager: list: Listing contexts for virtual host 'localhost'
20 µ.¤. 2554 18:16:00 org.apache.catalina.core.ApplicationContext log
INFO: Manager: undeploy: Undeploying web application at '/IllegalService'
20 µ.¤. 2554 18:16:00 org.apache.catalina.core.ApplicationContext log
INFO: Manager: list: Listing contexts for virtual host 'localhost'
20 µ.¤. 2554 18:16:00 org.apache.catalina.core.ApplicationContext log
INFO: Manager: list: Listing contexts for virtual host 'localhost'
20 µ.¤. 2554 18:16:02 org.apache.catalina.core.ApplicationContext log
INFO: Manager: start: Starting web application at '/DateService'
20 µ.¤. 2554 18:16:21 org.apache.catalina.core.ApplicationContext log
INFO: Manager: list: Listing contexts for virtual host 'localhost'
20 µ.¤. 2554 18:16:21 org.apache.catalina.core.ApplicationContext log
INFO: Manager: list: Listing contexts for virtual host 'localhost'
20 µ.¤. 2554 18:16:22 org.apache.catalina.core.ApplicationContext log
INFO: Manager: undeploy: Undeploying web application at '/DateService'
20 µ.¤. 2554 18:16:22 org.apache.catalina.core.ApplicationContext log
INFO: Manager: install: Installing context configuration at 'file:/C:/Users/ADMINI~1/AppData/Local/Temp/context1611800527935940757.xml'
20 µ.¤. 2554 18:16:29 org.apache.catalina.core.ApplicationContext log
INFO: Manager: start: Starting web application at '/DateService'
20 µ.¤. 2554 18:21:29 org.apache.catalina.core.ApplicationContext log
INFO: Manager: list: Listing contexts for virtual host 'localhost'
20 µ.¤. 2554 18:21:29 org.apache.catalina.core.ApplicationContext log
INFO: Manager: list: Listing contexts for virtual host 'localhost'
20 µ.¤. 2554 18:21:31 org.apache.catalina.core.ApplicationContext log
INFO: Manager: undeploy: Undeploying web application at '/DateService'
20 µ.¤. 2554 18:21:32 org.apache.catalina.core.ApplicationContext log
INFO: Manager: list: Listing contexts for virtual host 'localhost'
20 µ.¤. 2554 18:21:32 org.apache.catalina.core.ApplicationContext log
INFO: Manager: list: Listing contexts for virtual host 'localhost'
20 µ.¤. 2554 19:49:28 org.apache.catalina.core.ApplicationContext log
INFO: Manager: init: Associated with Deployer 'Catalina:type=Deployer,host=localhost'
20 µ.¤. 2554 19:49:28 org.apache.catalina.core.ApplicationContext log
INFO: Manager: init: Global resources are available
20 µ.¤. 2554 19:49:28 org.apache.catalina.core.ApplicationContext log
INFO: Manager: list: Listing contexts for virtual host 'localhost'
20 µ.¤. 2554 19:49:28 org.apache.catalina.core.ApplicationContext log
INFO: Manager: list: Listing contexts for virtual host 'localhost'
20 µ.¤. 2554 19:50:45 org.apache.catalina.core.ApplicationContext log
INFO: Manager: list: Listing contexts for virtual host 'localhost'
20 µ.¤. 2554 19:50:55 org.apache.catalina.core.ApplicationContext log
INFO: Manager: list: Listing contexts for virtual host 'localhost'
20 µ.¤. 2554 19:50:55 org.apache.catalina.core.ApplicationContext log
INFO: Manager: list: Listing contexts for virtual host 'localhost'
20 µ.¤. 2554 19:50:55 org.apache.catalina.core.ApplicationContext log
INFO: Manager: install: Installing context configuration at 'file:/C:/Users/ADMINI~1/AppData/Local/Temp/context400718994128488309.xml'
20 µ.¤. 2554 19:51:11 org.apache.catalina.core.ApplicationContext log
INFO: Manager: start: Starting web application at '/GroupIDService'
20 µ.¤. 2554 19:55:48 org.apache.catalina.core.ApplicationContext log
INFO: Manager: list: Listing contexts for virtual host 'localhost'
20 µ.¤. 2554 19:55:48 org.apache.catalina.core.ApplicationContext log
INFO: Manager: restart: Reloading web application at '/GroupIDService'
20 µ.¤. 2554 19:55:56 org.apache.catalina.core.ApplicationContext log
INFO: Manager: list: Listing contexts for virtual host 'localhost'
20 µ.¤. 2554 19:55:56 org.apache.catalina.core.ApplicationContext log
INFO: Manager: restart: Reloading web application at '/GroupIDService'
20 µ.¤. 2554 19:59:17 org.apache.catalina.core.ApplicationContext log
INFO: Manager: list: Listing contexts for virtual host 'localhost'
20 µ.¤. 2554 19:59:17 org.apache.catalina.core.ApplicationContext log
INFO: Manager: restart: Reloading web application at '/GroupIDService'
20 µ.¤. 2554 20:01:04 org.apache.catalina.core.ApplicationContext log
INFO: Manager: list: Listing contexts for virtual host 'localhost'
20 µ.¤. 2554 20:01:04 org.apache.catalina.core.ApplicationContext log
INFO: Manager: restart: Reloading web application at '/GroupIDService'
20 µ.¤. 2554 20:02:59 org.apache.catalina.core.ApplicationContext log
INFO: Manager: list: Listing contexts for virtual host 'localhost'
20 µ.¤. 2554 20:02:59 org.apache.catalina.core.ApplicationContext log
INFO: Manager: restart: Reloading web application at '/GroupIDService'
20 µ.¤. 2554 20:03:07 org.apache.catalina.core.ApplicationContext log
INFO: Manager: list: Listing contexts for virtual host 'localhost'
20 µ.¤. 2554 20:03:07 org.apache.catalina.core.ApplicationContext log
INFO: Manager: restart: Reloading web application at '/GroupIDService'
20 µ.¤. 2554 20:05:53 org.apache.catalina.core.ApplicationContext log
INFO: Manager: list: Listing contexts for virtual host 'localhost'
20 µ.¤. 2554 20:05:53 org.apache.catalina.core.ApplicationContext log
INFO: Manager: restart: Reloading web application at '/GroupIDService'
20 µ.¤. 2554 20:06:19 org.apache.catalina.core.ApplicationContext log
INFO: Manager: list: Listing contexts for virtual host 'localhost'
20 µ.¤. 2554 20:06:19 org.apache.catalina.core.ApplicationContext log
INFO: Manager: restart: Reloading web application at '/GroupIDService'
20 µ.¤. 2554 20:06:26 org.apache.catalina.core.ApplicationContext log
INFO: Manager: list: Listing contexts for virtual host 'localhost'
20 µ.¤. 2554 20:06:26 org.apache.catalina.core.ApplicationContext log
INFO: Manager: list: Listing contexts for virtual host 'localhost'
20 µ.¤. 2554 20:06:28 org.apache.catalina.core.ApplicationContext log
INFO: Manager: undeploy: Undeploying web application at '/GroupIDService'
20 µ.¤. 2554 20:06:29 org.apache.catalina.core.ApplicationContext log
INFO: Manager: list: Listing contexts for virtual host 'localhost'
20 µ.¤. 2554 20:06:29 org.apache.catalina.core.ApplicationContext log
INFO: Manager: list: Listing contexts for virtual host 'localhost'
20 µ.¤. 2554 20:07:10 org.apache.catalina.core.ApplicationContext log
INFO: Manager: list: Listing contexts for virtual host 'localhost'
20 µ.¤. 2554 20:07:25 org.apache.catalina.core.ApplicationContext log
INFO: Manager: list: Listing contexts for virtual host 'localhost'
20 µ.¤. 2554 20:07:25 org.apache.catalina.core.ApplicationContext log
INFO: Manager: list: Listing contexts for virtual host 'localhost'
20 µ.¤. 2554 20:07:25 org.apache.catalina.core.ApplicationContext log
INFO: Manager: install: Installing context configuration at 'file:/C:/Users/ADMINI~1/AppData/Local/Temp/context6262696636053380216.xml'
20 µ.¤. 2554 20:07:33 org.apache.catalina.core.ApplicationContext log
INFO: Manager: start: Starting web application at '/IDCardService'
20 µ.¤. 2554 20:28:34 org.apache.catalina.core.ApplicationContext log
INFO: Manager: list: Listing contexts for virtual host 'localhost'
20 µ.¤. 2554 20:28:35 org.apache.catalina.core.ApplicationContext log
INFO: Manager: restart: Reloading web application at '/IDCardService'
20 µ.¤. 2554 20:30:20 org.apache.catalina.core.ApplicationContext log
INFO: Manager: list: Listing contexts for virtual host 'localhost'
20 µ.¤. 2554 20:30:20 org.apache.catalina.core.ApplicationContext log
INFO: Manager: restart: Reloading web application at '/IDCardService'
20 µ.¤. 2554 20:30:45 org.apache.catalina.core.ApplicationContext log
INFO: Manager: list: Listing contexts for virtual host 'localhost'
20 µ.¤. 2554 20:30:45 org.apache.catalina.core.ApplicationContext log
INFO: Manager: restart: Reloading web application at '/IDCardService'
20 µ.¤. 2554 20:30:53 org.apache.catalina.core.ApplicationContext log
INFO: Manager: list: Listing contexts for virtual host 'localhost'
20 µ.¤. 2554 20:30:53 org.apache.catalina.core.ApplicationContext log
INFO: Manager: restart: Reloading web application at '/IDCardService'
20 µ.¤. 2554 20:31:13 org.apache.catalina.core.ApplicationContext log
INFO: Manager: list: Listing contexts for virtual host 'localhost'
20 µ.¤. 2554 20:31:13 org.apache.catalina.core.ApplicationContext log
INFO: Manager: restart: Reloading web application at '/IDCardService'
20 µ.¤. 2554 20:31:24 org.apache.catalina.core.ApplicationContext log
INFO: Manager: list: Listing contexts for virtual host 'localhost'
20 µ.¤. 2554 20:31:24 org.apache.catalina.core.ApplicationContext log
INFO: Manager: restart: Reloading web application at '/IDCardService'
20 µ.¤. 2554 20:32:34 org.apache.catalina.core.ApplicationContext log
INFO: Manager: list: Listing contexts for virtual host 'localhost'
20 µ.¤. 2554 20:32:34 org.apache.catalina.core.ApplicationContext log
INFO: Manager: restart: Reloading web application at '/IDCardService'
20 µ.¤. 2554 20:33:10 org.apache.catalina.core.ApplicationContext log
INFO: Manager: list: Listing contexts for virtual host 'localhost'
20 µ.¤. 2554 20:33:10 org.apache.catalina.core.ApplicationContext log
INFO: Manager: restart: Reloading web application at '/IDCardService'
20 µ.¤. 2554 20:33:58 org.apache.catalina.core.ApplicationContext log
INFO: Manager: list: Listing contexts for virtual host 'localhost'
20 µ.¤. 2554 20:33:58 org.apache.catalina.core.ApplicationContext log
INFO: Manager: list: Listing contexts for virtual host 'localhost'
20 µ.¤. 2554 20:34:01 org.apache.catalina.core.ApplicationContext log
INFO: Manager: undeploy: Undeploying web application at '/IDCardService'
20 µ.¤. 2554 20:34:01 org.apache.catalina.core.ApplicationContext log
INFO: Manager: list: Listing contexts for virtual host 'localhost'
20 µ.¤. 2554 20:34:01 org.apache.catalina.core.ApplicationContext log
INFO: Manager: list: Listing contexts for virtual host 'localhost'
20 µ.¤. 2554 20:34:56 org.apache.catalina.core.ApplicationContext log
INFO: Manager: list: Listing contexts for virtual host 'localhost'
20 µ.¤. 2554 20:34:56 org.apache.catalina.core.ApplicationContext log
INFO: Manager: list: Listing contexts for virtual host 'localhost'
20 µ.¤. 2554 20:34:56 org.apache.catalina.core.ApplicationContext log
INFO: Manager: install: Installing context configuration at 'file:/C:/Users/ADMINI~1/AppData/Local/Temp/context1715482659879890355.xml'
20 µ.¤. 2554 20:35:03 org.apache.catalina.core.ApplicationContext log
INFO: Manager: start: Starting web application at '/OffcodeService'
20 µ.¤. 2554 20:38:37 org.apache.catalina.core.ApplicationContext log
INFO: Manager: list: Listing contexts for virtual host 'localhost'
20 µ.¤. 2554 20:38:37 org.apache.catalina.core.ApplicationContext log
INFO: Manager: restart: Reloading web application at '/OffcodeService'
20 µ.¤. 2554 20:38:44 org.apache.catalina.core.ApplicationContext log
INFO: Manager: list: Listing contexts for virtual host 'localhost'
20 µ.¤. 2554 20:38:44 org.apache.catalina.core.ApplicationContext log
INFO: Manager: restart: Reloading web application at '/OffcodeService'
20 µ.¤. 2554 20:38:59 org.apache.catalina.core.ApplicationContext log
INFO: Manager: list: Listing contexts for virtual host 'localhost'
20 µ.¤. 2554 20:38:59 org.apache.catalina.core.ApplicationContext log
INFO: Manager: restart: Reloading web application at '/OffcodeService'
20 µ.¤. 2554 20:39:07 org.apache.catalina.core.ApplicationContext log
INFO: Manager: list: Listing contexts for virtual host 'localhost'
20 µ.¤. 2554 20:39:07 org.apache.catalina.core.ApplicationContext log
INFO: Manager: restart: Reloading web application at '/OffcodeService'
